CRITICAL - 2022-01-19 08:10:54 --> Undefined offset: 0
#0 /home/crfsp010/public_html/eventos/app/Controllers/Users.php(369): CodeIgniter\Debug\Exceptions->errorHandler(8, 'Undefined offse...', '/home/crfsp010/...', 369, Array)
#1 /home/crfsp010/public_html/eventos/system/CodeIgniter.php(918): App\Controllers\Users->recuperacaoSenha()
#2 /home/crfsp010/public_html/eventos/system/CodeIgniter.php(404): CodeIgniter\CodeIgniter->runController(Object(App\Controllers\Users))
#3 /home/crfsp010/public_html/eventos/system/CodeIgniter.php(312): CodeIgniter\CodeIgniter->handleRequest(NULL, Object(Config\Cache), false)
#4 /home/crfsp010/public_html/eventos/index.php(47): CodeIgniter\CodeIgniter->run()
#5 {main}
CRITICAL - 2022-01-19 08:35:06 --> Undefined offset: 0
#0 /home/crfsp010/public_html/eventos/app/Controllers/Users.php(369): CodeIgniter\Debug\Exceptions->errorHandler(8, 'Undefined offse...', '/home/crfsp010/...', 369, Array)
#1 /home/crfsp010/public_html/eventos/system/CodeIgniter.php(918): App\Controllers\Users->recuperacaoSenha()
#2 /home/crfsp010/public_html/eventos/system/CodeIgniter.php(404): CodeIgniter\CodeIgniter->runController(Object(App\Controllers\Users))
#3 /home/crfsp010/public_html/eventos/system/CodeIgniter.php(312): CodeIgniter\CodeIgniter->handleRequest(NULL, Object(Config\Cache), false)
#4 /home/crfsp010/public_html/eventos/index.php(47): CodeIgniter\CodeIgniter->run()
#5 {main}
CRITICAL - 2022-01-19 08:59:05 --> Undefined offset: 0
#0 /home/crfsp010/public_html/eventos/app/Controllers/Users.php(369): CodeIgniter\Debug\Exceptions->errorHandler(8, 'Undefined offse...', '/home/crfsp010/...', 369, Array)
#1 /home/crfsp010/public_html/eventos/system/CodeIgniter.php(918): App\Controllers\Users->recuperacaoSenha()
#2 /home/crfsp010/public_html/eventos/system/CodeIgniter.php(404): CodeIgniter\CodeIgniter->runController(Object(App\Controllers\Users))
#3 /home/crfsp010/public_html/eventos/system/CodeIgniter.php(312): CodeIgniter\CodeIgniter->handleRequest(NULL, Object(Config\Cache), false)
#4 /home/crfsp010/public_html/eventos/index.php(47): CodeIgniter\CodeIgniter->run()
#5 {main}
CRITICAL - 2022-01-19 09:00:30 --> Undefined offset: 0
#0 /home/crfsp010/public_html/eventos/app/Controllers/Users.php(369): CodeIgniter\Debug\Exceptions->errorHandler(8, 'Undefined offse...', '/home/crfsp010/...', 369, Array)
#1 /home/crfsp010/public_html/eventos/system/CodeIgniter.php(918): App\Controllers\Users->recuperacaoSenha()
#2 /home/crfsp010/public_html/eventos/system/CodeIgniter.php(404): CodeIgniter\CodeIgniter->runController(Object(App\Controllers\Users))
#3 /home/crfsp010/public_html/eventos/system/CodeIgniter.php(312): CodeIgniter\CodeIgniter->handleRequest(NULL, Object(Config\Cache), false)
#4 /home/crfsp010/public_html/eventos/index.php(47): CodeIgniter\CodeIgniter->run()
#5 {main}
CRITICAL - 2022-01-19 09:02:33 --> Undefined offset: 0
#0 /home/crfsp010/public_html/eventos/app/Controllers/Users.php(369): CodeIgniter\Debug\Exceptions->errorHandler(8, 'Undefined offse...', '/home/crfsp010/...', 369, Array)
#1 /home/crfsp010/public_html/eventos/system/CodeIgniter.php(918): App\Controllers\Users->recuperacaoSenha()
#2 /home/crfsp010/public_html/eventos/system/CodeIgniter.php(404): CodeIgniter\CodeIgniter->runController(Object(App\Controllers\Users))
#3 /home/crfsp010/public_html/eventos/system/CodeIgniter.php(312): CodeIgniter\CodeIgniter->handleRequest(NULL, Object(Config\Cache), false)
#4 /home/crfsp010/public_html/eventos/index.php(47): CodeIgniter\CodeIgniter->run()
#5 {main}
CRITICAL - 2022-01-19 09:02:41 --> Undefined offset: 0
#0 /home/crfsp010/public_html/eventos/app/Controllers/Users.php(369): CodeIgniter\Debug\Exceptions->errorHandler(8, 'Undefined offse...', '/home/crfsp010/...', 369, Array)
#1 /home/crfsp010/public_html/eventos/system/CodeIgniter.php(918): App\Controllers\Users->recuperacaoSenha()
#2 /home/crfsp010/public_html/eventos/system/CodeIgniter.php(404): CodeIgniter\CodeIgniter->runController(Object(App\Controllers\Users))
#3 /home/crfsp010/public_html/eventos/system/CodeIgniter.php(312): CodeIgniter\CodeIgniter->handleRequest(NULL, Object(Config\Cache), false)
#4 /home/crfsp010/public_html/eventos/index.php(47): CodeIgniter\CodeIgniter->run()
#5 {main}
CRITICAL - 2022-01-19 09:26:21 --> Undefined offset: 0
#0 /home/crfsp010/public_html/eventos/app/Controllers/Users.php(369): CodeIgniter\Debug\Exceptions->errorHandler(8, 'Undefined offse...', '/home/crfsp010/...', 369, Array)
#1 /home/crfsp010/public_html/eventos/system/CodeIgniter.php(918): App\Controllers\Users->recuperacaoSenha()
#2 /home/crfsp010/public_html/eventos/system/CodeIgniter.php(404): CodeIgniter\CodeIgniter->runController(Object(App\Controllers\Users))
#3 /home/crfsp010/public_html/eventos/system/CodeIgniter.php(312): CodeIgniter\CodeIgniter->handleRequest(NULL, Object(Config\Cache), false)
#4 /home/crfsp010/public_html/eventos/index.php(47): CodeIgniter\CodeIgniter->run()
#5 {main}
CRITICAL - 2022-01-19 09:47:08 --> Undefined offset: 0
#0 /home/crfsp010/public_html/eventos/app/Controllers/Users.php(369): CodeIgniter\Debug\Exceptions->errorHandler(8, 'Undefined offse...', '/home/crfsp010/...', 369, Array)
#1 /home/crfsp010/public_html/eventos/system/CodeIgniter.php(918): App\Controllers\Users->recuperacaoSenha()
#2 /home/crfsp010/public_html/eventos/system/CodeIgniter.php(404): CodeIgniter\CodeIgniter->runController(Object(App\Controllers\Users))
#3 /home/crfsp010/public_html/eventos/system/CodeIgniter.php(312): CodeIgniter\CodeIgniter->handleRequest(NULL, Object(Config\Cache), false)
#4 /home/crfsp010/public_html/eventos/index.php(47): CodeIgniter\CodeIgniter->run()
#5 {main}
CRITICAL - 2022-01-19 09:47:16 --> Undefined offset: 0
#0 /home/crfsp010/public_html/eventos/app/Controllers/Users.php(369): CodeIgniter\Debug\Exceptions->errorHandler(8, 'Undefined offse...', '/home/crfsp010/...', 369, Array)
#1 /home/crfsp010/public_html/eventos/system/CodeIgniter.php(918): App\Controllers\Users->recuperacaoSenha()
#2 /home/crfsp010/public_html/eventos/system/CodeIgniter.php(404): CodeIgniter\CodeIgniter->runController(Object(App\Controllers\Users))
#3 /home/crfsp010/public_html/eventos/system/CodeIgniter.php(312): CodeIgniter\CodeIgniter->handleRequest(NULL, Object(Config\Cache), false)
#4 /home/crfsp010/public_html/eventos/index.php(47): CodeIgniter\CodeIgniter->run()
#5 {main}
CRITICAL - 2022-01-19 09:47:45 --> Undefined offset: 0
#0 /home/crfsp010/public_html/eventos/app/Controllers/Users.php(369): CodeIgniter\Debug\Exceptions->errorHandler(8, 'Undefined offse...', '/home/crfsp010/...', 369, Array)
#1 /home/crfsp010/public_html/eventos/system/CodeIgniter.php(918): App\Controllers\Users->recuperacaoSenha()
#2 /home/crfsp010/public_html/eventos/system/CodeIgniter.php(404): CodeIgniter\CodeIgniter->runController(Object(App\Controllers\Users))
#3 /home/crfsp010/public_html/eventos/system/CodeIgniter.php(312): CodeIgniter\CodeIgniter->handleRequest(NULL, Object(Config\Cache), false)
#4 /home/crfsp010/public_html/eventos/index.php(47): CodeIgniter\CodeIgniter->run()
#5 {main}
CRITICAL - 2022-01-19 09:54:20 --> Undefined offset: 0
#0 /home/crfsp010/public_html/eventos/app/Controllers/Users.php(369): CodeIgniter\Debug\Exceptions->errorHandler(8, 'Undefined offse...', '/home/crfsp010/...', 369, Array)
#1 /home/crfsp010/public_html/eventos/system/CodeIgniter.php(918): App\Controllers\Users->recuperacaoSenha()
#2 /home/crfsp010/public_html/eventos/system/CodeIgniter.php(404): CodeIgniter\CodeIgniter->runController(Object(App\Controllers\Users))
#3 /home/crfsp010/public_html/eventos/system/CodeIgniter.php(312): CodeIgniter\CodeIgniter->handleRequest(NULL, Object(Config\Cache), false)
#4 /home/crfsp010/public_html/eventos/index.php(47): CodeIgniter\CodeIgniter->run()
#5 {main}
CRITICAL - 2022-01-19 09:54:31 --> Undefined offset: 0
#0 /home/crfsp010/public_html/eventos/app/Controllers/Users.php(369): CodeIgniter\Debug\Exceptions->errorHandler(8, 'Undefined offse...', '/home/crfsp010/...', 369, Array)
#1 /home/crfsp010/public_html/eventos/system/CodeIgniter.php(918): App\Controllers\Users->recuperacaoSenha()
#2 /home/crfsp010/public_html/eventos/system/CodeIgniter.php(404): CodeIgniter\CodeIgniter->runController(Object(App\Controllers\Users))
#3 /home/crfsp010/public_html/eventos/system/CodeIgniter.php(312): CodeIgniter\CodeIgniter->handleRequest(NULL, Object(Config\Cache), false)
#4 /home/crfsp010/public_html/eventos/index.php(47): CodeIgniter\CodeIgniter->run()
#5 {main}
CRITICAL - 2022-01-19 10:25:25 --> Undefined offset: 0
#0 /home/crfsp010/public_html/eventos/app/Controllers/Users.php(369): CodeIgniter\Debug\Exceptions->errorHandler(8, 'Undefined offse...', '/home/crfsp010/...', 369, Array)
#1 /home/crfsp010/public_html/eventos/system/CodeIgniter.php(918): App\Controllers\Users->recuperacaoSenha()
#2 /home/crfsp010/public_html/eventos/system/CodeIgniter.php(404): CodeIgniter\CodeIgniter->runController(Object(App\Controllers\Users))
#3 /home/crfsp010/public_html/eventos/system/CodeIgniter.php(312): CodeIgniter\CodeIgniter->handleRequest(NULL, Object(Config\Cache), false)
#4 /home/crfsp010/public_html/eventos/index.php(47): CodeIgniter\CodeIgniter->run()
#5 {main}
CRITICAL - 2022-01-19 11:21:09 --> Undefined offset: 0
#0 /home/crfsp010/public_html/eventos/app/Controllers/Users.php(369): CodeIgniter\Debug\Exceptions->errorHandler(8, 'Undefined offse...', '/home/crfsp010/...', 369, Array)
#1 /home/crfsp010/public_html/eventos/system/CodeIgniter.php(918): App\Controllers\Users->recuperacaoSenha()
#2 /home/crfsp010/public_html/eventos/system/CodeIgniter.php(404): CodeIgniter\CodeIgniter->runController(Object(App\Controllers\Users))
#3 /home/crfsp010/public_html/eventos/system/CodeIgniter.php(312): CodeIgniter\CodeIgniter->handleRequest(NULL, Object(Config\Cache), false)
#4 /home/crfsp010/public_html/eventos/index.php(47): CodeIgniter\CodeIgniter->run()
#5 {main}
CRITICAL - 2022-01-19 11:21:21 --> Undefined offset: 0
#0 /home/crfsp010/public_html/eventos/app/Controllers/Users.php(369): CodeIgniter\Debug\Exceptions->errorHandler(8, 'Undefined offse...', '/home/crfsp010/...', 369, Array)
#1 /home/crfsp010/public_html/eventos/system/CodeIgniter.php(918): App\Controllers\Users->recuperacaoSenha()
#2 /home/crfsp010/public_html/eventos/system/CodeIgniter.php(404): CodeIgniter\CodeIgniter->runController(Object(App\Controllers\Users))
#3 /home/crfsp010/public_html/eventos/system/CodeIgniter.php(312): CodeIgniter\CodeIgniter->handleRequest(NULL, Object(Config\Cache), false)
#4 /home/crfsp010/public_html/eventos/index.php(47): CodeIgniter\CodeIgniter->run()
#5 {main}
CRITICAL - 2022-01-19 11:56:12 --> Undefined offset: 0
#0 /home/crfsp010/public_html/eventos/app/Controllers/Users.php(369): CodeIgniter\Debug\Exceptions->errorHandler(8, 'Undefined offse...', '/home/crfsp010/...', 369, Array)
#1 /home/crfsp010/public_html/eventos/system/CodeIgniter.php(918): App\Controllers\Users->recuperacaoSenha()
#2 /home/crfsp010/public_html/eventos/system/CodeIgniter.php(404): CodeIgniter\CodeIgniter->runController(Object(App\Controllers\Users))
#3 /home/crfsp010/public_html/eventos/system/CodeIgniter.php(312): CodeIgniter\CodeIgniter->handleRequest(NULL, Object(Config\Cache), false)
#4 /home/crfsp010/public_html/eventos/index.php(47): CodeIgniter\CodeIgniter->run()
#5 {main}
CRITICAL - 2022-01-19 12:06:21 --> Undefined offset: 0
#0 /home/crfsp010/public_html/eventos/app/Controllers/Users.php(369): CodeIgniter\Debug\Exceptions->errorHandler(8, 'Undefined offse...', '/home/crfsp010/...', 369, Array)
#1 /home/crfsp010/public_html/eventos/system/CodeIgniter.php(918): App\Controllers\Users->recuperacaoSenha()
#2 /home/crfsp010/public_html/eventos/system/CodeIgniter.php(404): CodeIgniter\CodeIgniter->runController(Object(App\Controllers\Users))
#3 /home/crfsp010/public_html/eventos/system/CodeIgniter.php(312): CodeIgniter\CodeIgniter->handleRequest(NULL, Object(Config\Cache), false)
#4 /home/crfsp010/public_html/eventos/index.php(47): CodeIgniter\CodeIgniter->run()
#5 {main}
CRITICAL - 2022-01-19 12:06:30 --> Undefined offset: 0
#0 /home/crfsp010/public_html/eventos/app/Controllers/Users.php(369): CodeIgniter\Debug\Exceptions->errorHandler(8, 'Undefined offse...', '/home/crfsp010/...', 369, Array)
#1 /home/crfsp010/public_html/eventos/system/CodeIgniter.php(918): App\Controllers\Users->recuperacaoSenha()
#2 /home/crfsp010/public_html/eventos/system/CodeIgniter.php(404): CodeIgniter\CodeIgniter->runController(Object(App\Controllers\Users))
#3 /home/crfsp010/public_html/eventos/system/CodeIgniter.php(312): CodeIgniter\CodeIgniter->handleRequest(NULL, Object(Config\Cache), false)
#4 /home/crfsp010/public_html/eventos/index.php(47): CodeIgniter\CodeIgniter->run()
#5 {main}
CRITICAL - 2022-01-19 12:06:39 --> Undefined offset: 0
#0 /home/crfsp010/public_html/eventos/app/Controllers/Users.php(369): CodeIgniter\Debug\Exceptions->errorHandler(8, 'Undefined offse...', '/home/crfsp010/...', 369, Array)
#1 /home/crfsp010/public_html/eventos/system/CodeIgniter.php(918): App\Controllers\Users->recuperacaoSenha()
#2 /home/crfsp010/public_html/eventos/system/CodeIgniter.php(404): CodeIgniter\CodeIgniter->runController(Object(App\Controllers\Users))
#3 /home/crfsp010/public_html/eventos/system/CodeIgniter.php(312): CodeIgniter\CodeIgniter->handleRequest(NULL, Object(Config\Cache), false)
#4 /home/crfsp010/public_html/eventos/index.php(47): CodeIgniter\CodeIgniter->run()
#5 {main}
CRITICAL - 2022-01-19 12:09:21 --> Undefined offset: 0
#0 /home/crfsp010/public_html/eventos/app/Controllers/Users.php(352): CodeIgniter\Debug\Exceptions->errorHandler(8, 'Undefined offse...', '/home/crfsp010/...', 352, Array)
#1 /home/crfsp010/public_html/eventos/system/CodeIgniter.php(918): App\Controllers\Users->recuperacaoSenha()
#2 /home/crfsp010/public_html/eventos/system/CodeIgniter.php(404): CodeIgniter\CodeIgniter->runController(Object(App\Controllers\Users))
#3 /home/crfsp010/public_html/eventos/system/CodeIgniter.php(312): CodeIgniter\CodeIgniter->handleRequest(NULL, Object(Config\Cache), false)
#4 /home/crfsp010/public_html/eventos/index.php(47): CodeIgniter\CodeIgniter->run()
#5 {main}
ERROR - 2022-01-19 12:23:19 --> Email: sendWithSmtp throwed fsockopen(): unable to connect to ssl://cloud.farmaceuticosp.com.br:587 (Connection timed out)
ERROR - 2022-01-19 12:23:26 --> Email: sendWithSmtp throwed fsockopen(): unable to connect to ssl://cloud.farmaceuticosp.com.br:587 (Connection timed out)
ERROR - 2022-01-19 12:23:41 --> Email: sendWithSmtp throwed fsockopen(): unable to connect to ssl://cloud.farmaceuticosp.com.br:587 (Connection timed out)
CRITICAL - 2022-01-19 12:44:42 --> unlink(/home/crfsp010/public_html/eventos/writable/debugbar/debugbar_1642606181.json): No such file or directory
#0 [internal function]: CodeIgniter\Debug\Exceptions->errorHandler(2, 'unlink(/home/cr...', '/home/crfsp010/...', 106, Array)
#1 /home/crfsp010/public_html/eventos/system/Debug/Toolbar/Collectors/History.php(106): unlink('/home/crfsp010/...')
#2 /home/crfsp010/public_html/eventos/system/Debug/Toolbar.php(483): CodeIgniter\Debug\Toolbar\Collectors\History->setFiles(1642607077, 20)
#3 /home/crfsp010/public_html/eventos/system/Debug/Toolbar.php(455): CodeIgniter\Debug\Toolbar->format(Array, 'html')
#4 /home/crfsp010/public_html/eventos/app/Config/Events.php(50): CodeIgniter\Debug\Toolbar->respond()
#5 [internal function]: CodeIgniter\Events\Events::Config\{closure}()
#6 /home/crfsp010/public_html/eventos/system/Events/Events.php(188): call_user_func(Object(Closure))
#7 /home/crfsp010/public_html/eventos/system/CodeIgniter.php(293): CodeIgniter\Events\Events::trigger('pre_system')
#8 /home/crfsp010/public_html/eventos/index.php(47): CodeIgniter\CodeIgniter->run()
#9 {main}
CRITICAL - 2022-01-19 12:45:37 --> unlink(/home/crfsp010/public_html/eventos/writable/debugbar/debugbar_1642606928.json): No such file or directory
#0 [internal function]: CodeIgniter\Debug\Exceptions->errorHandler(2, 'unlink(/home/cr...', '/home/crfsp010/...', 106, Array)
#1 /home/crfsp010/public_html/eventos/system/Debug/Toolbar/Collectors/History.php(106): unlink('/home/crfsp010/...')
#2 /home/crfsp010/public_html/eventos/system/Debug/Toolbar.php(483): CodeIgniter\Debug\Toolbar\Collectors\History->setFiles(1642607132, 20)
#3 /home/crfsp010/public_html/eventos/system/Debug/Toolbar.php(455): CodeIgniter\Debug\Toolbar->format(Array, 'html')
#4 /home/crfsp010/public_html/eventos/app/Config/Events.php(50): CodeIgniter\Debug\Toolbar->respond()
#5 [internal function]: CodeIgniter\Events\Events::Config\{closure}()
#6 /home/crfsp010/public_html/eventos/system/Events/Events.php(188): call_user_func(Object(Closure))
#7 /home/crfsp010/public_html/eventos/system/CodeIgniter.php(293): CodeIgniter\Events\Events::trigger('pre_system')
#8 /home/crfsp010/public_html/eventos/index.php(47): CodeIgniter\CodeIgniter->run()
#9 {main}
CRITICAL - 2022-01-19 12:56:11 --> unlink(/home/crfsp010/public_html/eventos/writable/debugbar/debugbar_1642607673.json): No such file or directory
#0 [internal function]: CodeIgniter\Debug\Exceptions->errorHandler(2, 'unlink(/home/cr...', '/home/crfsp010/...', 106, Array)
#1 /home/crfsp010/public_html/eventos/system/Debug/Toolbar/Collectors/History.php(106): unlink('/home/crfsp010/...')
#2 /home/crfsp010/public_html/eventos/system/Debug/Toolbar.php(483): CodeIgniter\Debug\Toolbar\Collectors\History->setFiles(1642607767, 20)
#3 /home/crfsp010/public_html/eventos/system/Debug/Toolbar.php(455): CodeIgniter\Debug\Toolbar->format(Array, 'html')
#4 /home/crfsp010/public_html/eventos/app/Config/Events.php(50): CodeIgniter\Debug\Toolbar->respond()
#5 [internal function]: CodeIgniter\Events\Events::Config\{closure}()
#6 /home/crfsp010/public_html/eventos/system/Events/Events.php(188): call_user_func(Object(Closure))
#7 /home/crfsp010/public_html/eventos/system/CodeIgniter.php(293): CodeIgniter\Events\Events::trigger('pre_system')
#8 /home/crfsp010/public_html/eventos/index.php(47): CodeIgniter\CodeIgniter->run()
#9 {main}
CRITICAL - 2022-01-19 13:00:35 --> unlink(/home/crfsp010/public_html/eventos/writable/debugbar/debugbar_1642607990.json): No such file or directory
#0 [internal function]: CodeIgniter\Debug\Exceptions->errorHandler(2, 'unlink(/home/cr...', '/home/crfsp010/...', 106, Array)
#1 /home/crfsp010/public_html/eventos/system/Debug/Toolbar/Collectors/History.php(106): unlink('/home/crfsp010/...')
#2 /home/crfsp010/public_html/eventos/system/Debug/Toolbar.php(483): CodeIgniter\Debug\Toolbar\Collectors\History->setFiles(1642608034, 20)
#3 /home/crfsp010/public_html/eventos/system/Debug/Toolbar.php(455): CodeIgniter\Debug\Toolbar->format(Array, 'html')
#4 /home/crfsp010/public_html/eventos/app/Config/Events.php(50): CodeIgniter\Debug\Toolbar->respond()
#5 [internal function]: CodeIgniter\Events\Events::Config\{closure}()
#6 /home/crfsp010/public_html/eventos/system/Events/Events.php(188): call_user_func(Object(Closure))
#7 /home/crfsp010/public_html/eventos/system/CodeIgniter.php(293): CodeIgniter\Events\Events::trigger('pre_system')
#8 /home/crfsp010/public_html/eventos/index.php(47): CodeIgniter\CodeIgniter->run()
#9 {main}
CRITICAL - 2022-01-19 13:08:51 --> unlink(/home/crfsp010/public_html/eventos/writable/debugbar/debugbar_1642608488.json): No such file or directory
#0 [internal function]: CodeIgniter\Debug\Exceptions->errorHandler(2, 'unlink(/home/cr...', '/home/crfsp010/...', 106, Array)
#1 /home/crfsp010/public_html/eventos/system/Debug/Toolbar/Collectors/History.php(106): unlink('/home/crfsp010/...')
#2 /home/crfsp010/public_html/eventos/system/Debug/Toolbar.php(483): CodeIgniter\Debug\Toolbar\Collectors\History->setFiles(1642608530, 20)
#3 /home/crfsp010/public_html/eventos/system/Debug/Toolbar.php(455): CodeIgniter\Debug\Toolbar->format(Array, 'html')
#4 /home/crfsp010/public_html/eventos/app/Config/Events.php(50): CodeIgniter\Debug\Toolbar->respond()
#5 [internal function]: CodeIgniter\Events\Events::Config\{closure}()
#6 /home/crfsp010/public_html/eventos/system/Events/Events.php(188): call_user_func(Object(Closure))
#7 /home/crfsp010/public_html/eventos/system/CodeIgniter.php(293): CodeIgniter\Events\Events::trigger('pre_system')
#8 /home/crfsp010/public_html/eventos/index.php(47): CodeIgniter\CodeIgniter->run()
#9 {main}
CRITICAL - 2022-01-19 13:09:39 --> unlink(/home/crfsp010/public_html/eventos/writable/debugbar/debugbar_1642608517.json): No such file or directory
#0 [internal function]: CodeIgniter\Debug\Exceptions->errorHandler(2, 'unlink(/home/cr...', '/home/crfsp010/...', 106, Array)
#1 /home/crfsp010/public_html/eventos/system/Debug/Toolbar/Collectors/History.php(106): unlink('/home/crfsp010/...')
#2 /home/crfsp010/public_html/eventos/system/Debug/Toolbar.php(483): CodeIgniter\Debug\Toolbar\Collectors\History->setFiles(1642608576, 20)
#3 /home/crfsp010/public_html/eventos/system/Debug/Toolbar.php(455): CodeIgniter\Debug\Toolbar->format(Array, 'html')
#4 /home/crfsp010/public_html/eventos/app/Config/Events.php(50): CodeIgniter\Debug\Toolbar->respond()
#5 [internal function]: CodeIgniter\Events\Events::Config\{closure}()
#6 /home/crfsp010/public_html/eventos/system/Events/Events.php(188): call_user_func(Object(Closure))
#7 /home/crfsp010/public_html/eventos/system/CodeIgniter.php(293): CodeIgniter\Events\Events::trigger('pre_system')
#8 /home/crfsp010/public_html/eventos/index.php(47): CodeIgniter\CodeIgniter->run()
#9 {main}
CRITICAL - 2022-01-19 13:10:09 --> unlink(/home/crfsp010/public_html/eventos/writable/debugbar/debugbar_1642608549.json): No such file or directory
#0 [internal function]: CodeIgniter\Debug\Exceptions->errorHandler(2, 'unlink(/home/cr...', '/home/crfsp010/...', 106, Array)
#1 /home/crfsp010/public_html/eventos/system/Debug/Toolbar/Collectors/History.php(106): unlink('/home/crfsp010/...')
#2 /home/crfsp010/public_html/eventos/system/Debug/Toolbar.php(483): CodeIgniter\Debug\Toolbar\Collectors\History->setFiles(1642608605, 20)
#3 /home/crfsp010/public_html/eventos/system/Debug/Toolbar.php(455): CodeIgniter\Debug\Toolbar->format(Array, 'html')
#4 /home/crfsp010/public_html/eventos/app/Config/Events.php(50): CodeIgniter\Debug\Toolbar->respond()
#5 [internal function]: CodeIgniter\Events\Events::Config\{closure}()
#6 /home/crfsp010/public_html/eventos/system/Events/Events.php(188): call_user_func(Object(Closure))
#7 /home/crfsp010/public_html/eventos/system/CodeIgniter.php(293): CodeIgniter\Events\Events::trigger('pre_system')
#8 /home/crfsp010/public_html/eventos/index.php(47): CodeIgniter\CodeIgniter->run()
#9 {main}
CRITICAL - 2022-01-19 13:14:00 --> unlink(/home/crfsp010/public_html/eventos/writable/debugbar/debugbar_1642608764.json): No such file or directory
#0 [internal function]: CodeIgniter\Debug\Exceptions->errorHandler(2, 'unlink(/home/cr...', '/home/crfsp010/...', 106, Array)
#1 /home/crfsp010/public_html/eventos/system/Debug/Toolbar/Collectors/History.php(106): unlink('/home/crfsp010/...')
#2 /home/crfsp010/public_html/eventos/system/Debug/Toolbar.php(483): CodeIgniter\Debug\Toolbar\Collectors\History->setFiles(1642608826, 20)
#3 /home/crfsp010/public_html/eventos/system/Debug/Toolbar.php(455): CodeIgniter\Debug\Toolbar->format(Array, 'html')
#4 /home/crfsp010/public_html/eventos/app/Config/Events.php(50): CodeIgniter\Debug\Toolbar->respond()
#5 [internal function]: CodeIgniter\Events\Events::Config\{closure}()
#6 /home/crfsp010/public_html/eventos/system/Events/Events.php(188): call_user_func(Object(Closure))
#7 /home/crfsp010/public_html/eventos/system/CodeIgniter.php(293): CodeIgniter\Events\Events::trigger('pre_system')
#8 /home/crfsp010/public_html/eventos/index.php(47): CodeIgniter\CodeIgniter->run()
#9 {main}
CRITICAL - 2022-01-19 13:14:27 --> unlink(/home/crfsp010/public_html/eventos/writable/debugbar/debugbar_1642608838.json): No such file or directory
#0 [internal function]: CodeIgniter\Debug\Exceptions->errorHandler(2, 'unlink(/home/cr...', '/home/crfsp010/...', 106, Array)
#1 /home/crfsp010/public_html/eventos/system/Debug/Toolbar/Collectors/History.php(106): unlink('/home/crfsp010/...')
#2 /home/crfsp010/public_html/eventos/system/Debug/Toolbar.php(483): CodeIgniter\Debug\Toolbar\Collectors\History->setFiles(1642608859, 20)
#3 /home/crfsp010/public_html/eventos/system/Debug/Toolbar.php(455): CodeIgniter\Debug\Toolbar->format(Array, 'html')
#4 /home/crfsp010/public_html/eventos/app/Config/Events.php(50): CodeIgniter\Debug\Toolbar->respond()
#5 [internal function]: CodeIgniter\Events\Events::Config\{closure}()
#6 /home/crfsp010/public_html/eventos/system/Events/Events.php(188): call_user_func(Object(Closure))
#7 /home/crfsp010/public_html/eventos/system/CodeIgniter.php(293): CodeIgniter\Events\Events::trigger('pre_system')
#8 /home/crfsp010/public_html/eventos/index.php(47): CodeIgniter\CodeIgniter->run()
#9 {main}
CRITICAL - 2022-01-19 13:16:07 --> unlink(/home/crfsp010/public_html/eventos/writable/debugbar/debugbar_1642608907.json): No such file or directory
#0 [internal function]: CodeIgniter\Debug\Exceptions->errorHandler(2, 'unlink(/home/cr...', '/home/crfsp010/...', 106, Array)
#1 /home/crfsp010/public_html/eventos/system/Debug/Toolbar/Collectors/History.php(106): unlink('/home/crfsp010/...')
#2 /home/crfsp010/public_html/eventos/system/Debug/Toolbar.php(483): CodeIgniter\Debug\Toolbar\Collectors\History->setFiles(1642608965, 20)
#3 /home/crfsp010/public_html/eventos/system/Debug/Toolbar.php(455): CodeIgniter\Debug\Toolbar->format(Array, 'html')
#4 /home/crfsp010/public_html/eventos/app/Config/Events.php(50): CodeIgniter\Debug\Toolbar->respond()
#5 [internal function]: CodeIgniter\Events\Events::Config\{closure}()
#6 /home/crfsp010/public_html/eventos/system/Events/Events.php(188): call_user_func(Object(Closure))
#7 /home/crfsp010/public_html/eventos/system/CodeIgniter.php(293): CodeIgniter\Events\Events::trigger('pre_system')
#8 /home/crfsp010/public_html/eventos/index.php(47): CodeIgniter\CodeIgniter->run()
#9 {main}
CRITICAL - 2022-01-19 13:16:48 --> unlink(/home/crfsp010/public_html/eventos/writable/debugbar/debugbar_1642608965.json): No such file or directory
#0 [internal function]: CodeIgniter\Debug\Exceptions->errorHandler(2, 'unlink(/home/cr...', '/home/crfsp010/...', 106, Array)
#1 /home/crfsp010/public_html/eventos/system/Debug/Toolbar/Collectors/History.php(106): unlink('/home/crfsp010/...')
#2 /home/crfsp010/public_html/eventos/system/Debug/Toolbar.php(483): CodeIgniter\Debug\Toolbar\Collectors\History->setFiles(1642609005, 20)
#3 /home/crfsp010/public_html/eventos/system/Debug/Toolbar.php(455): CodeIgniter\Debug\Toolbar->format(Array, 'html')
#4 /home/crfsp010/public_html/eventos/app/Config/Events.php(50): CodeIgniter\Debug\Toolbar->respond()
#5 [internal function]: CodeIgniter\Events\Events::Config\{closure}()
#6 /home/crfsp010/public_html/eventos/system/Events/Events.php(188): call_user_func(Object(Closure))
#7 /home/crfsp010/public_html/eventos/system/CodeIgniter.php(293): CodeIgniter\Events\Events::trigger('pre_system')
#8 /home/crfsp010/public_html/eventos/index.php(47): CodeIgniter\CodeIgniter->run()
#9 {main}
CRITICAL - 2022-01-19 13:16:51 --> unlink(/home/crfsp010/public_html/eventos/writable/debugbar/debugbar_1642608970.json): No such file or directory
#0 [internal function]: CodeIgniter\Debug\Exceptions->errorHandler(2, 'unlink(/home/cr...', '/home/crfsp010/...', 106, Array)
#1 /home/crfsp010/public_html/eventos/system/Debug/Toolbar/Collectors/History.php(106): unlink('/home/crfsp010/...')
#2 /home/crfsp010/public_html/eventos/system/Debug/Toolbar.php(483): CodeIgniter\Debug\Toolbar\Collectors\History->setFiles(1642609010, 20)
#3 /home/crfsp010/public_html/eventos/system/Debug/Toolbar.php(455): CodeIgniter\Debug\Toolbar->format(Array, 'html')
#4 /home/crfsp010/public_html/eventos/app/Config/Events.php(50): CodeIgniter\Debug\Toolbar->respond()
#5 [internal function]: CodeIgniter\Events\Events::Config\{closure}()
#6 /home/crfsp010/public_html/eventos/system/Events/Events.php(188): call_user_func(Object(Closure))
#7 /home/crfsp010/public_html/eventos/system/CodeIgniter.php(293): CodeIgniter\Events\Events::trigger('pre_system')
#8 /home/crfsp010/public_html/eventos/index.php(47): CodeIgniter\CodeIgniter->run()
#9 {main}
CRITICAL - 2022-01-19 13:30:53 --> unlink(/home/crfsp010/public_html/eventos/writable/debugbar/debugbar_1642609732.json): No such file or directory
#0 [internal function]: CodeIgniter\Debug\Exceptions->errorHandler(2, 'unlink(/home/cr...', '/home/crfsp010/...', 106, Array)
#1 /home/crfsp010/public_html/eventos/system/Debug/Toolbar/Collectors/History.php(106): unlink('/home/crfsp010/...')
#2 /home/crfsp010/public_html/eventos/system/Debug/Toolbar.php(483): CodeIgniter\Debug\Toolbar\Collectors\History->setFiles(1642609852, 20)
#3 /home/crfsp010/public_html/eventos/system/Debug/Toolbar.php(455): CodeIgniter\Debug\Toolbar->format(Array, 'html')
#4 /home/crfsp010/public_html/eventos/app/Config/Events.php(50): CodeIgniter\Debug\Toolbar->respond()
#5 [internal function]: CodeIgniter\Events\Events::Config\{closure}()
#6 /home/crfsp010/public_html/eventos/system/Events/Events.php(188): call_user_func(Object(Closure))
#7 /home/crfsp010/public_html/eventos/system/CodeIgniter.php(293): CodeIgniter\Events\Events::trigger('pre_system')
#8 /home/crfsp010/public_html/eventos/index.php(47): CodeIgniter\CodeIgniter->run()
#9 {main}
CRITICAL - 2022-01-19 13:35:36 --> unlink(/home/crfsp010/public_html/eventos/writable/debugbar/debugbar_1642610047.json): No such file or directory
#0 [internal function]: CodeIgniter\Debug\Exceptions->errorHandler(2, 'unlink(/home/cr...', '/home/crfsp010/...', 106, Array)
#1 /home/crfsp010/public_html/eventos/system/Debug/Toolbar/Collectors/History.php(106): unlink('/home/crfsp010/...')
#2 /home/crfsp010/public_html/eventos/system/Debug/Toolbar.php(483): CodeIgniter\Debug\Toolbar\Collectors\History->setFiles(1642610136, 20)
#3 /home/crfsp010/public_html/eventos/system/Debug/Toolbar.php(455): CodeIgniter\Debug\Toolbar->format(Array, 'html')
#4 /home/crfsp010/public_html/eventos/app/Config/Events.php(50): CodeIgniter\Debug\Toolbar->respond()
#5 [internal function]: CodeIgniter\Events\Events::Config\{closure}()
#6 /home/crfsp010/public_html/eventos/system/Events/Events.php(188): call_user_func(Object(Closure))
#7 /home/crfsp010/public_html/eventos/system/CodeIgniter.php(293): CodeIgniter\Events\Events::trigger('pre_system')
#8 /home/crfsp010/public_html/eventos/index.php(47): CodeIgniter\CodeIgniter->run()
#9 {main}
CRITICAL - 2022-01-19 13:46:11 --> unlink(/home/crfsp010/public_html/eventos/writable/debugbar/debugbar_1642610640.json): No such file or directory
#0 [internal function]: CodeIgniter\Debug\Exceptions->errorHandler(2, 'unlink(/home/cr...', '/home/crfsp010/...', 106, Array)
#1 /home/crfsp010/public_html/eventos/system/Debug/Toolbar/Collectors/History.php(106): unlink('/home/crfsp010/...')
#2 /home/crfsp010/public_html/eventos/system/Debug/Toolbar.php(483): CodeIgniter\Debug\Toolbar\Collectors\History->setFiles(1642610770, 20)
#3 /home/crfsp010/public_html/eventos/system/Debug/Toolbar.php(455): CodeIgniter\Debug\Toolbar->format(Array, 'html')
#4 /home/crfsp010/public_html/eventos/app/Config/Events.php(50): CodeIgniter\Debug\Toolbar->respond()
#5 [internal function]: CodeIgniter\Events\Events::Config\{closure}()
#6 /home/crfsp010/public_html/eventos/system/Events/Events.php(188): call_user_func(Object(Closure))
#7 /home/crfsp010/public_html/eventos/system/CodeIgniter.php(293): CodeIgniter\Events\Events::trigger('pre_system')
#8 /home/crfsp010/public_html/eventos/index.php(47): CodeIgniter\CodeIgniter->run()
#9 {main}
ERROR - 2022-01-19 13:47:23 --> Email: sendWithSmtp throwed fsockopen(): unable to connect to ssl://cloud.farmaceuticosp.com.br:587 (Connection timed out)
ERROR - 2022-01-19 13:47:35 --> Email: sendWithSmtp throwed fsockopen(): unable to connect to ssl://cloud.farmaceuticosp.com.br:587 (Connection timed out)
ERROR - 2022-01-19 13:47:40 --> Email: sendWithSmtp throwed fsockopen(): unable to connect to ssl://cloud.farmaceuticosp.com.br:587 (Connection timed out)
ERROR - 2022-01-19 13:47:47 --> Email: sendWithSmtp throwed fsockopen(): unable to connect to ssl://cloud.farmaceuticosp.com.br:587 (Connection timed out)
ERROR - 2022-01-19 13:47:52 --> Email: sendWithSmtp throwed fsockopen(): unable to connect to ssl://cloud.farmaceuticosp.com.br:587 (Connection timed out)
ERROR - 2022-01-19 13:52:34 --> Email: sendWithSmtp throwed fsockopen(): unable to connect to ssl://cloud.farmaceuticosp.com.br:587 (Connection timed out)
ERROR - 2022-01-19 13:52:39 --> Email: sendWithSmtp throwed fsockopen(): unable to connect to ssl://cloud.farmaceuticosp.com.br:587 (Connection timed out)
CRITICAL - 2022-01-19 13:54:41 --> unlink(/home/crfsp010/public_html/eventos/writable/debugbar/debugbar_1642611201.json): No such file or directory
#0 [internal function]: CodeIgniter\Debug\Exceptions->errorHandler(2, 'unlink(/home/cr...', '/home/crfsp010/...', 106, Array)
#1 /home/crfsp010/public_html/eventos/system/Debug/Toolbar/Collectors/History.php(106): unlink('/home/crfsp010/...')
#2 /home/crfsp010/public_html/eventos/system/Debug/Toolbar.php(483): CodeIgniter\Debug\Toolbar\Collectors\History->setFiles(1642611280, 20)
#3 /home/crfsp010/public_html/eventos/system/Debug/Toolbar.php(455): CodeIgniter\Debug\Toolbar->format(Array, 'html')
#4 /home/crfsp010/public_html/eventos/app/Config/Events.php(50): CodeIgniter\Debug\Toolbar->respond()
#5 [internal function]: CodeIgniter\Events\Events::Config\{closure}()
#6 /home/crfsp010/public_html/eventos/system/Events/Events.php(188): call_user_func(Object(Closure))
#7 /home/crfsp010/public_html/eventos/system/CodeIgniter.php(293): CodeIgniter\Events\Events::trigger('pre_system')
#8 /home/crfsp010/public_html/eventos/index.php(47): CodeIgniter\CodeIgniter->run()
#9 {main}
CRITICAL - 2022-01-19 14:01:52 --> unlink(/home/crfsp010/public_html/eventos/writable/debugbar/debugbar_1642611572.json): No such file or directory
#0 [internal function]: CodeIgniter\Debug\Exceptions->errorHandler(2, 'unlink(/home/cr...', '/home/crfsp010/...', 106, Array)
#1 /home/crfsp010/public_html/eventos/system/Debug/Toolbar/Collectors/History.php(106): unlink('/home/crfsp010/...')
#2 /home/crfsp010/public_html/eventos/system/Debug/Toolbar.php(483): CodeIgniter\Debug\Toolbar\Collectors\History->setFiles(1642611711, 20)
#3 /home/crfsp010/public_html/eventos/system/Debug/Toolbar.php(455): CodeIgniter\Debug\Toolbar->format(Array, 'html')
#4 /home/crfsp010/public_html/eventos/app/Config/Events.php(50): CodeIgniter\Debug\Toolbar->respond()
#5 [internal function]: CodeIgniter\Events\Events::Config\{closure}()
#6 /home/crfsp010/public_html/eventos/system/Events/Events.php(188): call_user_func(Object(Closure))
#7 /home/crfsp010/public_html/eventos/system/CodeIgniter.php(293): CodeIgniter\Events\Events::trigger('pre_system')
#8 /home/crfsp010/public_html/eventos/index.php(47): CodeIgniter\CodeIgniter->run()
#9 {main}
CRITICAL - 2022-01-19 14:07:05 --> unlink(/home/crfsp010/public_html/eventos/writable/debugbar/debugbar_1642611910.json): No such file or directory
#0 [internal function]: CodeIgniter\Debug\Exceptions->errorHandler(2, 'unlink(/home/cr...', '/home/crfsp010/...', 106, Array)
#1 /home/crfsp010/public_html/eventos/system/Debug/Toolbar/Collectors/History.php(106): unlink('/home/crfsp010/...')
#2 /home/crfsp010/public_html/eventos/system/Debug/Toolbar.php(483): CodeIgniter\Debug\Toolbar\Collectors\History->setFiles(1642612025, 20)
#3 /home/crfsp010/public_html/eventos/system/Debug/Toolbar.php(455): CodeIgniter\Debug\Toolbar->format(Array, 'html')
#4 /home/crfsp010/public_html/eventos/app/Config/Events.php(50): CodeIgniter\Debug\Toolbar->respond()
#5 [internal function]: CodeIgniter\Events\Events::Config\{closure}()
#6 /home/crfsp010/public_html/eventos/system/Events/Events.php(188): call_user_func(Object(Closure))
#7 /home/crfsp010/public_html/eventos/system/CodeIgniter.php(293): CodeIgniter\Events\Events::trigger('pre_system')
#8 /home/crfsp010/public_html/eventos/index.php(47): CodeIgniter\CodeIgniter->run()
#9 {main}
ERROR - 2022-01-19 14:14:25 --> Email: sendWithSmtp throwed fsockopen(): unable to connect to ssl://cloud.farmaceuticosp.com.br:587 (Connection timed out)
ERROR - 2022-01-19 14:14:28 --> Email: sendWithSmtp throwed fsockopen(): unable to connect to ssl://cloud.farmaceuticosp.com.br:587 (Connection timed out)
ERROR - 2022-01-19 14:14:30 --> Email: sendWithSmtp throwed fsockopen(): unable to connect to ssl://cloud.farmaceuticosp.com.br:587 (Connection timed out)
ERROR - 2022-01-19 14:14:34 --> Email: sendWithSmtp throwed fsockopen(): unable to connect to ssl://cloud.farmaceuticosp.com.br:587 (Connection timed out)
CRITICAL - 2022-01-19 14:14:36 --> unlink(/home/crfsp010/public_html/eventos/writable/debugbar/debugbar_1642612400.json): No such file or directory
#0 [internal function]: CodeIgniter\Debug\Exceptions->errorHandler(2, 'unlink(/home/cr...', '/home/crfsp010/...', 106, Array)
#1 /home/crfsp010/public_html/eventos/system/Debug/Toolbar/Collectors/History.php(106): unlink('/home/crfsp010/...')
#2 /home/crfsp010/public_html/eventos/system/Debug/Toolbar.php(483): CodeIgniter\Debug\Toolbar\Collectors\History->setFiles(1642612475, 20)
#3 /home/crfsp010/public_html/eventos/system/Debug/Toolbar.php(455): CodeIgniter\Debug\Toolbar->format(Array, 'html')
#4 /home/crfsp010/public_html/eventos/app/Config/Events.php(50): CodeIgniter\Debug\Toolbar->respond()
#5 [internal function]: CodeIgniter\Events\Events::Config\{closure}()
#6 /home/crfsp010/public_html/eventos/system/Events/Events.php(188): call_user_func(Object(Closure))
#7 /home/crfsp010/public_html/eventos/system/CodeIgniter.php(293): CodeIgniter\Events\Events::trigger('pre_system')
#8 /home/crfsp010/public_html/eventos/index.php(47): CodeIgniter\CodeIgniter->run()
#9 {main}
ERROR - 2022-01-19 14:14:50 --> Email: sendWithSmtp throwed fsockopen(): unable to connect to ssl://cloud.farmaceuticosp.com.br:587 (Connection timed out)
ERROR - 2022-01-19 14:14:52 --> Email: sendWithSmtp throwed fsockopen(): unable to connect to ssl://cloud.farmaceuticosp.com.br:587 (Connection timed out)
ERROR - 2022-01-19 14:18:44 --> Email: sendWithSmtp throwed fsockopen(): unable to connect to ssl://cloud.farmaceuticosp.com.br:587 (Connection timed out)
ERROR - 2022-01-19 14:18:47 --> Email: sendWithSmtp throwed fsockopen(): unable to connect to ssl://cloud.farmaceuticosp.com.br:587 (Connection timed out)
ERROR - 2022-01-19 14:18:51 --> Email: sendWithSmtp throwed fsockopen(): unable to connect to ssl://cloud.farmaceuticosp.com.br:587 (Connection timed out)
ERROR - 2022-01-19 14:18:52 --> Email: sendWithSmtp throwed fsockopen(): unable to connect to ssl://cloud.farmaceuticosp.com.br:587 (Connection timed out)
ERROR - 2022-01-19 14:18:52 --> Email: sendWithSmtp throwed fsockopen(): unable to connect to ssl://cloud.farmaceuticosp.com.br:587 (Connection timed out)
ERROR - 2022-01-19 14:18:52 --> Email: sendWithSmtp throwed fsockopen(): unable to connect to ssl://cloud.farmaceuticosp.com.br:587 (Connection timed out)
ERROR - 2022-01-19 14:18:53 --> Email: sendWithSmtp throwed fsockopen(): unable to connect to ssl://cloud.farmaceuticosp.com.br:587 (Connection timed out)
ERROR - 2022-01-19 14:18:53 --> Email: sendWithSmtp throwed fsockopen(): unable to connect to ssl://cloud.farmaceuticosp.com.br:587 (Connection timed out)
ERROR - 2022-01-19 14:18:53 --> Email: sendWithSmtp throwed fsockopen(): unable to connect to ssl://cloud.farmaceuticosp.com.br:587 (Connection timed out)
ERROR - 2022-01-19 14:18:53 --> Email: sendWithSmtp throwed fsockopen(): unable to connect to ssl://cloud.farmaceuticosp.com.br:587 (Connection timed out)
ERROR - 2022-01-19 14:18:54 --> Email: sendWithSmtp throwed fsockopen(): unable to connect to ssl://cloud.farmaceuticosp.com.br:587 (Connection timed out)
ERROR - 2022-01-19 14:18:58 --> Email: sendWithSmtp throwed fsockopen(): unable to connect to ssl://cloud.farmaceuticosp.com.br:587 (Connection timed out)
ERROR - 2022-01-19 14:18:59 --> Email: sendWithSmtp throwed fsockopen(): unable to connect to ssl://cloud.farmaceuticosp.com.br:587 (Connection timed out)
ERROR - 2022-01-19 14:18:59 --> Email: sendWithSmtp throwed fsockopen(): unable to connect to ssl://cloud.farmaceuticosp.com.br:587 (Connection timed out)
ERROR - 2022-01-19 14:18:59 --> Email: sendWithSmtp throwed fsockopen(): unable to connect to ssl://cloud.farmaceuticosp.com.br:587 (Connection timed out)
ERROR - 2022-01-19 14:18:59 --> Email: sendWithSmtp throwed fsockopen(): unable to connect to ssl://cloud.farmaceuticosp.com.br:587 (Connection timed out)
ERROR - 2022-01-19 14:19:00 --> Email: sendWithSmtp throwed fsockopen(): unable to connect to ssl://cloud.farmaceuticosp.com.br:587 (Connection timed out)
CRITICAL - 2022-01-19 14:20:57 --> unlink(/home/crfsp010/public_html/eventos/writable/debugbar/debugbar_1642612695.json): No such file or directory
#0 [internal function]: CodeIgniter\Debug\Exceptions->errorHandler(2, 'unlink(/home/cr...', '/home/crfsp010/...', 106, Array)
#1 /home/crfsp010/public_html/eventos/system/Debug/Toolbar/Collectors/History.php(106): unlink('/home/crfsp010/...')
#2 /home/crfsp010/public_html/eventos/system/Debug/Toolbar.php(483): CodeIgniter\Debug\Toolbar\Collectors\History->setFiles(1642612856, 20)
#3 /home/crfsp010/public_html/eventos/system/Debug/Toolbar.php(455): CodeIgniter\Debug\Toolbar->format(Array, 'html')
#4 /home/crfsp010/public_html/eventos/app/Config/Events.php(50): CodeIgniter\Debug\Toolbar->respond()
#5 [internal function]: CodeIgniter\Events\Events::Config\{closure}()
#6 /home/crfsp010/public_html/eventos/system/Events/Events.php(188): call_user_func(Object(Closure))
#7 /home/crfsp010/public_html/eventos/system/CodeIgniter.php(293): CodeIgniter\Events\Events::trigger('pre_system')
#8 /home/crfsp010/public_html/eventos/index.php(47): CodeIgniter\CodeIgniter->run()
#9 {main}
ERROR - 2022-01-19 14:22:55 --> Email: sendWithSmtp throwed fsockopen(): unable to connect to ssl://cloud.farmaceuticosp.com.br:587 (Connection timed out)
ERROR - 2022-01-19 14:23:02 --> Email: sendWithSmtp throwed fsockopen(): unable to connect to ssl://cloud.farmaceuticosp.com.br:587 (Connection timed out)
CRITICAL - 2022-01-19 14:23:08 --> unlink(/home/crfsp010/public_html/eventos/writable/debugbar/debugbar_1642612944.json): No such file or directory
#0 [internal function]: CodeIgniter\Debug\Exceptions->errorHandler(2, 'unlink(/home/cr...', '/home/crfsp010/...', 106, Array)
#1 /home/crfsp010/public_html/eventos/system/Debug/Toolbar/Collectors/History.php(106): unlink('/home/crfsp010/...')
#2 /home/crfsp010/public_html/eventos/system/Debug/Toolbar.php(483): CodeIgniter\Debug\Toolbar\Collectors\History->setFiles(1642612988, 20)
#3 /home/crfsp010/public_html/eventos/system/Debug/Toolbar.php(455): CodeIgniter\Debug\Toolbar->format(Array, 'html')
#4 /home/crfsp010/public_html/eventos/app/Config/Events.php(50): CodeIgniter\Debug\Toolbar->respond()
#5 [internal function]: CodeIgniter\Events\Events::Config\{closure}()
#6 /home/crfsp010/public_html/eventos/system/Events/Events.php(188): call_user_func(Object(Closure))
#7 /home/crfsp010/public_html/eventos/system/CodeIgniter.php(293): CodeIgniter\Events\Events::trigger('pre_system')
#8 /home/crfsp010/public_html/eventos/index.php(47): CodeIgniter\CodeIgniter->run()
#9 {main}
CRITICAL - 2022-01-19 14:23:45 --> unlink(/home/crfsp010/public_html/eventos/writable/debugbar/debugbar_1642612976.json): No such file or directory
#0 [internal function]: CodeIgniter\Debug\Exceptions->errorHandler(2, 'unlink(/home/cr...', '/home/crfsp010/...', 106, Array)
#1 /home/crfsp010/public_html/eventos/system/Debug/Toolbar/Collectors/History.php(106): unlink('/home/crfsp010/...')
#2 /home/crfsp010/public_html/eventos/system/Debug/Toolbar.php(483): CodeIgniter\Debug\Toolbar\Collectors\History->setFiles(1642613024, 20)
#3 /home/crfsp010/public_html/eventos/system/Debug/Toolbar.php(455): CodeIgniter\Debug\Toolbar->format(Array, 'html')
#4 /home/crfsp010/public_html/eventos/app/Config/Events.php(50): CodeIgniter\Debug\Toolbar->respond()
#5 [internal function]: CodeIgniter\Events\Events::Config\{closure}()
#6 /home/crfsp010/public_html/eventos/system/Events/Events.php(188): call_user_func(Object(Closure))
#7 /home/crfsp010/public_html/eventos/system/CodeIgniter.php(293): CodeIgniter\Events\Events::trigger('pre_system')
#8 /home/crfsp010/public_html/eventos/index.php(47): CodeIgniter\CodeIgniter->run()
#9 {main}
CRITICAL - 2022-01-19 14:24:42 --> unlink(/home/crfsp010/public_html/eventos/writable/debugbar/debugbar_1642613013.json): No such file or directory
#0 [internal function]: CodeIgniter\Debug\Exceptions->errorHandler(2, 'unlink(/home/cr...', '/home/crfsp010/...', 106, Array)
#1 /home/crfsp010/public_html/eventos/system/Debug/Toolbar/Collectors/History.php(106): unlink('/home/crfsp010/...')
#2 /home/crfsp010/public_html/eventos/system/Debug/Toolbar.php(483): CodeIgniter\Debug\Toolbar\Collectors\History->setFiles(1642613078, 20)
#3 /home/crfsp010/public_html/eventos/system/Debug/Toolbar.php(455): CodeIgniter\Debug\Toolbar->format(Array, 'html')
#4 /home/crfsp010/public_html/eventos/app/Config/Events.php(50): CodeIgniter\Debug\Toolbar->respond()
#5 [internal function]: CodeIgniter\Events\Events::Config\{closure}()
#6 /home/crfsp010/public_html/eventos/system/Events/Events.php(188): call_user_func(Object(Closure))
#7 /home/crfsp010/public_html/eventos/system/CodeIgniter.php(293): CodeIgniter\Events\Events::trigger('pre_system')
#8 /home/crfsp010/public_html/eventos/index.php(47): CodeIgniter\CodeIgniter->run()
#9 {main}
CRITICAL - 2022-01-19 14:33:40 --> unlink(/home/crfsp010/public_html/eventos/writable/debugbar/debugbar_1642613526.json): No such file or directory
#0 [internal function]: CodeIgniter\Debug\Exceptions->errorHandler(2, 'unlink(/home/cr...', '/home/crfsp010/...', 106, Array)
#1 /home/crfsp010/public_html/eventos/system/Debug/Toolbar/Collectors/History.php(106): unlink('/home/crfsp010/...')
#2 /home/crfsp010/public_html/eventos/system/Debug/Toolbar.php(483): CodeIgniter\Debug\Toolbar\Collectors\History->setFiles(1642613619, 20)
#3 /home/crfsp010/public_html/eventos/system/Debug/Toolbar.php(455): CodeIgniter\Debug\Toolbar->format(Array, 'html')
#4 /home/crfsp010/public_html/eventos/app/Config/Events.php(50): CodeIgniter\Debug\Toolbar->respond()
#5 [internal function]: CodeIgniter\Events\Events::Config\{closure}()
#6 /home/crfsp010/public_html/eventos/system/Events/Events.php(188): call_user_func(Object(Closure))
#7 /home/crfsp010/public_html/eventos/system/CodeIgniter.php(293): CodeIgniter\Events\Events::trigger('pre_system')
#8 /home/crfsp010/public_html/eventos/index.php(47): CodeIgniter\CodeIgniter->run()
#9 {main}
CRITICAL - 2022-01-19 14:34:14 --> unlink(/home/crfsp010/public_html/eventos/writable/debugbar/debugbar_1642613574.json): No such file or directory
#0 [internal function]: CodeIgniter\Debug\Exceptions->errorHandler(2, 'unlink(/home/cr...', '/home/crfsp010/...', 106, Array)
#1 /home/crfsp010/public_html/eventos/system/Debug/Toolbar/Collectors/History.php(106): unlink('/home/crfsp010/...')
#2 /home/crfsp010/public_html/eventos/system/Debug/Toolbar.php(483): CodeIgniter\Debug\Toolbar\Collectors\History->setFiles(1642613653, 20)
#3 /home/crfsp010/public_html/eventos/system/Debug/Toolbar.php(455): CodeIgniter\Debug\Toolbar->format(Array, 'html')
#4 /home/crfsp010/public_html/eventos/app/Config/Events.php(50): CodeIgniter\Debug\Toolbar->respond()
#5 [internal function]: CodeIgniter\Events\Events::Config\{closure}()
#6 /home/crfsp010/public_html/eventos/system/Events/Events.php(188): call_user_func(Object(Closure))
#7 /home/crfsp010/public_html/eventos/system/CodeIgniter.php(293): CodeIgniter\Events\Events::trigger('pre_system')
#8 /home/crfsp010/public_html/eventos/index.php(47): CodeIgniter\CodeIgniter->run()
#9 {main}
ERROR - 2022-01-19 14:48:16 --> Email: sendWithSmtp throwed fsockopen(): unable to connect to ssl://cloud.farmaceuticosp.com.br:587 (Connection timed out)
ERROR - 2022-01-19 14:48:20 --> Email: sendWithSmtp throwed fsockopen(): unable to connect to ssl://cloud.farmaceuticosp.com.br:587 (Connection timed out)
ERROR - 2022-01-19 14:48:22 --> Email: sendWithSmtp throwed fsockopen(): unable to connect to ssl://cloud.farmaceuticosp.com.br:587 (Connection timed out)
CRITICAL - 2022-01-19 15:01:42 --> unlink(/home/crfsp010/public_html/eventos/writable/debugbar/debugbar_1642615205.json): No such file or directory
#0 [internal function]: CodeIgniter\Debug\Exceptions->errorHandler(2, 'unlink(/home/cr...', '/home/crfsp010/...', 106, Array)
#1 /home/crfsp010/public_html/eventos/system/Debug/Toolbar/Collectors/History.php(106): unlink('/home/crfsp010/...')
#2 /home/crfsp010/public_html/eventos/system/Debug/Toolbar.php(483): CodeIgniter\Debug\Toolbar\Collectors\History->setFiles(1642615301, 20)
#3 /home/crfsp010/public_html/eventos/system/Debug/Toolbar.php(455): CodeIgniter\Debug\Toolbar->format(Array, 'html')
#4 /home/crfsp010/public_html/eventos/app/Config/Events.php(50): CodeIgniter\Debug\Toolbar->respond()
#5 [internal function]: CodeIgniter\Events\Events::Config\{closure}()
#6 /home/crfsp010/public_html/eventos/system/Events/Events.php(188): call_user_func(Object(Closure))
#7 /home/crfsp010/public_html/eventos/system/CodeIgniter.php(293): CodeIgniter\Events\Events::trigger('pre_system')
#8 /home/crfsp010/public_html/eventos/index.php(47): CodeIgniter\CodeIgniter->run()
#9 {main}
CRITICAL - 2022-01-19 15:06:24 --> unlink(/home/crfsp010/public_html/eventos/writable/debugbar/debugbar_1642615497.json): No such file or directory
#0 [internal function]: CodeIgniter\Debug\Exceptions->errorHandler(2, 'unlink(/home/cr...', '/home/crfsp010/...', 106, Array)
#1 /home/crfsp010/public_html/eventos/system/Debug/Toolbar/Collectors/History.php(106): unlink('/home/crfsp010/...')
#2 /home/crfsp010/public_html/eventos/system/Debug/Toolbar.php(483): CodeIgniter\Debug\Toolbar\Collectors\History->setFiles(1642615583, 20)
#3 /home/crfsp010/public_html/eventos/system/Debug/Toolbar.php(455): CodeIgniter\Debug\Toolbar->format(Array, 'html')
#4 /home/crfsp010/public_html/eventos/app/Config/Events.php(50): CodeIgniter\Debug\Toolbar->respond()
#5 [internal function]: CodeIgniter\Events\Events::Config\{closure}()
#6 /home/crfsp010/public_html/eventos/system/Events/Events.php(188): call_user_func(Object(Closure))
#7 /home/crfsp010/public_html/eventos/system/CodeIgniter.php(293): CodeIgniter\Events\Events::trigger('pre_system')
#8 /home/crfsp010/public_html/eventos/index.php(47): CodeIgniter\CodeIgniter->run()
#9 {main}
CRITICAL - 2022-01-19 15:09:12 --> unlink(/home/crfsp010/public_html/eventos/writable/debugbar/debugbar_1642615677.json): No such file or directory
#0 [internal function]: CodeIgniter\Debug\Exceptions->errorHandler(2, 'unlink(/home/cr...', '/home/crfsp010/...', 106, Array)
#1 /home/crfsp010/public_html/eventos/system/Debug/Toolbar/Collectors/History.php(106): unlink('/home/crfsp010/...')
#2 /home/crfsp010/public_html/eventos/system/Debug/Toolbar.php(483): CodeIgniter\Debug\Toolbar\Collectors\History->setFiles(1642615751, 20)
#3 /home/crfsp010/public_html/eventos/system/Debug/Toolbar.php(455): CodeIgniter\Debug\Toolbar->format(Array, 'html')
#4 /home/crfsp010/public_html/eventos/app/Config/Events.php(50): CodeIgniter\Debug\Toolbar->respond()
#5 [internal function]: CodeIgniter\Events\Events::Config\{closure}()
#6 /home/crfsp010/public_html/eventos/system/Events/Events.php(188): call_user_func(Object(Closure))
#7 /home/crfsp010/public_html/eventos/system/CodeIgniter.php(293): CodeIgniter\Events\Events::trigger('pre_system')
#8 /home/crfsp010/public_html/eventos/index.php(47): CodeIgniter\CodeIgniter->run()
#9 {main}
ERROR - 2022-01-19 15:17:05 --> Email: sendWithSmtp throwed fsockopen(): unable to connect to ssl://cloud.farmaceuticosp.com.br:587 (Connection timed out)
ERROR - 2022-01-19 15:18:36 --> Email: sendWithSmtp throwed fsockopen(): unable to connect to ssl://cloud.farmaceuticosp.com.br:587 (Connection timed out)
ERROR - 2022-01-19 15:21:18 --> Email: sendWithSmtp throwed fsockopen(): unable to connect to ssl://cloud.farmaceuticosp.com.br:587 (Connection timed out)
ERROR - 2022-01-19 15:21:37 --> Email: sendWithSmtp throwed fsockopen(): unable to connect to ssl://cloud.farmaceuticosp.com.br:587 (Connection timed out)
ERROR - 2022-01-19 15:21:44 --> Email: sendWithSmtp throwed fsockopen(): unable to connect to ssl://cloud.farmaceuticosp.com.br:587 (Connection timed out)
ERROR - 2022-01-19 15:21:52 --> Email: sendWithSmtp throwed fsockopen(): unable to connect to ssl://cloud.farmaceuticosp.com.br:587 (Connection timed out)
ERROR - 2022-01-19 15:21:54 --> Email: sendWithSmtp throwed fsockopen(): unable to connect to ssl://cloud.farmaceuticosp.com.br:587 (Connection timed out)
ERROR - 2022-01-19 15:21:55 --> Email: sendWithSmtp throwed fsockopen(): unable to connect to ssl://cloud.farmaceuticosp.com.br:587 (Connection timed out)
CRITICAL - 2022-01-19 15:51:35 --> unlink(/home/crfsp010/public_html/eventos/writable/debugbar/debugbar_1642618209.json): No such file or directory
#0 [internal function]: CodeIgniter\Debug\Exceptions->errorHandler(2, 'unlink(/home/cr...', '/home/crfsp010/...', 106, Array)
#1 /home/crfsp010/public_html/eventos/system/Debug/Toolbar/Collectors/History.php(106): unlink('/home/crfsp010/...')
#2 /home/crfsp010/public_html/eventos/system/Debug/Toolbar.php(483): CodeIgniter\Debug\Toolbar\Collectors\History->setFiles(1642618293, 20)
#3 /home/crfsp010/public_html/eventos/system/Debug/Toolbar.php(455): CodeIgniter\Debug\Toolbar->format(Array, 'html')
#4 /home/crfsp010/public_html/eventos/app/Config/Events.php(50): CodeIgniter\Debug\Toolbar->respond()
#5 [internal function]: CodeIgniter\Events\Events::Config\{closure}()
#6 /home/crfsp010/public_html/eventos/system/Events/Events.php(188): call_user_func(Object(Closure))
#7 /home/crfsp010/public_html/eventos/system/CodeIgniter.php(293): CodeIgniter\Events\Events::trigger('pre_system')
#8 /home/crfsp010/public_html/eventos/index.php(47): CodeIgniter\CodeIgniter->run()
#9 {main}
ERROR - 2022-01-19 16:04:24 --> Email: sendWithSmtp throwed fsockopen(): unable to connect to ssl://cloud.farmaceuticosp.com.br:587 (Connection timed out)
CRITICAL - 2022-01-19 16:04:54 --> unlink(/home/crfsp010/public_html/eventos/writable/debugbar/debugbar_1642618851.json): No such file or directory
#0 [internal function]: CodeIgniter\Debug\Exceptions->errorHandler(2, 'unlink(/home/cr...', '/home/crfsp010/...', 106, Array)
#1 /home/crfsp010/public_html/eventos/system/Debug/Toolbar/Collectors/History.php(106): unlink('/home/crfsp010/...')
#2 /home/crfsp010/public_html/eventos/system/Debug/Toolbar.php(483): CodeIgniter\Debug\Toolbar\Collectors\History->setFiles(1642619094, 20)
#3 /home/crfsp010/public_html/eventos/system/Debug/Toolbar.php(455): CodeIgniter\Debug\Toolbar->format(Array, 'html')
#4 /home/crfsp010/public_html/eventos/app/Config/Events.php(50): CodeIgniter\Debug\Toolbar->respond()
#5 [internal function]: CodeIgniter\Events\Events::Config\{closure}()
#6 /home/crfsp010/public_html/eventos/system/Events/Events.php(188): call_user_func(Object(Closure))
#7 /home/crfsp010/public_html/eventos/system/CodeIgniter.php(293): CodeIgniter\Events\Events::trigger('pre_system')
#8 /home/crfsp010/public_html/eventos/index.php(47): CodeIgniter\CodeIgniter->run()
#9 {main}
CRITICAL - 2022-01-19 16:07:50 --> Undefined variable: totalTime
#0 /home/crfsp010/public_html/eventos/system/Debug/Toolbar/Views/toolbar.tpl.php(56): CodeIgniter\Debug\Exceptions->errorHandler(8, 'Undefined varia...', '/home/crfsp010/...', 56, Array)
#1 /home/crfsp010/public_html/eventos/system/Debug/Toolbar.php(498): include('/home/crfsp010/...')
#2 /home/crfsp010/public_html/eventos/system/Debug/Toolbar.php(455): CodeIgniter\Debug\Toolbar->format(Array, 'html')
#3 /home/crfsp010/public_html/eventos/app/Config/Events.php(50): CodeIgniter\Debug\Toolbar->respond()
#4 [internal function]: CodeIgniter\Events\Events::Config\{closure}()
#5 /home/crfsp010/public_html/eventos/system/Events/Events.php(188): call_user_func(Object(Closure))
#6 /home/crfsp010/public_html/eventos/system/CodeIgniter.php(293): CodeIgniter\Events\Events::trigger('pre_system')
#7 /home/crfsp010/public_html/eventos/index.php(47): CodeIgniter\CodeIgniter->run()
#8 {main}
ERROR - 2022-01-19 16:10:07 --> Email: sendWithSmtp throwed fsockopen(): unable to connect to ssl://cloud.farmaceuticosp.com.br:587 (Connection timed out)
CRITICAL - 2022-01-19 16:25:14 --> unlink(/home/crfsp010/public_html/eventos/writable/debugbar/debugbar_1642620113.json): No such file or directory
#0 [internal function]: CodeIgniter\Debug\Exceptions->errorHandler(2, 'unlink(/home/cr...', '/home/crfsp010/...', 106, Array)
#1 /home/crfsp010/public_html/eventos/system/Debug/Toolbar/Collectors/History.php(106): unlink('/home/crfsp010/...')
#2 /home/crfsp010/public_html/eventos/system/Debug/Toolbar.php(483): CodeIgniter\Debug\Toolbar\Collectors\History->setFiles(1642620313, 20)
#3 /home/crfsp010/public_html/eventos/system/Debug/Toolbar.php(455): CodeIgniter\Debug\Toolbar->format(Array, 'html')
#4 /home/crfsp010/public_html/eventos/app/Config/Events.php(50): CodeIgniter\Debug\Toolbar->respond()
#5 [internal function]: CodeIgniter\Events\Events::Config\{closure}()
#6 /home/crfsp010/public_html/eventos/system/Events/Events.php(188): call_user_func(Object(Closure))
#7 /home/crfsp010/public_html/eventos/system/CodeIgniter.php(293): CodeIgniter\Events\Events::trigger('pre_system')
#8 /home/crfsp010/public_html/eventos/index.php(47): CodeIgniter\CodeIgniter->run()
#9 {main}
ERROR - 2022-01-19 16:29:45 --> Email: sendWithSmtp throwed fsockopen(): unable to connect to ssl://cloud.farmaceuticosp.com.br:587 (Connection timed out)
ERROR - 2022-01-19 16:30:03 --> Email: sendWithSmtp throwed fsockopen(): unable to connect to ssl://cloud.farmaceuticosp.com.br:587 (Connection timed out)
ERROR - 2022-01-19 16:30:18 --> Email: sendWithSmtp throwed fsockopen(): unable to connect to ssl://cloud.farmaceuticosp.com.br:587 (Connection timed out)
CRITICAL - 2022-01-19 16:35:33 --> unlink(/home/crfsp010/public_html/eventos/writable/debugbar/debugbar_1642620678.json): No such file or directory
#0 [internal function]: CodeIgniter\Debug\Exceptions->errorHandler(2, 'unlink(/home/cr...', '/home/crfsp010/...', 106, Array)
#1 /home/crfsp010/public_html/eventos/system/Debug/Toolbar/Collectors/History.php(106): unlink('/home/crfsp010/...')
#2 /home/crfsp010/public_html/eventos/system/Debug/Toolbar.php(483): CodeIgniter\Debug\Toolbar\Collectors\History->setFiles(1642620932, 20)
#3 /home/crfsp010/public_html/eventos/system/Debug/Toolbar.php(455): CodeIgniter\Debug\Toolbar->format(Array, 'html')
#4 /home/crfsp010/public_html/eventos/app/Config/Events.php(50): CodeIgniter\Debug\Toolbar->respond()
#5 [internal function]: CodeIgniter\Events\Events::Config\{closure}()
#6 /home/crfsp010/public_html/eventos/system/Events/Events.php(188): call_user_func(Object(Closure))
#7 /home/crfsp010/public_html/eventos/system/CodeIgniter.php(293): CodeIgniter\Events\Events::trigger('pre_system')
#8 /home/crfsp010/public_html/eventos/index.php(47): CodeIgniter\CodeIgniter->run()
#9 {main}
CRITICAL - 2022-01-19 16:45:23 --> unlink(/home/crfsp010/public_html/eventos/writable/debugbar/debugbar_1642621359.json): No such file or directory
#0 [internal function]: CodeIgniter\Debug\Exceptions->errorHandler(2, 'unlink(/home/cr...', '/home/crfsp010/...', 106, Array)
#1 /home/crfsp010/public_html/eventos/system/Debug/Toolbar/Collectors/History.php(106): unlink('/home/crfsp010/...')
#2 /home/crfsp010/public_html/eventos/system/Debug/Toolbar.php(483): CodeIgniter\Debug\Toolbar\Collectors\History->setFiles(1642621522, 20)
#3 /home/crfsp010/public_html/eventos/system/Debug/Toolbar.php(455): CodeIgniter\Debug\Toolbar->format(Array, 'html')
#4 /home/crfsp010/public_html/eventos/app/Config/Events.php(50): CodeIgniter\Debug\Toolbar->respond()
#5 [internal function]: CodeIgniter\Events\Events::Config\{closure}()
#6 /home/crfsp010/public_html/eventos/system/Events/Events.php(188): call_user_func(Object(Closure))
#7 /home/crfsp010/public_html/eventos/system/CodeIgniter.php(293): CodeIgniter\Events\Events::trigger('pre_system')
#8 /home/crfsp010/public_html/eventos/index.php(47): CodeIgniter\CodeIgniter->run()
#9 {main}
ERROR - 2022-01-19 16:48:29 --> Email: sendWithSmtp throwed fsockopen(): unable to connect to ssl://cloud.farmaceuticosp.com.br:587 (Connection timed out)
ERROR - 2022-01-19 16:53:54 --> Email: sendWithSmtp throwed fsockopen(): unable to connect to ssl://cloud.farmaceuticosp.com.br:587 (Connection timed out)
ERROR - 2022-01-19 16:58:29 --> Email: sendWithSmtp throwed fsockopen(): unable to connect to ssl://cloud.farmaceuticosp.com.br:587 (Connection timed out)
CRITICAL - 2022-01-19 16:58:43 --> unlink(/home/crfsp010/public_html/eventos/writable/debugbar/debugbar_1642622203.json): No such file or directory
#0 [internal function]: CodeIgniter\Debug\Exceptions->errorHandler(2, 'unlink(/home/cr...', '/home/crfsp010/...', 106, Array)
#1 /home/crfsp010/public_html/eventos/system/Debug/Toolbar/Collectors/History.php(106): unlink('/home/crfsp010/...')
#2 /home/crfsp010/public_html/eventos/system/Debug/Toolbar.php(483): CodeIgniter\Debug\Toolbar\Collectors\History->setFiles(1642622321, 20)
#3 /home/crfsp010/public_html/eventos/system/Debug/Toolbar.php(455): CodeIgniter\Debug\Toolbar->format(Array, 'html')
#4 /home/crfsp010/public_html/eventos/app/Config/Events.php(50): CodeIgniter\Debug\Toolbar->respond()
#5 [internal function]: CodeIgniter\Events\Events::Config\{closure}()
#6 /home/crfsp010/public_html/eventos/system/Events/Events.php(188): call_user_func(Object(Closure))
#7 /home/crfsp010/public_html/eventos/system/CodeIgniter.php(293): CodeIgniter\Events\Events::trigger('pre_system')
#8 /home/crfsp010/public_html/eventos/index.php(47): CodeIgniter\CodeIgniter->run()
#9 {main}
ERROR - 2022-01-19 16:58:57 --> Email: sendWithSmtp throwed fsockopen(): unable to connect to ssl://cloud.farmaceuticosp.com.br:587 (Connection timed out)
ERROR - 2022-01-19 17:00:19 --> Email: sendWithSmtp throwed fsockopen(): unable to connect to ssl://cloud.farmaceuticosp.com.br:587 (Connection timed out)
CRITICAL - 2022-01-19 17:05:43 --> unlink(/home/crfsp010/public_html/eventos/writable/debugbar/debugbar_1642622654.json): No such file or directory
#0 [internal function]: CodeIgniter\Debug\Exceptions->errorHandler(2, 'unlink(/home/cr...', '/home/crfsp010/...', 106, Array)
#1 /home/crfsp010/public_html/eventos/system/Debug/Toolbar/Collectors/History.php(106): unlink('/home/crfsp010/...')
#2 /home/crfsp010/public_html/eventos/system/Debug/Toolbar.php(483): CodeIgniter\Debug\Toolbar\Collectors\History->setFiles(1642622742, 20)
#3 /home/crfsp010/public_html/eventos/system/Debug/Toolbar.php(455): CodeIgniter\Debug\Toolbar->format(Array, 'html')
#4 /home/crfsp010/public_html/eventos/app/Config/Events.php(50): CodeIgniter\Debug\Toolbar->respond()
#5 [internal function]: CodeIgniter\Events\Events::Config\{closure}()
#6 /home/crfsp010/public_html/eventos/system/Events/Events.php(188): call_user_func(Object(Closure))
#7 /home/crfsp010/public_html/eventos/system/CodeIgniter.php(293): CodeIgniter\Events\Events::trigger('pre_system')
#8 /home/crfsp010/public_html/eventos/index.php(47): CodeIgniter\CodeIgniter->run()
#9 {main}
CRITICAL - 2022-01-19 17:07:29 --> unlink(/home/crfsp010/public_html/eventos/writable/debugbar/debugbar_1642622772.json): No such file or directory
#0 [internal function]: CodeIgniter\Debug\Exceptions->errorHandler(2, 'unlink(/home/cr...', '/home/crfsp010/...', 106, Array)
#1 /home/crfsp010/public_html/eventos/system/Debug/Toolbar/Collectors/History.php(106): unlink('/home/crfsp010/...')
#2 /home/crfsp010/public_html/eventos/system/Debug/Toolbar.php(483): CodeIgniter\Debug\Toolbar\Collectors\History->setFiles(1642622848, 20)
#3 /home/crfsp010/public_html/eventos/system/Debug/Toolbar.php(455): CodeIgniter\Debug\Toolbar->format(Array, 'html')
#4 /home/crfsp010/public_html/eventos/app/Config/Events.php(50): CodeIgniter\Debug\Toolbar->respond()
#5 [internal function]: CodeIgniter\Events\Events::Config\{closure}()
#6 /home/crfsp010/public_html/eventos/system/Events/Events.php(188): call_user_func(Object(Closure))
#7 /home/crfsp010/public_html/eventos/system/CodeIgniter.php(293): CodeIgniter\Events\Events::trigger('pre_system')
#8 /home/crfsp010/public_html/eventos/index.php(47): CodeIgniter\CodeIgniter->run()
#9 {main}
CRITICAL - 2022-01-19 17:08:04 --> unlink(/home/crfsp010/public_html/eventos/writable/debugbar/debugbar_1642622805.json): No such file or directory
#0 [internal function]: CodeIgniter\Debug\Exceptions->errorHandler(2, 'unlink(/home/cr...', '/home/crfsp010/...', 106, Array)
#1 /home/crfsp010/public_html/eventos/system/Debug/Toolbar/Collectors/History.php(106): unlink('/home/crfsp010/...')
#2 /home/crfsp010/public_html/eventos/system/Debug/Toolbar.php(483): CodeIgniter\Debug\Toolbar\Collectors\History->setFiles(1642622881, 20)
#3 /home/crfsp010/public_html/eventos/system/Debug/Toolbar.php(455): CodeIgniter\Debug\Toolbar->format(Array, 'html')
#4 /home/crfsp010/public_html/eventos/app/Config/Events.php(50): CodeIgniter\Debug\Toolbar->respond()
#5 [internal function]: CodeIgniter\Events\Events::Config\{closure}()
#6 /home/crfsp010/public_html/eventos/system/Events/Events.php(188): call_user_func(Object(Closure))
#7 /home/crfsp010/public_html/eventos/system/CodeIgniter.php(293): CodeIgniter\Events\Events::trigger('pre_system')
#8 /home/crfsp010/public_html/eventos/index.php(47): CodeIgniter\CodeIgniter->run()
#9 {main}
CRITICAL - 2022-01-19 17:12:41 --> Undefined variable: totalTime
#0 /home/crfsp010/public_html/eventos/system/Debug/Toolbar/Views/toolbar.tpl.php(56): CodeIgniter\Debug\Exceptions->errorHandler(8, 'Undefined varia...', '/home/crfsp010/...', 56, Array)
#1 /home/crfsp010/public_html/eventos/system/Debug/Toolbar.php(498): include('/home/crfsp010/...')
#2 /home/crfsp010/public_html/eventos/system/Debug/Toolbar.php(455): CodeIgniter\Debug\Toolbar->format(Array, 'html')
#3 /home/crfsp010/public_html/eventos/app/Config/Events.php(50): CodeIgniter\Debug\Toolbar->respond()
#4 [internal function]: CodeIgniter\Events\Events::Config\{closure}()
#5 /home/crfsp010/public_html/eventos/system/Events/Events.php(188): call_user_func(Object(Closure))
#6 /home/crfsp010/public_html/eventos/system/CodeIgniter.php(293): CodeIgniter\Events\Events::trigger('pre_system')
#7 /home/crfsp010/public_html/eventos/index.php(47): CodeIgniter\CodeIgniter->run()
#8 {main}
CRITICAL - 2022-01-19 17:12:47 --> Undefined variable: totalTime
#0 /home/crfsp010/public_html/eventos/system/Debug/Toolbar/Views/toolbar.tpl.php(56): CodeIgniter\Debug\Exceptions->errorHandler(8, 'Undefined varia...', '/home/crfsp010/...', 56, Array)
#1 /home/crfsp010/public_html/eventos/system/Debug/Toolbar.php(498): include('/home/crfsp010/...')
#2 /home/crfsp010/public_html/eventos/system/Debug/Toolbar.php(455): CodeIgniter\Debug\Toolbar->format(Array, 'html')
#3 /home/crfsp010/public_html/eventos/app/Config/Events.php(50): CodeIgniter\Debug\Toolbar->respond()
#4 [internal function]: CodeIgniter\Events\Events::Config\{closure}()
#5 /home/crfsp010/public_html/eventos/system/Events/Events.php(188): call_user_func(Object(Closure))
#6 /home/crfsp010/public_html/eventos/system/CodeIgniter.php(293): CodeIgniter\Events\Events::trigger('pre_system')
#7 /home/crfsp010/public_html/eventos/index.php(47): CodeIgniter\CodeIgniter->run()
#8 {main}
CRITICAL - 2022-01-19 17:12:48 --> Undefined variable: totalTime
#0 /home/crfsp010/public_html/eventos/system/Debug/Toolbar/Views/toolbar.tpl.php(56): CodeIgniter\Debug\Exceptions->errorHandler(8, 'Undefined varia...', '/home/crfsp010/...', 56, Array)
#1 /home/crfsp010/public_html/eventos/system/Debug/Toolbar.php(498): include('/home/crfsp010/...')
#2 /home/crfsp010/public_html/eventos/system/Debug/Toolbar.php(455): CodeIgniter\Debug\Toolbar->format(Array, 'html')
#3 /home/crfsp010/public_html/eventos/app/Config/Events.php(50): CodeIgniter\Debug\Toolbar->respond()
#4 [internal function]: CodeIgniter\Events\Events::Config\{closure}()
#5 /home/crfsp010/public_html/eventos/system/Events/Events.php(188): call_user_func(Object(Closure))
#6 /home/crfsp010/public_html/eventos/system/CodeIgniter.php(293): CodeIgniter\Events\Events::trigger('pre_system')
#7 /home/crfsp010/public_html/eventos/index.php(47): CodeIgniter\CodeIgniter->run()
#8 {main}
CRITICAL - 2022-01-19 17:20:48 --> unlink(/home/crfsp010/public_html/eventos/writable/debugbar/debugbar_1642623568.json): No such file or directory
#0 [internal function]: CodeIgniter\Debug\Exceptions->errorHandler(2, 'unlink(/home/cr...', '/home/crfsp010/...', 106, Array)
#1 /home/crfsp010/public_html/eventos/system/Debug/Toolbar/Collectors/History.php(106): unlink('/home/crfsp010/...')
#2 /home/crfsp010/public_html/eventos/system/Debug/Toolbar.php(483): CodeIgniter\Debug\Toolbar\Collectors\History->setFiles(1642623647, 20)
#3 /home/crfsp010/public_html/eventos/system/Debug/Toolbar.php(455): CodeIgniter\Debug\Toolbar->format(Array, 'html')
#4 /home/crfsp010/public_html/eventos/app/Config/Events.php(50): CodeIgniter\Debug\Toolbar->respond()
#5 [internal function]: CodeIgniter\Events\Events::Config\{closure}()
#6 /home/crfsp010/public_html/eventos/system/Events/Events.php(188): call_user_func(Object(Closure))
#7 /home/crfsp010/public_html/eventos/system/CodeIgniter.php(293): CodeIgniter\Events\Events::trigger('pre_system')
#8 /home/crfsp010/public_html/eventos/index.php(47): CodeIgniter\CodeIgniter->run()
#9 {main}
CRITICAL - 2022-01-19 17:20:51 --> unlink(/home/crfsp010/public_html/eventos/writable/debugbar/debugbar_1642623579.json): No such file or directory
#0 [internal function]: CodeIgniter\Debug\Exceptions->errorHandler(2, 'unlink(/home/cr...', '/home/crfsp010/...', 106, Array)
#1 /home/crfsp010/public_html/eventos/system/Debug/Toolbar/Collectors/History.php(106): unlink('/home/crfsp010/...')
#2 /home/crfsp010/public_html/eventos/system/Debug/Toolbar.php(483): CodeIgniter\Debug\Toolbar\Collectors\History->setFiles(1642623650, 20)
#3 /home/crfsp010/public_html/eventos/system/Debug/Toolbar.php(455): CodeIgniter\Debug\Toolbar->format(Array, 'html')
#4 /home/crfsp010/public_html/eventos/app/Config/Events.php(50): CodeIgniter\Debug\Toolbar->respond()
#5 [internal function]: CodeIgniter\Events\Events::Config\{closure}()
#6 /home/crfsp010/public_html/eventos/system/Events/Events.php(188): call_user_func(Object(Closure))
#7 /home/crfsp010/public_html/eventos/system/CodeIgniter.php(293): CodeIgniter\Events\Events::trigger('pre_system')
#8 /home/crfsp010/public_html/eventos/index.php(47): CodeIgniter\CodeIgniter->run()
#9 {main}
CRITICAL - 2022-01-19 17:21:31 --> unlink(/home/crfsp010/public_html/eventos/writable/debugbar/debugbar_1642623631.json): No such file or directory
#0 [internal function]: CodeIgniter\Debug\Exceptions->errorHandler(2, 'unlink(/home/cr...', '/home/crfsp010/...', 106, Array)
#1 /home/crfsp010/public_html/eventos/system/Debug/Toolbar/Collectors/History.php(106): unlink('/home/crfsp010/...')
#2 /home/crfsp010/public_html/eventos/system/Debug/Toolbar.php(483): CodeIgniter\Debug\Toolbar\Collectors\History->setFiles(1642623689, 20)
#3 /home/crfsp010/public_html/eventos/system/Debug/Toolbar.php(455): CodeIgniter\Debug\Toolbar->format(Array, 'html')
#4 /home/crfsp010/public_html/eventos/app/Config/Events.php(50): CodeIgniter\Debug\Toolbar->respond()
#5 [internal function]: CodeIgniter\Events\Events::Config\{closure}()
#6 /home/crfsp010/public_html/eventos/system/Events/Events.php(188): call_user_func(Object(Closure))
#7 /home/crfsp010/public_html/eventos/system/CodeIgniter.php(293): CodeIgniter\Events\Events::trigger('pre_system')
#8 /home/crfsp010/public_html/eventos/index.php(47): CodeIgniter\CodeIgniter->run()
#9 {main}
CRITICAL - 2022-01-19 17:24:12 --> unlink(/home/crfsp010/public_html/eventos/writable/debugbar/debugbar_1642623735.json): No such file or directory
#0 [internal function]: CodeIgniter\Debug\Exceptions->errorHandler(2, 'unlink(/home/cr...', '/home/crfsp010/...', 106, Array)
#1 /home/crfsp010/public_html/eventos/system/Debug/Toolbar/Collectors/History.php(106): unlink('/home/crfsp010/...')
#2 /home/crfsp010/public_html/eventos/system/Debug/Toolbar.php(483): CodeIgniter\Debug\Toolbar\Collectors\History->setFiles(1642623851, 20)
#3 /home/crfsp010/public_html/eventos/system/Debug/Toolbar.php(455): CodeIgniter\Debug\Toolbar->format(Array, 'html')
#4 /home/crfsp010/public_html/eventos/app/Config/Events.php(50): CodeIgniter\Debug\Toolbar->respond()
#5 [internal function]: CodeIgniter\Events\Events::Config\{closure}()
#6 /home/crfsp010/public_html/eventos/system/Events/Events.php(188): call_user_func(Object(Closure))
#7 /home/crfsp010/public_html/eventos/system/CodeIgniter.php(293): CodeIgniter\Events\Events::trigger('pre_system')
#8 /home/crfsp010/public_html/eventos/index.php(47): CodeIgniter\CodeIgniter->run()
#9 {main}
CRITICAL - 2022-01-19 17:28:01 --> unlink(/home/crfsp010/public_html/eventos/writable/debugbar/debugbar_1642624014.json): No such file or directory
#0 [internal function]: CodeIgniter\Debug\Exceptions->errorHandler(2, 'unlink(/home/cr...', '/home/crfsp010/...', 106, Array)
#1 /home/crfsp010/public_html/eventos/system/Debug/Toolbar/Collectors/History.php(106): unlink('/home/crfsp010/...')
#2 /home/crfsp010/public_html/eventos/system/Debug/Toolbar.php(483): CodeIgniter\Debug\Toolbar\Collectors\History->setFiles(1642624081, 20)
#3 /home/crfsp010/public_html/eventos/system/Debug/Toolbar.php(455): CodeIgniter\Debug\Toolbar->format(Array, 'html')
#4 /home/crfsp010/public_html/eventos/app/Config/Events.php(50): CodeIgniter\Debug\Toolbar->respond()
#5 [internal function]: CodeIgniter\Events\Events::Config\{closure}()
#6 /home/crfsp010/public_html/eventos/system/Events/Events.php(188): call_user_func(Object(Closure))
#7 /home/crfsp010/public_html/eventos/system/CodeIgniter.php(293): CodeIgniter\Events\Events::trigger('pre_system')
#8 /home/crfsp010/public_html/eventos/index.php(47): CodeIgniter\CodeIgniter->run()
#9 {main}
CRITICAL - 2022-01-19 17:35:24 --> unlink(/home/crfsp010/public_html/eventos/writable/debugbar/debugbar_1642624455.json): No such file or directory
#0 [internal function]: CodeIgniter\Debug\Exceptions->errorHandler(2, 'unlink(/home/cr...', '/home/crfsp010/...', 106, Array)
#1 /home/crfsp010/public_html/eventos/system/Debug/Toolbar/Collectors/History.php(106): unlink('/home/crfsp010/...')
#2 /home/crfsp010/public_html/eventos/system/Debug/Toolbar.php(483): CodeIgniter\Debug\Toolbar\Collectors\History->setFiles(1642624523, 20)
#3 /home/crfsp010/public_html/eventos/system/Debug/Toolbar.php(455): CodeIgniter\Debug\Toolbar->format(Array, 'html')
#4 /home/crfsp010/public_html/eventos/app/Config/Events.php(50): CodeIgniter\Debug\Toolbar->respond()
#5 [internal function]: CodeIgniter\Events\Events::Config\{closure}()
#6 /home/crfsp010/public_html/eventos/system/Events/Events.php(188): call_user_func(Object(Closure))
#7 /home/crfsp010/public_html/eventos/system/CodeIgniter.php(293): CodeIgniter\Events\Events::trigger('pre_system')
#8 /home/crfsp010/public_html/eventos/index.php(47): CodeIgniter\CodeIgniter->run()
#9 {main}
CRITICAL - 2022-01-19 17:37:05 --> unlink(/home/crfsp010/public_html/eventos/writable/debugbar/debugbar_1642624554.json): No such file or directory
#0 [internal function]: CodeIgniter\Debug\Exceptions->errorHandler(2, 'unlink(/home/cr...', '/home/crfsp010/...', 106, Array)
#1 /home/crfsp010/public_html/eventos/system/Debug/Toolbar/Collectors/History.php(106): unlink('/home/crfsp010/...')
#2 /home/crfsp010/public_html/eventos/system/Debug/Toolbar.php(483): CodeIgniter\Debug\Toolbar\Collectors\History->setFiles(1642624624, 20)
#3 /home/crfsp010/public_html/eventos/system/Debug/Toolbar.php(455): CodeIgniter\Debug\Toolbar->format(Array, 'html')
#4 /home/crfsp010/public_html/eventos/app/Config/Events.php(50): CodeIgniter\Debug\Toolbar->respond()
#5 [internal function]: CodeIgniter\Events\Events::Config\{closure}()
#6 /home/crfsp010/public_html/eventos/system/Events/Events.php(188): call_user_func(Object(Closure))
#7 /home/crfsp010/public_html/eventos/system/CodeIgniter.php(293): CodeIgniter\Events\Events::trigger('pre_system')
#8 /home/crfsp010/public_html/eventos/index.php(47): CodeIgniter\CodeIgniter->run()
#9 {main}
ERROR - 2022-01-19 17:41:29 --> Email: sendWithSmtp throwed fsockopen(): unable to connect to ssl://cloud.farmaceuticosp.com.br:587 (Connection timed out)
ERROR - 2022-01-19 17:41:37 --> Email: sendWithSmtp throwed fsockopen(): unable to connect to ssl://cloud.farmaceuticosp.com.br:587 (Connection timed out)
ERROR - 2022-01-19 17:41:38 --> Email: sendWithSmtp throwed fsockopen(): unable to connect to ssl://cloud.farmaceuticosp.com.br:587 (Connection timed out)
CRITICAL - 2022-01-19 17:44:56 --> unlink(/home/crfsp010/public_html/eventos/writable/debugbar/debugbar_1642624935.json): No such file or directory
#0 [internal function]: CodeIgniter\Debug\Exceptions->errorHandler(2, 'unlink(/home/cr...', '/home/crfsp010/...', 106, Array)
#1 /home/crfsp010/public_html/eventos/system/Debug/Toolbar/Collectors/History.php(106): unlink('/home/crfsp010/...')
#2 /home/crfsp010/public_html/eventos/system/Debug/Toolbar.php(483): CodeIgniter\Debug\Toolbar\Collectors\History->setFiles(1642625095, 20)
#3 /home/crfsp010/public_html/eventos/system/Debug/Toolbar.php(455): CodeIgniter\Debug\Toolbar->format(Array, 'html')
#4 /home/crfsp010/public_html/eventos/app/Config/Events.php(50): CodeIgniter\Debug\Toolbar->respond()
#5 [internal function]: CodeIgniter\Events\Events::Config\{closure}()
#6 /home/crfsp010/public_html/eventos/system/Events/Events.php(188): call_user_func(Object(Closure))
#7 /home/crfsp010/public_html/eventos/system/CodeIgniter.php(293): CodeIgniter\Events\Events::trigger('pre_system')
#8 /home/crfsp010/public_html/eventos/index.php(47): CodeIgniter\CodeIgniter->run()
#9 {main}
ERROR - 2022-01-19 17:45:30 --> Email: sendWithSmtp throwed fsockopen(): unable to connect to ssl://cloud.farmaceuticosp.com.br:587 (Connection timed out)
ERROR - 2022-01-19 17:45:32 --> Email: sendWithSmtp throwed fsockopen(): unable to connect to ssl://cloud.farmaceuticosp.com.br:587 (Connection timed out)
ERROR - 2022-01-19 17:45:33 --> Email: sendWithSmtp throwed fsockopen(): unable to connect to ssl://cloud.farmaceuticosp.com.br:587 (Connection timed out)
ERROR - 2022-01-19 17:45:42 --> Email: sendWithSmtp throwed fsockopen(): unable to connect to ssl://cloud.farmaceuticosp.com.br:587 (Connection timed out)
ERROR - 2022-01-19 17:45:45 --> Email: sendWithSmtp throwed fsockopen(): unable to connect to ssl://cloud.farmaceuticosp.com.br:587 (Connection timed out)
ERROR - 2022-01-19 17:45:46 --> Email: sendWithSmtp throwed fsockopen(): unable to connect to ssl://cloud.farmaceuticosp.com.br:587 (Connection timed out)
ERROR - 2022-01-19 17:45:47 --> Email: sendWithSmtp throwed fsockopen(): unable to connect to ssl://cloud.farmaceuticosp.com.br:587 (Connection timed out)
ERROR - 2022-01-19 17:45:48 --> Email: sendWithSmtp throwed fsockopen(): unable to connect to ssl://cloud.farmaceuticosp.com.br:587 (Connection timed out)
ERROR - 2022-01-19 17:45:48 --> Email: sendWithSmtp throwed fsockopen(): unable to connect to ssl://cloud.farmaceuticosp.com.br:587 (Connection timed out)
ERROR - 2022-01-19 17:45:49 --> Email: sendWithSmtp throwed fsockopen(): unable to connect to ssl://cloud.farmaceuticosp.com.br:587 (Connection timed out)
ERROR - 2022-01-19 17:45:49 --> Email: sendWithSmtp throwed fsockopen(): unable to connect to ssl://cloud.farmaceuticosp.com.br:587 (Connection timed out)
ERROR - 2022-01-19 17:45:49 --> Email: sendWithSmtp throwed fsockopen(): unable to connect to ssl://cloud.farmaceuticosp.com.br:587 (Connection timed out)
CRITICAL - 2022-01-19 17:54:34 --> unlink(/home/crfsp010/public_html/eventos/writable/debugbar/debugbar_1642625558.json): No such file or directory
#0 [internal function]: CodeIgniter\Debug\Exceptions->errorHandler(2, 'unlink(/home/cr...', '/home/crfsp010/...', 106, Array)
#1 /home/crfsp010/public_html/eventos/system/Debug/Toolbar/Collectors/History.php(106): unlink('/home/crfsp010/...')
#2 /home/crfsp010/public_html/eventos/system/Debug/Toolbar.php(483): CodeIgniter\Debug\Toolbar\Collectors\History->setFiles(1642625673, 20)
#3 /home/crfsp010/public_html/eventos/system/Debug/Toolbar.php(455): CodeIgniter\Debug\Toolbar->format(Array, 'html')
#4 /home/crfsp010/public_html/eventos/app/Config/Events.php(50): CodeIgniter\Debug\Toolbar->respond()
#5 [internal function]: CodeIgniter\Events\Events::Config\{closure}()
#6 /home/crfsp010/public_html/eventos/system/Events/Events.php(188): call_user_func(Object(Closure))
#7 /home/crfsp010/public_html/eventos/system/CodeIgniter.php(293): CodeIgniter\Events\Events::trigger('pre_system')
#8 /home/crfsp010/public_html/eventos/index.php(47): CodeIgniter\CodeIgniter->run()
#9 {main}
CRITICAL - 2022-01-19 18:05:20 --> unlink(/home/crfsp010/public_html/eventos/writable/debugbar/debugbar_1642626171.json): No such file or directory
#0 [internal function]: CodeIgniter\Debug\Exceptions->errorHandler(2, 'unlink(/home/cr...', '/home/crfsp010/...', 106, Array)
#1 /home/crfsp010/public_html/eventos/system/Debug/Toolbar/Collectors/History.php(106): unlink('/home/crfsp010/...')
#2 /home/crfsp010/public_html/eventos/system/Debug/Toolbar.php(483): CodeIgniter\Debug\Toolbar\Collectors\History->setFiles(1642626318, 20)
#3 /home/crfsp010/public_html/eventos/system/Debug/Toolbar.php(455): CodeIgniter\Debug\Toolbar->format(Array, 'html')
#4 /home/crfsp010/public_html/eventos/app/Config/Events.php(50): CodeIgniter\Debug\Toolbar->respond()
#5 [internal function]: CodeIgniter\Events\Events::Config\{closure}()
#6 /home/crfsp010/public_html/eventos/system/Events/Events.php(188): call_user_func(Object(Closure))
#7 /home/crfsp010/public_html/eventos/system/CodeIgniter.php(293): CodeIgniter\Events\Events::trigger('pre_system')
#8 /home/crfsp010/public_html/eventos/index.php(47): CodeIgniter\CodeIgniter->run()
#9 {main}
CRITICAL - 2022-01-19 18:19:05 --> unlink(/home/crfsp010/public_html/eventos/writable/debugbar/debugbar_1642626918.json): No such file or directory
#0 [internal function]: CodeIgniter\Debug\Exceptions->errorHandler(2, 'unlink(/home/cr...', '/home/crfsp010/...', 106, Array)
#1 /home/crfsp010/public_html/eventos/system/Debug/Toolbar/Collectors/History.php(106): unlink('/home/crfsp010/...')
#2 /home/crfsp010/public_html/eventos/system/Debug/Toolbar.php(483): CodeIgniter\Debug\Toolbar\Collectors\History->setFiles(1642627144, 20)
#3 /home/crfsp010/public_html/eventos/system/Debug/Toolbar.php(455): CodeIgniter\Debug\Toolbar->format(Array, 'html')
#4 /home/crfsp010/public_html/eventos/app/Config/Events.php(50): CodeIgniter\Debug\Toolbar->respond()
#5 [internal function]: CodeIgniter\Events\Events::Config\{closure}()
#6 /home/crfsp010/public_html/eventos/system/Events/Events.php(188): call_user_func(Object(Closure))
#7 /home/crfsp010/public_html/eventos/system/CodeIgniter.php(293): CodeIgniter\Events\Events::trigger('pre_system')
#8 /home/crfsp010/public_html/eventos/index.php(47): CodeIgniter\CodeIgniter->run()
#9 {main}
CRITICAL - 2022-01-19 18:31:36 --> unlink(/home/crfsp010/public_html/eventos/writable/debugbar/debugbar_1642627745.json): No such file or directory
#0 [internal function]: CodeIgniter\Debug\Exceptions->errorHandler(2, 'unlink(/home/cr...', '/home/crfsp010/...', 106, Array)
#1 /home/crfsp010/public_html/eventos/system/Debug/Toolbar/Collectors/History.php(106): unlink('/home/crfsp010/...')
#2 /home/crfsp010/public_html/eventos/system/Debug/Toolbar.php(483): CodeIgniter\Debug\Toolbar\Collectors\History->setFiles(1642627895, 20)
#3 /home/crfsp010/public_html/eventos/system/Debug/Toolbar.php(455): CodeIgniter\Debug\Toolbar->format(Array, 'html')
#4 /home/crfsp010/public_html/eventos/app/Config/Events.php(50): CodeIgniter\Debug\Toolbar->respond()
#5 [internal function]: CodeIgniter\Events\Events::Config\{closure}()
#6 /home/crfsp010/public_html/eventos/system/Events/Events.php(188): call_user_func(Object(Closure))
#7 /home/crfsp010/public_html/eventos/system/CodeIgniter.php(293): CodeIgniter\Events\Events::trigger('pre_system')
#8 /home/crfsp010/public_html/eventos/index.php(47): CodeIgniter\CodeIgniter->run()
#9 {main}
CRITICAL - 2022-01-19 18:32:53 --> unlink(/home/crfsp010/public_html/eventos/writable/debugbar/debugbar_1642627837.json): No such file or directory
#0 [internal function]: CodeIgniter\Debug\Exceptions->errorHandler(2, 'unlink(/home/cr...', '/home/crfsp010/...', 106, Array)
#1 /home/crfsp010/public_html/eventos/system/Debug/Toolbar/Collectors/History.php(106): unlink('/home/crfsp010/...')
#2 /home/crfsp010/public_html/eventos/system/Debug/Toolbar.php(483): CodeIgniter\Debug\Toolbar\Collectors\History->setFiles(1642627972, 20)
#3 /home/crfsp010/public_html/eventos/system/Debug/Toolbar.php(455): CodeIgniter\Debug\Toolbar->format(Array, 'html')
#4 /home/crfsp010/public_html/eventos/app/Config/Events.php(50): CodeIgniter\Debug\Toolbar->respond()
#5 [internal function]: CodeIgniter\Events\Events::Config\{closure}()
#6 /home/crfsp010/public_html/eventos/system/Events/Events.php(188): call_user_func(Object(Closure))
#7 /home/crfsp010/public_html/eventos/system/CodeIgniter.php(293): CodeIgniter\Events\Events::trigger('pre_system')
#8 /home/crfsp010/public_html/eventos/index.php(47): CodeIgniter\CodeIgniter->run()
#9 {main}
CRITICAL - 2022-01-19 18:34:09 --> unlink(/home/crfsp010/public_html/eventos/writable/debugbar/debugbar_1642627957.json): No such file or directory
#0 [internal function]: CodeIgniter\Debug\Exceptions->errorHandler(2, 'unlink(/home/cr...', '/home/crfsp010/...', 106, Array)
#1 /home/crfsp010/public_html/eventos/system/Debug/Toolbar/Collectors/History.php(106): unlink('/home/crfsp010/...')
#2 /home/crfsp010/public_html/eventos/system/Debug/Toolbar.php(483): CodeIgniter\Debug\Toolbar\Collectors\History->setFiles(1642628049, 20)
#3 /home/crfsp010/public_html/eventos/system/Debug/Toolbar.php(455): CodeIgniter\Debug\Toolbar->format(Array, 'html')
#4 /home/crfsp010/public_html/eventos/app/Config/Events.php(50): CodeIgniter\Debug\Toolbar->respond()
#5 [internal function]: CodeIgniter\Events\Events::Config\{closure}()
#6 /home/crfsp010/public_html/eventos/system/Events/Events.php(188): call_user_func(Object(Closure))
#7 /home/crfsp010/public_html/eventos/system/CodeIgniter.php(293): CodeIgniter\Events\Events::trigger('pre_system')
#8 /home/crfsp010/public_html/eventos/index.php(47): CodeIgniter\CodeIgniter->run()
#9 {main}
CRITICAL - 2022-01-19 18:36:20 --> unlink(/home/crfsp010/public_html/eventos/writable/debugbar/debugbar_1642628079.json): No such file or directory
#0 [internal function]: CodeIgniter\Debug\Exceptions->errorHandler(2, 'unlink(/home/cr...', '/home/crfsp010/...', 106, Array)
#1 /home/crfsp010/public_html/eventos/system/Debug/Toolbar/Collectors/History.php(106): unlink('/home/crfsp010/...')
#2 /home/crfsp010/public_html/eventos/system/Debug/Toolbar.php(483): CodeIgniter\Debug\Toolbar\Collectors\History->setFiles(1642628177, 20)
#3 /home/crfsp010/public_html/eventos/system/Debug/Toolbar.php(455): CodeIgniter\Debug\Toolbar->format(Array, 'html')
#4 /home/crfsp010/public_html/eventos/app/Config/Events.php(50): CodeIgniter\Debug\Toolbar->respond()
#5 [internal function]: CodeIgniter\Events\Events::Config\{closure}()
#6 /home/crfsp010/public_html/eventos/system/Events/Events.php(188): call_user_func(Object(Closure))
#7 /home/crfsp010/public_html/eventos/system/CodeIgniter.php(293): CodeIgniter\Events\Events::trigger('pre_system')
#8 /home/crfsp010/public_html/eventos/index.php(47): CodeIgniter\CodeIgniter->run()
#9 {main}
CRITICAL - 2022-01-19 18:44:35 --> unlink(/home/crfsp010/public_html/eventos/writable/debugbar/debugbar_1642628390.json): No such file or directory
#0 [internal function]: CodeIgniter\Debug\Exceptions->errorHandler(2, 'unlink(/home/cr...', '/home/crfsp010/...', 106, Array)
#1 /home/crfsp010/public_html/eventos/system/Debug/Toolbar/Collectors/History.php(106): unlink('/home/crfsp010/...')
#2 /home/crfsp010/public_html/eventos/system/Debug/Toolbar.php(483): CodeIgniter\Debug\Toolbar\Collectors\History->setFiles(1642628674, 20)
#3 /home/crfsp010/public_html/eventos/system/Debug/Toolbar.php(455): CodeIgniter\Debug\Toolbar->format(Array, 'html')
#4 /home/crfsp010/public_html/eventos/app/Config/Events.php(50): CodeIgniter\Debug\Toolbar->respond()
#5 [internal function]: CodeIgniter\Events\Events::Config\{closure}()
#6 /home/crfsp010/public_html/eventos/system/Events/Events.php(188): call_user_func(Object(Closure))
#7 /home/crfsp010/public_html/eventos/system/CodeIgniter.php(293): CodeIgniter\Events\Events::trigger('pre_system')
#8 /home/crfsp010/public_html/eventos/index.php(47): CodeIgniter\CodeIgniter->run()
#9 {main}
ERROR - 2022-01-19 18:47:05 --> Email: sendWithSmtp throwed fsockopen(): unable to connect to ssl://cloud.farmaceuticosp.com.br:587 (Connection timed out)
ERROR - 2022-01-19 18:47:07 --> Email: sendWithSmtp throwed fsockopen(): unable to connect to ssl://cloud.farmaceuticosp.com.br:587 (Connection timed out)
ERROR - 2022-01-19 18:47:08 --> Email: sendWithSmtp throwed fsockopen(): unable to connect to ssl://cloud.farmaceuticosp.com.br:587 (Connection timed out)
ERROR - 2022-01-19 18:47:08 --> Email: sendWithSmtp throwed fsockopen(): unable to connect to ssl://cloud.farmaceuticosp.com.br:587 (Connection timed out)
ERROR - 2022-01-19 18:47:08 --> Email: sendWithSmtp throwed fsockopen(): unable to connect to ssl://cloud.farmaceuticosp.com.br:587 (Connection timed out)
ERROR - 2022-01-19 18:47:08 --> Email: sendWithSmtp throwed fsockopen(): unable to connect to ssl://cloud.farmaceuticosp.com.br:587 (Connection timed out)
ERROR - 2022-01-19 18:47:16 --> Email: sendWithSmtp throwed fsockopen(): unable to connect to ssl://cloud.farmaceuticosp.com.br:587 (Connection timed out)
ERROR - 2022-01-19 18:47:28 --> Email: sendWithSmtp throwed fsockopen(): unable to connect to ssl://cloud.farmaceuticosp.com.br:587 (Connection timed out)
ERROR - 2022-01-19 19:02:23 --> Email: sendWithSmtp throwed fsockopen(): unable to connect to ssl://cloud.farmaceuticosp.com.br:587 (Connection timed out)
ERROR - 2022-01-19 19:02:25 --> Email: sendWithSmtp throwed fsockopen(): unable to connect to ssl://cloud.farmaceuticosp.com.br:587 (Connection timed out)
ERROR - 2022-01-19 19:02:26 --> Email: sendWithSmtp throwed fsockopen(): unable to connect to ssl://cloud.farmaceuticosp.com.br:587 (Connection timed out)
ERROR - 2022-01-19 19:02:26 --> Email: sendWithSmtp throwed fsockopen(): unable to connect to ssl://cloud.farmaceuticosp.com.br:587 (Connection timed out)
ERROR - 2022-01-19 19:02:26 --> Email: sendWithSmtp throwed fsockopen(): unable to connect to ssl://cloud.farmaceuticosp.com.br:587 (Connection timed out)
ERROR - 2022-01-19 19:02:26 --> Email: sendWithSmtp throwed fsockopen(): unable to connect to ssl://cloud.farmaceuticosp.com.br:587 (Connection timed out)
CRITICAL - 2022-01-19 19:06:34 --> unlink(/home/crfsp010/public_html/eventos/writable/debugbar/debugbar_1642629866.json): No such file or directory
#0 [internal function]: CodeIgniter\Debug\Exceptions->errorHandler(2, 'unlink(/home/cr...', '/home/crfsp010/...', 106, Array)
#1 /home/crfsp010/public_html/eventos/system/Debug/Toolbar/Collectors/History.php(106): unlink('/home/crfsp010/...')
#2 /home/crfsp010/public_html/eventos/system/Debug/Toolbar.php(483): CodeIgniter\Debug\Toolbar\Collectors\History->setFiles(1642629994, 20)
#3 /home/crfsp010/public_html/eventos/system/Debug/Toolbar.php(455): CodeIgniter\Debug\Toolbar->format(Array, 'html')
#4 /home/crfsp010/public_html/eventos/app/Config/Events.php(50): CodeIgniter\Debug\Toolbar->respond()
#5 [internal function]: CodeIgniter\Events\Events::Config\{closure}()
#6 /home/crfsp010/public_html/eventos/system/Events/Events.php(188): call_user_func(Object(Closure))
#7 /home/crfsp010/public_html/eventos/system/CodeIgniter.php(293): CodeIgniter\Events\Events::trigger('pre_system')
#8 /home/crfsp010/public_html/eventos/index.php(47): CodeIgniter\CodeIgniter->run()
#9 {main}
CRITICAL - 2022-01-19 19:54:30 --> unlink(/home/crfsp010/public_html/eventos/writable/debugbar/debugbar_1642632672.json): No such file or directory
#0 [internal function]: CodeIgniter\Debug\Exceptions->errorHandler(2, 'unlink(/home/cr...', '/home/crfsp010/...', 106, Array)
#1 /home/crfsp010/public_html/eventos/system/Debug/Toolbar/Collectors/History.php(106): unlink('/home/crfsp010/...')
#2 /home/crfsp010/public_html/eventos/system/Debug/Toolbar.php(483): CodeIgniter\Debug\Toolbar\Collectors\History->setFiles(1642632870, 20)
#3 /home/crfsp010/public_html/eventos/system/Debug/Toolbar.php(455): CodeIgniter\Debug\Toolbar->format(Array, 'html')
#4 /home/crfsp010/public_html/eventos/app/Config/Events.php(50): CodeIgniter\Debug\Toolbar->respond()
#5 [internal function]: CodeIgniter\Events\Events::Config\{closure}()
#6 /home/crfsp010/public_html/eventos/system/Events/Events.php(188): call_user_func(Object(Closure))
#7 /home/crfsp010/public_html/eventos/system/CodeIgniter.php(293): CodeIgniter\Events\Events::trigger('pre_system')
#8 /home/crfsp010/public_html/eventos/index.php(47): CodeIgniter\CodeIgniter->run()
#9 {main}
CRITICAL - 2022-01-19 20:13:24 --> unlink(/home/crfsp010/public_html/eventos/writable/debugbar/debugbar_1642633879.json): No such file or directory
#0 [internal function]: CodeIgniter\Debug\Exceptions->errorHandler(2, 'unlink(/home/cr...', '/home/crfsp010/...', 106, Array)
#1 /home/crfsp010/public_html/eventos/system/Debug/Toolbar/Collectors/History.php(106): unlink('/home/crfsp010/...')
#2 /home/crfsp010/public_html/eventos/system/Debug/Toolbar.php(483): CodeIgniter\Debug\Toolbar\Collectors\History->setFiles(1642634003, 20)
#3 /home/crfsp010/public_html/eventos/system/Debug/Toolbar.php(455): CodeIgniter\Debug\Toolbar->format(Array, 'html')
#4 /home/crfsp010/public_html/eventos/app/Config/Events.php(50): CodeIgniter\Debug\Toolbar->respond()
#5 [internal function]: CodeIgniter\Events\Events::Config\{closure}()
#6 /home/crfsp010/public_html/eventos/system/Events/Events.php(188): call_user_func(Object(Closure))
#7 /home/crfsp010/public_html/eventos/system/CodeIgniter.php(293): CodeIgniter\Events\Events::trigger('pre_system')
#8 /home/crfsp010/public_html/eventos/index.php(47): CodeIgniter\CodeIgniter->run()
#9 {main}
CRITICAL - 2022-01-19 21:38:28 --> unlink(/home/crfsp010/public_html/eventos/writable/debugbar/debugbar_1642638932.json): No such file or directory
#0 [internal function]: CodeIgniter\Debug\Exceptions->errorHandler(2, 'unlink(/home/cr...', '/home/crfsp010/...', 106, Array)
#1 /home/crfsp010/public_html/eventos/system/Debug/Toolbar/Collectors/History.php(106): unlink('/home/crfsp010/...')
#2 /home/crfsp010/public_html/eventos/system/Debug/Toolbar.php(483): CodeIgniter\Debug\Toolbar\Collectors\History->setFiles(1642639108, 20)
#3 /home/crfsp010/public_html/eventos/system/Debug/Toolbar.php(455): CodeIgniter\Debug\Toolbar->format(Array, 'html')
#4 /home/crfsp010/public_html/eventos/app/Config/Events.php(50): CodeIgniter\Debug\Toolbar->respond()
#5 [internal function]: CodeIgniter\Events\Events::Config\{closure}()
#6 /home/crfsp010/public_html/eventos/system/Events/Events.php(188): call_user_func(Object(Closure))
#7 /home/crfsp010/public_html/eventos/system/CodeIgniter.php(293): CodeIgniter\Events\Events::trigger('pre_system')
#8 /home/crfsp010/public_html/eventos/index.php(47): CodeIgniter\CodeIgniter->run()
#9 {main}
CRITICAL - 2022-01-19 21:41:21 --> unlink(/home/crfsp010/public_html/eventos/writable/debugbar/debugbar_1642639138.json): No such file or directory
#0 [internal function]: CodeIgniter\Debug\Exceptions->errorHandler(2, 'unlink(/home/cr...', '/home/crfsp010/...', 106, Array)
#1 /home/crfsp010/public_html/eventos/system/Debug/Toolbar/Collectors/History.php(106): unlink('/home/crfsp010/...')
#2 /home/crfsp010/public_html/eventos/system/Debug/Toolbar.php(483): CodeIgniter\Debug\Toolbar\Collectors\History->setFiles(1642639279, 20)
#3 /home/crfsp010/public_html/eventos/system/Debug/Toolbar.php(455): CodeIgniter\Debug\Toolbar->format(Array, 'html')
#4 /home/crfsp010/public_html/eventos/app/Config/Events.php(50): CodeIgniter\Debug\Toolbar->respond()
#5 [internal function]: CodeIgniter\Events\Events::Config\{closure}()
#6 /home/crfsp010/public_html/eventos/system/Events/Events.php(188): call_user_func(Object(Closure))
#7 /home/crfsp010/public_html/eventos/system/CodeIgniter.php(293): CodeIgniter\Events\Events::trigger('pre_system')
#8 /home/crfsp010/public_html/eventos/index.php(47): CodeIgniter\CodeIgniter->run()
#9 {main}
CRITICAL - 2022-01-19 22:01:02 --> unlink(/home/crfsp010/public_html/eventos/writable/debugbar/debugbar_1642640128.json): No such file or directory
#0 [internal function]: CodeIgniter\Debug\Exceptions->errorHandler(2, 'unlink(/home/cr...', '/home/crfsp010/...', 106, Array)
#1 /home/crfsp010/public_html/eventos/system/Debug/Toolbar/Collectors/History.php(106): unlink('/home/crfsp010/...')
#2 /home/crfsp010/public_html/eventos/system/Debug/Toolbar.php(483): CodeIgniter\Debug\Toolbar\Collectors\History->setFiles(1642640404, 20)
#3 /home/crfsp010/public_html/eventos/system/Debug/Toolbar.php(455): CodeIgniter\Debug\Toolbar->format(Array, 'html')
#4 /home/crfsp010/public_html/eventos/app/Config/Events.php(50): CodeIgniter\Debug\Toolbar->respond()
#5 [internal function]: CodeIgniter\Events\Events::Config\{closure}()
#6 /home/crfsp010/public_html/eventos/system/Events/Events.php(188): call_user_func(Object(Closure))
#7 /home/crfsp010/public_html/eventos/system/CodeIgniter.php(293): CodeIgniter\Events\Events::trigger('pre_system')
#8 /home/crfsp010/public_html/eventos/index.php(47): CodeIgniter\CodeIgniter->run()
#9 {main}
