ERROR - 2021-10-06 09:13:50 --> mysqli_sql_exception: In aggregated query without GROUP BY, expression #1 of SELECT list contains nonaggregated column 'crfsp010_eventos.atividade_evento.id'; this is incompatible with sql_mode=only_full_group_by in /home/crfsp010/public_html/eventos/system/Database/MySQLi/Connection.php:331
Stack trace:
#0 /home/crfsp010/public_html/eventos/system/Database/MySQLi/Connection.php(331): mysqli->query('SELECT *, SUM(H...')
#1 /home/crfsp010/public_html/eventos/system/Database/BaseConnection.php(741): CodeIgniter\Database\MySQLi\Connection->execute('SELECT *, SUM(H...')
#2 /home/crfsp010/public_html/eventos/system/Database/BaseConnection.php(669): CodeIgniter\Database\BaseConnection->simpleQuery('SELECT *, SUM(H...')
#3 /home/crfsp010/public_html/eventos/system/Database/BaseBuilder.php(1860): CodeIgniter\Database\BaseConnection->query('SELECT *, SUM(H...', Array, false)
#4 /home/crfsp010/public_html/eventos/system/Model.php(506): CodeIgniter\Database\BaseBuilder->get()
#5 /home/crfsp010/public_html/eventos/app/Models/AtividadeModel.php(89): CodeIgniter\Model->first()
#6 /home/crfsp010/public_html/eventos/app/Controllers/PdfController.php(79): App\Models\AtividadeModel->horasEvento('8')
#7 /home/crfsp010/public_html/eventos/app/Controllers/Eventos.php(111): App\Controllers\PdfController->gerarCertificado(Array)
#8 /home/crfsp010/public_html/eventos/system/CodeIgniter.php(918): App\Controllers\Eventos->gerarCertificado('8')
#9 /home/crfsp010/public_html/eventos/system/CodeIgniter.php(404): CodeIgniter\CodeIgniter->runController(Object(App\Controllers\Eventos))
#10 /home/crfsp010/public_html/eventos/system/CodeIgniter.php(312): CodeIgniter\CodeIgniter->handleRequest(NULL, Object(Config\Cache), false)
#11 /home/crfsp010/public_html/eventos/index.php(47): CodeIgniter\CodeIgniter->run()
#12 {main}
ERROR - 2021-10-06 09:15:29 --> mysqli_sql_exception: In aggregated query without GROUP BY, expression #1 of SELECT list contains nonaggregated column 'crfsp010_eventos.atividade_evento.id'; this is incompatible with sql_mode=only_full_group_by in /home/crfsp010/public_html/eventos/system/Database/MySQLi/Connection.php:331
Stack trace:
#0 /home/crfsp010/public_html/eventos/system/Database/MySQLi/Connection.php(331): mysqli->query('SELECT *, SUM(H...')
#1 /home/crfsp010/public_html/eventos/system/Database/BaseConnection.php(741): CodeIgniter\Database\MySQLi\Connection->execute('SELECT *, SUM(H...')
#2 /home/crfsp010/public_html/eventos/system/Database/BaseConnection.php(669): CodeIgniter\Database\BaseConnection->simpleQuery('SELECT *, SUM(H...')
#3 /home/crfsp010/public_html/eventos/system/Database/BaseBuilder.php(1860): CodeIgniter\Database\BaseConnection->query('SELECT *, SUM(H...', Array, false)
#4 /home/crfsp010/public_html/eventos/system/Model.php(506): CodeIgniter\Database\BaseBuilder->get()
#5 /home/crfsp010/public_html/eventos/app/Models/AtividadeModel.php(89): CodeIgniter\Model->first()
#6 /home/crfsp010/public_html/eventos/app/Controllers/PdfController.php(79): App\Models\AtividadeModel->horasEvento('8')
#7 /home/crfsp010/public_html/eventos/app/Controllers/Eventos.php(111): App\Controllers\PdfController->gerarCertificado(Array)
#8 /home/crfsp010/public_html/eventos/system/CodeIgniter.php(918): App\Controllers\Eventos->gerarCertificado('8')
#9 /home/crfsp010/public_html/eventos/system/CodeIgniter.php(404): CodeIgniter\CodeIgniter->runController(Object(App\Controllers\Eventos))
#10 /home/crfsp010/public_html/eventos/system/CodeIgniter.php(312): CodeIgniter\CodeIgniter->handleRequest(NULL, Object(Config\Cache), false)
#11 /home/crfsp010/public_html/eventos/index.php(47): CodeIgniter\CodeIgniter->run()
#12 {main}
ERROR - 2021-10-06 16:21:57 --> Email: sendWithSmtp throwed fsockopen(): unable to connect to ssl://cloud.farmaceuticosp.com.br:587 (Connection timed out)
ERROR - 2021-10-06 16:22:01 --> Email: sendWithSmtp throwed fsockopen(): unable to connect to ssl://cloud.farmaceuticosp.com.br:587 (Connection timed out)
ERROR - 2021-10-06 16:23:35 --> Email: sendWithSmtp throwed fsockopen(): unable to connect to ssl://cloud.farmaceuticosp.com.br:587 (Connection timed out)
ERROR - 2021-10-06 16:24:07 --> Email: sendWithSmtp throwed fsockopen(): unable to connect to ssl://cloud.farmaceuticosp.com.br:587 (Connection timed out)
ERROR - 2021-10-06 16:37:12 --> mysqli_sql_exception: In aggregated query without GROUP BY, expression #1 of SELECT list contains nonaggregated column 'crfsp010_eventos.atividade_evento.id'; this is incompatible with sql_mode=only_full_group_by in /home/crfsp010/public_html/eventos/system/Database/MySQLi/Connection.php:331
Stack trace:
#0 /home/crfsp010/public_html/eventos/system/Database/MySQLi/Connection.php(331): mysqli->query('SELECT *, SUM(H...')
#1 /home/crfsp010/public_html/eventos/system/Database/BaseConnection.php(741): CodeIgniter\Database\MySQLi\Connection->execute('SELECT *, SUM(H...')
#2 /home/crfsp010/public_html/eventos/system/Database/BaseConnection.php(669): CodeIgniter\Database\BaseConnection->simpleQuery('SELECT *, SUM(H...')
#3 /home/crfsp010/public_html/eventos/system/Database/BaseBuilder.php(1860): CodeIgniter\Database\BaseConnection->query('SELECT *, SUM(H...', Array, false)
#4 /home/crfsp010/public_html/eventos/system/Model.php(506): CodeIgniter\Database\BaseBuilder->get()
#5 /home/crfsp010/public_html/eventos/app/Models/AtividadeModel.php(89): CodeIgniter\Model->first()
#6 /home/crfsp010/public_html/eventos/app/Controllers/PdfController.php(31): App\Models\AtividadeModel->horasEvento('10')
#7 /home/crfsp010/public_html/eventos/system/CodeIgniter.php(918): App\Controllers\PdfController->index()
#8 /home/crfsp010/public_html/eventos/system/CodeIgniter.php(404): CodeIgniter\CodeIgniter->runController(Object(App\Controllers\PdfController))
#9 /home/crfsp010/public_html/eventos/system/CodeIgniter.php(312): CodeIgniter\CodeIgniter->handleRequest(NULL, Object(Config\Cache), false)
#10 /home/crfsp010/public_html/eventos/index.php(47): CodeIgniter\CodeIgniter->run()
#11 {main}
ERROR - 2021-10-06 16:37:24 --> mysqli_sql_exception: In aggregated query without GROUP BY, expression #1 of SELECT list contains nonaggregated column 'crfsp010_eventos.atividade_evento.id'; this is incompatible with sql_mode=only_full_group_by in /home/crfsp010/public_html/eventos/system/Database/MySQLi/Connection.php:331
Stack trace:
#0 /home/crfsp010/public_html/eventos/system/Database/MySQLi/Connection.php(331): mysqli->query('SELECT *, SUM(H...')
#1 /home/crfsp010/public_html/eventos/system/Database/BaseConnection.php(741): CodeIgniter\Database\MySQLi\Connection->execute('SELECT *, SUM(H...')
#2 /home/crfsp010/public_html/eventos/system/Database/BaseConnection.php(669): CodeIgniter\Database\BaseConnection->simpleQuery('SELECT *, SUM(H...')
#3 /home/crfsp010/public_html/eventos/system/Database/BaseBuilder.php(1860): CodeIgniter\Database\BaseConnection->query('SELECT *, SUM(H...', Array, false)
#4 /home/crfsp010/public_html/eventos/system/Model.php(506): CodeIgniter\Database\BaseBuilder->get()
#5 /home/crfsp010/public_html/eventos/app/Models/AtividadeModel.php(89): CodeIgniter\Model->first()
#6 /home/crfsp010/public_html/eventos/app/Controllers/PdfController.php(31): App\Models\AtividadeModel->horasEvento('8')
#7 /home/crfsp010/public_html/eventos/system/CodeIgniter.php(918): App\Controllers\PdfController->index()
#8 /home/crfsp010/public_html/eventos/system/CodeIgniter.php(404): CodeIgniter\CodeIgniter->runController(Object(App\Controllers\PdfController))
#9 /home/crfsp010/public_html/eventos/system/CodeIgniter.php(312): CodeIgniter\CodeIgniter->handleRequest(NULL, Object(Config\Cache), false)
#10 /home/crfsp010/public_html/eventos/index.php(47): CodeIgniter\CodeIgniter->run()
#11 {main}
ERROR - 2021-10-06 16:37:41 --> mysqli_sql_exception: In aggregated query without GROUP BY, expression #1 of SELECT list contains nonaggregated column 'crfsp010_eventos.atividade_evento.id'; this is incompatible with sql_mode=only_full_group_by in /home/crfsp010/public_html/eventos/system/Database/MySQLi/Connection.php:331
Stack trace:
#0 /home/crfsp010/public_html/eventos/system/Database/MySQLi/Connection.php(331): mysqli->query('SELECT *, SUM(H...')
#1 /home/crfsp010/public_html/eventos/system/Database/BaseConnection.php(741): CodeIgniter\Database\MySQLi\Connection->execute('SELECT *, SUM(H...')
#2 /home/crfsp010/public_html/eventos/system/Database/BaseConnection.php(669): CodeIgniter\Database\BaseConnection->simpleQuery('SELECT *, SUM(H...')
#3 /home/crfsp010/public_html/eventos/system/Database/BaseBuilder.php(1860): CodeIgniter\Database\BaseConnection->query('SELECT *, SUM(H...', Array, false)
#4 /home/crfsp010/public_html/eventos/system/Model.php(506): CodeIgniter\Database\BaseBuilder->get()
#5 /home/crfsp010/public_html/eventos/app/Models/AtividadeModel.php(89): CodeIgniter\Model->first()
#6 /home/crfsp010/public_html/eventos/app/Controllers/PdfController.php(79): App\Models\AtividadeModel->horasEvento('8')
#7 /home/crfsp010/public_html/eventos/app/Controllers/Eventos.php(111): App\Controllers\PdfController->gerarCertificado(Array)
#8 /home/crfsp010/public_html/eventos/system/CodeIgniter.php(918): App\Controllers\Eventos->gerarCertificado('8')
#9 /home/crfsp010/public_html/eventos/system/CodeIgniter.php(404): CodeIgniter\CodeIgniter->runController(Object(App\Controllers\Eventos))
#10 /home/crfsp010/public_html/eventos/system/CodeIgniter.php(312): CodeIgniter\CodeIgniter->handleRequest(NULL, Object(Config\Cache), false)
#11 /home/crfsp010/public_html/eventos/index.php(47): CodeIgniter\CodeIgniter->run()
#12 {main}
ERROR - 2021-10-06 18:03:14 --> mysqli_sql_exception: In aggregated query without GROUP BY, expression #1 of SELECT list contains nonaggregated column 'crfsp010_eventos.atividade_evento.id'; this is incompatible with sql_mode=only_full_group_by in /home/crfsp010/public_html/eventos/system/Database/MySQLi/Connection.php:331
Stack trace:
#0 /home/crfsp010/public_html/eventos/system/Database/MySQLi/Connection.php(331): mysqli->query('SELECT *, SUM(H...')
#1 /home/crfsp010/public_html/eventos/system/Database/BaseConnection.php(741): CodeIgniter\Database\MySQLi\Connection->execute('SELECT *, SUM(H...')
#2 /home/crfsp010/public_html/eventos/system/Database/BaseConnection.php(669): CodeIgniter\Database\BaseConnection->simpleQuery('SELECT *, SUM(H...')
#3 /home/crfsp010/public_html/eventos/system/Database/BaseBuilder.php(1860): CodeIgniter\Database\BaseConnection->query('SELECT *, SUM(H...', Array, false)
#4 /home/crfsp010/public_html/eventos/system/Model.php(506): CodeIgniter\Database\BaseBuilder->get()
#5 /home/crfsp010/public_html/eventos/app/Models/AtividadeModel.php(89): CodeIgniter\Model->first()
#6 /home/crfsp010/public_html/eventos/app/Controllers/PdfController.php(31): App\Models\AtividadeModel->horasEvento('10')
#7 /home/crfsp010/public_html/eventos/system/CodeIgniter.php(918): App\Controllers\PdfController->index()
#8 /home/crfsp010/public_html/eventos/system/CodeIgniter.php(404): CodeIgniter\CodeIgniter->runController(Object(App\Controllers\PdfController))
#9 /home/crfsp010/public_html/eventos/system/CodeIgniter.php(312): CodeIgniter\CodeIgniter->handleRequest(NULL, Object(Config\Cache), false)
#10 /home/crfsp010/public_html/eventos/index.php(47): CodeIgniter\CodeIgniter->run()
#11 {main}
ERROR - 2021-10-06 18:04:08 --> mysqli_sql_exception: In aggregated query without GROUP BY, expression #1 of SELECT list contains nonaggregated column 'crfsp010_eventos.atividade_evento.id'; this is incompatible with sql_mode=only_full_group_by in /home/crfsp010/public_html/eventos/system/Database/MySQLi/Connection.php:331
Stack trace:
#0 /home/crfsp010/public_html/eventos/system/Database/MySQLi/Connection.php(331): mysqli->query('SELECT *, SUM(H...')
#1 /home/crfsp010/public_html/eventos/system/Database/BaseConnection.php(741): CodeIgniter\Database\MySQLi\Connection->execute('SELECT *, SUM(H...')
#2 /home/crfsp010/public_html/eventos/system/Database/BaseConnection.php(669): CodeIgniter\Database\BaseConnection->simpleQuery('SELECT *, SUM(H...')
#3 /home/crfsp010/public_html/eventos/system/Database/BaseBuilder.php(1860): CodeIgniter\Database\BaseConnection->query('SELECT *, SUM(H...', Array, false)
#4 /home/crfsp010/public_html/eventos/system/Model.php(506): CodeIgniter\Database\BaseBuilder->get()
#5 /home/crfsp010/public_html/eventos/app/Models/AtividadeModel.php(89): CodeIgniter\Model->first()
#6 /home/crfsp010/public_html/eventos/app/Controllers/PdfController.php(31): App\Models\AtividadeModel->horasEvento('10')
#7 /home/crfsp010/public_html/eventos/system/CodeIgniter.php(918): App\Controllers\PdfController->index()
#8 /home/crfsp010/public_html/eventos/system/CodeIgniter.php(404): CodeIgniter\CodeIgniter->runController(Object(App\Controllers\PdfController))
#9 /home/crfsp010/public_html/eventos/system/CodeIgniter.php(312): CodeIgniter\CodeIgniter->handleRequest(NULL, Object(Config\Cache), false)
#10 /home/crfsp010/public_html/eventos/index.php(47): CodeIgniter\CodeIgniter->run()
#11 {main}
ERROR - 2021-10-06 18:06:07 --> mysqli_sql_exception: In aggregated query without GROUP BY, expression #1 of SELECT list contains nonaggregated column 'crfsp010_eventos.atividade_evento.id'; this is incompatible with sql_mode=only_full_group_by in /home/crfsp010/public_html/eventos/system/Database/MySQLi/Connection.php:331
Stack trace:
#0 /home/crfsp010/public_html/eventos/system/Database/MySQLi/Connection.php(331): mysqli->query('SELECT *, SUM(H...')
#1 /home/crfsp010/public_html/eventos/system/Database/BaseConnection.php(741): CodeIgniter\Database\MySQLi\Connection->execute('SELECT *, SUM(H...')
#2 /home/crfsp010/public_html/eventos/system/Database/BaseConnection.php(669): CodeIgniter\Database\BaseConnection->simpleQuery('SELECT *, SUM(H...')
#3 /home/crfsp010/public_html/eventos/system/Database/BaseBuilder.php(1860): CodeIgniter\Database\BaseConnection->query('SELECT *, SUM(H...', Array, false)
#4 /home/crfsp010/public_html/eventos/system/Model.php(506): CodeIgniter\Database\BaseBuilder->get()
#5 /home/crfsp010/public_html/eventos/app/Models/AtividadeModel.php(89): CodeIgniter\Model->first()
#6 /home/crfsp010/public_html/eventos/app/Controllers/PdfController.php(31): App\Models\AtividadeModel->horasEvento('10')
#7 /home/crfsp010/public_html/eventos/system/CodeIgniter.php(918): App\Controllers\PdfController->index()
#8 /home/crfsp010/public_html/eventos/system/CodeIgniter.php(404): CodeIgniter\CodeIgniter->runController(Object(App\Controllers\PdfController))
#9 /home/crfsp010/public_html/eventos/system/CodeIgniter.php(312): CodeIgniter\CodeIgniter->handleRequest(NULL, Object(Config\Cache), false)
#10 /home/crfsp010/public_html/eventos/index.php(47): CodeIgniter\CodeIgniter->run()
#11 {main}
ERROR - 2021-10-06 18:20:39 --> mysqli_sql_exception: In aggregated query without GROUP BY, expression #1 of SELECT list contains nonaggregated column 'crfsp010_eventos.atividade_evento.id'; this is incompatible with sql_mode=only_full_group_by in /home/crfsp010/public_html/eventos/system/Database/MySQLi/Connection.php:331
Stack trace:
#0 /home/crfsp010/public_html/eventos/system/Database/MySQLi/Connection.php(331): mysqli->query('SELECT *, SUM(H...')
#1 /home/crfsp010/public_html/eventos/system/Database/BaseConnection.php(741): CodeIgniter\Database\MySQLi\Connection->execute('SELECT *, SUM(H...')
#2 /home/crfsp010/public_html/eventos/system/Database/BaseConnection.php(669): CodeIgniter\Database\BaseConnection->simpleQuery('SELECT *, SUM(H...')
#3 /home/crfsp010/public_html/eventos/system/Database/BaseBuilder.php(1860): CodeIgniter\Database\BaseConnection->query('SELECT *, SUM(H...', Array, false)
#4 /home/crfsp010/public_html/eventos/system/Model.php(506): CodeIgniter\Database\BaseBuilder->get()
#5 /home/crfsp010/public_html/eventos/app/Models/AtividadeModel.php(89): CodeIgniter\Model->first()
#6 /home/crfsp010/public_html/eventos/app/Controllers/PdfController.php(31): App\Models\AtividadeModel->horasEvento('10')
#7 /home/crfsp010/public_html/eventos/system/CodeIgniter.php(918): App\Controllers\PdfController->index()
#8 /home/crfsp010/public_html/eventos/system/CodeIgniter.php(404): CodeIgniter\CodeIgniter->runController(Object(App\Controllers\PdfController))
#9 /home/crfsp010/public_html/eventos/system/CodeIgniter.php(312): CodeIgniter\CodeIgniter->handleRequest(NULL, Object(Config\Cache), false)
#10 /home/crfsp010/public_html/eventos/index.php(47): CodeIgniter\CodeIgniter->run()
#11 {main}
ERROR - 2021-10-06 18:24:18 --> mysqli_sql_exception: In aggregated query without GROUP BY, expression #1 of SELECT list contains nonaggregated column 'crfsp010_eventos.atividade_evento.id'; this is incompatible with sql_mode=only_full_group_by in /home/crfsp010/public_html/eventos/system/Database/MySQLi/Connection.php:331
Stack trace:
#0 /home/crfsp010/public_html/eventos/system/Database/MySQLi/Connection.php(331): mysqli->query('SELECT *, SUM(H...')
#1 /home/crfsp010/public_html/eventos/system/Database/BaseConnection.php(741): CodeIgniter\Database\MySQLi\Connection->execute('SELECT *, SUM(H...')
#2 /home/crfsp010/public_html/eventos/system/Database/BaseConnection.php(669): CodeIgniter\Database\BaseConnection->simpleQuery('SELECT *, SUM(H...')
#3 /home/crfsp010/public_html/eventos/system/Database/BaseBuilder.php(1860): CodeIgniter\Database\BaseConnection->query('SELECT *, SUM(H...', Array, false)
#4 /home/crfsp010/public_html/eventos/system/Model.php(506): CodeIgniter\Database\BaseBuilder->get()
#5 /home/crfsp010/public_html/eventos/app/Models/AtividadeModel.php(89): CodeIgniter\Model->first()
#6 /home/crfsp010/public_html/eventos/app/Controllers/PdfController.php(31): App\Models\AtividadeModel->horasEvento('8')
#7 /home/crfsp010/public_html/eventos/system/CodeIgniter.php(918): App\Controllers\PdfController->index()
#8 /home/crfsp010/public_html/eventos/system/CodeIgniter.php(404): CodeIgniter\CodeIgniter->runController(Object(App\Controllers\PdfController))
#9 /home/crfsp010/public_html/eventos/system/CodeIgniter.php(312): CodeIgniter\CodeIgniter->handleRequest(NULL, Object(Config\Cache), false)
#10 /home/crfsp010/public_html/eventos/index.php(47): CodeIgniter\CodeIgniter->run()
#11 {main}
ERROR - 2021-10-06 18:24:44 --> mysqli_sql_exception: In aggregated query without GROUP BY, expression #1 of SELECT list contains nonaggregated column 'crfsp010_eventos.atividade_evento.id'; this is incompatible with sql_mode=only_full_group_by in /home/crfsp010/public_html/eventos/system/Database/MySQLi/Connection.php:331
Stack trace:
#0 /home/crfsp010/public_html/eventos/system/Database/MySQLi/Connection.php(331): mysqli->query('SELECT *, SUM(H...')
#1 /home/crfsp010/public_html/eventos/system/Database/BaseConnection.php(741): CodeIgniter\Database\MySQLi\Connection->execute('SELECT *, SUM(H...')
#2 /home/crfsp010/public_html/eventos/system/Database/BaseConnection.php(669): CodeIgniter\Database\BaseConnection->simpleQuery('SELECT *, SUM(H...')
#3 /home/crfsp010/public_html/eventos/system/Database/BaseBuilder.php(1860): CodeIgniter\Database\BaseConnection->query('SELECT *, SUM(H...', Array, false)
#4 /home/crfsp010/public_html/eventos/system/Model.php(506): CodeIgniter\Database\BaseBuilder->get()
#5 /home/crfsp010/public_html/eventos/app/Models/AtividadeModel.php(89): CodeIgniter\Model->first()
#6 /home/crfsp010/public_html/eventos/app/Controllers/PdfController.php(31): App\Models\AtividadeModel->horasEvento('10')
#7 /home/crfsp010/public_html/eventos/system/CodeIgniter.php(918): App\Controllers\PdfController->index()
#8 /home/crfsp010/public_html/eventos/system/CodeIgniter.php(404): CodeIgniter\CodeIgniter->runController(Object(App\Controllers\PdfController))
#9 /home/crfsp010/public_html/eventos/system/CodeIgniter.php(312): CodeIgniter\CodeIgniter->handleRequest(NULL, Object(Config\Cache), false)
#10 /home/crfsp010/public_html/eventos/index.php(47): CodeIgniter\CodeIgniter->run()
#11 {main}
ERROR - 2021-10-06 18:30:40 --> mysqli_sql_exception: In aggregated query without GROUP BY, expression #1 of SELECT list contains nonaggregated column 'crfsp010_eventos.atividade_evento.id'; this is incompatible with sql_mode=only_full_group_by in /home/crfsp010/public_html/eventos/system/Database/MySQLi/Connection.php:331
Stack trace:
#0 /home/crfsp010/public_html/eventos/system/Database/MySQLi/Connection.php(331): mysqli->query('SELECT *, SUM(H...')
#1 /home/crfsp010/public_html/eventos/system/Database/BaseConnection.php(741): CodeIgniter\Database\MySQLi\Connection->execute('SELECT *, SUM(H...')
#2 /home/crfsp010/public_html/eventos/system/Database/BaseConnection.php(669): CodeIgniter\Database\BaseConnection->simpleQuery('SELECT *, SUM(H...')
#3 /home/crfsp010/public_html/eventos/system/Database/BaseBuilder.php(1860): CodeIgniter\Database\BaseConnection->query('SELECT *, SUM(H...', Array, false)
#4 /home/crfsp010/public_html/eventos/system/Model.php(506): CodeIgniter\Database\BaseBuilder->get()
#5 /home/crfsp010/public_html/eventos/app/Models/AtividadeModel.php(89): CodeIgniter\Model->first()
#6 /home/crfsp010/public_html/eventos/app/Controllers/PdfController.php(31): App\Models\AtividadeModel->horasEvento('10')
#7 /home/crfsp010/public_html/eventos/system/CodeIgniter.php(918): App\Controllers\PdfController->index()
#8 /home/crfsp010/public_html/eventos/system/CodeIgniter.php(404): CodeIgniter\CodeIgniter->runController(Object(App\Controllers\PdfController))
#9 /home/crfsp010/public_html/eventos/system/CodeIgniter.php(312): CodeIgniter\CodeIgniter->handleRequest(NULL, Object(Config\Cache), false)
#10 /home/crfsp010/public_html/eventos/index.php(47): CodeIgniter\CodeIgniter->run()
#11 {main}
ERROR - 2021-10-06 18:31:41 --> mysqli_sql_exception: In aggregated query without GROUP BY, expression #1 of SELECT list contains nonaggregated column 'crfsp010_eventos.atividade_evento.id'; this is incompatible with sql_mode=only_full_group_by in /home/crfsp010/public_html/eventos/system/Database/MySQLi/Connection.php:331
Stack trace:
#0 /home/crfsp010/public_html/eventos/system/Database/MySQLi/Connection.php(331): mysqli->query('SELECT *, SUM(H...')
#1 /home/crfsp010/public_html/eventos/system/Database/BaseConnection.php(741): CodeIgniter\Database\MySQLi\Connection->execute('SELECT *, SUM(H...')
#2 /home/crfsp010/public_html/eventos/system/Database/BaseConnection.php(669): CodeIgniter\Database\BaseConnection->simpleQuery('SELECT *, SUM(H...')
#3 /home/crfsp010/public_html/eventos/system/Database/BaseBuilder.php(1860): CodeIgniter\Database\BaseConnection->query('SELECT *, SUM(H...', Array, false)
#4 /home/crfsp010/public_html/eventos/system/Model.php(506): CodeIgniter\Database\BaseBuilder->get()
#5 /home/crfsp010/public_html/eventos/app/Models/AtividadeModel.php(89): CodeIgniter\Model->first()
#6 /home/crfsp010/public_html/eventos/app/Controllers/PdfController.php(31): App\Models\AtividadeModel->horasEvento('10')
#7 /home/crfsp010/public_html/eventos/system/CodeIgniter.php(918): App\Controllers\PdfController->index()
#8 /home/crfsp010/public_html/eventos/system/CodeIgniter.php(404): CodeIgniter\CodeIgniter->runController(Object(App\Controllers\PdfController))
#9 /home/crfsp010/public_html/eventos/system/CodeIgniter.php(312): CodeIgniter\CodeIgniter->handleRequest(NULL, Object(Config\Cache), false)
#10 /home/crfsp010/public_html/eventos/index.php(47): CodeIgniter\CodeIgniter->run()
#11 {main}
ERROR - 2021-10-06 18:31:51 --> mysqli_sql_exception: In aggregated query without GROUP BY, expression #1 of SELECT list contains nonaggregated column 'crfsp010_eventos.atividade_evento.id'; this is incompatible with sql_mode=only_full_group_by in /home/crfsp010/public_html/eventos/system/Database/MySQLi/Connection.php:331
Stack trace:
#0 /home/crfsp010/public_html/eventos/system/Database/MySQLi/Connection.php(331): mysqli->query('SELECT *, SUM(H...')
#1 /home/crfsp010/public_html/eventos/system/Database/BaseConnection.php(741): CodeIgniter\Database\MySQLi\Connection->execute('SELECT *, SUM(H...')
#2 /home/crfsp010/public_html/eventos/system/Database/BaseConnection.php(669): CodeIgniter\Database\BaseConnection->simpleQuery('SELECT *, SUM(H...')
#3 /home/crfsp010/public_html/eventos/system/Database/BaseBuilder.php(1860): CodeIgniter\Database\BaseConnection->query('SELECT *, SUM(H...', Array, false)
#4 /home/crfsp010/public_html/eventos/system/Model.php(506): CodeIgniter\Database\BaseBuilder->get()
#5 /home/crfsp010/public_html/eventos/app/Models/AtividadeModel.php(89): CodeIgniter\Model->first()
#6 /home/crfsp010/public_html/eventos/app/Controllers/PdfController.php(79): App\Models\AtividadeModel->horasEvento('10')
#7 /home/crfsp010/public_html/eventos/app/Controllers/Eventos.php(111): App\Controllers\PdfController->gerarCertificado(Array)
#8 /home/crfsp010/public_html/eventos/system/CodeIgniter.php(918): App\Controllers\Eventos->gerarCertificado('10')
#9 /home/crfsp010/public_html/eventos/system/CodeIgniter.php(404): CodeIgniter\CodeIgniter->runController(Object(App\Controllers\Eventos))
#10 /home/crfsp010/public_html/eventos/system/CodeIgniter.php(312): CodeIgniter\CodeIgniter->handleRequest(NULL, Object(Config\Cache), false)
#11 /home/crfsp010/public_html/eventos/index.php(47): CodeIgniter\CodeIgniter->run()
#12 {main}
ERROR - 2021-10-06 18:34:51 --> mysqli_sql_exception: In aggregated query without GROUP BY, expression #1 of SELECT list contains nonaggregated column 'crfsp010_eventos.atividade_evento.id'; this is incompatible with sql_mode=only_full_group_by in /home/crfsp010/public_html/eventos/system/Database/MySQLi/Connection.php:331
Stack trace:
#0 /home/crfsp010/public_html/eventos/system/Database/MySQLi/Connection.php(331): mysqli->query('SELECT *, SUM(H...')
#1 /home/crfsp010/public_html/eventos/system/Database/BaseConnection.php(741): CodeIgniter\Database\MySQLi\Connection->execute('SELECT *, SUM(H...')
#2 /home/crfsp010/public_html/eventos/system/Database/BaseConnection.php(669): CodeIgniter\Database\BaseConnection->simpleQuery('SELECT *, SUM(H...')
#3 /home/crfsp010/public_html/eventos/system/Database/BaseBuilder.php(1860): CodeIgniter\Database\BaseConnection->query('SELECT *, SUM(H...', Array, false)
#4 /home/crfsp010/public_html/eventos/system/Model.php(506): CodeIgniter\Database\BaseBuilder->get()
#5 /home/crfsp010/public_html/eventos/app/Models/AtividadeModel.php(89): CodeIgniter\Model->first()
#6 /home/crfsp010/public_html/eventos/app/Controllers/PdfController.php(31): App\Models\AtividadeModel->horasEvento('8')
#7 /home/crfsp010/public_html/eventos/system/CodeIgniter.php(918): App\Controllers\PdfController->index()
#8 /home/crfsp010/public_html/eventos/system/CodeIgniter.php(404): CodeIgniter\CodeIgniter->runController(Object(App\Controllers\PdfController))
#9 /home/crfsp010/public_html/eventos/system/CodeIgniter.php(312): CodeIgniter\CodeIgniter->handleRequest(NULL, Object(Config\Cache), false)
#10 /home/crfsp010/public_html/eventos/index.php(47): CodeIgniter\CodeIgniter->run()
#11 {main}
ERROR - 2021-10-06 18:35:01 --> mysqli_sql_exception: In aggregated query without GROUP BY, expression #1 of SELECT list contains nonaggregated column 'crfsp010_eventos.atividade_evento.id'; this is incompatible with sql_mode=only_full_group_by in /home/crfsp010/public_html/eventos/system/Database/MySQLi/Connection.php:331
Stack trace:
#0 /home/crfsp010/public_html/eventos/system/Database/MySQLi/Connection.php(331): mysqli->query('SELECT *, SUM(H...')
#1 /home/crfsp010/public_html/eventos/system/Database/BaseConnection.php(741): CodeIgniter\Database\MySQLi\Connection->execute('SELECT *, SUM(H...')
#2 /home/crfsp010/public_html/eventos/system/Database/BaseConnection.php(669): CodeIgniter\Database\BaseConnection->simpleQuery('SELECT *, SUM(H...')
#3 /home/crfsp010/public_html/eventos/system/Database/BaseBuilder.php(1860): CodeIgniter\Database\BaseConnection->query('SELECT *, SUM(H...', Array, false)
#4 /home/crfsp010/public_html/eventos/system/Model.php(506): CodeIgniter\Database\BaseBuilder->get()
#5 /home/crfsp010/public_html/eventos/app/Models/AtividadeModel.php(89): CodeIgniter\Model->first()
#6 /home/crfsp010/public_html/eventos/app/Controllers/PdfController.php(79): App\Models\AtividadeModel->horasEvento('8')
#7 /home/crfsp010/public_html/eventos/app/Controllers/Eventos.php(111): App\Controllers\PdfController->gerarCertificado(Array)
#8 /home/crfsp010/public_html/eventos/system/CodeIgniter.php(918): App\Controllers\Eventos->gerarCertificado('8')
#9 /home/crfsp010/public_html/eventos/system/CodeIgniter.php(404): CodeIgniter\CodeIgniter->runController(Object(App\Controllers\Eventos))
#10 /home/crfsp010/public_html/eventos/system/CodeIgniter.php(312): CodeIgniter\CodeIgniter->handleRequest(NULL, Object(Config\Cache), false)
#11 /home/crfsp010/public_html/eventos/index.php(47): CodeIgniter\CodeIgniter->run()
#12 {main}
ERROR - 2021-10-06 18:36:04 --> mysqli_sql_exception: In aggregated query without GROUP BY, expression #1 of SELECT list contains nonaggregated column 'crfsp010_eventos.atividade_evento.id'; this is incompatible with sql_mode=only_full_group_by in /home/crfsp010/public_html/eventos/system/Database/MySQLi/Connection.php:331
Stack trace:
#0 /home/crfsp010/public_html/eventos/system/Database/MySQLi/Connection.php(331): mysqli->query('SELECT *, SUM(H...')
#1 /home/crfsp010/public_html/eventos/system/Database/BaseConnection.php(741): CodeIgniter\Database\MySQLi\Connection->execute('SELECT *, SUM(H...')
#2 /home/crfsp010/public_html/eventos/system/Database/BaseConnection.php(669): CodeIgniter\Database\BaseConnection->simpleQuery('SELECT *, SUM(H...')
#3 /home/crfsp010/public_html/eventos/system/Database/BaseBuilder.php(1860): CodeIgniter\Database\BaseConnection->query('SELECT *, SUM(H...', Array, false)
#4 /home/crfsp010/public_html/eventos/system/Model.php(506): CodeIgniter\Database\BaseBuilder->get()
#5 /home/crfsp010/public_html/eventos/app/Models/AtividadeModel.php(89): CodeIgniter\Model->first()
#6 /home/crfsp010/public_html/eventos/app/Controllers/PdfController.php(79): App\Models\AtividadeModel->horasEvento('8')
#7 /home/crfsp010/public_html/eventos/app/Controllers/Eventos.php(111): App\Controllers\PdfController->gerarCertificado(Array)
#8 /home/crfsp010/public_html/eventos/system/CodeIgniter.php(918): App\Controllers\Eventos->gerarCertificado('8')
#9 /home/crfsp010/public_html/eventos/system/CodeIgniter.php(404): CodeIgniter\CodeIgniter->runController(Object(App\Controllers\Eventos))
#10 /home/crfsp010/public_html/eventos/system/CodeIgniter.php(312): CodeIgniter\CodeIgniter->handleRequest(NULL, Object(Config\Cache), false)
#11 /home/crfsp010/public_html/eventos/index.php(47): CodeIgniter\CodeIgniter->run()
#12 {main}
ERROR - 2021-10-06 18:36:26 --> mysqli_sql_exception: In aggregated query without GROUP BY, expression #1 of SELECT list contains nonaggregated column 'crfsp010_eventos.atividade_evento.id'; this is incompatible with sql_mode=only_full_group_by in /home/crfsp010/public_html/eventos/system/Database/MySQLi/Connection.php:331
Stack trace:
#0 /home/crfsp010/public_html/eventos/system/Database/MySQLi/Connection.php(331): mysqli->query('SELECT *, SUM(H...')
#1 /home/crfsp010/public_html/eventos/system/Database/BaseConnection.php(741): CodeIgniter\Database\MySQLi\Connection->execute('SELECT *, SUM(H...')
#2 /home/crfsp010/public_html/eventos/system/Database/BaseConnection.php(669): CodeIgniter\Database\BaseConnection->simpleQuery('SELECT *, SUM(H...')
#3 /home/crfsp010/public_html/eventos/system/Database/BaseBuilder.php(1860): CodeIgniter\Database\BaseConnection->query('SELECT *, SUM(H...', Array, false)
#4 /home/crfsp010/public_html/eventos/system/Model.php(506): CodeIgniter\Database\BaseBuilder->get()
#5 /home/crfsp010/public_html/eventos/app/Models/AtividadeModel.php(89): CodeIgniter\Model->first()
#6 /home/crfsp010/public_html/eventos/app/Controllers/PdfController.php(31): App\Models\AtividadeModel->horasEvento('8')
#7 /home/crfsp010/public_html/eventos/system/CodeIgniter.php(918): App\Controllers\PdfController->index()
#8 /home/crfsp010/public_html/eventos/system/CodeIgniter.php(404): CodeIgniter\CodeIgniter->runController(Object(App\Controllers\PdfController))
#9 /home/crfsp010/public_html/eventos/system/CodeIgniter.php(312): CodeIgniter\CodeIgniter->handleRequest(NULL, Object(Config\Cache), false)
#10 /home/crfsp010/public_html/eventos/index.php(47): CodeIgniter\CodeIgniter->run()
#11 {main}
ERROR - 2021-10-06 18:37:00 --> mysqli_sql_exception: In aggregated query without GROUP BY, expression #1 of SELECT list contains nonaggregated column 'crfsp010_eventos.atividade_evento.id'; this is incompatible with sql_mode=only_full_group_by in /home/crfsp010/public_html/eventos/system/Database/MySQLi/Connection.php:331
Stack trace:
#0 /home/crfsp010/public_html/eventos/system/Database/MySQLi/Connection.php(331): mysqli->query('SELECT *, SUM(H...')
#1 /home/crfsp010/public_html/eventos/system/Database/BaseConnection.php(741): CodeIgniter\Database\MySQLi\Connection->execute('SELECT *, SUM(H...')
#2 /home/crfsp010/public_html/eventos/system/Database/BaseConnection.php(669): CodeIgniter\Database\BaseConnection->simpleQuery('SELECT *, SUM(H...')
#3 /home/crfsp010/public_html/eventos/system/Database/BaseBuilder.php(1860): CodeIgniter\Database\BaseConnection->query('SELECT *, SUM(H...', Array, false)
#4 /home/crfsp010/public_html/eventos/system/Model.php(506): CodeIgniter\Database\BaseBuilder->get()
#5 /home/crfsp010/public_html/eventos/app/Models/AtividadeModel.php(89): CodeIgniter\Model->first()
#6 /home/crfsp010/public_html/eventos/app/Controllers/PdfController.php(79): App\Models\AtividadeModel->horasEvento('8')
#7 /home/crfsp010/public_html/eventos/app/Controllers/Eventos.php(111): App\Controllers\PdfController->gerarCertificado(Array)
#8 /home/crfsp010/public_html/eventos/system/CodeIgniter.php(918): App\Controllers\Eventos->gerarCertificado('8')
#9 /home/crfsp010/public_html/eventos/system/CodeIgniter.php(404): CodeIgniter\CodeIgniter->runController(Object(App\Controllers\Eventos))
#10 /home/crfsp010/public_html/eventos/system/CodeIgniter.php(312): CodeIgniter\CodeIgniter->handleRequest(NULL, Object(Config\Cache), false)
#11 /home/crfsp010/public_html/eventos/index.php(47): CodeIgniter\CodeIgniter->run()
#12 {main}
ERROR - 2021-10-06 20:02:24 --> mysqli_sql_exception: In aggregated query without GROUP BY, expression #1 of SELECT list contains nonaggregated column 'crfsp010_eventos.atividade_evento.id'; this is incompatible with sql_mode=only_full_group_by in /home/crfsp010/public_html/eventos/system/Database/MySQLi/Connection.php:331
Stack trace:
#0 /home/crfsp010/public_html/eventos/system/Database/MySQLi/Connection.php(331): mysqli->query('SELECT *, SUM(H...')
#1 /home/crfsp010/public_html/eventos/system/Database/BaseConnection.php(741): CodeIgniter\Database\MySQLi\Connection->execute('SELECT *, SUM(H...')
#2 /home/crfsp010/public_html/eventos/system/Database/BaseConnection.php(669): CodeIgniter\Database\BaseConnection->simpleQuery('SELECT *, SUM(H...')
#3 /home/crfsp010/public_html/eventos/system/Database/BaseBuilder.php(1860): CodeIgniter\Database\BaseConnection->query('SELECT *, SUM(H...', Array, false)
#4 /home/crfsp010/public_html/eventos/system/Model.php(506): CodeIgniter\Database\BaseBuilder->get()
#5 /home/crfsp010/public_html/eventos/app/Models/AtividadeModel.php(89): CodeIgniter\Model->first()
#6 /home/crfsp010/public_html/eventos/app/Controllers/PdfController.php(79): App\Models\AtividadeModel->horasEvento('8')
#7 /home/crfsp010/public_html/eventos/app/Controllers/Eventos.php(111): App\Controllers\PdfController->gerarCertificado(Array)
#8 /home/crfsp010/public_html/eventos/system/CodeIgniter.php(918): App\Controllers\Eventos->gerarCertificado('8')
#9 /home/crfsp010/public_html/eventos/system/CodeIgniter.php(404): CodeIgniter\CodeIgniter->runController(Object(App\Controllers\Eventos))
#10 /home/crfsp010/public_html/eventos/system/CodeIgniter.php(312): CodeIgniter\CodeIgniter->handleRequest(NULL, Object(Config\Cache), false)
#11 /home/crfsp010/public_html/eventos/index.php(47): CodeIgniter\CodeIgniter->run()
#12 {main}
ERROR - 2021-10-06 20:15:44 --> mysqli_sql_exception: In aggregated query without GROUP BY, expression #1 of SELECT list contains nonaggregated column 'crfsp010_eventos.atividade_evento.id'; this is incompatible with sql_mode=only_full_group_by in /home/crfsp010/public_html/eventos/system/Database/MySQLi/Connection.php:331
Stack trace:
#0 /home/crfsp010/public_html/eventos/system/Database/MySQLi/Connection.php(331): mysqli->query('SELECT *, SUM(H...')
#1 /home/crfsp010/public_html/eventos/system/Database/BaseConnection.php(741): CodeIgniter\Database\MySQLi\Connection->execute('SELECT *, SUM(H...')
#2 /home/crfsp010/public_html/eventos/system/Database/BaseConnection.php(669): CodeIgniter\Database\BaseConnection->simpleQuery('SELECT *, SUM(H...')
#3 /home/crfsp010/public_html/eventos/system/Database/BaseBuilder.php(1860): CodeIgniter\Database\BaseConnection->query('SELECT *, SUM(H...', Array, false)
#4 /home/crfsp010/public_html/eventos/system/Model.php(506): CodeIgniter\Database\BaseBuilder->get()
#5 /home/crfsp010/public_html/eventos/app/Models/AtividadeModel.php(89): CodeIgniter\Model->first()
#6 /home/crfsp010/public_html/eventos/app/Controllers/PdfController.php(79): App\Models\AtividadeModel->horasEvento('10')
#7 /home/crfsp010/public_html/eventos/app/Controllers/Eventos.php(111): App\Controllers\PdfController->gerarCertificado(Array)
#8 /home/crfsp010/public_html/eventos/system/CodeIgniter.php(918): App\Controllers\Eventos->gerarCertificado('10')
#9 /home/crfsp010/public_html/eventos/system/CodeIgniter.php(404): CodeIgniter\CodeIgniter->runController(Object(App\Controllers\Eventos))
#10 /home/crfsp010/public_html/eventos/system/CodeIgniter.php(312): CodeIgniter\CodeIgniter->handleRequest(NULL, Object(Config\Cache), false)
#11 /home/crfsp010/public_html/eventos/index.php(47): CodeIgniter\CodeIgniter->run()
#12 {main}
ERROR - 2021-10-06 21:28:12 --> mysqli_sql_exception: In aggregated query without GROUP BY, expression #1 of SELECT list contains nonaggregated column 'crfsp010_eventos.atividade_evento.id'; this is incompatible with sql_mode=only_full_group_by in /home/crfsp010/public_html/eventos/system/Database/MySQLi/Connection.php:331
Stack trace:
#0 /home/crfsp010/public_html/eventos/system/Database/MySQLi/Connection.php(331): mysqli->query('SELECT *, SUM(H...')
#1 /home/crfsp010/public_html/eventos/system/Database/BaseConnection.php(741): CodeIgniter\Database\MySQLi\Connection->execute('SELECT *, SUM(H...')
#2 /home/crfsp010/public_html/eventos/system/Database/BaseConnection.php(669): CodeIgniter\Database\BaseConnection->simpleQuery('SELECT *, SUM(H...')
#3 /home/crfsp010/public_html/eventos/system/Database/BaseBuilder.php(1860): CodeIgniter\Database\BaseConnection->query('SELECT *, SUM(H...', Array, false)
#4 /home/crfsp010/public_html/eventos/system/Model.php(506): CodeIgniter\Database\BaseBuilder->get()
#5 /home/crfsp010/public_html/eventos/app/Models/AtividadeModel.php(89): CodeIgniter\Model->first()
#6 /home/crfsp010/public_html/eventos/app/Controllers/PdfController.php(79): App\Models\AtividadeModel->horasEvento('8')
#7 /home/crfsp010/public_html/eventos/app/Controllers/Eventos.php(111): App\Controllers\PdfController->gerarCertificado(Array)
#8 /home/crfsp010/public_html/eventos/system/CodeIgniter.php(918): App\Controllers\Eventos->gerarCertificado('8')
#9 /home/crfsp010/public_html/eventos/system/CodeIgniter.php(404): CodeIgniter\CodeIgniter->runController(Object(App\Controllers\Eventos))
#10 /home/crfsp010/public_html/eventos/system/CodeIgniter.php(312): CodeIgniter\CodeIgniter->handleRequest(NULL, Object(Config\Cache), false)
#11 /home/crfsp010/public_html/eventos/index.php(47): CodeIgniter\CodeIgniter->run()
#12 {main}
