CRITICAL - 2022-01-17 00:52:12 --> Undefined offset: 0
#0 /home/crfsp010/public_html/eventos/app/Controllers/Users.php(369): CodeIgniter\Debug\Exceptions->errorHandler(8, 'Undefined offse...', '/home/crfsp010/...', 369, Array)
#1 /home/crfsp010/public_html/eventos/system/CodeIgniter.php(918): App\Controllers\Users->recuperacaoSenha()
#2 /home/crfsp010/public_html/eventos/system/CodeIgniter.php(404): CodeIgniter\CodeIgniter->runController(Object(App\Controllers\Users))
#3 /home/crfsp010/public_html/eventos/system/CodeIgniter.php(312): CodeIgniter\CodeIgniter->handleRequest(NULL, Object(Config\Cache), false)
#4 /home/crfsp010/public_html/eventos/index.php(47): CodeIgniter\CodeIgniter->run()
#5 {main}
CRITICAL - 2022-01-17 08:24:16 --> Undefined offset: 0
#0 /home/crfsp010/public_html/eventos/app/Controllers/Users.php(369): CodeIgniter\Debug\Exceptions->errorHandler(8, 'Undefined offse...', '/home/crfsp010/...', 369, Array)
#1 /home/crfsp010/public_html/eventos/system/CodeIgniter.php(918): App\Controllers\Users->recuperacaoSenha()
#2 /home/crfsp010/public_html/eventos/system/CodeIgniter.php(404): CodeIgniter\CodeIgniter->runController(Object(App\Controllers\Users))
#3 /home/crfsp010/public_html/eventos/system/CodeIgniter.php(312): CodeIgniter\CodeIgniter->handleRequest(NULL, Object(Config\Cache), false)
#4 /home/crfsp010/public_html/eventos/index.php(47): CodeIgniter\CodeIgniter->run()
#5 {main}
CRITICAL - 2022-01-17 08:27:52 --> Undefined offset: 0
#0 /home/crfsp010/public_html/eventos/app/Controllers/Users.php(369): CodeIgniter\Debug\Exceptions->errorHandler(8, 'Undefined offse...', '/home/crfsp010/...', 369, Array)
#1 /home/crfsp010/public_html/eventos/system/CodeIgniter.php(918): App\Controllers\Users->recuperacaoSenha()
#2 /home/crfsp010/public_html/eventos/system/CodeIgniter.php(404): CodeIgniter\CodeIgniter->runController(Object(App\Controllers\Users))
#3 /home/crfsp010/public_html/eventos/system/CodeIgniter.php(312): CodeIgniter\CodeIgniter->handleRequest(NULL, Object(Config\Cache), false)
#4 /home/crfsp010/public_html/eventos/index.php(47): CodeIgniter\CodeIgniter->run()
#5 {main}
CRITICAL - 2022-01-17 08:28:19 --> Undefined offset: 0
#0 /home/crfsp010/public_html/eventos/app/Controllers/Users.php(369): CodeIgniter\Debug\Exceptions->errorHandler(8, 'Undefined offse...', '/home/crfsp010/...', 369, Array)
#1 /home/crfsp010/public_html/eventos/system/CodeIgniter.php(918): App\Controllers\Users->recuperacaoSenha()
#2 /home/crfsp010/public_html/eventos/system/CodeIgniter.php(404): CodeIgniter\CodeIgniter->runController(Object(App\Controllers\Users))
#3 /home/crfsp010/public_html/eventos/system/CodeIgniter.php(312): CodeIgniter\CodeIgniter->handleRequest(NULL, Object(Config\Cache), false)
#4 /home/crfsp010/public_html/eventos/index.php(47): CodeIgniter\CodeIgniter->run()
#5 {main}
CRITICAL - 2022-01-17 08:29:29 --> Undefined offset: 0
#0 /home/crfsp010/public_html/eventos/app/Controllers/Users.php(369): CodeIgniter\Debug\Exceptions->errorHandler(8, 'Undefined offse...', '/home/crfsp010/...', 369, Array)
#1 /home/crfsp010/public_html/eventos/system/CodeIgniter.php(918): App\Controllers\Users->recuperacaoSenha()
#2 /home/crfsp010/public_html/eventos/system/CodeIgniter.php(404): CodeIgniter\CodeIgniter->runController(Object(App\Controllers\Users))
#3 /home/crfsp010/public_html/eventos/system/CodeIgniter.php(312): CodeIgniter\CodeIgniter->handleRequest(NULL, Object(Config\Cache), false)
#4 /home/crfsp010/public_html/eventos/index.php(47): CodeIgniter\CodeIgniter->run()
#5 {main}
CRITICAL - 2022-01-17 09:49:12 --> Undefined offset: 0
#0 /home/crfsp010/public_html/eventos/app/Controllers/Users.php(369): CodeIgniter\Debug\Exceptions->errorHandler(8, 'Undefined offse...', '/home/crfsp010/...', 369, Array)
#1 /home/crfsp010/public_html/eventos/system/CodeIgniter.php(918): App\Controllers\Users->recuperacaoSenha()
#2 /home/crfsp010/public_html/eventos/system/CodeIgniter.php(404): CodeIgniter\CodeIgniter->runController(Object(App\Controllers\Users))
#3 /home/crfsp010/public_html/eventos/system/CodeIgniter.php(312): CodeIgniter\CodeIgniter->handleRequest(NULL, Object(Config\Cache), false)
#4 /home/crfsp010/public_html/eventos/index.php(47): CodeIgniter\CodeIgniter->run()
#5 {main}
CRITICAL - 2022-01-17 09:52:23 --> Undefined offset: 0
#0 /home/crfsp010/public_html/eventos/app/Controllers/Users.php(369): CodeIgniter\Debug\Exceptions->errorHandler(8, 'Undefined offse...', '/home/crfsp010/...', 369, Array)
#1 /home/crfsp010/public_html/eventos/system/CodeIgniter.php(918): App\Controllers\Users->recuperacaoSenha()
#2 /home/crfsp010/public_html/eventos/system/CodeIgniter.php(404): CodeIgniter\CodeIgniter->runController(Object(App\Controllers\Users))
#3 /home/crfsp010/public_html/eventos/system/CodeIgniter.php(312): CodeIgniter\CodeIgniter->handleRequest(NULL, Object(Config\Cache), false)
#4 /home/crfsp010/public_html/eventos/index.php(47): CodeIgniter\CodeIgniter->run()
#5 {main}
CRITICAL - 2022-01-17 09:57:32 --> Undefined offset: 0
#0 /home/crfsp010/public_html/eventos/app/Controllers/Users.php(369): CodeIgniter\Debug\Exceptions->errorHandler(8, 'Undefined offse...', '/home/crfsp010/...', 369, Array)
#1 /home/crfsp010/public_html/eventos/system/CodeIgniter.php(918): App\Controllers\Users->recuperacaoSenha()
#2 /home/crfsp010/public_html/eventos/system/CodeIgniter.php(404): CodeIgniter\CodeIgniter->runController(Object(App\Controllers\Users))
#3 /home/crfsp010/public_html/eventos/system/CodeIgniter.php(312): CodeIgniter\CodeIgniter->handleRequest(NULL, Object(Config\Cache), false)
#4 /home/crfsp010/public_html/eventos/index.php(47): CodeIgniter\CodeIgniter->run()
#5 {main}
CRITICAL - 2022-01-17 10:24:18 --> Undefined offset: 0
#0 /home/crfsp010/public_html/eventos/app/Controllers/Users.php(369): CodeIgniter\Debug\Exceptions->errorHandler(8, 'Undefined offse...', '/home/crfsp010/...', 369, Array)
#1 /home/crfsp010/public_html/eventos/system/CodeIgniter.php(918): App\Controllers\Users->recuperacaoSenha()
#2 /home/crfsp010/public_html/eventos/system/CodeIgniter.php(404): CodeIgniter\CodeIgniter->runController(Object(App\Controllers\Users))
#3 /home/crfsp010/public_html/eventos/system/CodeIgniter.php(312): CodeIgniter\CodeIgniter->handleRequest(NULL, Object(Config\Cache), false)
#4 /home/crfsp010/public_html/eventos/index.php(47): CodeIgniter\CodeIgniter->run()
#5 {main}
CRITICAL - 2022-01-17 10:24:29 --> Undefined offset: 0
#0 /home/crfsp010/public_html/eventos/app/Controllers/Users.php(369): CodeIgniter\Debug\Exceptions->errorHandler(8, 'Undefined offse...', '/home/crfsp010/...', 369, Array)
#1 /home/crfsp010/public_html/eventos/system/CodeIgniter.php(918): App\Controllers\Users->recuperacaoSenha()
#2 /home/crfsp010/public_html/eventos/system/CodeIgniter.php(404): CodeIgniter\CodeIgniter->runController(Object(App\Controllers\Users))
#3 /home/crfsp010/public_html/eventos/system/CodeIgniter.php(312): CodeIgniter\CodeIgniter->handleRequest(NULL, Object(Config\Cache), false)
#4 /home/crfsp010/public_html/eventos/index.php(47): CodeIgniter\CodeIgniter->run()
#5 {main}
CRITICAL - 2022-01-17 10:24:42 --> Undefined offset: 0
#0 /home/crfsp010/public_html/eventos/app/Controllers/Users.php(369): CodeIgniter\Debug\Exceptions->errorHandler(8, 'Undefined offse...', '/home/crfsp010/...', 369, Array)
#1 /home/crfsp010/public_html/eventos/system/CodeIgniter.php(918): App\Controllers\Users->recuperacaoSenha()
#2 /home/crfsp010/public_html/eventos/system/CodeIgniter.php(404): CodeIgniter\CodeIgniter->runController(Object(App\Controllers\Users))
#3 /home/crfsp010/public_html/eventos/system/CodeIgniter.php(312): CodeIgniter\CodeIgniter->handleRequest(NULL, Object(Config\Cache), false)
#4 /home/crfsp010/public_html/eventos/index.php(47): CodeIgniter\CodeIgniter->run()
#5 {main}
CRITICAL - 2022-01-17 10:30:59 --> unlink(/home/crfsp010/public_html/eventos/writable/debugbar/debugbar_1642425920.json): No such file or directory
#0 [internal function]: CodeIgniter\Debug\Exceptions->errorHandler(2, 'unlink(/home/cr...', '/home/crfsp010/...', 106, Array)
#1 /home/crfsp010/public_html/eventos/system/Debug/Toolbar/Collectors/History.php(106): unlink('/home/crfsp010/...')
#2 /home/crfsp010/public_html/eventos/system/Debug/Toolbar.php(483): CodeIgniter\Debug\Toolbar\Collectors\History->setFiles(1642426259, 20)
#3 /home/crfsp010/public_html/eventos/system/Debug/Toolbar.php(455): CodeIgniter\Debug\Toolbar->format(Array, 'html')
#4 /home/crfsp010/public_html/eventos/app/Config/Events.php(50): CodeIgniter\Debug\Toolbar->respond()
#5 [internal function]: CodeIgniter\Events\Events::Config\{closure}()
#6 /home/crfsp010/public_html/eventos/system/Events/Events.php(188): call_user_func(Object(Closure))
#7 /home/crfsp010/public_html/eventos/system/CodeIgniter.php(293): CodeIgniter\Events\Events::trigger('pre_system')
#8 /home/crfsp010/public_html/eventos/index.php(47): CodeIgniter\CodeIgniter->run()
#9 {main}
CRITICAL - 2022-01-17 10:31:05 --> Undefined offset: 0
#0 /home/crfsp010/public_html/eventos/app/Controllers/Users.php(369): CodeIgniter\Debug\Exceptions->errorHandler(8, 'Undefined offse...', '/home/crfsp010/...', 369, Array)
#1 /home/crfsp010/public_html/eventos/system/CodeIgniter.php(918): App\Controllers\Users->recuperacaoSenha()
#2 /home/crfsp010/public_html/eventos/system/CodeIgniter.php(404): CodeIgniter\CodeIgniter->runController(Object(App\Controllers\Users))
#3 /home/crfsp010/public_html/eventos/system/CodeIgniter.php(312): CodeIgniter\CodeIgniter->handleRequest(NULL, Object(Config\Cache), false)
#4 /home/crfsp010/public_html/eventos/index.php(47): CodeIgniter\CodeIgniter->run()
#5 {main}
CRITICAL - 2022-01-17 10:34:06 --> Undefined offset: 0
#0 /home/crfsp010/public_html/eventos/app/Controllers/Users.php(369): CodeIgniter\Debug\Exceptions->errorHandler(8, 'Undefined offse...', '/home/crfsp010/...', 369, Array)
#1 /home/crfsp010/public_html/eventos/system/CodeIgniter.php(918): App\Controllers\Users->recuperacaoSenha()
#2 /home/crfsp010/public_html/eventos/system/CodeIgniter.php(404): CodeIgniter\CodeIgniter->runController(Object(App\Controllers\Users))
#3 /home/crfsp010/public_html/eventos/system/CodeIgniter.php(312): CodeIgniter\CodeIgniter->handleRequest(NULL, Object(Config\Cache), false)
#4 /home/crfsp010/public_html/eventos/index.php(47): CodeIgniter\CodeIgniter->run()
#5 {main}
CRITICAL - 2022-01-17 11:42:28 --> Undefined offset: 0
#0 /home/crfsp010/public_html/eventos/app/Controllers/Users.php(369): CodeIgniter\Debug\Exceptions->errorHandler(8, 'Undefined offse...', '/home/crfsp010/...', 369, Array)
#1 /home/crfsp010/public_html/eventos/system/CodeIgniter.php(918): App\Controllers\Users->recuperacaoSenha()
#2 /home/crfsp010/public_html/eventos/system/CodeIgniter.php(404): CodeIgniter\CodeIgniter->runController(Object(App\Controllers\Users))
#3 /home/crfsp010/public_html/eventos/system/CodeIgniter.php(312): CodeIgniter\CodeIgniter->handleRequest(NULL, Object(Config\Cache), false)
#4 /home/crfsp010/public_html/eventos/index.php(47): CodeIgniter\CodeIgniter->run()
#5 {main}
CRITICAL - 2022-01-17 12:01:45 --> Undefined offset: 0
#0 /home/crfsp010/public_html/eventos/app/Controllers/Users.php(369): CodeIgniter\Debug\Exceptions->errorHandler(8, 'Undefined offse...', '/home/crfsp010/...', 369, Array)
#1 /home/crfsp010/public_html/eventos/system/CodeIgniter.php(918): App\Controllers\Users->recuperacaoSenha()
#2 /home/crfsp010/public_html/eventos/system/CodeIgniter.php(404): CodeIgniter\CodeIgniter->runController(Object(App\Controllers\Users))
#3 /home/crfsp010/public_html/eventos/system/CodeIgniter.php(312): CodeIgniter\CodeIgniter->handleRequest(NULL, Object(Config\Cache), false)
#4 /home/crfsp010/public_html/eventos/index.php(47): CodeIgniter\CodeIgniter->run()
#5 {main}
CRITICAL - 2022-01-17 12:46:58 --> Undefined offset: 0
#0 /home/crfsp010/public_html/eventos/app/Controllers/Users.php(369): CodeIgniter\Debug\Exceptions->errorHandler(8, 'Undefined offse...', '/home/crfsp010/...', 369, Array)
#1 /home/crfsp010/public_html/eventos/system/CodeIgniter.php(918): App\Controllers\Users->recuperacaoSenha()
#2 /home/crfsp010/public_html/eventos/system/CodeIgniter.php(404): CodeIgniter\CodeIgniter->runController(Object(App\Controllers\Users))
#3 /home/crfsp010/public_html/eventos/system/CodeIgniter.php(312): CodeIgniter\CodeIgniter->handleRequest(NULL, Object(Config\Cache), false)
#4 /home/crfsp010/public_html/eventos/index.php(47): CodeIgniter\CodeIgniter->run()
#5 {main}
CRITICAL - 2022-01-17 12:47:04 --> Undefined offset: 0
#0 /home/crfsp010/public_html/eventos/app/Controllers/Users.php(369): CodeIgniter\Debug\Exceptions->errorHandler(8, 'Undefined offse...', '/home/crfsp010/...', 369, Array)
#1 /home/crfsp010/public_html/eventos/system/CodeIgniter.php(918): App\Controllers\Users->recuperacaoSenha()
#2 /home/crfsp010/public_html/eventos/system/CodeIgniter.php(404): CodeIgniter\CodeIgniter->runController(Object(App\Controllers\Users))
#3 /home/crfsp010/public_html/eventos/system/CodeIgniter.php(312): CodeIgniter\CodeIgniter->handleRequest(NULL, Object(Config\Cache), false)
#4 /home/crfsp010/public_html/eventos/index.php(47): CodeIgniter\CodeIgniter->run()
#5 {main}
CRITICAL - 2022-01-17 12:50:03 --> Undefined offset: 0
#0 /home/crfsp010/public_html/eventos/app/Controllers/Users.php(369): CodeIgniter\Debug\Exceptions->errorHandler(8, 'Undefined offse...', '/home/crfsp010/...', 369, Array)
#1 /home/crfsp010/public_html/eventos/system/CodeIgniter.php(918): App\Controllers\Users->recuperacaoSenha()
#2 /home/crfsp010/public_html/eventos/system/CodeIgniter.php(404): CodeIgniter\CodeIgniter->runController(Object(App\Controllers\Users))
#3 /home/crfsp010/public_html/eventos/system/CodeIgniter.php(312): CodeIgniter\CodeIgniter->handleRequest(NULL, Object(Config\Cache), false)
#4 /home/crfsp010/public_html/eventos/index.php(47): CodeIgniter\CodeIgniter->run()
#5 {main}
CRITICAL - 2022-01-17 12:59:31 --> Undefined offset: 0
#0 /home/crfsp010/public_html/eventos/app/Controllers/Users.php(369): CodeIgniter\Debug\Exceptions->errorHandler(8, 'Undefined offse...', '/home/crfsp010/...', 369, Array)
#1 /home/crfsp010/public_html/eventos/system/CodeIgniter.php(918): App\Controllers\Users->recuperacaoSenha()
#2 /home/crfsp010/public_html/eventos/system/CodeIgniter.php(404): CodeIgniter\CodeIgniter->runController(Object(App\Controllers\Users))
#3 /home/crfsp010/public_html/eventos/system/CodeIgniter.php(312): CodeIgniter\CodeIgniter->handleRequest(NULL, Object(Config\Cache), false)
#4 /home/crfsp010/public_html/eventos/index.php(47): CodeIgniter\CodeIgniter->run()
#5 {main}
CRITICAL - 2022-01-17 12:59:36 --> Undefined offset: 0
#0 /home/crfsp010/public_html/eventos/app/Controllers/Users.php(369): CodeIgniter\Debug\Exceptions->errorHandler(8, 'Undefined offse...', '/home/crfsp010/...', 369, Array)
#1 /home/crfsp010/public_html/eventos/system/CodeIgniter.php(918): App\Controllers\Users->recuperacaoSenha()
#2 /home/crfsp010/public_html/eventos/system/CodeIgniter.php(404): CodeIgniter\CodeIgniter->runController(Object(App\Controllers\Users))
#3 /home/crfsp010/public_html/eventos/system/CodeIgniter.php(312): CodeIgniter\CodeIgniter->handleRequest(NULL, Object(Config\Cache), false)
#4 /home/crfsp010/public_html/eventos/index.php(47): CodeIgniter\CodeIgniter->run()
#5 {main}
CRITICAL - 2022-01-17 13:12:18 --> Undefined offset: 0
#0 /home/crfsp010/public_html/eventos/app/Controllers/Users.php(369): CodeIgniter\Debug\Exceptions->errorHandler(8, 'Undefined offse...', '/home/crfsp010/...', 369, Array)
#1 /home/crfsp010/public_html/eventos/system/CodeIgniter.php(918): App\Controllers\Users->recuperacaoSenha()
#2 /home/crfsp010/public_html/eventos/system/CodeIgniter.php(404): CodeIgniter\CodeIgniter->runController(Object(App\Controllers\Users))
#3 /home/crfsp010/public_html/eventos/system/CodeIgniter.php(312): CodeIgniter\CodeIgniter->handleRequest(NULL, Object(Config\Cache), false)
#4 /home/crfsp010/public_html/eventos/index.php(47): CodeIgniter\CodeIgniter->run()
#5 {main}
CRITICAL - 2022-01-17 13:13:08 --> Undefined offset: 0
#0 /home/crfsp010/public_html/eventos/app/Controllers/Users.php(369): CodeIgniter\Debug\Exceptions->errorHandler(8, 'Undefined offse...', '/home/crfsp010/...', 369, Array)
#1 /home/crfsp010/public_html/eventos/system/CodeIgniter.php(918): App\Controllers\Users->recuperacaoSenha()
#2 /home/crfsp010/public_html/eventos/system/CodeIgniter.php(404): CodeIgniter\CodeIgniter->runController(Object(App\Controllers\Users))
#3 /home/crfsp010/public_html/eventos/system/CodeIgniter.php(312): CodeIgniter\CodeIgniter->handleRequest(NULL, Object(Config\Cache), false)
#4 /home/crfsp010/public_html/eventos/index.php(47): CodeIgniter\CodeIgniter->run()
#5 {main}
CRITICAL - 2022-01-17 13:13:30 --> Undefined offset: 0
#0 /home/crfsp010/public_html/eventos/app/Controllers/Users.php(369): CodeIgniter\Debug\Exceptions->errorHandler(8, 'Undefined offse...', '/home/crfsp010/...', 369, Array)
#1 /home/crfsp010/public_html/eventos/system/CodeIgniter.php(918): App\Controllers\Users->recuperacaoSenha()
#2 /home/crfsp010/public_html/eventos/system/CodeIgniter.php(404): CodeIgniter\CodeIgniter->runController(Object(App\Controllers\Users))
#3 /home/crfsp010/public_html/eventos/system/CodeIgniter.php(312): CodeIgniter\CodeIgniter->handleRequest(NULL, Object(Config\Cache), false)
#4 /home/crfsp010/public_html/eventos/index.php(47): CodeIgniter\CodeIgniter->run()
#5 {main}
CRITICAL - 2022-01-17 13:13:33 --> Undefined offset: 0
#0 /home/crfsp010/public_html/eventos/app/Controllers/Users.php(369): CodeIgniter\Debug\Exceptions->errorHandler(8, 'Undefined offse...', '/home/crfsp010/...', 369, Array)
#1 /home/crfsp010/public_html/eventos/system/CodeIgniter.php(918): App\Controllers\Users->recuperacaoSenha()
#2 /home/crfsp010/public_html/eventos/system/CodeIgniter.php(404): CodeIgniter\CodeIgniter->runController(Object(App\Controllers\Users))
#3 /home/crfsp010/public_html/eventos/system/CodeIgniter.php(312): CodeIgniter\CodeIgniter->handleRequest(NULL, Object(Config\Cache), false)
#4 /home/crfsp010/public_html/eventos/index.php(47): CodeIgniter\CodeIgniter->run()
#5 {main}
CRITICAL - 2022-01-17 13:13:48 --> Undefined offset: 0
#0 /home/crfsp010/public_html/eventos/app/Controllers/Users.php(369): CodeIgniter\Debug\Exceptions->errorHandler(8, 'Undefined offse...', '/home/crfsp010/...', 369, Array)
#1 /home/crfsp010/public_html/eventos/system/CodeIgniter.php(918): App\Controllers\Users->recuperacaoSenha()
#2 /home/crfsp010/public_html/eventos/system/CodeIgniter.php(404): CodeIgniter\CodeIgniter->runController(Object(App\Controllers\Users))
#3 /home/crfsp010/public_html/eventos/system/CodeIgniter.php(312): CodeIgniter\CodeIgniter->handleRequest(NULL, Object(Config\Cache), false)
#4 /home/crfsp010/public_html/eventos/index.php(47): CodeIgniter\CodeIgniter->run()
#5 {main}
CRITICAL - 2022-01-17 13:13:48 --> Undefined offset: 0
#0 /home/crfsp010/public_html/eventos/app/Controllers/Users.php(369): CodeIgniter\Debug\Exceptions->errorHandler(8, 'Undefined offse...', '/home/crfsp010/...', 369, Array)
#1 /home/crfsp010/public_html/eventos/system/CodeIgniter.php(918): App\Controllers\Users->recuperacaoSenha()
#2 /home/crfsp010/public_html/eventos/system/CodeIgniter.php(404): CodeIgniter\CodeIgniter->runController(Object(App\Controllers\Users))
#3 /home/crfsp010/public_html/eventos/system/CodeIgniter.php(312): CodeIgniter\CodeIgniter->handleRequest(NULL, Object(Config\Cache), false)
#4 /home/crfsp010/public_html/eventos/index.php(47): CodeIgniter\CodeIgniter->run()
#5 {main}
CRITICAL - 2022-01-17 13:14:06 --> Undefined offset: 0
#0 /home/crfsp010/public_html/eventos/app/Controllers/Users.php(369): CodeIgniter\Debug\Exceptions->errorHandler(8, 'Undefined offse...', '/home/crfsp010/...', 369, Array)
#1 /home/crfsp010/public_html/eventos/system/CodeIgniter.php(918): App\Controllers\Users->recuperacaoSenha()
#2 /home/crfsp010/public_html/eventos/system/CodeIgniter.php(404): CodeIgniter\CodeIgniter->runController(Object(App\Controllers\Users))
#3 /home/crfsp010/public_html/eventos/system/CodeIgniter.php(312): CodeIgniter\CodeIgniter->handleRequest(NULL, Object(Config\Cache), false)
#4 /home/crfsp010/public_html/eventos/index.php(47): CodeIgniter\CodeIgniter->run()
#5 {main}
CRITICAL - 2022-01-17 13:19:14 --> Undefined offset: 0
#0 /home/crfsp010/public_html/eventos/app/Controllers/Users.php(369): CodeIgniter\Debug\Exceptions->errorHandler(8, 'Undefined offse...', '/home/crfsp010/...', 369, Array)
#1 /home/crfsp010/public_html/eventos/system/CodeIgniter.php(918): App\Controllers\Users->recuperacaoSenha()
#2 /home/crfsp010/public_html/eventos/system/CodeIgniter.php(404): CodeIgniter\CodeIgniter->runController(Object(App\Controllers\Users))
#3 /home/crfsp010/public_html/eventos/system/CodeIgniter.php(312): CodeIgniter\CodeIgniter->handleRequest(NULL, Object(Config\Cache), false)
#4 /home/crfsp010/public_html/eventos/index.php(47): CodeIgniter\CodeIgniter->run()
#5 {main}
CRITICAL - 2022-01-17 13:19:31 --> Undefined offset: 0
#0 /home/crfsp010/public_html/eventos/app/Controllers/Users.php(369): CodeIgniter\Debug\Exceptions->errorHandler(8, 'Undefined offse...', '/home/crfsp010/...', 369, Array)
#1 /home/crfsp010/public_html/eventos/system/CodeIgniter.php(918): App\Controllers\Users->recuperacaoSenha()
#2 /home/crfsp010/public_html/eventos/system/CodeIgniter.php(404): CodeIgniter\CodeIgniter->runController(Object(App\Controllers\Users))
#3 /home/crfsp010/public_html/eventos/system/CodeIgniter.php(312): CodeIgniter\CodeIgniter->handleRequest(NULL, Object(Config\Cache), false)
#4 /home/crfsp010/public_html/eventos/index.php(47): CodeIgniter\CodeIgniter->run()
#5 {main}
CRITICAL - 2022-01-17 13:20:09 --> Undefined offset: 0
#0 /home/crfsp010/public_html/eventos/app/Controllers/Users.php(369): CodeIgniter\Debug\Exceptions->errorHandler(8, 'Undefined offse...', '/home/crfsp010/...', 369, Array)
#1 /home/crfsp010/public_html/eventos/system/CodeIgniter.php(918): App\Controllers\Users->recuperacaoSenha()
#2 /home/crfsp010/public_html/eventos/system/CodeIgniter.php(404): CodeIgniter\CodeIgniter->runController(Object(App\Controllers\Users))
#3 /home/crfsp010/public_html/eventos/system/CodeIgniter.php(312): CodeIgniter\CodeIgniter->handleRequest(NULL, Object(Config\Cache), false)
#4 /home/crfsp010/public_html/eventos/index.php(47): CodeIgniter\CodeIgniter->run()
#5 {main}
CRITICAL - 2022-01-17 13:23:55 --> unlink(/home/crfsp010/public_html/eventos/writable/debugbar/debugbar_1642436527.json): No such file or directory
#0 [internal function]: CodeIgniter\Debug\Exceptions->errorHandler(2, 'unlink(/home/cr...', '/home/crfsp010/...', 106, Array)
#1 /home/crfsp010/public_html/eventos/system/Debug/Toolbar/Collectors/History.php(106): unlink('/home/crfsp010/...')
#2 /home/crfsp010/public_html/eventos/system/Debug/Toolbar.php(483): CodeIgniter\Debug\Toolbar\Collectors\History->setFiles(1642436634, 20)
#3 /home/crfsp010/public_html/eventos/system/Debug/Toolbar.php(455): CodeIgniter\Debug\Toolbar->format(Array, 'html')
#4 /home/crfsp010/public_html/eventos/app/Config/Events.php(50): CodeIgniter\Debug\Toolbar->respond()
#5 [internal function]: CodeIgniter\Events\Events::Config\{closure}()
#6 /home/crfsp010/public_html/eventos/system/Events/Events.php(188): call_user_func(Object(Closure))
#7 /home/crfsp010/public_html/eventos/system/CodeIgniter.php(293): CodeIgniter\Events\Events::trigger('pre_system')
#8 /home/crfsp010/public_html/eventos/index.php(47): CodeIgniter\CodeIgniter->run()
#9 {main}
CRITICAL - 2022-01-17 13:27:30 --> Undefined offset: 0
#0 /home/crfsp010/public_html/eventos/app/Controllers/Users.php(369): CodeIgniter\Debug\Exceptions->errorHandler(8, 'Undefined offse...', '/home/crfsp010/...', 369, Array)
#1 /home/crfsp010/public_html/eventos/system/CodeIgniter.php(918): App\Controllers\Users->recuperacaoSenha()
#2 /home/crfsp010/public_html/eventos/system/CodeIgniter.php(404): CodeIgniter\CodeIgniter->runController(Object(App\Controllers\Users))
#3 /home/crfsp010/public_html/eventos/system/CodeIgniter.php(312): CodeIgniter\CodeIgniter->handleRequest(NULL, Object(Config\Cache), false)
#4 /home/crfsp010/public_html/eventos/index.php(47): CodeIgniter\CodeIgniter->run()
#5 {main}
CRITICAL - 2022-01-17 13:27:31 --> Undefined offset: 0
#0 /home/crfsp010/public_html/eventos/app/Controllers/Users.php(369): CodeIgniter\Debug\Exceptions->errorHandler(8, 'Undefined offse...', '/home/crfsp010/...', 369, Array)
#1 /home/crfsp010/public_html/eventos/system/CodeIgniter.php(918): App\Controllers\Users->recuperacaoSenha()
#2 /home/crfsp010/public_html/eventos/system/CodeIgniter.php(404): CodeIgniter\CodeIgniter->runController(Object(App\Controllers\Users))
#3 /home/crfsp010/public_html/eventos/system/CodeIgniter.php(312): CodeIgniter\CodeIgniter->handleRequest(NULL, Object(Config\Cache), false)
#4 /home/crfsp010/public_html/eventos/index.php(47): CodeIgniter\CodeIgniter->run()
#5 {main}
CRITICAL - 2022-01-17 13:30:32 --> Undefined offset: 0
#0 /home/crfsp010/public_html/eventos/app/Controllers/Users.php(369): CodeIgniter\Debug\Exceptions->errorHandler(8, 'Undefined offse...', '/home/crfsp010/...', 369, Array)
#1 /home/crfsp010/public_html/eventos/system/CodeIgniter.php(918): App\Controllers\Users->recuperacaoSenha()
#2 /home/crfsp010/public_html/eventos/system/CodeIgniter.php(404): CodeIgniter\CodeIgniter->runController(Object(App\Controllers\Users))
#3 /home/crfsp010/public_html/eventos/system/CodeIgniter.php(312): CodeIgniter\CodeIgniter->handleRequest(NULL, Object(Config\Cache), false)
#4 /home/crfsp010/public_html/eventos/index.php(47): CodeIgniter\CodeIgniter->run()
#5 {main}
CRITICAL - 2022-01-17 13:36:58 --> unlink(/home/crfsp010/public_html/eventos/writable/debugbar/debugbar_1642437320.json): No such file or directory
#0 [internal function]: CodeIgniter\Debug\Exceptions->errorHandler(2, 'unlink(/home/cr...', '/home/crfsp010/...', 106, Array)
#1 /home/crfsp010/public_html/eventos/system/Debug/Toolbar/Collectors/History.php(106): unlink('/home/crfsp010/...')
#2 /home/crfsp010/public_html/eventos/system/Debug/Toolbar.php(483): CodeIgniter\Debug\Toolbar\Collectors\History->setFiles(1642437415, 20)
#3 /home/crfsp010/public_html/eventos/system/Debug/Toolbar.php(455): CodeIgniter\Debug\Toolbar->format(Array, 'html')
#4 /home/crfsp010/public_html/eventos/app/Config/Events.php(50): CodeIgniter\Debug\Toolbar->respond()
#5 [internal function]: CodeIgniter\Events\Events::Config\{closure}()
#6 /home/crfsp010/public_html/eventos/system/Events/Events.php(188): call_user_func(Object(Closure))
#7 /home/crfsp010/public_html/eventos/system/CodeIgniter.php(293): CodeIgniter\Events\Events::trigger('pre_system')
#8 /home/crfsp010/public_html/eventos/index.php(47): CodeIgniter\CodeIgniter->run()
#9 {main}
CRITICAL - 2022-01-17 13:37:57 --> unlink(/home/crfsp010/public_html/eventos/writable/debugbar/debugbar_1642437416.json): No such file or directory
#0 [internal function]: CodeIgniter\Debug\Exceptions->errorHandler(2, 'unlink(/home/cr...', '/home/crfsp010/...', 106, Array)
#1 /home/crfsp010/public_html/eventos/system/Debug/Toolbar/Collectors/History.php(106): unlink('/home/crfsp010/...')
#2 /home/crfsp010/public_html/eventos/system/Debug/Toolbar.php(483): CodeIgniter\Debug\Toolbar\Collectors\History->setFiles(1642437477, 20)
#3 /home/crfsp010/public_html/eventos/system/Debug/Toolbar.php(455): CodeIgniter\Debug\Toolbar->format(Array, 'html')
#4 /home/crfsp010/public_html/eventos/app/Config/Events.php(50): CodeIgniter\Debug\Toolbar->respond()
#5 [internal function]: CodeIgniter\Events\Events::Config\{closure}()
#6 /home/crfsp010/public_html/eventos/system/Events/Events.php(188): call_user_func(Object(Closure))
#7 /home/crfsp010/public_html/eventos/system/CodeIgniter.php(293): CodeIgniter\Events\Events::trigger('pre_system')
#8 /home/crfsp010/public_html/eventos/index.php(47): CodeIgniter\CodeIgniter->run()
#9 {main}
CRITICAL - 2022-01-17 13:38:35 --> Undefined offset: 0
#0 /home/crfsp010/public_html/eventos/app/Controllers/Users.php(369): CodeIgniter\Debug\Exceptions->errorHandler(8, 'Undefined offse...', '/home/crfsp010/...', 369, Array)
#1 /home/crfsp010/public_html/eventos/system/CodeIgniter.php(918): App\Controllers\Users->recuperacaoSenha()
#2 /home/crfsp010/public_html/eventos/system/CodeIgniter.php(404): CodeIgniter\CodeIgniter->runController(Object(App\Controllers\Users))
#3 /home/crfsp010/public_html/eventos/system/CodeIgniter.php(312): CodeIgniter\CodeIgniter->handleRequest(NULL, Object(Config\Cache), false)
#4 /home/crfsp010/public_html/eventos/index.php(47): CodeIgniter\CodeIgniter->run()
#5 {main}
CRITICAL - 2022-01-17 13:38:44 --> Undefined offset: 0
#0 /home/crfsp010/public_html/eventos/app/Controllers/Users.php(369): CodeIgniter\Debug\Exceptions->errorHandler(8, 'Undefined offse...', '/home/crfsp010/...', 369, Array)
#1 /home/crfsp010/public_html/eventos/system/CodeIgniter.php(918): App\Controllers\Users->recuperacaoSenha()
#2 /home/crfsp010/public_html/eventos/system/CodeIgniter.php(404): CodeIgniter\CodeIgniter->runController(Object(App\Controllers\Users))
#3 /home/crfsp010/public_html/eventos/system/CodeIgniter.php(312): CodeIgniter\CodeIgniter->handleRequest(NULL, Object(Config\Cache), false)
#4 /home/crfsp010/public_html/eventos/index.php(47): CodeIgniter\CodeIgniter->run()
#5 {main}
CRITICAL - 2022-01-17 13:39:11 --> Undefined offset: 0
#0 /home/crfsp010/public_html/eventos/app/Controllers/Users.php(369): CodeIgniter\Debug\Exceptions->errorHandler(8, 'Undefined offse...', '/home/crfsp010/...', 369, Array)
#1 /home/crfsp010/public_html/eventos/system/CodeIgniter.php(918): App\Controllers\Users->recuperacaoSenha()
#2 /home/crfsp010/public_html/eventos/system/CodeIgniter.php(404): CodeIgniter\CodeIgniter->runController(Object(App\Controllers\Users))
#3 /home/crfsp010/public_html/eventos/system/CodeIgniter.php(312): CodeIgniter\CodeIgniter->handleRequest(NULL, Object(Config\Cache), false)
#4 /home/crfsp010/public_html/eventos/index.php(47): CodeIgniter\CodeIgniter->run()
#5 {main}
CRITICAL - 2022-01-17 13:44:04 --> Undefined offset: 0
#0 /home/crfsp010/public_html/eventos/app/Controllers/Users.php(369): CodeIgniter\Debug\Exceptions->errorHandler(8, 'Undefined offse...', '/home/crfsp010/...', 369, Array)
#1 /home/crfsp010/public_html/eventos/system/CodeIgniter.php(918): App\Controllers\Users->recuperacaoSenha()
#2 /home/crfsp010/public_html/eventos/system/CodeIgniter.php(404): CodeIgniter\CodeIgniter->runController(Object(App\Controllers\Users))
#3 /home/crfsp010/public_html/eventos/system/CodeIgniter.php(312): CodeIgniter\CodeIgniter->handleRequest(NULL, Object(Config\Cache), false)
#4 /home/crfsp010/public_html/eventos/index.php(47): CodeIgniter\CodeIgniter->run()
#5 {main}
CRITICAL - 2022-01-17 13:44:13 --> Undefined offset: 0
#0 /home/crfsp010/public_html/eventos/app/Controllers/Users.php(369): CodeIgniter\Debug\Exceptions->errorHandler(8, 'Undefined offse...', '/home/crfsp010/...', 369, Array)
#1 /home/crfsp010/public_html/eventos/system/CodeIgniter.php(918): App\Controllers\Users->recuperacaoSenha()
#2 /home/crfsp010/public_html/eventos/system/CodeIgniter.php(404): CodeIgniter\CodeIgniter->runController(Object(App\Controllers\Users))
#3 /home/crfsp010/public_html/eventos/system/CodeIgniter.php(312): CodeIgniter\CodeIgniter->handleRequest(NULL, Object(Config\Cache), false)
#4 /home/crfsp010/public_html/eventos/index.php(47): CodeIgniter\CodeIgniter->run()
#5 {main}
CRITICAL - 2022-01-17 13:44:22 --> Undefined offset: 0
#0 /home/crfsp010/public_html/eventos/app/Controllers/Users.php(369): CodeIgniter\Debug\Exceptions->errorHandler(8, 'Undefined offse...', '/home/crfsp010/...', 369, Array)
#1 /home/crfsp010/public_html/eventos/system/CodeIgniter.php(918): App\Controllers\Users->recuperacaoSenha()
#2 /home/crfsp010/public_html/eventos/system/CodeIgniter.php(404): CodeIgniter\CodeIgniter->runController(Object(App\Controllers\Users))
#3 /home/crfsp010/public_html/eventos/system/CodeIgniter.php(312): CodeIgniter\CodeIgniter->handleRequest(NULL, Object(Config\Cache), false)
#4 /home/crfsp010/public_html/eventos/index.php(47): CodeIgniter\CodeIgniter->run()
#5 {main}
CRITICAL - 2022-01-17 13:44:41 --> Undefined offset: 0
#0 /home/crfsp010/public_html/eventos/app/Controllers/Users.php(369): CodeIgniter\Debug\Exceptions->errorHandler(8, 'Undefined offse...', '/home/crfsp010/...', 369, Array)
#1 /home/crfsp010/public_html/eventos/system/CodeIgniter.php(918): App\Controllers\Users->recuperacaoSenha()
#2 /home/crfsp010/public_html/eventos/system/CodeIgniter.php(404): CodeIgniter\CodeIgniter->runController(Object(App\Controllers\Users))
#3 /home/crfsp010/public_html/eventos/system/CodeIgniter.php(312): CodeIgniter\CodeIgniter->handleRequest(NULL, Object(Config\Cache), false)
#4 /home/crfsp010/public_html/eventos/index.php(47): CodeIgniter\CodeIgniter->run()
#5 {main}
CRITICAL - 2022-01-17 13:46:23 --> unlink(/home/crfsp010/public_html/eventos/writable/debugbar/debugbar_1642437859.json): No such file or directory
#0 [internal function]: CodeIgniter\Debug\Exceptions->errorHandler(2, 'unlink(/home/cr...', '/home/crfsp010/...', 106, Array)
#1 /home/crfsp010/public_html/eventos/system/Debug/Toolbar/Collectors/History.php(106): unlink('/home/crfsp010/...')
#2 /home/crfsp010/public_html/eventos/system/Debug/Toolbar.php(483): CodeIgniter\Debug\Toolbar\Collectors\History->setFiles(1642437981, 20)
#3 /home/crfsp010/public_html/eventos/system/Debug/Toolbar.php(455): CodeIgniter\Debug\Toolbar->format(Array, 'html')
#4 /home/crfsp010/public_html/eventos/app/Config/Events.php(50): CodeIgniter\Debug\Toolbar->respond()
#5 [internal function]: CodeIgniter\Events\Events::Config\{closure}()
#6 /home/crfsp010/public_html/eventos/system/Events/Events.php(188): call_user_func(Object(Closure))
#7 /home/crfsp010/public_html/eventos/system/CodeIgniter.php(293): CodeIgniter\Events\Events::trigger('pre_system')
#8 /home/crfsp010/public_html/eventos/index.php(47): CodeIgniter\CodeIgniter->run()
#9 {main}
CRITICAL - 2022-01-17 13:46:23 --> unlink(/home/crfsp010/public_html/eventos/writable/debugbar/debugbar_1642437859.json): No such file or directory
#0 [internal function]: CodeIgniter\Debug\Exceptions->errorHandler(2, 'unlink(/home/cr...', '/home/crfsp010/...', 106, Array)
#1 /home/crfsp010/public_html/eventos/system/Debug/Toolbar/Collectors/History.php(106): unlink('/home/crfsp010/...')
#2 /home/crfsp010/public_html/eventos/system/Debug/Toolbar.php(483): CodeIgniter\Debug\Toolbar\Collectors\History->setFiles(1642437981, 20)
#3 /home/crfsp010/public_html/eventos/system/Debug/Toolbar.php(455): CodeIgniter\Debug\Toolbar->format(Array, 'html')
#4 /home/crfsp010/public_html/eventos/app/Config/Events.php(50): CodeIgniter\Debug\Toolbar->respond()
#5 [internal function]: CodeIgniter\Events\Events::Config\{closure}()
#6 /home/crfsp010/public_html/eventos/system/Events/Events.php(188): call_user_func(Object(Closure))
#7 /home/crfsp010/public_html/eventos/system/CodeIgniter.php(293): CodeIgniter\Events\Events::trigger('pre_system')
#8 /home/crfsp010/public_html/eventos/index.php(47): CodeIgniter\CodeIgniter->run()
#9 {main}
CRITICAL - 2022-01-17 13:50:34 --> Undefined offset: 0
#0 /home/crfsp010/public_html/eventos/app/Controllers/Users.php(369): CodeIgniter\Debug\Exceptions->errorHandler(8, 'Undefined offse...', '/home/crfsp010/...', 369, Array)
#1 /home/crfsp010/public_html/eventos/system/CodeIgniter.php(918): App\Controllers\Users->recuperacaoSenha()
#2 /home/crfsp010/public_html/eventos/system/CodeIgniter.php(404): CodeIgniter\CodeIgniter->runController(Object(App\Controllers\Users))
#3 /home/crfsp010/public_html/eventos/system/CodeIgniter.php(312): CodeIgniter\CodeIgniter->handleRequest(NULL, Object(Config\Cache), false)
#4 /home/crfsp010/public_html/eventos/index.php(47): CodeIgniter\CodeIgniter->run()
#5 {main}
CRITICAL - 2022-01-17 13:50:38 --> Undefined offset: 0
#0 /home/crfsp010/public_html/eventos/app/Controllers/Users.php(369): CodeIgniter\Debug\Exceptions->errorHandler(8, 'Undefined offse...', '/home/crfsp010/...', 369, Array)
#1 /home/crfsp010/public_html/eventos/system/CodeIgniter.php(918): App\Controllers\Users->recuperacaoSenha()
#2 /home/crfsp010/public_html/eventos/system/CodeIgniter.php(404): CodeIgniter\CodeIgniter->runController(Object(App\Controllers\Users))
#3 /home/crfsp010/public_html/eventos/system/CodeIgniter.php(312): CodeIgniter\CodeIgniter->handleRequest(NULL, Object(Config\Cache), false)
#4 /home/crfsp010/public_html/eventos/index.php(47): CodeIgniter\CodeIgniter->run()
#5 {main}
CRITICAL - 2022-01-17 13:56:56 --> Undefined offset: 0
#0 /home/crfsp010/public_html/eventos/app/Controllers/Users.php(369): CodeIgniter\Debug\Exceptions->errorHandler(8, 'Undefined offse...', '/home/crfsp010/...', 369, Array)
#1 /home/crfsp010/public_html/eventos/system/CodeIgniter.php(918): App\Controllers\Users->recuperacaoSenha()
#2 /home/crfsp010/public_html/eventos/system/CodeIgniter.php(404): CodeIgniter\CodeIgniter->runController(Object(App\Controllers\Users))
#3 /home/crfsp010/public_html/eventos/system/CodeIgniter.php(312): CodeIgniter\CodeIgniter->handleRequest(NULL, Object(Config\Cache), false)
#4 /home/crfsp010/public_html/eventos/index.php(47): CodeIgniter\CodeIgniter->run()
#5 {main}
CRITICAL - 2022-01-17 13:58:21 --> Undefined offset: 0
#0 /home/crfsp010/public_html/eventos/app/Controllers/Users.php(369): CodeIgniter\Debug\Exceptions->errorHandler(8, 'Undefined offse...', '/home/crfsp010/...', 369, Array)
#1 /home/crfsp010/public_html/eventos/system/CodeIgniter.php(918): App\Controllers\Users->recuperacaoSenha()
#2 /home/crfsp010/public_html/eventos/system/CodeIgniter.php(404): CodeIgniter\CodeIgniter->runController(Object(App\Controllers\Users))
#3 /home/crfsp010/public_html/eventos/system/CodeIgniter.php(312): CodeIgniter\CodeIgniter->handleRequest(NULL, Object(Config\Cache), false)
#4 /home/crfsp010/public_html/eventos/index.php(47): CodeIgniter\CodeIgniter->run()
#5 {main}
CRITICAL - 2022-01-17 13:58:26 --> Undefined offset: 0
#0 /home/crfsp010/public_html/eventos/app/Controllers/Users.php(369): CodeIgniter\Debug\Exceptions->errorHandler(8, 'Undefined offse...', '/home/crfsp010/...', 369, Array)
#1 /home/crfsp010/public_html/eventos/system/CodeIgniter.php(918): App\Controllers\Users->recuperacaoSenha()
#2 /home/crfsp010/public_html/eventos/system/CodeIgniter.php(404): CodeIgniter\CodeIgniter->runController(Object(App\Controllers\Users))
#3 /home/crfsp010/public_html/eventos/system/CodeIgniter.php(312): CodeIgniter\CodeIgniter->handleRequest(NULL, Object(Config\Cache), false)
#4 /home/crfsp010/public_html/eventos/index.php(47): CodeIgniter\CodeIgniter->run()
#5 {main}
CRITICAL - 2022-01-17 14:13:34 --> Undefined offset: 0
#0 /home/crfsp010/public_html/eventos/app/Controllers/Users.php(369): CodeIgniter\Debug\Exceptions->errorHandler(8, 'Undefined offse...', '/home/crfsp010/...', 369, Array)
#1 /home/crfsp010/public_html/eventos/system/CodeIgniter.php(918): App\Controllers\Users->recuperacaoSenha()
#2 /home/crfsp010/public_html/eventos/system/CodeIgniter.php(404): CodeIgniter\CodeIgniter->runController(Object(App\Controllers\Users))
#3 /home/crfsp010/public_html/eventos/system/CodeIgniter.php(312): CodeIgniter\CodeIgniter->handleRequest(NULL, Object(Config\Cache), false)
#4 /home/crfsp010/public_html/eventos/index.php(47): CodeIgniter\CodeIgniter->run()
#5 {main}
CRITICAL - 2022-01-17 14:48:51 --> Undefined offset: 0
#0 /home/crfsp010/public_html/eventos/app/Controllers/Users.php(369): CodeIgniter\Debug\Exceptions->errorHandler(8, 'Undefined offse...', '/home/crfsp010/...', 369, Array)
#1 /home/crfsp010/public_html/eventos/system/CodeIgniter.php(918): App\Controllers\Users->recuperacaoSenha()
#2 /home/crfsp010/public_html/eventos/system/CodeIgniter.php(404): CodeIgniter\CodeIgniter->runController(Object(App\Controllers\Users))
#3 /home/crfsp010/public_html/eventos/system/CodeIgniter.php(312): CodeIgniter\CodeIgniter->handleRequest(NULL, Object(Config\Cache), false)
#4 /home/crfsp010/public_html/eventos/index.php(47): CodeIgniter\CodeIgniter->run()
#5 {main}
CRITICAL - 2022-01-17 15:05:29 --> Undefined offset: 0
#0 /home/crfsp010/public_html/eventos/app/Controllers/Users.php(369): CodeIgniter\Debug\Exceptions->errorHandler(8, 'Undefined offse...', '/home/crfsp010/...', 369, Array)
#1 /home/crfsp010/public_html/eventos/system/CodeIgniter.php(918): App\Controllers\Users->recuperacaoSenha()
#2 /home/crfsp010/public_html/eventos/system/CodeIgniter.php(404): CodeIgniter\CodeIgniter->runController(Object(App\Controllers\Users))
#3 /home/crfsp010/public_html/eventos/system/CodeIgniter.php(312): CodeIgniter\CodeIgniter->handleRequest(NULL, Object(Config\Cache), false)
#4 /home/crfsp010/public_html/eventos/index.php(47): CodeIgniter\CodeIgniter->run()
#5 {main}
CRITICAL - 2022-01-17 15:17:27 --> Undefined offset: 0
#0 /home/crfsp010/public_html/eventos/app/Controllers/Users.php(369): CodeIgniter\Debug\Exceptions->errorHandler(8, 'Undefined offse...', '/home/crfsp010/...', 369, Array)
#1 /home/crfsp010/public_html/eventos/system/CodeIgniter.php(918): App\Controllers\Users->recuperacaoSenha()
#2 /home/crfsp010/public_html/eventos/system/CodeIgniter.php(404): CodeIgniter\CodeIgniter->runController(Object(App\Controllers\Users))
#3 /home/crfsp010/public_html/eventos/system/CodeIgniter.php(312): CodeIgniter\CodeIgniter->handleRequest(NULL, Object(Config\Cache), false)
#4 /home/crfsp010/public_html/eventos/index.php(47): CodeIgniter\CodeIgniter->run()
#5 {main}
CRITICAL - 2022-01-17 15:17:38 --> Undefined offset: 0
#0 /home/crfsp010/public_html/eventos/app/Controllers/Users.php(369): CodeIgniter\Debug\Exceptions->errorHandler(8, 'Undefined offse...', '/home/crfsp010/...', 369, Array)
#1 /home/crfsp010/public_html/eventos/system/CodeIgniter.php(918): App\Controllers\Users->recuperacaoSenha()
#2 /home/crfsp010/public_html/eventos/system/CodeIgniter.php(404): CodeIgniter\CodeIgniter->runController(Object(App\Controllers\Users))
#3 /home/crfsp010/public_html/eventos/system/CodeIgniter.php(312): CodeIgniter\CodeIgniter->handleRequest(NULL, Object(Config\Cache), false)
#4 /home/crfsp010/public_html/eventos/index.php(47): CodeIgniter\CodeIgniter->run()
#5 {main}
CRITICAL - 2022-01-17 15:21:38 --> Undefined offset: 0
#0 /home/crfsp010/public_html/eventos/app/Controllers/Users.php(369): CodeIgniter\Debug\Exceptions->errorHandler(8, 'Undefined offse...', '/home/crfsp010/...', 369, Array)
#1 /home/crfsp010/public_html/eventos/system/CodeIgniter.php(918): App\Controllers\Users->recuperacaoSenha()
#2 /home/crfsp010/public_html/eventos/system/CodeIgniter.php(404): CodeIgniter\CodeIgniter->runController(Object(App\Controllers\Users))
#3 /home/crfsp010/public_html/eventos/system/CodeIgniter.php(312): CodeIgniter\CodeIgniter->handleRequest(NULL, Object(Config\Cache), false)
#4 /home/crfsp010/public_html/eventos/index.php(47): CodeIgniter\CodeIgniter->run()
#5 {main}
CRITICAL - 2022-01-17 15:21:58 --> Undefined offset: 0
#0 /home/crfsp010/public_html/eventos/app/Controllers/Users.php(369): CodeIgniter\Debug\Exceptions->errorHandler(8, 'Undefined offse...', '/home/crfsp010/...', 369, Array)
#1 /home/crfsp010/public_html/eventos/system/CodeIgniter.php(918): App\Controllers\Users->recuperacaoSenha()
#2 /home/crfsp010/public_html/eventos/system/CodeIgniter.php(404): CodeIgniter\CodeIgniter->runController(Object(App\Controllers\Users))
#3 /home/crfsp010/public_html/eventos/system/CodeIgniter.php(312): CodeIgniter\CodeIgniter->handleRequest(NULL, Object(Config\Cache), false)
#4 /home/crfsp010/public_html/eventos/index.php(47): CodeIgniter\CodeIgniter->run()
#5 {main}
CRITICAL - 2022-01-17 15:32:49 --> Undefined offset: 0
#0 /home/crfsp010/public_html/eventos/app/Controllers/Users.php(369): CodeIgniter\Debug\Exceptions->errorHandler(8, 'Undefined offse...', '/home/crfsp010/...', 369, Array)
#1 /home/crfsp010/public_html/eventos/system/CodeIgniter.php(918): App\Controllers\Users->recuperacaoSenha()
#2 /home/crfsp010/public_html/eventos/system/CodeIgniter.php(404): CodeIgniter\CodeIgniter->runController(Object(App\Controllers\Users))
#3 /home/crfsp010/public_html/eventos/system/CodeIgniter.php(312): CodeIgniter\CodeIgniter->handleRequest(NULL, Object(Config\Cache), false)
#4 /home/crfsp010/public_html/eventos/index.php(47): CodeIgniter\CodeIgniter->run()
#5 {main}
CRITICAL - 2022-01-17 15:32:59 --> Undefined offset: 0
#0 /home/crfsp010/public_html/eventos/app/Controllers/Users.php(369): CodeIgniter\Debug\Exceptions->errorHandler(8, 'Undefined offse...', '/home/crfsp010/...', 369, Array)
#1 /home/crfsp010/public_html/eventos/system/CodeIgniter.php(918): App\Controllers\Users->recuperacaoSenha()
#2 /home/crfsp010/public_html/eventos/system/CodeIgniter.php(404): CodeIgniter\CodeIgniter->runController(Object(App\Controllers\Users))
#3 /home/crfsp010/public_html/eventos/system/CodeIgniter.php(312): CodeIgniter\CodeIgniter->handleRequest(NULL, Object(Config\Cache), false)
#4 /home/crfsp010/public_html/eventos/index.php(47): CodeIgniter\CodeIgniter->run()
#5 {main}
CRITICAL - 2022-01-17 15:39:24 --> Undefined offset: 0
#0 /home/crfsp010/public_html/eventos/app/Controllers/Users.php(369): CodeIgniter\Debug\Exceptions->errorHandler(8, 'Undefined offse...', '/home/crfsp010/...', 369, Array)
#1 /home/crfsp010/public_html/eventos/system/CodeIgniter.php(918): App\Controllers\Users->recuperacaoSenha()
#2 /home/crfsp010/public_html/eventos/system/CodeIgniter.php(404): CodeIgniter\CodeIgniter->runController(Object(App\Controllers\Users))
#3 /home/crfsp010/public_html/eventos/system/CodeIgniter.php(312): CodeIgniter\CodeIgniter->handleRequest(NULL, Object(Config\Cache), false)
#4 /home/crfsp010/public_html/eventos/index.php(47): CodeIgniter\CodeIgniter->run()
#5 {main}
CRITICAL - 2022-01-17 15:39:40 --> Undefined offset: 0
#0 /home/crfsp010/public_html/eventos/app/Controllers/Users.php(369): CodeIgniter\Debug\Exceptions->errorHandler(8, 'Undefined offse...', '/home/crfsp010/...', 369, Array)
#1 /home/crfsp010/public_html/eventos/system/CodeIgniter.php(918): App\Controllers\Users->recuperacaoSenha()
#2 /home/crfsp010/public_html/eventos/system/CodeIgniter.php(404): CodeIgniter\CodeIgniter->runController(Object(App\Controllers\Users))
#3 /home/crfsp010/public_html/eventos/system/CodeIgniter.php(312): CodeIgniter\CodeIgniter->handleRequest(NULL, Object(Config\Cache), false)
#4 /home/crfsp010/public_html/eventos/index.php(47): CodeIgniter\CodeIgniter->run()
#5 {main}
CRITICAL - 2022-01-17 15:46:03 --> Undefined offset: 0
#0 /home/crfsp010/public_html/eventos/app/Controllers/Users.php(369): CodeIgniter\Debug\Exceptions->errorHandler(8, 'Undefined offse...', '/home/crfsp010/...', 369, Array)
#1 /home/crfsp010/public_html/eventos/system/CodeIgniter.php(918): App\Controllers\Users->recuperacaoSenha()
#2 /home/crfsp010/public_html/eventos/system/CodeIgniter.php(404): CodeIgniter\CodeIgniter->runController(Object(App\Controllers\Users))
#3 /home/crfsp010/public_html/eventos/system/CodeIgniter.php(312): CodeIgniter\CodeIgniter->handleRequest(NULL, Object(Config\Cache), false)
#4 /home/crfsp010/public_html/eventos/index.php(47): CodeIgniter\CodeIgniter->run()
#5 {main}
CRITICAL - 2022-01-17 15:47:33 --> Undefined offset: 0
#0 /home/crfsp010/public_html/eventos/app/Controllers/Users.php(369): CodeIgniter\Debug\Exceptions->errorHandler(8, 'Undefined offse...', '/home/crfsp010/...', 369, Array)
#1 /home/crfsp010/public_html/eventos/system/CodeIgniter.php(918): App\Controllers\Users->recuperacaoSenha()
#2 /home/crfsp010/public_html/eventos/system/CodeIgniter.php(404): CodeIgniter\CodeIgniter->runController(Object(App\Controllers\Users))
#3 /home/crfsp010/public_html/eventos/system/CodeIgniter.php(312): CodeIgniter\CodeIgniter->handleRequest(NULL, Object(Config\Cache), false)
#4 /home/crfsp010/public_html/eventos/index.php(47): CodeIgniter\CodeIgniter->run()
#5 {main}
CRITICAL - 2022-01-17 15:51:39 --> unlink(/home/crfsp010/public_html/eventos/writable/debugbar/debugbar_1642445286.json): No such file or directory
#0 [internal function]: CodeIgniter\Debug\Exceptions->errorHandler(2, 'unlink(/home/cr...', '/home/crfsp010/...', 106, Array)
#1 /home/crfsp010/public_html/eventos/system/Debug/Toolbar/Collectors/History.php(106): unlink('/home/crfsp010/...')
#2 /home/crfsp010/public_html/eventos/system/Debug/Toolbar.php(483): CodeIgniter\Debug\Toolbar\Collectors\History->setFiles(1642445498, 20)
#3 /home/crfsp010/public_html/eventos/system/Debug/Toolbar.php(455): CodeIgniter\Debug\Toolbar->format(Array, 'html')
#4 /home/crfsp010/public_html/eventos/app/Config/Events.php(50): CodeIgniter\Debug\Toolbar->respond()
#5 [internal function]: CodeIgniter\Events\Events::Config\{closure}()
#6 /home/crfsp010/public_html/eventos/system/Events/Events.php(188): call_user_func(Object(Closure))
#7 /home/crfsp010/public_html/eventos/system/CodeIgniter.php(293): CodeIgniter\Events\Events::trigger('pre_system')
#8 /home/crfsp010/public_html/eventos/index.php(47): CodeIgniter\CodeIgniter->run()
#9 {main}
CRITICAL - 2022-01-17 15:58:20 --> Undefined offset: 0
#0 /home/crfsp010/public_html/eventos/app/Controllers/Users.php(369): CodeIgniter\Debug\Exceptions->errorHandler(8, 'Undefined offse...', '/home/crfsp010/...', 369, Array)
#1 /home/crfsp010/public_html/eventos/system/CodeIgniter.php(918): App\Controllers\Users->recuperacaoSenha()
#2 /home/crfsp010/public_html/eventos/system/CodeIgniter.php(404): CodeIgniter\CodeIgniter->runController(Object(App\Controllers\Users))
#3 /home/crfsp010/public_html/eventos/system/CodeIgniter.php(312): CodeIgniter\CodeIgniter->handleRequest(NULL, Object(Config\Cache), false)
#4 /home/crfsp010/public_html/eventos/index.php(47): CodeIgniter\CodeIgniter->run()
#5 {main}
CRITICAL - 2022-01-17 16:02:19 --> Undefined offset: 0
#0 /home/crfsp010/public_html/eventos/app/Controllers/Users.php(369): CodeIgniter\Debug\Exceptions->errorHandler(8, 'Undefined offse...', '/home/crfsp010/...', 369, Array)
#1 /home/crfsp010/public_html/eventos/system/CodeIgniter.php(918): App\Controllers\Users->recuperacaoSenha()
#2 /home/crfsp010/public_html/eventos/system/CodeIgniter.php(404): CodeIgniter\CodeIgniter->runController(Object(App\Controllers\Users))
#3 /home/crfsp010/public_html/eventos/system/CodeIgniter.php(312): CodeIgniter\CodeIgniter->handleRequest(NULL, Object(Config\Cache), false)
#4 /home/crfsp010/public_html/eventos/index.php(47): CodeIgniter\CodeIgniter->run()
#5 {main}
CRITICAL - 2022-01-17 16:16:18 --> Undefined offset: 0
#0 /home/crfsp010/public_html/eventos/app/Controllers/Users.php(369): CodeIgniter\Debug\Exceptions->errorHandler(8, 'Undefined offse...', '/home/crfsp010/...', 369, Array)
#1 /home/crfsp010/public_html/eventos/system/CodeIgniter.php(918): App\Controllers\Users->recuperacaoSenha()
#2 /home/crfsp010/public_html/eventos/system/CodeIgniter.php(404): CodeIgniter\CodeIgniter->runController(Object(App\Controllers\Users))
#3 /home/crfsp010/public_html/eventos/system/CodeIgniter.php(312): CodeIgniter\CodeIgniter->handleRequest(NULL, Object(Config\Cache), false)
#4 /home/crfsp010/public_html/eventos/index.php(47): CodeIgniter\CodeIgniter->run()
#5 {main}
CRITICAL - 2022-01-17 16:53:58 --> Undefined offset: 0
#0 /home/crfsp010/public_html/eventos/app/Controllers/Users.php(369): CodeIgniter\Debug\Exceptions->errorHandler(8, 'Undefined offse...', '/home/crfsp010/...', 369, Array)
#1 /home/crfsp010/public_html/eventos/system/CodeIgniter.php(918): App\Controllers\Users->recuperacaoSenha()
#2 /home/crfsp010/public_html/eventos/system/CodeIgniter.php(404): CodeIgniter\CodeIgniter->runController(Object(App\Controllers\Users))
#3 /home/crfsp010/public_html/eventos/system/CodeIgniter.php(312): CodeIgniter\CodeIgniter->handleRequest(NULL, Object(Config\Cache), false)
#4 /home/crfsp010/public_html/eventos/index.php(47): CodeIgniter\CodeIgniter->run()
#5 {main}
CRITICAL - 2022-01-17 16:54:52 --> Undefined offset: 0
#0 /home/crfsp010/public_html/eventos/app/Controllers/Users.php(369): CodeIgniter\Debug\Exceptions->errorHandler(8, 'Undefined offse...', '/home/crfsp010/...', 369, Array)
#1 /home/crfsp010/public_html/eventos/system/CodeIgniter.php(918): App\Controllers\Users->recuperacaoSenha()
#2 /home/crfsp010/public_html/eventos/system/CodeIgniter.php(404): CodeIgniter\CodeIgniter->runController(Object(App\Controllers\Users))
#3 /home/crfsp010/public_html/eventos/system/CodeIgniter.php(312): CodeIgniter\CodeIgniter->handleRequest(NULL, Object(Config\Cache), false)
#4 /home/crfsp010/public_html/eventos/index.php(47): CodeIgniter\CodeIgniter->run()
#5 {main}
CRITICAL - 2022-01-17 17:06:20 --> unlink(/home/crfsp010/public_html/eventos/writable/debugbar/debugbar_1642449827.json): No such file or directory
#0 [internal function]: CodeIgniter\Debug\Exceptions->errorHandler(2, 'unlink(/home/cr...', '/home/crfsp010/...', 106, Array)
#1 /home/crfsp010/public_html/eventos/system/Debug/Toolbar/Collectors/History.php(106): unlink('/home/crfsp010/...')
#2 /home/crfsp010/public_html/eventos/system/Debug/Toolbar.php(483): CodeIgniter\Debug\Toolbar\Collectors\History->setFiles(1642449979, 20)
#3 /home/crfsp010/public_html/eventos/system/Debug/Toolbar.php(455): CodeIgniter\Debug\Toolbar->format(Array, 'html')
#4 /home/crfsp010/public_html/eventos/app/Config/Events.php(50): CodeIgniter\Debug\Toolbar->respond()
#5 [internal function]: CodeIgniter\Events\Events::Config\{closure}()
#6 /home/crfsp010/public_html/eventos/system/Events/Events.php(188): call_user_func(Object(Closure))
#7 /home/crfsp010/public_html/eventos/system/CodeIgniter.php(293): CodeIgniter\Events\Events::trigger('pre_system')
#8 /home/crfsp010/public_html/eventos/index.php(47): CodeIgniter\CodeIgniter->run()
#9 {main}
CRITICAL - 2022-01-17 17:07:06 --> Undefined offset: 0
#0 /home/crfsp010/public_html/eventos/app/Controllers/Users.php(369): CodeIgniter\Debug\Exceptions->errorHandler(8, 'Undefined offse...', '/home/crfsp010/...', 369, Array)
#1 /home/crfsp010/public_html/eventos/system/CodeIgniter.php(918): App\Controllers\Users->recuperacaoSenha()
#2 /home/crfsp010/public_html/eventos/system/CodeIgniter.php(404): CodeIgniter\CodeIgniter->runController(Object(App\Controllers\Users))
#3 /home/crfsp010/public_html/eventos/system/CodeIgniter.php(312): CodeIgniter\CodeIgniter->handleRequest(NULL, Object(Config\Cache), false)
#4 /home/crfsp010/public_html/eventos/index.php(47): CodeIgniter\CodeIgniter->run()
#5 {main}
CRITICAL - 2022-01-17 17:09:26 --> Undefined offset: 0
#0 /home/crfsp010/public_html/eventos/app/Controllers/Users.php(369): CodeIgniter\Debug\Exceptions->errorHandler(8, 'Undefined offse...', '/home/crfsp010/...', 369, Array)
#1 /home/crfsp010/public_html/eventos/system/CodeIgniter.php(918): App\Controllers\Users->recuperacaoSenha()
#2 /home/crfsp010/public_html/eventos/system/CodeIgniter.php(404): CodeIgniter\CodeIgniter->runController(Object(App\Controllers\Users))
#3 /home/crfsp010/public_html/eventos/system/CodeIgniter.php(312): CodeIgniter\CodeIgniter->handleRequest(NULL, Object(Config\Cache), false)
#4 /home/crfsp010/public_html/eventos/index.php(47): CodeIgniter\CodeIgniter->run()
#5 {main}
CRITICAL - 2022-01-17 17:09:33 --> Undefined offset: 0
#0 /home/crfsp010/public_html/eventos/app/Controllers/Users.php(369): CodeIgniter\Debug\Exceptions->errorHandler(8, 'Undefined offse...', '/home/crfsp010/...', 369, Array)
#1 /home/crfsp010/public_html/eventos/system/CodeIgniter.php(918): App\Controllers\Users->recuperacaoSenha()
#2 /home/crfsp010/public_html/eventos/system/CodeIgniter.php(404): CodeIgniter\CodeIgniter->runController(Object(App\Controllers\Users))
#3 /home/crfsp010/public_html/eventos/system/CodeIgniter.php(312): CodeIgniter\CodeIgniter->handleRequest(NULL, Object(Config\Cache), false)
#4 /home/crfsp010/public_html/eventos/index.php(47): CodeIgniter\CodeIgniter->run()
#5 {main}
CRITICAL - 2022-01-17 17:11:27 --> Undefined offset: 0
#0 /home/crfsp010/public_html/eventos/app/Controllers/Users.php(369): CodeIgniter\Debug\Exceptions->errorHandler(8, 'Undefined offse...', '/home/crfsp010/...', 369, Array)
#1 /home/crfsp010/public_html/eventos/system/CodeIgniter.php(918): App\Controllers\Users->recuperacaoSenha()
#2 /home/crfsp010/public_html/eventos/system/CodeIgniter.php(404): CodeIgniter\CodeIgniter->runController(Object(App\Controllers\Users))
#3 /home/crfsp010/public_html/eventos/system/CodeIgniter.php(312): CodeIgniter\CodeIgniter->handleRequest(NULL, Object(Config\Cache), false)
#4 /home/crfsp010/public_html/eventos/index.php(47): CodeIgniter\CodeIgniter->run()
#5 {main}
CRITICAL - 2022-01-17 17:11:39 --> Undefined offset: 0
#0 /home/crfsp010/public_html/eventos/app/Controllers/Users.php(369): CodeIgniter\Debug\Exceptions->errorHandler(8, 'Undefined offse...', '/home/crfsp010/...', 369, Array)
#1 /home/crfsp010/public_html/eventos/system/CodeIgniter.php(918): App\Controllers\Users->recuperacaoSenha()
#2 /home/crfsp010/public_html/eventos/system/CodeIgniter.php(404): CodeIgniter\CodeIgniter->runController(Object(App\Controllers\Users))
#3 /home/crfsp010/public_html/eventos/system/CodeIgniter.php(312): CodeIgniter\CodeIgniter->handleRequest(NULL, Object(Config\Cache), false)
#4 /home/crfsp010/public_html/eventos/index.php(47): CodeIgniter\CodeIgniter->run()
#5 {main}
CRITICAL - 2022-01-17 17:13:40 --> Undefined offset: 0
#0 /home/crfsp010/public_html/eventos/app/Controllers/Users.php(369): CodeIgniter\Debug\Exceptions->errorHandler(8, 'Undefined offse...', '/home/crfsp010/...', 369, Array)
#1 /home/crfsp010/public_html/eventos/system/CodeIgniter.php(918): App\Controllers\Users->recuperacaoSenha()
#2 /home/crfsp010/public_html/eventos/system/CodeIgniter.php(404): CodeIgniter\CodeIgniter->runController(Object(App\Controllers\Users))
#3 /home/crfsp010/public_html/eventos/system/CodeIgniter.php(312): CodeIgniter\CodeIgniter->handleRequest(NULL, Object(Config\Cache), false)
#4 /home/crfsp010/public_html/eventos/index.php(47): CodeIgniter\CodeIgniter->run()
#5 {main}
CRITICAL - 2022-01-17 17:15:02 --> Undefined offset: 0
#0 /home/crfsp010/public_html/eventos/app/Controllers/Users.php(369): CodeIgniter\Debug\Exceptions->errorHandler(8, 'Undefined offse...', '/home/crfsp010/...', 369, Array)
#1 /home/crfsp010/public_html/eventos/system/CodeIgniter.php(918): App\Controllers\Users->recuperacaoSenha()
#2 /home/crfsp010/public_html/eventos/system/CodeIgniter.php(404): CodeIgniter\CodeIgniter->runController(Object(App\Controllers\Users))
#3 /home/crfsp010/public_html/eventos/system/CodeIgniter.php(312): CodeIgniter\CodeIgniter->handleRequest(NULL, Object(Config\Cache), false)
#4 /home/crfsp010/public_html/eventos/index.php(47): CodeIgniter\CodeIgniter->run()
#5 {main}
CRITICAL - 2022-01-17 17:36:37 --> unlink(/home/crfsp010/public_html/eventos/writable/debugbar/debugbar_1642451703.json): No such file or directory
#0 [internal function]: CodeIgniter\Debug\Exceptions->errorHandler(2, 'unlink(/home/cr...', '/home/crfsp010/...', 106, Array)
#1 /home/crfsp010/public_html/eventos/system/Debug/Toolbar/Collectors/History.php(106): unlink('/home/crfsp010/...')
#2 /home/crfsp010/public_html/eventos/system/Debug/Toolbar.php(483): CodeIgniter\Debug\Toolbar\Collectors\History->setFiles(1642451795, 20)
#3 /home/crfsp010/public_html/eventos/system/Debug/Toolbar.php(455): CodeIgniter\Debug\Toolbar->format(Array, 'html')
#4 /home/crfsp010/public_html/eventos/app/Config/Events.php(50): CodeIgniter\Debug\Toolbar->respond()
#5 [internal function]: CodeIgniter\Events\Events::Config\{closure}()
#6 /home/crfsp010/public_html/eventos/system/Events/Events.php(188): call_user_func(Object(Closure))
#7 /home/crfsp010/public_html/eventos/system/CodeIgniter.php(293): CodeIgniter\Events\Events::trigger('pre_system')
#8 /home/crfsp010/public_html/eventos/index.php(47): CodeIgniter\CodeIgniter->run()
#9 {main}
CRITICAL - 2022-01-17 17:45:18 --> Undefined offset: 0
#0 /home/crfsp010/public_html/eventos/app/Controllers/Users.php(369): CodeIgniter\Debug\Exceptions->errorHandler(8, 'Undefined offse...', '/home/crfsp010/...', 369, Array)
#1 /home/crfsp010/public_html/eventos/system/CodeIgniter.php(918): App\Controllers\Users->recuperacaoSenha()
#2 /home/crfsp010/public_html/eventos/system/CodeIgniter.php(404): CodeIgniter\CodeIgniter->runController(Object(App\Controllers\Users))
#3 /home/crfsp010/public_html/eventos/system/CodeIgniter.php(312): CodeIgniter\CodeIgniter->handleRequest(NULL, Object(Config\Cache), false)
#4 /home/crfsp010/public_html/eventos/index.php(47): CodeIgniter\CodeIgniter->run()
#5 {main}
CRITICAL - 2022-01-17 17:46:26 --> Undefined offset: 0
#0 /home/crfsp010/public_html/eventos/app/Controllers/Users.php(369): CodeIgniter\Debug\Exceptions->errorHandler(8, 'Undefined offse...', '/home/crfsp010/...', 369, Array)
#1 /home/crfsp010/public_html/eventos/system/CodeIgniter.php(918): App\Controllers\Users->recuperacaoSenha()
#2 /home/crfsp010/public_html/eventos/system/CodeIgniter.php(404): CodeIgniter\CodeIgniter->runController(Object(App\Controllers\Users))
#3 /home/crfsp010/public_html/eventos/system/CodeIgniter.php(312): CodeIgniter\CodeIgniter->handleRequest(NULL, Object(Config\Cache), false)
#4 /home/crfsp010/public_html/eventos/index.php(47): CodeIgniter\CodeIgniter->run()
#5 {main}
CRITICAL - 2022-01-17 17:46:31 --> Undefined offset: 0
#0 /home/crfsp010/public_html/eventos/app/Controllers/Users.php(369): CodeIgniter\Debug\Exceptions->errorHandler(8, 'Undefined offse...', '/home/crfsp010/...', 369, Array)
#1 /home/crfsp010/public_html/eventos/system/CodeIgniter.php(918): App\Controllers\Users->recuperacaoSenha()
#2 /home/crfsp010/public_html/eventos/system/CodeIgniter.php(404): CodeIgniter\CodeIgniter->runController(Object(App\Controllers\Users))
#3 /home/crfsp010/public_html/eventos/system/CodeIgniter.php(312): CodeIgniter\CodeIgniter->handleRequest(NULL, Object(Config\Cache), false)
#4 /home/crfsp010/public_html/eventos/index.php(47): CodeIgniter\CodeIgniter->run()
#5 {main}
CRITICAL - 2022-01-17 17:49:51 --> Undefined offset: 0
#0 /home/crfsp010/public_html/eventos/app/Controllers/Users.php(369): CodeIgniter\Debug\Exceptions->errorHandler(8, 'Undefined offse...', '/home/crfsp010/...', 369, Array)
#1 /home/crfsp010/public_html/eventos/system/CodeIgniter.php(918): App\Controllers\Users->recuperacaoSenha()
#2 /home/crfsp010/public_html/eventos/system/CodeIgniter.php(404): CodeIgniter\CodeIgniter->runController(Object(App\Controllers\Users))
#3 /home/crfsp010/public_html/eventos/system/CodeIgniter.php(312): CodeIgniter\CodeIgniter->handleRequest(NULL, Object(Config\Cache), false)
#4 /home/crfsp010/public_html/eventos/index.php(47): CodeIgniter\CodeIgniter->run()
#5 {main}
CRITICAL - 2022-01-17 17:55:43 --> Undefined offset: 0
#0 /home/crfsp010/public_html/eventos/app/Controllers/Users.php(369): CodeIgniter\Debug\Exceptions->errorHandler(8, 'Undefined offse...', '/home/crfsp010/...', 369, Array)
#1 /home/crfsp010/public_html/eventos/system/CodeIgniter.php(918): App\Controllers\Users->recuperacaoSenha()
#2 /home/crfsp010/public_html/eventos/system/CodeIgniter.php(404): CodeIgniter\CodeIgniter->runController(Object(App\Controllers\Users))
#3 /home/crfsp010/public_html/eventos/system/CodeIgniter.php(312): CodeIgniter\CodeIgniter->handleRequest(NULL, Object(Config\Cache), false)
#4 /home/crfsp010/public_html/eventos/index.php(47): CodeIgniter\CodeIgniter->run()
#5 {main}
CRITICAL - 2022-01-17 17:56:23 --> Undefined offset: 0
#0 /home/crfsp010/public_html/eventos/app/Controllers/Users.php(369): CodeIgniter\Debug\Exceptions->errorHandler(8, 'Undefined offse...', '/home/crfsp010/...', 369, Array)
#1 /home/crfsp010/public_html/eventos/system/CodeIgniter.php(918): App\Controllers\Users->recuperacaoSenha()
#2 /home/crfsp010/public_html/eventos/system/CodeIgniter.php(404): CodeIgniter\CodeIgniter->runController(Object(App\Controllers\Users))
#3 /home/crfsp010/public_html/eventos/system/CodeIgniter.php(312): CodeIgniter\CodeIgniter->handleRequest(NULL, Object(Config\Cache), false)
#4 /home/crfsp010/public_html/eventos/index.php(47): CodeIgniter\CodeIgniter->run()
#5 {main}
CRITICAL - 2022-01-17 17:57:19 --> Undefined offset: 0
#0 /home/crfsp010/public_html/eventos/app/Controllers/Users.php(369): CodeIgniter\Debug\Exceptions->errorHandler(8, 'Undefined offse...', '/home/crfsp010/...', 369, Array)
#1 /home/crfsp010/public_html/eventos/system/CodeIgniter.php(918): App\Controllers\Users->recuperacaoSenha()
#2 /home/crfsp010/public_html/eventos/system/CodeIgniter.php(404): CodeIgniter\CodeIgniter->runController(Object(App\Controllers\Users))
#3 /home/crfsp010/public_html/eventos/system/CodeIgniter.php(312): CodeIgniter\CodeIgniter->handleRequest(NULL, Object(Config\Cache), false)
#4 /home/crfsp010/public_html/eventos/index.php(47): CodeIgniter\CodeIgniter->run()
#5 {main}
CRITICAL - 2022-01-17 17:57:24 --> Undefined offset: 0
#0 /home/crfsp010/public_html/eventos/app/Controllers/Users.php(369): CodeIgniter\Debug\Exceptions->errorHandler(8, 'Undefined offse...', '/home/crfsp010/...', 369, Array)
#1 /home/crfsp010/public_html/eventos/system/CodeIgniter.php(918): App\Controllers\Users->recuperacaoSenha()
#2 /home/crfsp010/public_html/eventos/system/CodeIgniter.php(404): CodeIgniter\CodeIgniter->runController(Object(App\Controllers\Users))
#3 /home/crfsp010/public_html/eventos/system/CodeIgniter.php(312): CodeIgniter\CodeIgniter->handleRequest(NULL, Object(Config\Cache), false)
#4 /home/crfsp010/public_html/eventos/index.php(47): CodeIgniter\CodeIgniter->run()
#5 {main}
CRITICAL - 2022-01-17 18:15:02 --> Undefined offset: 0
#0 /home/crfsp010/public_html/eventos/app/Controllers/Users.php(369): CodeIgniter\Debug\Exceptions->errorHandler(8, 'Undefined offse...', '/home/crfsp010/...', 369, Array)
#1 /home/crfsp010/public_html/eventos/system/CodeIgniter.php(918): App\Controllers\Users->recuperacaoSenha()
#2 /home/crfsp010/public_html/eventos/system/CodeIgniter.php(404): CodeIgniter\CodeIgniter->runController(Object(App\Controllers\Users))
#3 /home/crfsp010/public_html/eventos/system/CodeIgniter.php(312): CodeIgniter\CodeIgniter->handleRequest(NULL, Object(Config\Cache), false)
#4 /home/crfsp010/public_html/eventos/index.php(47): CodeIgniter\CodeIgniter->run()
#5 {main}
CRITICAL - 2022-01-17 18:15:09 --> Undefined offset: 0
#0 /home/crfsp010/public_html/eventos/app/Controllers/Users.php(369): CodeIgniter\Debug\Exceptions->errorHandler(8, 'Undefined offse...', '/home/crfsp010/...', 369, Array)
#1 /home/crfsp010/public_html/eventos/system/CodeIgniter.php(918): App\Controllers\Users->recuperacaoSenha()
#2 /home/crfsp010/public_html/eventos/system/CodeIgniter.php(404): CodeIgniter\CodeIgniter->runController(Object(App\Controllers\Users))
#3 /home/crfsp010/public_html/eventos/system/CodeIgniter.php(312): CodeIgniter\CodeIgniter->handleRequest(NULL, Object(Config\Cache), false)
#4 /home/crfsp010/public_html/eventos/index.php(47): CodeIgniter\CodeIgniter->run()
#5 {main}
CRITICAL - 2022-01-17 18:17:30 --> Undefined offset: 0
#0 /home/crfsp010/public_html/eventos/app/Controllers/Users.php(369): CodeIgniter\Debug\Exceptions->errorHandler(8, 'Undefined offse...', '/home/crfsp010/...', 369, Array)
#1 /home/crfsp010/public_html/eventos/system/CodeIgniter.php(918): App\Controllers\Users->recuperacaoSenha()
#2 /home/crfsp010/public_html/eventos/system/CodeIgniter.php(404): CodeIgniter\CodeIgniter->runController(Object(App\Controllers\Users))
#3 /home/crfsp010/public_html/eventos/system/CodeIgniter.php(312): CodeIgniter\CodeIgniter->handleRequest(NULL, Object(Config\Cache), false)
#4 /home/crfsp010/public_html/eventos/index.php(47): CodeIgniter\CodeIgniter->run()
#5 {main}
CRITICAL - 2022-01-17 18:32:47 --> Undefined offset: 0
#0 /home/crfsp010/public_html/eventos/app/Controllers/Users.php(369): CodeIgniter\Debug\Exceptions->errorHandler(8, 'Undefined offse...', '/home/crfsp010/...', 369, Array)
#1 /home/crfsp010/public_html/eventos/system/CodeIgniter.php(918): App\Controllers\Users->recuperacaoSenha()
#2 /home/crfsp010/public_html/eventos/system/CodeIgniter.php(404): CodeIgniter\CodeIgniter->runController(Object(App\Controllers\Users))
#3 /home/crfsp010/public_html/eventos/system/CodeIgniter.php(312): CodeIgniter\CodeIgniter->handleRequest(NULL, Object(Config\Cache), false)
#4 /home/crfsp010/public_html/eventos/index.php(47): CodeIgniter\CodeIgniter->run()
#5 {main}
CRITICAL - 2022-01-17 18:42:36 --> Undefined offset: 0
#0 /home/crfsp010/public_html/eventos/app/Controllers/Users.php(369): CodeIgniter\Debug\Exceptions->errorHandler(8, 'Undefined offse...', '/home/crfsp010/...', 369, Array)
#1 /home/crfsp010/public_html/eventos/system/CodeIgniter.php(918): App\Controllers\Users->recuperacaoSenha()
#2 /home/crfsp010/public_html/eventos/system/CodeIgniter.php(404): CodeIgniter\CodeIgniter->runController(Object(App\Controllers\Users))
#3 /home/crfsp010/public_html/eventos/system/CodeIgniter.php(312): CodeIgniter\CodeIgniter->handleRequest(NULL, Object(Config\Cache), false)
#4 /home/crfsp010/public_html/eventos/index.php(47): CodeIgniter\CodeIgniter->run()
#5 {main}
CRITICAL - 2022-01-17 18:43:17 --> Undefined offset: 0
#0 /home/crfsp010/public_html/eventos/app/Controllers/Users.php(369): CodeIgniter\Debug\Exceptions->errorHandler(8, 'Undefined offse...', '/home/crfsp010/...', 369, Array)
#1 /home/crfsp010/public_html/eventos/system/CodeIgniter.php(918): App\Controllers\Users->recuperacaoSenha()
#2 /home/crfsp010/public_html/eventos/system/CodeIgniter.php(404): CodeIgniter\CodeIgniter->runController(Object(App\Controllers\Users))
#3 /home/crfsp010/public_html/eventos/system/CodeIgniter.php(312): CodeIgniter\CodeIgniter->handleRequest(NULL, Object(Config\Cache), false)
#4 /home/crfsp010/public_html/eventos/index.php(47): CodeIgniter\CodeIgniter->run()
#5 {main}
CRITICAL - 2022-01-17 18:54:25 --> Undefined offset: 0
#0 /home/crfsp010/public_html/eventos/app/Controllers/Users.php(369): CodeIgniter\Debug\Exceptions->errorHandler(8, 'Undefined offse...', '/home/crfsp010/...', 369, Array)
#1 /home/crfsp010/public_html/eventos/system/CodeIgniter.php(918): App\Controllers\Users->recuperacaoSenha()
#2 /home/crfsp010/public_html/eventos/system/CodeIgniter.php(404): CodeIgniter\CodeIgniter->runController(Object(App\Controllers\Users))
#3 /home/crfsp010/public_html/eventos/system/CodeIgniter.php(312): CodeIgniter\CodeIgniter->handleRequest(NULL, Object(Config\Cache), false)
#4 /home/crfsp010/public_html/eventos/index.php(47): CodeIgniter\CodeIgniter->run()
#5 {main}
CRITICAL - 2022-01-17 18:54:26 --> Undefined offset: 0
#0 /home/crfsp010/public_html/eventos/app/Controllers/Users.php(369): CodeIgniter\Debug\Exceptions->errorHandler(8, 'Undefined offse...', '/home/crfsp010/...', 369, Array)
#1 /home/crfsp010/public_html/eventos/system/CodeIgniter.php(918): App\Controllers\Users->recuperacaoSenha()
#2 /home/crfsp010/public_html/eventos/system/CodeIgniter.php(404): CodeIgniter\CodeIgniter->runController(Object(App\Controllers\Users))
#3 /home/crfsp010/public_html/eventos/system/CodeIgniter.php(312): CodeIgniter\CodeIgniter->handleRequest(NULL, Object(Config\Cache), false)
#4 /home/crfsp010/public_html/eventos/index.php(47): CodeIgniter\CodeIgniter->run()
#5 {main}
CRITICAL - 2022-01-17 18:54:38 --> Undefined offset: 0
#0 /home/crfsp010/public_html/eventos/app/Controllers/Users.php(369): CodeIgniter\Debug\Exceptions->errorHandler(8, 'Undefined offse...', '/home/crfsp010/...', 369, Array)
#1 /home/crfsp010/public_html/eventos/system/CodeIgniter.php(918): App\Controllers\Users->recuperacaoSenha()
#2 /home/crfsp010/public_html/eventos/system/CodeIgniter.php(404): CodeIgniter\CodeIgniter->runController(Object(App\Controllers\Users))
#3 /home/crfsp010/public_html/eventos/system/CodeIgniter.php(312): CodeIgniter\CodeIgniter->handleRequest(NULL, Object(Config\Cache), false)
#4 /home/crfsp010/public_html/eventos/index.php(47): CodeIgniter\CodeIgniter->run()
#5 {main}
CRITICAL - 2022-01-17 18:55:02 --> Undefined offset: 0
#0 /home/crfsp010/public_html/eventos/app/Controllers/Users.php(369): CodeIgniter\Debug\Exceptions->errorHandler(8, 'Undefined offse...', '/home/crfsp010/...', 369, Array)
#1 /home/crfsp010/public_html/eventos/system/CodeIgniter.php(918): App\Controllers\Users->recuperacaoSenha()
#2 /home/crfsp010/public_html/eventos/system/CodeIgniter.php(404): CodeIgniter\CodeIgniter->runController(Object(App\Controllers\Users))
#3 /home/crfsp010/public_html/eventos/system/CodeIgniter.php(312): CodeIgniter\CodeIgniter->handleRequest(NULL, Object(Config\Cache), false)
#4 /home/crfsp010/public_html/eventos/index.php(47): CodeIgniter\CodeIgniter->run()
#5 {main}
CRITICAL - 2022-01-17 18:55:34 --> Undefined offset: 0
#0 /home/crfsp010/public_html/eventos/app/Controllers/Users.php(369): CodeIgniter\Debug\Exceptions->errorHandler(8, 'Undefined offse...', '/home/crfsp010/...', 369, Array)
#1 /home/crfsp010/public_html/eventos/system/CodeIgniter.php(918): App\Controllers\Users->recuperacaoSenha()
#2 /home/crfsp010/public_html/eventos/system/CodeIgniter.php(404): CodeIgniter\CodeIgniter->runController(Object(App\Controllers\Users))
#3 /home/crfsp010/public_html/eventos/system/CodeIgniter.php(312): CodeIgniter\CodeIgniter->handleRequest(NULL, Object(Config\Cache), false)
#4 /home/crfsp010/public_html/eventos/index.php(47): CodeIgniter\CodeIgniter->run()
#5 {main}
CRITICAL - 2022-01-17 19:01:48 --> Undefined offset: 0
#0 /home/crfsp010/public_html/eventos/app/Controllers/Users.php(369): CodeIgniter\Debug\Exceptions->errorHandler(8, 'Undefined offse...', '/home/crfsp010/...', 369, Array)
#1 /home/crfsp010/public_html/eventos/system/CodeIgniter.php(918): App\Controllers\Users->recuperacaoSenha()
#2 /home/crfsp010/public_html/eventos/system/CodeIgniter.php(404): CodeIgniter\CodeIgniter->runController(Object(App\Controllers\Users))
#3 /home/crfsp010/public_html/eventos/system/CodeIgniter.php(312): CodeIgniter\CodeIgniter->handleRequest(NULL, Object(Config\Cache), false)
#4 /home/crfsp010/public_html/eventos/index.php(47): CodeIgniter\CodeIgniter->run()
#5 {main}
CRITICAL - 2022-01-17 19:18:46 --> Undefined offset: 0
#0 /home/crfsp010/public_html/eventos/app/Controllers/Users.php(369): CodeIgniter\Debug\Exceptions->errorHandler(8, 'Undefined offse...', '/home/crfsp010/...', 369, Array)
#1 /home/crfsp010/public_html/eventos/system/CodeIgniter.php(918): App\Controllers\Users->recuperacaoSenha()
#2 /home/crfsp010/public_html/eventos/system/CodeIgniter.php(404): CodeIgniter\CodeIgniter->runController(Object(App\Controllers\Users))
#3 /home/crfsp010/public_html/eventos/system/CodeIgniter.php(312): CodeIgniter\CodeIgniter->handleRequest(NULL, Object(Config\Cache), false)
#4 /home/crfsp010/public_html/eventos/index.php(47): CodeIgniter\CodeIgniter->run()
#5 {main}
CRITICAL - 2022-01-17 19:19:15 --> Undefined offset: 0
#0 /home/crfsp010/public_html/eventos/app/Controllers/Users.php(369): CodeIgniter\Debug\Exceptions->errorHandler(8, 'Undefined offse...', '/home/crfsp010/...', 369, Array)
#1 /home/crfsp010/public_html/eventos/system/CodeIgniter.php(918): App\Controllers\Users->recuperacaoSenha()
#2 /home/crfsp010/public_html/eventos/system/CodeIgniter.php(404): CodeIgniter\CodeIgniter->runController(Object(App\Controllers\Users))
#3 /home/crfsp010/public_html/eventos/system/CodeIgniter.php(312): CodeIgniter\CodeIgniter->handleRequest(NULL, Object(Config\Cache), false)
#4 /home/crfsp010/public_html/eventos/index.php(47): CodeIgniter\CodeIgniter->run()
#5 {main}
CRITICAL - 2022-01-17 19:24:25 --> Undefined offset: 0
#0 /home/crfsp010/public_html/eventos/app/Controllers/Users.php(369): CodeIgniter\Debug\Exceptions->errorHandler(8, 'Undefined offse...', '/home/crfsp010/...', 369, Array)
#1 /home/crfsp010/public_html/eventos/system/CodeIgniter.php(918): App\Controllers\Users->recuperacaoSenha()
#2 /home/crfsp010/public_html/eventos/system/CodeIgniter.php(404): CodeIgniter\CodeIgniter->runController(Object(App\Controllers\Users))
#3 /home/crfsp010/public_html/eventos/system/CodeIgniter.php(312): CodeIgniter\CodeIgniter->handleRequest(NULL, Object(Config\Cache), false)
#4 /home/crfsp010/public_html/eventos/index.php(47): CodeIgniter\CodeIgniter->run()
#5 {main}
CRITICAL - 2022-01-17 19:36:53 --> Undefined offset: 0
#0 /home/crfsp010/public_html/eventos/app/Controllers/Users.php(369): CodeIgniter\Debug\Exceptions->errorHandler(8, 'Undefined offse...', '/home/crfsp010/...', 369, Array)
#1 /home/crfsp010/public_html/eventos/system/CodeIgniter.php(918): App\Controllers\Users->recuperacaoSenha()
#2 /home/crfsp010/public_html/eventos/system/CodeIgniter.php(404): CodeIgniter\CodeIgniter->runController(Object(App\Controllers\Users))
#3 /home/crfsp010/public_html/eventos/system/CodeIgniter.php(312): CodeIgniter\CodeIgniter->handleRequest(NULL, Object(Config\Cache), false)
#4 /home/crfsp010/public_html/eventos/index.php(47): CodeIgniter\CodeIgniter->run()
#5 {main}
CRITICAL - 2022-01-17 19:37:00 --> Undefined offset: 0
#0 /home/crfsp010/public_html/eventos/app/Controllers/Users.php(369): CodeIgniter\Debug\Exceptions->errorHandler(8, 'Undefined offse...', '/home/crfsp010/...', 369, Array)
#1 /home/crfsp010/public_html/eventos/system/CodeIgniter.php(918): App\Controllers\Users->recuperacaoSenha()
#2 /home/crfsp010/public_html/eventos/system/CodeIgniter.php(404): CodeIgniter\CodeIgniter->runController(Object(App\Controllers\Users))
#3 /home/crfsp010/public_html/eventos/system/CodeIgniter.php(312): CodeIgniter\CodeIgniter->handleRequest(NULL, Object(Config\Cache), false)
#4 /home/crfsp010/public_html/eventos/index.php(47): CodeIgniter\CodeIgniter->run()
#5 {main}
CRITICAL - 2022-01-17 19:37:57 --> Undefined offset: 0
#0 /home/crfsp010/public_html/eventos/app/Controllers/Users.php(369): CodeIgniter\Debug\Exceptions->errorHandler(8, 'Undefined offse...', '/home/crfsp010/...', 369, Array)
#1 /home/crfsp010/public_html/eventos/system/CodeIgniter.php(918): App\Controllers\Users->recuperacaoSenha()
#2 /home/crfsp010/public_html/eventos/system/CodeIgniter.php(404): CodeIgniter\CodeIgniter->runController(Object(App\Controllers\Users))
#3 /home/crfsp010/public_html/eventos/system/CodeIgniter.php(312): CodeIgniter\CodeIgniter->handleRequest(NULL, Object(Config\Cache), false)
#4 /home/crfsp010/public_html/eventos/index.php(47): CodeIgniter\CodeIgniter->run()
#5 {main}
CRITICAL - 2022-01-17 19:38:12 --> Undefined offset: 0
#0 /home/crfsp010/public_html/eventos/app/Controllers/Users.php(369): CodeIgniter\Debug\Exceptions->errorHandler(8, 'Undefined offse...', '/home/crfsp010/...', 369, Array)
#1 /home/crfsp010/public_html/eventos/system/CodeIgniter.php(918): App\Controllers\Users->recuperacaoSenha()
#2 /home/crfsp010/public_html/eventos/system/CodeIgniter.php(404): CodeIgniter\CodeIgniter->runController(Object(App\Controllers\Users))
#3 /home/crfsp010/public_html/eventos/system/CodeIgniter.php(312): CodeIgniter\CodeIgniter->handleRequest(NULL, Object(Config\Cache), false)
#4 /home/crfsp010/public_html/eventos/index.php(47): CodeIgniter\CodeIgniter->run()
#5 {main}
CRITICAL - 2022-01-17 19:38:31 --> Undefined offset: 0
#0 /home/crfsp010/public_html/eventos/app/Controllers/Users.php(369): CodeIgniter\Debug\Exceptions->errorHandler(8, 'Undefined offse...', '/home/crfsp010/...', 369, Array)
#1 /home/crfsp010/public_html/eventos/system/CodeIgniter.php(918): App\Controllers\Users->recuperacaoSenha()
#2 /home/crfsp010/public_html/eventos/system/CodeIgniter.php(404): CodeIgniter\CodeIgniter->runController(Object(App\Controllers\Users))
#3 /home/crfsp010/public_html/eventos/system/CodeIgniter.php(312): CodeIgniter\CodeIgniter->handleRequest(NULL, Object(Config\Cache), false)
#4 /home/crfsp010/public_html/eventos/index.php(47): CodeIgniter\CodeIgniter->run()
#5 {main}
CRITICAL - 2022-01-17 19:53:27 --> Undefined offset: 0
#0 /home/crfsp010/public_html/eventos/app/Controllers/Users.php(369): CodeIgniter\Debug\Exceptions->errorHandler(8, 'Undefined offse...', '/home/crfsp010/...', 369, Array)
#1 /home/crfsp010/public_html/eventos/system/CodeIgniter.php(918): App\Controllers\Users->recuperacaoSenha()
#2 /home/crfsp010/public_html/eventos/system/CodeIgniter.php(404): CodeIgniter\CodeIgniter->runController(Object(App\Controllers\Users))
#3 /home/crfsp010/public_html/eventos/system/CodeIgniter.php(312): CodeIgniter\CodeIgniter->handleRequest(NULL, Object(Config\Cache), false)
#4 /home/crfsp010/public_html/eventos/index.php(47): CodeIgniter\CodeIgniter->run()
#5 {main}
CRITICAL - 2022-01-17 19:54:20 --> Undefined offset: 0
#0 /home/crfsp010/public_html/eventos/app/Controllers/Users.php(369): CodeIgniter\Debug\Exceptions->errorHandler(8, 'Undefined offse...', '/home/crfsp010/...', 369, Array)
#1 /home/crfsp010/public_html/eventos/system/CodeIgniter.php(918): App\Controllers\Users->recuperacaoSenha()
#2 /home/crfsp010/public_html/eventos/system/CodeIgniter.php(404): CodeIgniter\CodeIgniter->runController(Object(App\Controllers\Users))
#3 /home/crfsp010/public_html/eventos/system/CodeIgniter.php(312): CodeIgniter\CodeIgniter->handleRequest(NULL, Object(Config\Cache), false)
#4 /home/crfsp010/public_html/eventos/index.php(47): CodeIgniter\CodeIgniter->run()
#5 {main}
CRITICAL - 2022-01-17 20:22:26 --> unlink(/home/crfsp010/public_html/eventos/writable/debugbar/debugbar_1642461559.json): No such file or directory
#0 [internal function]: CodeIgniter\Debug\Exceptions->errorHandler(2, 'unlink(/home/cr...', '/home/crfsp010/...', 106, Array)
#1 /home/crfsp010/public_html/eventos/system/Debug/Toolbar/Collectors/History.php(106): unlink('/home/crfsp010/...')
#2 /home/crfsp010/public_html/eventos/system/Debug/Toolbar.php(483): CodeIgniter\Debug\Toolbar\Collectors\History->setFiles(1642461745, 20)
#3 /home/crfsp010/public_html/eventos/system/Debug/Toolbar.php(455): CodeIgniter\Debug\Toolbar->format(Array, 'html')
#4 /home/crfsp010/public_html/eventos/app/Config/Events.php(50): CodeIgniter\Debug\Toolbar->respond()
#5 [internal function]: CodeIgniter\Events\Events::Config\{closure}()
#6 /home/crfsp010/public_html/eventos/system/Events/Events.php(188): call_user_func(Object(Closure))
#7 /home/crfsp010/public_html/eventos/system/CodeIgniter.php(293): CodeIgniter\Events\Events::trigger('pre_system')
#8 /home/crfsp010/public_html/eventos/index.php(47): CodeIgniter\CodeIgniter->run()
#9 {main}
CRITICAL - 2022-01-17 20:35:58 --> Undefined offset: 0
#0 /home/crfsp010/public_html/eventos/app/Controllers/Users.php(369): CodeIgniter\Debug\Exceptions->errorHandler(8, 'Undefined offse...', '/home/crfsp010/...', 369, Array)
#1 /home/crfsp010/public_html/eventos/system/CodeIgniter.php(918): App\Controllers\Users->recuperacaoSenha()
#2 /home/crfsp010/public_html/eventos/system/CodeIgniter.php(404): CodeIgniter\CodeIgniter->runController(Object(App\Controllers\Users))
#3 /home/crfsp010/public_html/eventos/system/CodeIgniter.php(312): CodeIgniter\CodeIgniter->handleRequest(NULL, Object(Config\Cache), false)
#4 /home/crfsp010/public_html/eventos/index.php(47): CodeIgniter\CodeIgniter->run()
#5 {main}
CRITICAL - 2022-01-17 20:38:03 --> Undefined offset: 0
#0 /home/crfsp010/public_html/eventos/app/Controllers/Users.php(369): CodeIgniter\Debug\Exceptions->errorHandler(8, 'Undefined offse...', '/home/crfsp010/...', 369, Array)
#1 /home/crfsp010/public_html/eventos/system/CodeIgniter.php(918): App\Controllers\Users->recuperacaoSenha()
#2 /home/crfsp010/public_html/eventos/system/CodeIgniter.php(404): CodeIgniter\CodeIgniter->runController(Object(App\Controllers\Users))
#3 /home/crfsp010/public_html/eventos/system/CodeIgniter.php(312): CodeIgniter\CodeIgniter->handleRequest(NULL, Object(Config\Cache), false)
#4 /home/crfsp010/public_html/eventos/index.php(47): CodeIgniter\CodeIgniter->run()
#5 {main}
CRITICAL - 2022-01-17 21:15:26 --> Undefined offset: 0
#0 /home/crfsp010/public_html/eventos/app/Controllers/Users.php(369): CodeIgniter\Debug\Exceptions->errorHandler(8, 'Undefined offse...', '/home/crfsp010/...', 369, Array)
#1 /home/crfsp010/public_html/eventos/system/CodeIgniter.php(918): App\Controllers\Users->recuperacaoSenha()
#2 /home/crfsp010/public_html/eventos/system/CodeIgniter.php(404): CodeIgniter\CodeIgniter->runController(Object(App\Controllers\Users))
#3 /home/crfsp010/public_html/eventos/system/CodeIgniter.php(312): CodeIgniter\CodeIgniter->handleRequest(NULL, Object(Config\Cache), false)
#4 /home/crfsp010/public_html/eventos/index.php(47): CodeIgniter\CodeIgniter->run()
#5 {main}
CRITICAL - 2022-01-17 21:15:42 --> Undefined offset: 0
#0 /home/crfsp010/public_html/eventos/app/Controllers/Users.php(369): CodeIgniter\Debug\Exceptions->errorHandler(8, 'Undefined offse...', '/home/crfsp010/...', 369, Array)
#1 /home/crfsp010/public_html/eventos/system/CodeIgniter.php(918): App\Controllers\Users->recuperacaoSenha()
#2 /home/crfsp010/public_html/eventos/system/CodeIgniter.php(404): CodeIgniter\CodeIgniter->runController(Object(App\Controllers\Users))
#3 /home/crfsp010/public_html/eventos/system/CodeIgniter.php(312): CodeIgniter\CodeIgniter->handleRequest(NULL, Object(Config\Cache), false)
#4 /home/crfsp010/public_html/eventos/index.php(47): CodeIgniter\CodeIgniter->run()
#5 {main}
CRITICAL - 2022-01-17 21:15:58 --> Undefined offset: 0
#0 /home/crfsp010/public_html/eventos/app/Controllers/Users.php(369): CodeIgniter\Debug\Exceptions->errorHandler(8, 'Undefined offse...', '/home/crfsp010/...', 369, Array)
#1 /home/crfsp010/public_html/eventos/system/CodeIgniter.php(918): App\Controllers\Users->recuperacaoSenha()
#2 /home/crfsp010/public_html/eventos/system/CodeIgniter.php(404): CodeIgniter\CodeIgniter->runController(Object(App\Controllers\Users))
#3 /home/crfsp010/public_html/eventos/system/CodeIgniter.php(312): CodeIgniter\CodeIgniter->handleRequest(NULL, Object(Config\Cache), false)
#4 /home/crfsp010/public_html/eventos/index.php(47): CodeIgniter\CodeIgniter->run()
#5 {main}
CRITICAL - 2022-01-17 21:17:25 --> Undefined offset: 0
#0 /home/crfsp010/public_html/eventos/app/Controllers/Users.php(369): CodeIgniter\Debug\Exceptions->errorHandler(8, 'Undefined offse...', '/home/crfsp010/...', 369, Array)
#1 /home/crfsp010/public_html/eventos/system/CodeIgniter.php(918): App\Controllers\Users->recuperacaoSenha()
#2 /home/crfsp010/public_html/eventos/system/CodeIgniter.php(404): CodeIgniter\CodeIgniter->runController(Object(App\Controllers\Users))
#3 /home/crfsp010/public_html/eventos/system/CodeIgniter.php(312): CodeIgniter\CodeIgniter->handleRequest(NULL, Object(Config\Cache), false)
#4 /home/crfsp010/public_html/eventos/index.php(47): CodeIgniter\CodeIgniter->run()
#5 {main}
CRITICAL - 2022-01-17 21:26:16 --> Undefined offset: 0
#0 /home/crfsp010/public_html/eventos/app/Controllers/Users.php(369): CodeIgniter\Debug\Exceptions->errorHandler(8, 'Undefined offse...', '/home/crfsp010/...', 369, Array)
#1 /home/crfsp010/public_html/eventos/system/CodeIgniter.php(918): App\Controllers\Users->recuperacaoSenha()
#2 /home/crfsp010/public_html/eventos/system/CodeIgniter.php(404): CodeIgniter\CodeIgniter->runController(Object(App\Controllers\Users))
#3 /home/crfsp010/public_html/eventos/system/CodeIgniter.php(312): CodeIgniter\CodeIgniter->handleRequest(NULL, Object(Config\Cache), false)
#4 /home/crfsp010/public_html/eventos/index.php(47): CodeIgniter\CodeIgniter->run()
#5 {main}
CRITICAL - 2022-01-17 21:28:58 --> Undefined offset: 0
#0 /home/crfsp010/public_html/eventos/app/Controllers/Users.php(369): CodeIgniter\Debug\Exceptions->errorHandler(8, 'Undefined offse...', '/home/crfsp010/...', 369, Array)
#1 /home/crfsp010/public_html/eventos/system/CodeIgniter.php(918): App\Controllers\Users->recuperacaoSenha()
#2 /home/crfsp010/public_html/eventos/system/CodeIgniter.php(404): CodeIgniter\CodeIgniter->runController(Object(App\Controllers\Users))
#3 /home/crfsp010/public_html/eventos/system/CodeIgniter.php(312): CodeIgniter\CodeIgniter->handleRequest(NULL, Object(Config\Cache), false)
#4 /home/crfsp010/public_html/eventos/index.php(47): CodeIgniter\CodeIgniter->run()
#5 {main}
CRITICAL - 2022-01-17 21:58:58 --> Undefined offset: 0
#0 /home/crfsp010/public_html/eventos/app/Controllers/Users.php(369): CodeIgniter\Debug\Exceptions->errorHandler(8, 'Undefined offse...', '/home/crfsp010/...', 369, Array)
#1 /home/crfsp010/public_html/eventos/system/CodeIgniter.php(918): App\Controllers\Users->recuperacaoSenha()
#2 /home/crfsp010/public_html/eventos/system/CodeIgniter.php(404): CodeIgniter\CodeIgniter->runController(Object(App\Controllers\Users))
#3 /home/crfsp010/public_html/eventos/system/CodeIgniter.php(312): CodeIgniter\CodeIgniter->handleRequest(NULL, Object(Config\Cache), false)
#4 /home/crfsp010/public_html/eventos/index.php(47): CodeIgniter\CodeIgniter->run()
#5 {main}
CRITICAL - 2022-01-17 22:08:24 --> Undefined offset: 0
#0 /home/crfsp010/public_html/eventos/app/Controllers/Users.php(369): CodeIgniter\Debug\Exceptions->errorHandler(8, 'Undefined offse...', '/home/crfsp010/...', 369, Array)
#1 /home/crfsp010/public_html/eventos/system/CodeIgniter.php(918): App\Controllers\Users->recuperacaoSenha()
#2 /home/crfsp010/public_html/eventos/system/CodeIgniter.php(404): CodeIgniter\CodeIgniter->runController(Object(App\Controllers\Users))
#3 /home/crfsp010/public_html/eventos/system/CodeIgniter.php(312): CodeIgniter\CodeIgniter->handleRequest(NULL, Object(Config\Cache), false)
#4 /home/crfsp010/public_html/eventos/index.php(47): CodeIgniter\CodeIgniter->run()
#5 {main}
CRITICAL - 2022-01-17 22:25:40 --> unlink(/home/crfsp010/public_html/eventos/writable/debugbar/debugbar_1642468616.json): No such file or directory
#0 [internal function]: CodeIgniter\Debug\Exceptions->errorHandler(2, 'unlink(/home/cr...', '/home/crfsp010/...', 106, Array)
#1 /home/crfsp010/public_html/eventos/system/Debug/Toolbar/Collectors/History.php(106): unlink('/home/crfsp010/...')
#2 /home/crfsp010/public_html/eventos/system/Debug/Toolbar.php(483): CodeIgniter\Debug\Toolbar\Collectors\History->setFiles(1642469138, 20)
#3 /home/crfsp010/public_html/eventos/system/Debug/Toolbar.php(455): CodeIgniter\Debug\Toolbar->format(Array, 'html')
#4 /home/crfsp010/public_html/eventos/app/Config/Events.php(50): CodeIgniter\Debug\Toolbar->respond()
#5 [internal function]: CodeIgniter\Events\Events::Config\{closure}()
#6 /home/crfsp010/public_html/eventos/system/Events/Events.php(188): call_user_func(Object(Closure))
#7 /home/crfsp010/public_html/eventos/system/CodeIgniter.php(293): CodeIgniter\Events\Events::trigger('pre_system')
#8 /home/crfsp010/public_html/eventos/index.php(47): CodeIgniter\CodeIgniter->run()
#9 {main}
CRITICAL - 2022-01-17 22:58:21 --> unlink(/home/crfsp010/public_html/eventos/writable/debugbar/debugbar_1642470465.json): No such file or directory
#0 [internal function]: CodeIgniter\Debug\Exceptions->errorHandler(2, 'unlink(/home/cr...', '/home/crfsp010/...', 106, Array)
#1 /home/crfsp010/public_html/eventos/system/Debug/Toolbar/Collectors/History.php(106): unlink('/home/crfsp010/...')
#2 /home/crfsp010/public_html/eventos/system/Debug/Toolbar.php(483): CodeIgniter\Debug\Toolbar\Collectors\History->setFiles(1642471101, 20)
#3 /home/crfsp010/public_html/eventos/system/Debug/Toolbar.php(455): CodeIgniter\Debug\Toolbar->format(Array, 'html')
#4 /home/crfsp010/public_html/eventos/app/Config/Events.php(50): CodeIgniter\Debug\Toolbar->respond()
#5 [internal function]: CodeIgniter\Events\Events::Config\{closure}()
#6 /home/crfsp010/public_html/eventos/system/Events/Events.php(188): call_user_func(Object(Closure))
#7 /home/crfsp010/public_html/eventos/system/CodeIgniter.php(293): CodeIgniter\Events\Events::trigger('pre_system')
#8 /home/crfsp010/public_html/eventos/index.php(47): CodeIgniter\CodeIgniter->run()
#9 {main}
CRITICAL - 2022-01-17 23:29:12 --> Undefined offset: 0
#0 /home/crfsp010/public_html/eventos/app/Controllers/Users.php(369): CodeIgniter\Debug\Exceptions->errorHandler(8, 'Undefined offse...', '/home/crfsp010/...', 369, Array)
#1 /home/crfsp010/public_html/eventos/system/CodeIgniter.php(918): App\Controllers\Users->recuperacaoSenha()
#2 /home/crfsp010/public_html/eventos/system/CodeIgniter.php(404): CodeIgniter\CodeIgniter->runController(Object(App\Controllers\Users))
#3 /home/crfsp010/public_html/eventos/system/CodeIgniter.php(312): CodeIgniter\CodeIgniter->handleRequest(NULL, Object(Config\Cache), false)
#4 /home/crfsp010/public_html/eventos/index.php(47): CodeIgniter\CodeIgniter->run()
#5 {main}
CRITICAL - 2022-01-17 23:58:49 --> Undefined offset: 0
#0 /home/crfsp010/public_html/eventos/app/Controllers/Users.php(369): CodeIgniter\Debug\Exceptions->errorHandler(8, 'Undefined offse...', '/home/crfsp010/...', 369, Array)
#1 /home/crfsp010/public_html/eventos/system/CodeIgniter.php(918): App\Controllers\Users->recuperacaoSenha()
#2 /home/crfsp010/public_html/eventos/system/CodeIgniter.php(404): CodeIgniter\CodeIgniter->runController(Object(App\Controllers\Users))
#3 /home/crfsp010/public_html/eventos/system/CodeIgniter.php(312): CodeIgniter\CodeIgniter->handleRequest(NULL, Object(Config\Cache), false)
#4 /home/crfsp010/public_html/eventos/index.php(47): CodeIgniter\CodeIgniter->run()
#5 {main}
