ERROR - 2021-07-01 06:55:38 --> mysqli_sql_exception: Column 'atividade' cannot be null in C:\wamp\www\eventosonline\eventos\system\Database\MySQLi\Connection.php:331
Stack trace:
#0 C:\wamp\www\eventosonline\eventos\system\Database\MySQLi\Connection.php(331): mysqli->query('INSERT INTO `at...')
#1 C:\wamp\www\eventosonline\eventos\system\Database\BaseConnection.php(741): CodeIgniter\Database\MySQLi\Connection->execute('INSERT INTO `at...')
#2 C:\wamp\www\eventosonline\eventos\system\Database\BaseConnection.php(669): CodeIgniter\Database\BaseConnection->simpleQuery('INSERT INTO `at...')
#3 C:\wamp\www\eventosonline\eventos\system\Database\BaseBuilder.php(2249): CodeIgniter\Database\BaseConnection->query('INSERT INTO `at...', Array, false)
#4 C:\wamp\www\eventosonline\eventos\system\Model.php(755): CodeIgniter\Database\BaseBuilder->insert()
#5 C:\wamp\www\eventosonline\eventos\system\Model.php(574): CodeIgniter\Model->insert(Array, false)
#6 C:\wamp\www\eventosonline\eventos\app\Controllers\Atividades.php(87): CodeIgniter\Model->save(Array)
#7 C:\wamp\www\eventosonline\eventos\system\CodeIgniter.php(918): App\Controllers\Atividades->cadativ()
#8 C:\wamp\www\eventosonline\eventos\system\CodeIgniter.php(404): CodeIgniter\CodeIgniter->runController(Object(App\Controllers\Atividades))
#9 C:\wamp\www\eventosonline\eventos\system\CodeIgniter.php(312): CodeIgniter\CodeIgniter->handleRequest(NULL, Object(Config\Cache), false)
#10 C:\wamp\www\eventosonline\eventos\index.php(47): CodeIgniter\CodeIgniter->run()
#11 {main}
CRITICAL - 2021-07-01 06:55:38 --> Column 'atividade' cannot be null
#0 C:\wamp\www\eventosonline\eventos\system\Database\MySQLi\Connection.php(331): mysqli->query('INSERT INTO `at...')
#1 C:\wamp\www\eventosonline\eventos\system\Database\BaseConnection.php(741): CodeIgniter\Database\MySQLi\Connection->execute('INSERT INTO `at...')
#2 C:\wamp\www\eventosonline\eventos\system\Database\BaseConnection.php(669): CodeIgniter\Database\BaseConnection->simpleQuery('INSERT INTO `at...')
#3 C:\wamp\www\eventosonline\eventos\system\Database\BaseBuilder.php(2249): CodeIgniter\Database\BaseConnection->query('INSERT INTO `at...', Array, false)
#4 C:\wamp\www\eventosonline\eventos\system\Model.php(755): CodeIgniter\Database\BaseBuilder->insert()
#5 C:\wamp\www\eventosonline\eventos\system\Model.php(574): CodeIgniter\Model->insert(Array, false)
#6 C:\wamp\www\eventosonline\eventos\app\Controllers\Atividades.php(87): CodeIgniter\Model->save(Array)
#7 C:\wamp\www\eventosonline\eventos\system\CodeIgniter.php(918): App\Controllers\Atividades->cadativ()
#8 C:\wamp\www\eventosonline\eventos\system\CodeIgniter.php(404): CodeIgniter\CodeIgniter->runController(Object(App\Controllers\Atividades))
#9 C:\wamp\www\eventosonline\eventos\system\CodeIgniter.php(312): CodeIgniter\CodeIgniter->handleRequest(NULL, Object(Config\Cache), false)
#10 C:\wamp\www\eventosonline\eventos\index.php(47): CodeIgniter\CodeIgniter->run()
#11 {main}
ERROR - 2021-07-01 06:56:12 --> mysqli_sql_exception: Column 'atividade' cannot be null in C:\wamp\www\eventosonline\eventos\system\Database\MySQLi\Connection.php:331
Stack trace:
#0 C:\wamp\www\eventosonline\eventos\system\Database\MySQLi\Connection.php(331): mysqli->query('INSERT INTO `at...')
#1 C:\wamp\www\eventosonline\eventos\system\Database\BaseConnection.php(741): CodeIgniter\Database\MySQLi\Connection->execute('INSERT INTO `at...')
#2 C:\wamp\www\eventosonline\eventos\system\Database\BaseConnection.php(669): CodeIgniter\Database\BaseConnection->simpleQuery('INSERT INTO `at...')
#3 C:\wamp\www\eventosonline\eventos\system\Database\BaseBuilder.php(2249): CodeIgniter\Database\BaseConnection->query('INSERT INTO `at...', Array, false)
#4 C:\wamp\www\eventosonline\eventos\system\Model.php(755): CodeIgniter\Database\BaseBuilder->insert()
#5 C:\wamp\www\eventosonline\eventos\system\Model.php(574): CodeIgniter\Model->insert(Array, false)
#6 C:\wamp\www\eventosonline\eventos\app\Controllers\Atividades.php(87): CodeIgniter\Model->save(Array)
#7 C:\wamp\www\eventosonline\eventos\system\CodeIgniter.php(918): App\Controllers\Atividades->cadativ()
#8 C:\wamp\www\eventosonline\eventos\system\CodeIgniter.php(404): CodeIgniter\CodeIgniter->runController(Object(App\Controllers\Atividades))
#9 C:\wamp\www\eventosonline\eventos\system\CodeIgniter.php(312): CodeIgniter\CodeIgniter->handleRequest(NULL, Object(Config\Cache), false)
#10 C:\wamp\www\eventosonline\eventos\index.php(47): CodeIgniter\CodeIgniter->run()
#11 {main}
CRITICAL - 2021-07-01 06:56:12 --> Column 'atividade' cannot be null
#0 C:\wamp\www\eventosonline\eventos\system\Database\MySQLi\Connection.php(331): mysqli->query('INSERT INTO `at...')
#1 C:\wamp\www\eventosonline\eventos\system\Database\BaseConnection.php(741): CodeIgniter\Database\MySQLi\Connection->execute('INSERT INTO `at...')
#2 C:\wamp\www\eventosonline\eventos\system\Database\BaseConnection.php(669): CodeIgniter\Database\BaseConnection->simpleQuery('INSERT INTO `at...')
#3 C:\wamp\www\eventosonline\eventos\system\Database\BaseBuilder.php(2249): CodeIgniter\Database\BaseConnection->query('INSERT INTO `at...', Array, false)
#4 C:\wamp\www\eventosonline\eventos\system\Model.php(755): CodeIgniter\Database\BaseBuilder->insert()
#5 C:\wamp\www\eventosonline\eventos\system\Model.php(574): CodeIgniter\Model->insert(Array, false)
#6 C:\wamp\www\eventosonline\eventos\app\Controllers\Atividades.php(87): CodeIgniter\Model->save(Array)
#7 C:\wamp\www\eventosonline\eventos\system\CodeIgniter.php(918): App\Controllers\Atividades->cadativ()
#8 C:\wamp\www\eventosonline\eventos\system\CodeIgniter.php(404): CodeIgniter\CodeIgniter->runController(Object(App\Controllers\Atividades))
#9 C:\wamp\www\eventosonline\eventos\system\CodeIgniter.php(312): CodeIgniter\CodeIgniter->handleRequest(NULL, Object(Config\Cache), false)
#10 C:\wamp\www\eventosonline\eventos\index.php(47): CodeIgniter\CodeIgniter->run()
#11 {main}
CRITICAL - 2021-07-01 07:31:07 --> ini_set(): A session is active. You cannot change the session module's ini settings at this time
#0 [internal function]: CodeIgniter\Debug\Exceptions->errorHandler(2, 'ini_set(): A se...', 'C:\\wamp\\www\\eve...', 101, Array)
#1 C:\wamp\www\eventosonline\eventos\system\Session\Handlers\FileHandler.php(101): ini_set('session.save_pa...', 'C:\\wamp\\www\\eve...')
#2 C:\wamp\www\eventosonline\eventos\system\Config\Services.php(780): CodeIgniter\Session\Handlers\FileHandler->__construct(Object(Config\App), '::1')
#3 C:\wamp\www\eventosonline\eventos\system\Config\BaseService.php(123): CodeIgniter\Config\Services::session(Object(Config\App), false)
#4 C:\wamp\www\eventosonline\eventos\system\Config\Services.php(769): CodeIgniter\Config\BaseService::getSharedInstance('session', NULL)
#5 C:\wamp\www\eventosonline\eventos\system\Common.php(926): CodeIgniter\Config\Services::session()
#6 C:\wamp\www\eventosonline\eventos\app\Views\templates\header.php(108): session()
#7 C:\wamp\www\eventosonline\eventos\system\View\View.php(246): include('C:\\wamp\\www\\eve...')
#8 C:\wamp\www\eventosonline\eventos\system\Common.php(1119): CodeIgniter\View\View->render('templates/heade...', Array, true)
#9 C:\wamp\www\eventosonline\eventos\app\Controllers\Eventos.php(25): view('templates/heade...', Array)
#10 C:\wamp\www\eventosonline\eventos\system\CodeIgniter.php(918): App\Controllers\Eventos->index()
#11 C:\wamp\www\eventosonline\eventos\system\CodeIgniter.php(404): CodeIgniter\CodeIgniter->runController(Object(App\Controllers\Eventos))
#12 C:\wamp\www\eventosonline\eventos\system\CodeIgniter.php(312): CodeIgniter\CodeIgniter->handleRequest(NULL, Object(Config\Cache), false)
#13 C:\wamp\www\eventosonline\eventos\index.php(47): CodeIgniter\CodeIgniter->run()
#14 {main}
CRITICAL - 2021-07-01 08:09:40 --> ini_set(): A session is active. You cannot change the session module's ini settings at this time
#0 [internal function]: CodeIgniter\Debug\Exceptions->errorHandler(2, 'ini_set(): A se...', 'C:\\wamp\\www\\eve...', 101, Array)
#1 C:\wamp\www\eventosonline\eventos\system\Session\Handlers\FileHandler.php(101): ini_set('session.save_pa...', 'C:\\wamp\\www\\eve...')
#2 C:\wamp\www\eventosonline\eventos\system\Config\Services.php(780): CodeIgniter\Session\Handlers\FileHandler->__construct(Object(Config\App), '::1')
#3 C:\wamp\www\eventosonline\eventos\system\Config\BaseService.php(123): CodeIgniter\Config\Services::session(Object(Config\App), false)
#4 C:\wamp\www\eventosonline\eventos\system\Config\Services.php(769): CodeIgniter\Config\BaseService::getSharedInstance('session', NULL)
#5 C:\wamp\www\eventosonline\eventos\system\Common.php(926): CodeIgniter\Config\Services::session()
#6 C:\wamp\www\eventosonline\eventos\app\Views\templates\header.php(114): session()
#7 C:\wamp\www\eventosonline\eventos\system\View\View.php(246): include('C:\\wamp\\www\\eve...')
#8 C:\wamp\www\eventosonline\eventos\system\Common.php(1119): CodeIgniter\View\View->render('templates/heade...', Array, true)
#9 C:\wamp\www\eventosonline\eventos\app\Controllers\Eventos.php(25): view('templates/heade...', Array)
#10 C:\wamp\www\eventosonline\eventos\system\CodeIgniter.php(918): App\Controllers\Eventos->index()
#11 C:\wamp\www\eventosonline\eventos\system\CodeIgniter.php(404): CodeIgniter\CodeIgniter->runController(Object(App\Controllers\Eventos))
#12 C:\wamp\www\eventosonline\eventos\system\CodeIgniter.php(312): CodeIgniter\CodeIgniter->handleRequest(NULL, Object(Config\Cache), false)
#13 C:\wamp\www\eventosonline\eventos\index.php(47): CodeIgniter\CodeIgniter->run()
#14 {main}
CRITICAL - 2021-07-01 08:09:56 --> ini_set(): A session is active. You cannot change the session module's ini settings at this time
#0 [internal function]: CodeIgniter\Debug\Exceptions->errorHandler(2, 'ini_set(): A se...', 'C:\\wamp\\www\\eve...', 101, Array)
#1 C:\wamp\www\eventosonline\eventos\system\Session\Handlers\FileHandler.php(101): ini_set('session.save_pa...', 'C:\\wamp\\www\\eve...')
#2 C:\wamp\www\eventosonline\eventos\system\Config\Services.php(780): CodeIgniter\Session\Handlers\FileHandler->__construct(Object(Config\App), '::1')
#3 C:\wamp\www\eventosonline\eventos\system\Config\BaseService.php(123): CodeIgniter\Config\Services::session(Object(Config\App), false)
#4 C:\wamp\www\eventosonline\eventos\system\Config\Services.php(769): CodeIgniter\Config\BaseService::getSharedInstance('session', NULL)
#5 C:\wamp\www\eventosonline\eventos\system\Common.php(926): CodeIgniter\Config\Services::session()
#6 C:\wamp\www\eventosonline\eventos\app\Views\templates\header.php(114): session()
#7 C:\wamp\www\eventosonline\eventos\system\View\View.php(246): include('C:\\wamp\\www\\eve...')
#8 C:\wamp\www\eventosonline\eventos\system\Common.php(1119): CodeIgniter\View\View->render('templates/heade...', Array, true)
#9 C:\wamp\www\eventosonline\eventos\app\Controllers\Users.php(510): view('templates/heade...', Array)
#10 C:\wamp\www\eventosonline\eventos\system\CodeIgniter.php(918): App\Controllers\Users->caduser()
#11 C:\wamp\www\eventosonline\eventos\system\CodeIgniter.php(404): CodeIgniter\CodeIgniter->runController(Object(App\Controllers\Users))
#12 C:\wamp\www\eventosonline\eventos\system\CodeIgniter.php(312): CodeIgniter\CodeIgniter->handleRequest(NULL, Object(Config\Cache), false)
#13 C:\wamp\www\eventosonline\eventos\index.php(47): CodeIgniter\CodeIgniter->run()
#14 {main}
CRITICAL - 2021-07-01 08:09:58 --> ini_set(): A session is active. You cannot change the session module's ini settings at this time
#0 [internal function]: CodeIgniter\Debug\Exceptions->errorHandler(2, 'ini_set(): A se...', 'C:\\wamp\\www\\eve...', 101, Array)
#1 C:\wamp\www\eventosonline\eventos\system\Session\Handlers\FileHandler.php(101): ini_set('session.save_pa...', 'C:\\wamp\\www\\eve...')
#2 C:\wamp\www\eventosonline\eventos\system\Config\Services.php(780): CodeIgniter\Session\Handlers\FileHandler->__construct(Object(Config\App), '::1')
#3 C:\wamp\www\eventosonline\eventos\system\Config\BaseService.php(123): CodeIgniter\Config\Services::session(Object(Config\App), false)
#4 C:\wamp\www\eventosonline\eventos\system\Config\Services.php(769): CodeIgniter\Config\BaseService::getSharedInstance('session', NULL)
#5 C:\wamp\www\eventosonline\eventos\system\Common.php(926): CodeIgniter\Config\Services::session()
#6 C:\wamp\www\eventosonline\eventos\app\Views\templates\header.php(114): session()
#7 C:\wamp\www\eventosonline\eventos\system\View\View.php(246): include('C:\\wamp\\www\\eve...')
#8 C:\wamp\www\eventosonline\eventos\system\Common.php(1119): CodeIgniter\View\View->render('templates/heade...', Array, true)
#9 C:\wamp\www\eventosonline\eventos\app\Controllers\Users.php(53): view('templates/heade...', Array)
#10 C:\wamp\www\eventosonline\eventos\system\CodeIgniter.php(918): App\Controllers\Users->index()
#11 C:\wamp\www\eventosonline\eventos\system\CodeIgniter.php(404): CodeIgniter\CodeIgniter->runController(Object(App\Controllers\Users))
#12 C:\wamp\www\eventosonline\eventos\system\CodeIgniter.php(312): CodeIgniter\CodeIgniter->handleRequest(NULL, Object(Config\Cache), false)
#13 C:\wamp\www\eventosonline\eventos\index.php(47): CodeIgniter\CodeIgniter->run()
#14 {main}
CRITICAL - 2021-07-01 08:09:59 --> ini_set(): A session is active. You cannot change the session module's ini settings at this time
#0 [internal function]: CodeIgniter\Debug\Exceptions->errorHandler(2, 'ini_set(): A se...', 'C:\\wamp\\www\\eve...', 101, Array)
#1 C:\wamp\www\eventosonline\eventos\system\Session\Handlers\FileHandler.php(101): ini_set('session.save_pa...', 'C:\\wamp\\www\\eve...')
#2 C:\wamp\www\eventosonline\eventos\system\Config\Services.php(780): CodeIgniter\Session\Handlers\FileHandler->__construct(Object(Config\App), '::1')
#3 C:\wamp\www\eventosonline\eventos\system\Config\BaseService.php(123): CodeIgniter\Config\Services::session(Object(Config\App), false)
#4 C:\wamp\www\eventosonline\eventos\system\Config\Services.php(769): CodeIgniter\Config\BaseService::getSharedInstance('session', NULL)
#5 C:\wamp\www\eventosonline\eventos\system\Common.php(926): CodeIgniter\Config\Services::session()
#6 C:\wamp\www\eventosonline\eventos\app\Views\templates\header.php(114): session()
#7 C:\wamp\www\eventosonline\eventos\system\View\View.php(246): include('C:\\wamp\\www\\eve...')
#8 C:\wamp\www\eventosonline\eventos\system\Common.php(1119): CodeIgniter\View\View->render('templates/heade...', Array, true)
#9 C:\wamp\www\eventosonline\eventos\app\Controllers\Users.php(53): view('templates/heade...', Array)
#10 C:\wamp\www\eventosonline\eventos\system\CodeIgniter.php(918): App\Controllers\Users->index()
#11 C:\wamp\www\eventosonline\eventos\system\CodeIgniter.php(404): CodeIgniter\CodeIgniter->runController(Object(App\Controllers\Users))
#12 C:\wamp\www\eventosonline\eventos\system\CodeIgniter.php(312): CodeIgniter\CodeIgniter->handleRequest(NULL, Object(Config\Cache), false)
#13 C:\wamp\www\eventosonline\eventos\index.php(47): CodeIgniter\CodeIgniter->run()
#14 {main}
CRITICAL - 2021-07-01 08:10:01 --> ini_set(): A session is active. You cannot change the session module's ini settings at this time
#0 [internal function]: CodeIgniter\Debug\Exceptions->errorHandler(2, 'ini_set(): A se...', 'C:\\wamp\\www\\eve...', 101, Array)
#1 C:\wamp\www\eventosonline\eventos\system\Session\Handlers\FileHandler.php(101): ini_set('session.save_pa...', 'C:\\wamp\\www\\eve...')
#2 C:\wamp\www\eventosonline\eventos\system\Config\Services.php(780): CodeIgniter\Session\Handlers\FileHandler->__construct(Object(Config\App), '::1')
#3 C:\wamp\www\eventosonline\eventos\system\Config\BaseService.php(123): CodeIgniter\Config\Services::session(Object(Config\App), false)
#4 C:\wamp\www\eventosonline\eventos\system\Config\Services.php(769): CodeIgniter\Config\BaseService::getSharedInstance('session', NULL)
#5 C:\wamp\www\eventosonline\eventos\system\Common.php(926): CodeIgniter\Config\Services::session()
#6 C:\wamp\www\eventosonline\eventos\app\Views\templates\header.php(114): session()
#7 C:\wamp\www\eventosonline\eventos\system\View\View.php(246): include('C:\\wamp\\www\\eve...')
#8 C:\wamp\www\eventosonline\eventos\system\Common.php(1119): CodeIgniter\View\View->render('templates/heade...', Array, true)
#9 C:\wamp\www\eventosonline\eventos\app\Controllers\Users.php(510): view('templates/heade...', Array)
#10 C:\wamp\www\eventosonline\eventos\system\CodeIgniter.php(918): App\Controllers\Users->caduser()
#11 C:\wamp\www\eventosonline\eventos\system\CodeIgniter.php(404): CodeIgniter\CodeIgniter->runController(Object(App\Controllers\Users))
#12 C:\wamp\www\eventosonline\eventos\system\CodeIgniter.php(312): CodeIgniter\CodeIgniter->handleRequest(NULL, Object(Config\Cache), false)
#13 C:\wamp\www\eventosonline\eventos\index.php(47): CodeIgniter\CodeIgniter->run()
#14 {main}
CRITICAL - 2021-07-01 08:10:02 --> ini_set(): A session is active. You cannot change the session module's ini settings at this time
#0 [internal function]: CodeIgniter\Debug\Exceptions->errorHandler(2, 'ini_set(): A se...', 'C:\\wamp\\www\\eve...', 101, Array)
#1 C:\wamp\www\eventosonline\eventos\system\Session\Handlers\FileHandler.php(101): ini_set('session.save_pa...', 'C:\\wamp\\www\\eve...')
#2 C:\wamp\www\eventosonline\eventos\system\Config\Services.php(780): CodeIgniter\Session\Handlers\FileHandler->__construct(Object(Config\App), '::1')
#3 C:\wamp\www\eventosonline\eventos\system\Config\BaseService.php(123): CodeIgniter\Config\Services::session(Object(Config\App), false)
#4 C:\wamp\www\eventosonline\eventos\system\Config\Services.php(769): CodeIgniter\Config\BaseService::getSharedInstance('session', NULL)
#5 C:\wamp\www\eventosonline\eventos\system\Common.php(926): CodeIgniter\Config\Services::session()
#6 C:\wamp\www\eventosonline\eventos\app\Views\templates\header.php(114): session()
#7 C:\wamp\www\eventosonline\eventos\system\View\View.php(246): include('C:\\wamp\\www\\eve...')
#8 C:\wamp\www\eventosonline\eventos\system\Common.php(1119): CodeIgniter\View\View->render('templates/heade...', Array, true)
#9 C:\wamp\www\eventosonline\eventos\app\Controllers\Atividades.php(198): view('templates/heade...', Array)
#10 C:\wamp\www\eventosonline\eventos\system\CodeIgniter.php(918): App\Controllers\Atividades->excluirativ()
#11 C:\wamp\www\eventosonline\eventos\system\CodeIgniter.php(404): CodeIgniter\CodeIgniter->runController(Object(App\Controllers\Atividades))
#12 C:\wamp\www\eventosonline\eventos\system\CodeIgniter.php(312): CodeIgniter\CodeIgniter->handleRequest(NULL, Object(Config\Cache), false)
#13 C:\wamp\www\eventosonline\eventos\index.php(47): CodeIgniter\CodeIgniter->run()
#14 {main}
CRITICAL - 2021-07-01 08:10:03 --> ini_set(): A session is active. You cannot change the session module's ini settings at this time
#0 [internal function]: CodeIgniter\Debug\Exceptions->errorHandler(2, 'ini_set(): A se...', 'C:\\wamp\\www\\eve...', 101, Array)
#1 C:\wamp\www\eventosonline\eventos\system\Session\Handlers\FileHandler.php(101): ini_set('session.save_pa...', 'C:\\wamp\\www\\eve...')
#2 C:\wamp\www\eventosonline\eventos\system\Config\Services.php(780): CodeIgniter\Session\Handlers\FileHandler->__construct(Object(Config\App), '::1')
#3 C:\wamp\www\eventosonline\eventos\system\Config\BaseService.php(123): CodeIgniter\Config\Services::session(Object(Config\App), false)
#4 C:\wamp\www\eventosonline\eventos\system\Config\Services.php(769): CodeIgniter\Config\BaseService::getSharedInstance('session', NULL)
#5 C:\wamp\www\eventosonline\eventos\system\Common.php(926): CodeIgniter\Config\Services::session()
#6 C:\wamp\www\eventosonline\eventos\app\Views\templates\header.php(114): session()
#7 C:\wamp\www\eventosonline\eventos\system\View\View.php(246): include('C:\\wamp\\www\\eve...')
#8 C:\wamp\www\eventosonline\eventos\system\Common.php(1119): CodeIgniter\View\View->render('templates/heade...', Array, true)
#9 C:\wamp\www\eventosonline\eventos\app\Controllers\Eventos.php(88): view('templates/heade...', Array)
#10 C:\wamp\www\eventosonline\eventos\system\CodeIgniter.php(918): App\Controllers\Eventos->lista('1')
#11 C:\wamp\www\eventosonline\eventos\system\CodeIgniter.php(404): CodeIgniter\CodeIgniter->runController(Object(App\Controllers\Eventos))
#12 C:\wamp\www\eventosonline\eventos\system\CodeIgniter.php(312): CodeIgniter\CodeIgniter->handleRequest(NULL, Object(Config\Cache), false)
#13 C:\wamp\www\eventosonline\eventos\index.php(47): CodeIgniter\CodeIgniter->run()
#14 {main}
CRITICAL - 2021-07-01 08:10:03 --> ini_set(): A session is active. You cannot change the session module's ini settings at this time
#0 [internal function]: CodeIgniter\Debug\Exceptions->errorHandler(2, 'ini_set(): A se...', 'C:\\wamp\\www\\eve...', 101, Array)
#1 C:\wamp\www\eventosonline\eventos\system\Session\Handlers\FileHandler.php(101): ini_set('session.save_pa...', 'C:\\wamp\\www\\eve...')
#2 C:\wamp\www\eventosonline\eventos\system\Config\Services.php(780): CodeIgniter\Session\Handlers\FileHandler->__construct(Object(Config\App), '::1')
#3 C:\wamp\www\eventosonline\eventos\system\Config\BaseService.php(123): CodeIgniter\Config\Services::session(Object(Config\App), false)
#4 C:\wamp\www\eventosonline\eventos\system\Config\Services.php(769): CodeIgniter\Config\BaseService::getSharedInstance('session', NULL)
#5 C:\wamp\www\eventosonline\eventos\system\Common.php(926): CodeIgniter\Config\Services::session()
#6 C:\wamp\www\eventosonline\eventos\app\Views\templates\header.php(114): session()
#7 C:\wamp\www\eventosonline\eventos\system\View\View.php(246): include('C:\\wamp\\www\\eve...')
#8 C:\wamp\www\eventosonline\eventos\system\Common.php(1119): CodeIgniter\View\View->render('templates/heade...', Array, true)
#9 C:\wamp\www\eventosonline\eventos\app\Controllers\Eventos.php(25): view('templates/heade...', Array)
#10 C:\wamp\www\eventosonline\eventos\system\CodeIgniter.php(918): App\Controllers\Eventos->index()
#11 C:\wamp\www\eventosonline\eventos\system\CodeIgniter.php(404): CodeIgniter\CodeIgniter->runController(Object(App\Controllers\Eventos))
#12 C:\wamp\www\eventosonline\eventos\system\CodeIgniter.php(312): CodeIgniter\CodeIgniter->handleRequest(NULL, Object(Config\Cache), false)
#13 C:\wamp\www\eventosonline\eventos\index.php(47): CodeIgniter\CodeIgniter->run()
#14 {main}
CRITICAL - 2021-07-01 08:10:10 --> syntax error, unexpected '{'
#0 C:\wamp\www\eventosonline\eventos\system\Common.php(1119): CodeIgniter\View\View->render('templates/heade...', Array, true)
#1 C:\wamp\www\eventosonline\eventos\app\Controllers\Eventos.php(25): view('templates/heade...', Array)
#2 C:\wamp\www\eventosonline\eventos\system\CodeIgniter.php(918): App\Controllers\Eventos->index()
#3 C:\wamp\www\eventosonline\eventos\system\CodeIgniter.php(404): CodeIgniter\CodeIgniter->runController(Object(App\Controllers\Eventos))
#4 C:\wamp\www\eventosonline\eventos\system\CodeIgniter.php(312): CodeIgniter\CodeIgniter->handleRequest(NULL, Object(Config\Cache), false)
#5 C:\wamp\www\eventosonline\eventos\index.php(47): CodeIgniter\CodeIgniter->run()
#6 {main}
CRITICAL - 2021-07-01 08:10:11 --> syntax error, unexpected '{'
#0 C:\wamp\www\eventosonline\eventos\system\Common.php(1119): CodeIgniter\View\View->render('templates/heade...', Array, true)
#1 C:\wamp\www\eventosonline\eventos\app\Controllers\Eventos.php(25): view('templates/heade...', Array)
#2 C:\wamp\www\eventosonline\eventos\system\CodeIgniter.php(918): App\Controllers\Eventos->index()
#3 C:\wamp\www\eventosonline\eventos\system\CodeIgniter.php(404): CodeIgniter\CodeIgniter->runController(Object(App\Controllers\Eventos))
#4 C:\wamp\www\eventosonline\eventos\system\CodeIgniter.php(312): CodeIgniter\CodeIgniter->handleRequest(NULL, Object(Config\Cache), false)
#5 C:\wamp\www\eventosonline\eventos\index.php(47): CodeIgniter\CodeIgniter->run()
#6 {main}
CRITICAL - 2021-07-01 08:10:14 --> syntax error, unexpected '{'
#0 C:\wamp\www\eventosonline\eventos\system\Common.php(1119): CodeIgniter\View\View->render('templates/heade...', Array, true)
#1 C:\wamp\www\eventosonline\eventos\app\Controllers\Users.php(53): view('templates/heade...', Array)
#2 C:\wamp\www\eventosonline\eventos\system\CodeIgniter.php(918): App\Controllers\Users->index()
#3 C:\wamp\www\eventosonline\eventos\system\CodeIgniter.php(404): CodeIgniter\CodeIgniter->runController(Object(App\Controllers\Users))
#4 C:\wamp\www\eventosonline\eventos\system\CodeIgniter.php(312): CodeIgniter\CodeIgniter->handleRequest(NULL, Object(Config\Cache), false)
#5 C:\wamp\www\eventosonline\eventos\index.php(47): CodeIgniter\CodeIgniter->run()
#6 {main}
CRITICAL - 2021-07-01 08:10:39 --> ini_set(): A session is active. You cannot change the session module's ini settings at this time
#0 [internal function]: CodeIgniter\Debug\Exceptions->errorHandler(2, 'ini_set(): A se...', 'C:\\wamp\\www\\eve...', 101, Array)
#1 C:\wamp\www\eventosonline\eventos\system\Session\Handlers\FileHandler.php(101): ini_set('session.save_pa...', 'C:\\wamp\\www\\eve...')
#2 C:\wamp\www\eventosonline\eventos\system\Config\Services.php(780): CodeIgniter\Session\Handlers\FileHandler->__construct(Object(Config\App), '::1')
#3 C:\wamp\www\eventosonline\eventos\system\Config\BaseService.php(123): CodeIgniter\Config\Services::session(Object(Config\App), false)
#4 C:\wamp\www\eventosonline\eventos\system\Config\Services.php(769): CodeIgniter\Config\BaseService::getSharedInstance('session', NULL)
#5 C:\wamp\www\eventosonline\eventos\system\Common.php(926): CodeIgniter\Config\Services::session()
#6 C:\wamp\www\eventosonline\eventos\app\Views\templates\header.php(114): session()
#7 C:\wamp\www\eventosonline\eventos\system\View\View.php(246): include('C:\\wamp\\www\\eve...')
#8 C:\wamp\www\eventosonline\eventos\system\Common.php(1119): CodeIgniter\View\View->render('templates/heade...', Array, true)
#9 C:\wamp\www\eventosonline\eventos\app\Controllers\Users.php(53): view('templates/heade...', Array)
#10 C:\wamp\www\eventosonline\eventos\system\CodeIgniter.php(918): App\Controllers\Users->index()
#11 C:\wamp\www\eventosonline\eventos\system\CodeIgniter.php(404): CodeIgniter\CodeIgniter->runController(Object(App\Controllers\Users))
#12 C:\wamp\www\eventosonline\eventos\system\CodeIgniter.php(312): CodeIgniter\CodeIgniter->handleRequest(NULL, Object(Config\Cache), false)
#13 C:\wamp\www\eventosonline\eventos\index.php(47): CodeIgniter\CodeIgniter->run()
#14 {main}
CRITICAL - 2021-07-01 08:31:34 --> ini_set(): A session is active. You cannot change the session module's ini settings at this time
#0 [internal function]: CodeIgniter\Debug\Exceptions->errorHandler(2, 'ini_set(): A se...', 'C:\\wamp\\www\\eve...', 101, Array)
#1 C:\wamp\www\eventosonline\eventos\system\Session\Handlers\FileHandler.php(101): ini_set('session.save_pa...', 'C:\\wamp\\www\\eve...')
#2 C:\wamp\www\eventosonline\eventos\system\Config\Services.php(780): CodeIgniter\Session\Handlers\FileHandler->__construct(Object(Config\App), '::1')
#3 C:\wamp\www\eventosonline\eventos\system\Config\BaseService.php(123): CodeIgniter\Config\Services::session(Object(Config\App), false)
#4 C:\wamp\www\eventosonline\eventos\system\Config\Services.php(769): CodeIgniter\Config\BaseService::getSharedInstance('session', NULL)
#5 C:\wamp\www\eventosonline\eventos\system\Common.php(926): CodeIgniter\Config\Services::session()
#6 C:\wamp\www\eventosonline\eventos\app\Views\templates\header.php(132): session()
#7 C:\wamp\www\eventosonline\eventos\system\View\View.php(246): include('C:\\wamp\\www\\eve...')
#8 C:\wamp\www\eventosonline\eventos\system\Common.php(1119): CodeIgniter\View\View->render('templates/heade...', Array, true)
#9 C:\wamp\www\eventosonline\eventos\app\Controllers\Atividades.php(25): view('templates/heade...', Array)
#10 C:\wamp\www\eventosonline\eventos\system\CodeIgniter.php(918): App\Controllers\Atividades->index()
#11 C:\wamp\www\eventosonline\eventos\system\CodeIgniter.php(404): CodeIgniter\CodeIgniter->runController(Object(App\Controllers\Atividades))
#12 C:\wamp\www\eventosonline\eventos\system\CodeIgniter.php(312): CodeIgniter\CodeIgniter->handleRequest(NULL, Object(Config\Cache), false)
#13 C:\wamp\www\eventosonline\eventos\index.php(47): CodeIgniter\CodeIgniter->run()
#14 {main}
CRITICAL - 2021-07-01 08:45:07 --> Undefined index: type
#0 C:\wamp\www\eventosonline\eventos\app\Views\templates\header.php(110): CodeIgniter\Debug\Exceptions->errorHandler(8, 'Undefined index...', 'C:\\wamp\\www\\eve...', 110, Array)
#1 C:\wamp\www\eventosonline\eventos\system\View\View.php(246): include('C:\\wamp\\www\\eve...')
#2 C:\wamp\www\eventosonline\eventos\system\Common.php(1119): CodeIgniter\View\View->render('templates/heade...', Array, true)
#3 C:\wamp\www\eventosonline\eventos\app\Controllers\Eventos.php(62): view('templates/heade...', Array)
#4 C:\wamp\www\eventosonline\eventos\system\CodeIgniter.php(918): App\Controllers\Eventos->listar()
#5 C:\wamp\www\eventosonline\eventos\system\CodeIgniter.php(404): CodeIgniter\CodeIgniter->runController(Object(App\Controllers\Eventos))
#6 C:\wamp\www\eventosonline\eventos\system\CodeIgniter.php(312): CodeIgniter\CodeIgniter->handleRequest(NULL, Object(Config\Cache), false)
#7 C:\wamp\www\eventosonline\eventos\index.php(47): CodeIgniter\CodeIgniter->run()
#8 {main}
CRITICAL - 2021-07-01 08:45:17 --> Undefined index: type
#0 C:\wamp\www\eventosonline\eventos\app\Views\templates\header.php(110): CodeIgniter\Debug\Exceptions->errorHandler(8, 'Undefined index...', 'C:\\wamp\\www\\eve...', 110, Array)
#1 C:\wamp\www\eventosonline\eventos\system\View\View.php(246): include('C:\\wamp\\www\\eve...')
#2 C:\wamp\www\eventosonline\eventos\system\Common.php(1119): CodeIgniter\View\View->render('templates/heade...', Array, true)
#3 C:\wamp\www\eventosonline\eventos\app\Controllers\Atividades.php(177): view('templates/heade...', Array)
#4 C:\wamp\www\eventosonline\eventos\system\CodeIgniter.php(918): App\Controllers\Atividades->listativ()
#5 C:\wamp\www\eventosonline\eventos\system\CodeIgniter.php(404): CodeIgniter\CodeIgniter->runController(Object(App\Controllers\Atividades))
#6 C:\wamp\www\eventosonline\eventos\system\CodeIgniter.php(312): CodeIgniter\CodeIgniter->handleRequest(NULL, Object(Config\Cache), false)
#7 C:\wamp\www\eventosonline\eventos\index.php(47): CodeIgniter\CodeIgniter->run()
#8 {main}
CRITICAL - 2021-07-01 08:46:13 --> Undefined index: type
#0 C:\wamp\www\eventosonline\eventos\app\Views\templates\header.php(110): CodeIgniter\Debug\Exceptions->errorHandler(8, 'Undefined index...', 'C:\\wamp\\www\\eve...', 110, Array)
#1 C:\wamp\www\eventosonline\eventos\system\View\View.php(246): include('C:\\wamp\\www\\eve...')
#2 C:\wamp\www\eventosonline\eventos\system\Common.php(1119): CodeIgniter\View\View->render('templates/heade...', Array, true)
#3 C:\wamp\www\eventosonline\eventos\app\Controllers\Dashboard.php(16): view('templates/heade...', Array)
#4 C:\wamp\www\eventosonline\eventos\system\CodeIgniter.php(918): App\Controllers\Dashboard->index()
#5 C:\wamp\www\eventosonline\eventos\system\CodeIgniter.php(404): CodeIgniter\CodeIgniter->runController(Object(App\Controllers\Dashboard))
#6 C:\wamp\www\eventosonline\eventos\system\CodeIgniter.php(312): CodeIgniter\CodeIgniter->handleRequest(NULL, Object(Config\Cache), false)
#7 C:\wamp\www\eventosonline\eventos\index.php(47): CodeIgniter\CodeIgniter->run()
#8 {main}
CRITICAL - 2021-07-01 08:46:23 --> Undefined index: type
#0 C:\wamp\www\eventosonline\eventos\app\Views\templates\header.php(110): CodeIgniter\Debug\Exceptions->errorHandler(8, 'Undefined index...', 'C:\\wamp\\www\\eve...', 110, Array)
#1 C:\wamp\www\eventosonline\eventos\system\View\View.php(246): include('C:\\wamp\\www\\eve...')
#2 C:\wamp\www\eventosonline\eventos\system\Common.php(1119): CodeIgniter\View\View->render('templates/heade...', Array, true)
#3 C:\wamp\www\eventosonline\eventos\app\Controllers\Eventos.php(62): view('templates/heade...', Array)
#4 C:\wamp\www\eventosonline\eventos\system\CodeIgniter.php(918): App\Controllers\Eventos->listar()
#5 C:\wamp\www\eventosonline\eventos\system\CodeIgniter.php(404): CodeIgniter\CodeIgniter->runController(Object(App\Controllers\Eventos))
#6 C:\wamp\www\eventosonline\eventos\system\CodeIgniter.php(312): CodeIgniter\CodeIgniter->handleRequest(NULL, Object(Config\Cache), false)
#7 C:\wamp\www\eventosonline\eventos\index.php(47): CodeIgniter\CodeIgniter->run()
#8 {main}
CRITICAL - 2021-07-01 08:46:26 --> Undefined index: type
#0 C:\wamp\www\eventosonline\eventos\app\Views\templates\header.php(110): CodeIgniter\Debug\Exceptions->errorHandler(8, 'Undefined index...', 'C:\\wamp\\www\\eve...', 110, Array)
#1 C:\wamp\www\eventosonline\eventos\system\View\View.php(246): include('C:\\wamp\\www\\eve...')
#2 C:\wamp\www\eventosonline\eventos\system\Common.php(1119): CodeIgniter\View\View->render('templates/heade...', Array, true)
#3 C:\wamp\www\eventosonline\eventos\app\Controllers\Atividades.php(177): view('templates/heade...', Array)
#4 C:\wamp\www\eventosonline\eventos\system\CodeIgniter.php(918): App\Controllers\Atividades->listativ()
#5 C:\wamp\www\eventosonline\eventos\system\CodeIgniter.php(404): CodeIgniter\CodeIgniter->runController(Object(App\Controllers\Atividades))
#6 C:\wamp\www\eventosonline\eventos\system\CodeIgniter.php(312): CodeIgniter\CodeIgniter->handleRequest(NULL, Object(Config\Cache), false)
#7 C:\wamp\www\eventosonline\eventos\index.php(47): CodeIgniter\CodeIgniter->run()
#8 {main}
CRITICAL - 2021-07-01 08:46:59 --> Undefined index: type
#0 C:\wamp\www\eventosonline\eventos\app\Views\templates\header.php(110): CodeIgniter\Debug\Exceptions->errorHandler(8, 'Undefined index...', 'C:\\wamp\\www\\eve...', 110, Array)
#1 C:\wamp\www\eventosonline\eventos\system\View\View.php(246): include('C:\\wamp\\www\\eve...')
#2 C:\wamp\www\eventosonline\eventos\system\Common.php(1119): CodeIgniter\View\View->render('templates/heade...', Array, true)
#3 C:\wamp\www\eventosonline\eventos\app\Controllers\Dashboard.php(16): view('templates/heade...', Array)
#4 C:\wamp\www\eventosonline\eventos\system\CodeIgniter.php(918): App\Controllers\Dashboard->index()
#5 C:\wamp\www\eventosonline\eventos\system\CodeIgniter.php(404): CodeIgniter\CodeIgniter->runController(Object(App\Controllers\Dashboard))
#6 C:\wamp\www\eventosonline\eventos\system\CodeIgniter.php(312): CodeIgniter\CodeIgniter->handleRequest(NULL, Object(Config\Cache), false)
#7 C:\wamp\www\eventosonline\eventos\index.php(47): CodeIgniter\CodeIgniter->run()
#8 {main}
CRITICAL - 2021-07-01 08:47:08 --> Undefined index: type
#0 C:\wamp\www\eventosonline\eventos\app\Views\templates\header.php(110): CodeIgniter\Debug\Exceptions->errorHandler(8, 'Undefined index...', 'C:\\wamp\\www\\eve...', 110, Array)
#1 C:\wamp\www\eventosonline\eventos\system\View\View.php(246): include('C:\\wamp\\www\\eve...')
#2 C:\wamp\www\eventosonline\eventos\system\Common.php(1119): CodeIgniter\View\View->render('templates/heade...', Array, true)
#3 C:\wamp\www\eventosonline\eventos\app\Controllers\Eventos.php(62): view('templates/heade...', Array)
#4 C:\wamp\www\eventosonline\eventos\system\CodeIgniter.php(918): App\Controllers\Eventos->listar()
#5 C:\wamp\www\eventosonline\eventos\system\CodeIgniter.php(404): CodeIgniter\CodeIgniter->runController(Object(App\Controllers\Eventos))
#6 C:\wamp\www\eventosonline\eventos\system\CodeIgniter.php(312): CodeIgniter\CodeIgniter->handleRequest(NULL, Object(Config\Cache), false)
#7 C:\wamp\www\eventosonline\eventos\index.php(47): CodeIgniter\CodeIgniter->run()
#8 {main}
CRITICAL - 2021-07-01 08:59:43 --> Undefined index: type
#0 C:\wamp\www\eventosonline\eventos\app\Views\templates\header.php(109): CodeIgniter\Debug\Exceptions->errorHandler(8, 'Undefined index...', 'C:\\wamp\\www\\eve...', 109, Array)
#1 C:\wamp\www\eventosonline\eventos\system\View\View.php(246): include('C:\\wamp\\www\\eve...')
#2 C:\wamp\www\eventosonline\eventos\system\Common.php(1119): CodeIgniter\View\View->render('templates/heade...', Array, true)
#3 C:\wamp\www\eventosonline\eventos\app\Controllers\Eventos.php(62): view('templates/heade...', Array)
#4 C:\wamp\www\eventosonline\eventos\system\CodeIgniter.php(918): App\Controllers\Eventos->listar()
#5 C:\wamp\www\eventosonline\eventos\system\CodeIgniter.php(404): CodeIgniter\CodeIgniter->runController(Object(App\Controllers\Eventos))
#6 C:\wamp\www\eventosonline\eventos\system\CodeIgniter.php(312): CodeIgniter\CodeIgniter->handleRequest(NULL, Object(Config\Cache), false)
#7 C:\wamp\www\eventosonline\eventos\index.php(47): CodeIgniter\CodeIgniter->run()
#8 {main}
CRITICAL - 2021-07-01 08:59:48 --> Undefined index: type
#0 C:\wamp\www\eventosonline\eventos\app\Views\templates\header.php(109): CodeIgniter\Debug\Exceptions->errorHandler(8, 'Undefined index...', 'C:\\wamp\\www\\eve...', 109, Array)
#1 C:\wamp\www\eventosonline\eventos\system\View\View.php(246): include('C:\\wamp\\www\\eve...')
#2 C:\wamp\www\eventosonline\eventos\system\Common.php(1119): CodeIgniter\View\View->render('templates/heade...', Array, true)
#3 C:\wamp\www\eventosonline\eventos\app\Controllers\Atividades.php(177): view('templates/heade...', Array)
#4 C:\wamp\www\eventosonline\eventos\system\CodeIgniter.php(918): App\Controllers\Atividades->listativ()
#5 C:\wamp\www\eventosonline\eventos\system\CodeIgniter.php(404): CodeIgniter\CodeIgniter->runController(Object(App\Controllers\Atividades))
#6 C:\wamp\www\eventosonline\eventos\system\CodeIgniter.php(312): CodeIgniter\CodeIgniter->handleRequest(NULL, Object(Config\Cache), false)
#7 C:\wamp\www\eventosonline\eventos\index.php(47): CodeIgniter\CodeIgniter->run()
#8 {main}
CRITICAL - 2021-07-01 08:59:54 --> Undefined index: type
#0 C:\wamp\www\eventosonline\eventos\app\Views\templates\header.php(109): CodeIgniter\Debug\Exceptions->errorHandler(8, 'Undefined index...', 'C:\\wamp\\www\\eve...', 109, Array)
#1 C:\wamp\www\eventosonline\eventos\system\View\View.php(246): include('C:\\wamp\\www\\eve...')
#2 C:\wamp\www\eventosonline\eventos\system\Common.php(1119): CodeIgniter\View\View->render('templates/heade...', Array, true)
#3 C:\wamp\www\eventosonline\eventos\app\Controllers\Dashboard.php(16): view('templates/heade...', Array)
#4 C:\wamp\www\eventosonline\eventos\system\CodeIgniter.php(918): App\Controllers\Dashboard->index()
#5 C:\wamp\www\eventosonline\eventos\system\CodeIgniter.php(404): CodeIgniter\CodeIgniter->runController(Object(App\Controllers\Dashboard))
#6 C:\wamp\www\eventosonline\eventos\system\CodeIgniter.php(312): CodeIgniter\CodeIgniter->handleRequest(NULL, Object(Config\Cache), false)
#7 C:\wamp\www\eventosonline\eventos\index.php(47): CodeIgniter\CodeIgniter->run()
#8 {main}
CRITICAL - 2021-07-01 09:00:15 --> Undefined index: type
#0 C:\wamp\www\eventosonline\eventos\app\Views\templates\header.php(109): CodeIgniter\Debug\Exceptions->errorHandler(8, 'Undefined index...', 'C:\\wamp\\www\\eve...', 109, Array)
#1 C:\wamp\www\eventosonline\eventos\system\View\View.php(246): include('C:\\wamp\\www\\eve...')
#2 C:\wamp\www\eventosonline\eventos\system\Common.php(1119): CodeIgniter\View\View->render('templates/heade...', Array, true)
#3 C:\wamp\www\eventosonline\eventos\app\Controllers\Eventos.php(62): view('templates/heade...', Array)
#4 C:\wamp\www\eventosonline\eventos\system\CodeIgniter.php(918): App\Controllers\Eventos->listar()
#5 C:\wamp\www\eventosonline\eventos\system\CodeIgniter.php(404): CodeIgniter\CodeIgniter->runController(Object(App\Controllers\Eventos))
#6 C:\wamp\www\eventosonline\eventos\system\CodeIgniter.php(312): CodeIgniter\CodeIgniter->handleRequest(NULL, Object(Config\Cache), false)
#7 C:\wamp\www\eventosonline\eventos\index.php(47): CodeIgniter\CodeIgniter->run()
#8 {main}
CRITICAL - 2021-07-01 09:39:44 --> Undefined index: type
#0 C:\wamp\www\eventosonline\eventos\app\Views\templates\header.php(114): CodeIgniter\Debug\Exceptions->errorHandler(8, 'Undefined index...', 'C:\\wamp\\www\\eve...', 114, Array)
#1 C:\wamp\www\eventosonline\eventos\system\View\View.php(246): include('C:\\wamp\\www\\eve...')
#2 C:\wamp\www\eventosonline\eventos\system\Common.php(1119): CodeIgniter\View\View->render('templates/heade...', Array, true)
#3 C:\wamp\www\eventosonline\eventos\app\Controllers\Dashboard.php(16): view('templates/heade...', Array)
#4 C:\wamp\www\eventosonline\eventos\system\CodeIgniter.php(918): App\Controllers\Dashboard->index()
#5 C:\wamp\www\eventosonline\eventos\system\CodeIgniter.php(404): CodeIgniter\CodeIgniter->runController(Object(App\Controllers\Dashboard))
#6 C:\wamp\www\eventosonline\eventos\system\CodeIgniter.php(312): CodeIgniter\CodeIgniter->handleRequest(NULL, Object(Config\Cache), false)
#7 C:\wamp\www\eventosonline\eventos\index.php(47): CodeIgniter\CodeIgniter->run()
#8 {main}
CRITICAL - 2021-07-01 09:40:37 --> Undefined index: type
#0 C:\wamp\www\eventosonline\eventos\app\Views\templates\header.php(114): CodeIgniter\Debug\Exceptions->errorHandler(8, 'Undefined index...', 'C:\\wamp\\www\\eve...', 114, Array)
#1 C:\wamp\www\eventosonline\eventos\system\View\View.php(246): include('C:\\wamp\\www\\eve...')
#2 C:\wamp\www\eventosonline\eventos\system\Common.php(1119): CodeIgniter\View\View->render('templates/heade...', Array, true)
#3 C:\wamp\www\eventosonline\eventos\app\Controllers\Dashboard.php(16): view('templates/heade...', Array)
#4 C:\wamp\www\eventosonline\eventos\system\CodeIgniter.php(918): App\Controllers\Dashboard->index()
#5 C:\wamp\www\eventosonline\eventos\system\CodeIgniter.php(404): CodeIgniter\CodeIgniter->runController(Object(App\Controllers\Dashboard))
#6 C:\wamp\www\eventosonline\eventos\system\CodeIgniter.php(312): CodeIgniter\CodeIgniter->handleRequest(NULL, Object(Config\Cache), false)
#7 C:\wamp\www\eventosonline\eventos\index.php(47): CodeIgniter\CodeIgniter->run()
#8 {main}
CRITICAL - 2021-07-01 09:40:47 --> Undefined variable: _SESSION
#0 C:\wamp\www\eventosonline\eventos\app\Views\templates\header.php(114): CodeIgniter\Debug\Exceptions->errorHandler(8, 'Undefined varia...', 'C:\\wamp\\www\\eve...', 114, Array)
#1 C:\wamp\www\eventosonline\eventos\system\View\View.php(246): include('C:\\wamp\\www\\eve...')
#2 C:\wamp\www\eventosonline\eventos\system\Common.php(1119): CodeIgniter\View\View->render('templates/heade...', Array, true)
#3 C:\wamp\www\eventosonline\eventos\app\Controllers\Users.php(53): view('templates/heade...', Array)
#4 C:\wamp\www\eventosonline\eventos\system\CodeIgniter.php(918): App\Controllers\Users->index()
#5 C:\wamp\www\eventosonline\eventos\system\CodeIgniter.php(404): CodeIgniter\CodeIgniter->runController(Object(App\Controllers\Users))
#6 C:\wamp\www\eventosonline\eventos\system\CodeIgniter.php(312): CodeIgniter\CodeIgniter->handleRequest(NULL, Object(Config\Cache), false)
#7 C:\wamp\www\eventosonline\eventos\index.php(47): CodeIgniter\CodeIgniter->run()
#8 {main}
CRITICAL - 2021-07-01 09:40:51 --> Undefined variable: _SESSION
#0 C:\wamp\www\eventosonline\eventos\app\Views\templates\header.php(114): CodeIgniter\Debug\Exceptions->errorHandler(8, 'Undefined varia...', 'C:\\wamp\\www\\eve...', 114, Array)
#1 C:\wamp\www\eventosonline\eventos\system\View\View.php(246): include('C:\\wamp\\www\\eve...')
#2 C:\wamp\www\eventosonline\eventos\system\Common.php(1119): CodeIgniter\View\View->render('templates/heade...', Array, true)
#3 C:\wamp\www\eventosonline\eventos\app\Controllers\Eventos.php(25): view('templates/heade...', Array)
#4 C:\wamp\www\eventosonline\eventos\system\CodeIgniter.php(918): App\Controllers\Eventos->index()
#5 C:\wamp\www\eventosonline\eventos\system\CodeIgniter.php(404): CodeIgniter\CodeIgniter->runController(Object(App\Controllers\Eventos))
#6 C:\wamp\www\eventosonline\eventos\system\CodeIgniter.php(312): CodeIgniter\CodeIgniter->handleRequest(NULL, Object(Config\Cache), false)
#7 C:\wamp\www\eventosonline\eventos\index.php(47): CodeIgniter\CodeIgniter->run()
#8 {main}
CRITICAL - 2021-07-01 09:41:20 --> Array to string conversion
#0 C:\wamp\www\eventosonline\eventos\app\Views\templates\header.php(114): CodeIgniter\Debug\Exceptions->errorHandler(8, 'Array to string...', 'C:\\wamp\\www\\eve...', 114, Array)
#1 C:\wamp\www\eventosonline\eventos\system\View\View.php(246): include('C:\\wamp\\www\\eve...')
#2 C:\wamp\www\eventosonline\eventos\system\Common.php(1119): CodeIgniter\View\View->render('templates/heade...', Array, true)
#3 C:\wamp\www\eventosonline\eventos\app\Controllers\Eventos.php(25): view('templates/heade...', Array)
#4 C:\wamp\www\eventosonline\eventos\system\CodeIgniter.php(918): App\Controllers\Eventos->index()
#5 C:\wamp\www\eventosonline\eventos\system\CodeIgniter.php(404): CodeIgniter\CodeIgniter->runController(Object(App\Controllers\Eventos))
#6 C:\wamp\www\eventosonline\eventos\system\CodeIgniter.php(312): CodeIgniter\CodeIgniter->handleRequest(NULL, Object(Config\Cache), false)
#7 C:\wamp\www\eventosonline\eventos\index.php(47): CodeIgniter\CodeIgniter->run()
#8 {main}
CRITICAL - 2021-07-01 09:58:31 --> syntax error, unexpected 'if' (T_IF)
#0 C:\wamp\www\eventosonline\eventos\system\Common.php(1119): CodeIgniter\View\View->render('templates/heade...', Array, true)
#1 C:\wamp\www\eventosonline\eventos\app\Controllers\Dashboard.php(16): view('templates/heade...', Array)
#2 C:\wamp\www\eventosonline\eventos\system\CodeIgniter.php(918): App\Controllers\Dashboard->index()
#3 C:\wamp\www\eventosonline\eventos\system\CodeIgniter.php(404): CodeIgniter\CodeIgniter->runController(Object(App\Controllers\Dashboard))
#4 C:\wamp\www\eventosonline\eventos\system\CodeIgniter.php(312): CodeIgniter\CodeIgniter->handleRequest(NULL, Object(Config\Cache), false)
#5 C:\wamp\www\eventosonline\eventos\index.php(47): CodeIgniter\CodeIgniter->run()
#6 {main}
CRITICAL - 2021-07-01 10:08:36 --> A non well formed numeric value encountered
#0 [internal function]: CodeIgniter\Debug\Exceptions->errorHandler(8, 'A non well form...', 'C:\\wamp\\www\\eve...', 72, Array)
#1 C:\wamp\www\eventosonline\eventos\app\Views\editeventos.php(72): date('d M Y', '2021-06-30 12:1...')
#2 C:\wamp\www\eventosonline\eventos\system\View\View.php(246): include('C:\\wamp\\www\\eve...')
#3 C:\wamp\www\eventosonline\eventos\system\Common.php(1119): CodeIgniter\View\View->render('editeventos', Array, true)
#4 C:\wamp\www\eventosonline\eventos\app\Controllers\Eventos.php(230): view('editeventos', Array)
#5 C:\wamp\www\eventosonline\eventos\system\CodeIgniter.php(918): App\Controllers\Eventos->editeventos()
#6 C:\wamp\www\eventosonline\eventos\system\CodeIgniter.php(404): CodeIgniter\CodeIgniter->runController(Object(App\Controllers\Eventos))
#7 C:\wamp\www\eventosonline\eventos\system\CodeIgniter.php(312): CodeIgniter\CodeIgniter->handleRequest(NULL, Object(Config\Cache), false)
#8 C:\wamp\www\eventosonline\eventos\index.php(47): CodeIgniter\CodeIgniter->run()
#9 {main}
CRITICAL - 2021-07-01 10:08:47 --> A non well formed numeric value encountered
#0 [internal function]: CodeIgniter\Debug\Exceptions->errorHandler(8, 'A non well form...', 'C:\\wamp\\www\\eve...', 72, Array)
#1 C:\wamp\www\eventosonline\eventos\app\Views\editeventos.php(72): date('d M Y', '2021-06-30 12:1...')
#2 C:\wamp\www\eventosonline\eventos\system\View\View.php(246): include('C:\\wamp\\www\\eve...')
#3 C:\wamp\www\eventosonline\eventos\system\Common.php(1119): CodeIgniter\View\View->render('editeventos', Array, true)
#4 C:\wamp\www\eventosonline\eventos\app\Controllers\Eventos.php(230): view('editeventos', Array)
#5 C:\wamp\www\eventosonline\eventos\system\CodeIgniter.php(918): App\Controllers\Eventos->editeventos()
#6 C:\wamp\www\eventosonline\eventos\system\CodeIgniter.php(404): CodeIgniter\CodeIgniter->runController(Object(App\Controllers\Eventos))
#7 C:\wamp\www\eventosonline\eventos\system\CodeIgniter.php(312): CodeIgniter\CodeIgniter->handleRequest(NULL, Object(Config\Cache), false)
#8 C:\wamp\www\eventosonline\eventos\index.php(47): CodeIgniter\CodeIgniter->run()
#9 {main}
CRITICAL - 2021-07-01 10:09:01 --> A non well formed numeric value encountered
#0 [internal function]: CodeIgniter\Debug\Exceptions->errorHandler(8, 'A non well form...', 'C:\\wamp\\www\\eve...', 72, Array)
#1 C:\wamp\www\eventosonline\eventos\app\Views\editeventos.php(72): date('d M Y', '2021-06-30 12:1...')
#2 C:\wamp\www\eventosonline\eventos\system\View\View.php(246): include('C:\\wamp\\www\\eve...')
#3 C:\wamp\www\eventosonline\eventos\system\Common.php(1119): CodeIgniter\View\View->render('editeventos', Array, true)
#4 C:\wamp\www\eventosonline\eventos\app\Controllers\Eventos.php(230): view('editeventos', Array)
#5 C:\wamp\www\eventosonline\eventos\system\CodeIgniter.php(918): App\Controllers\Eventos->editeventos()
#6 C:\wamp\www\eventosonline\eventos\system\CodeIgniter.php(404): CodeIgniter\CodeIgniter->runController(Object(App\Controllers\Eventos))
#7 C:\wamp\www\eventosonline\eventos\system\CodeIgniter.php(312): CodeIgniter\CodeIgniter->handleRequest(NULL, Object(Config\Cache), false)
#8 C:\wamp\www\eventosonline\eventos\index.php(47): CodeIgniter\CodeIgniter->run()
#9 {main}
CRITICAL - 2021-07-01 10:09:15 --> A non well formed numeric value encountered
#0 [internal function]: CodeIgniter\Debug\Exceptions->errorHandler(8, 'A non well form...', 'C:\\wamp\\www\\eve...', 72, Array)
#1 C:\wamp\www\eventosonline\eventos\app\Views\editeventos.php(72): date('d m Y', '2021-06-30 12:1...')
#2 C:\wamp\www\eventosonline\eventos\system\View\View.php(246): include('C:\\wamp\\www\\eve...')
#3 C:\wamp\www\eventosonline\eventos\system\Common.php(1119): CodeIgniter\View\View->render('editeventos', Array, true)
#4 C:\wamp\www\eventosonline\eventos\app\Controllers\Eventos.php(230): view('editeventos', Array)
#5 C:\wamp\www\eventosonline\eventos\system\CodeIgniter.php(918): App\Controllers\Eventos->editeventos()
#6 C:\wamp\www\eventosonline\eventos\system\CodeIgniter.php(404): CodeIgniter\CodeIgniter->runController(Object(App\Controllers\Eventos))
#7 C:\wamp\www\eventosonline\eventos\system\CodeIgniter.php(312): CodeIgniter\CodeIgniter->handleRequest(NULL, Object(Config\Cache), false)
#8 C:\wamp\www\eventosonline\eventos\index.php(47): CodeIgniter\CodeIgniter->run()
#9 {main}
CRITICAL - 2021-07-01 10:09:15 --> A non well formed numeric value encountered
#0 [internal function]: CodeIgniter\Debug\Exceptions->errorHandler(8, 'A non well form...', 'C:\\wamp\\www\\eve...', 72, Array)
#1 C:\wamp\www\eventosonline\eventos\app\Views\editeventos.php(72): date('d m Y', '2021-06-30 12:1...')
#2 C:\wamp\www\eventosonline\eventos\system\View\View.php(246): include('C:\\wamp\\www\\eve...')
#3 C:\wamp\www\eventosonline\eventos\system\Common.php(1119): CodeIgniter\View\View->render('editeventos', Array, true)
#4 C:\wamp\www\eventosonline\eventos\app\Controllers\Eventos.php(230): view('editeventos', Array)
#5 C:\wamp\www\eventosonline\eventos\system\CodeIgniter.php(918): App\Controllers\Eventos->editeventos()
#6 C:\wamp\www\eventosonline\eventos\system\CodeIgniter.php(404): CodeIgniter\CodeIgniter->runController(Object(App\Controllers\Eventos))
#7 C:\wamp\www\eventosonline\eventos\system\CodeIgniter.php(312): CodeIgniter\CodeIgniter->handleRequest(NULL, Object(Config\Cache), false)
#8 C:\wamp\www\eventosonline\eventos\index.php(47): CodeIgniter\CodeIgniter->run()
#9 {main}
CRITICAL - 2021-07-01 10:10:14 --> date_format() expects parameter 1 to be DateTimeInterface, string given
#0 [internal function]: CodeIgniter\Debug\Exceptions->errorHandler(2, 'date_format() e...', 'C:\\wamp\\www\\eve...', 73, Array)
#1 C:\wamp\www\eventosonline\eventos\app\Views\editeventos.php(73): date_format('2021-06-30 12:1...', 'Y/m/d')
#2 C:\wamp\www\eventosonline\eventos\system\View\View.php(246): include('C:\\wamp\\www\\eve...')
#3 C:\wamp\www\eventosonline\eventos\system\Common.php(1119): CodeIgniter\View\View->render('editeventos', Array, true)
#4 C:\wamp\www\eventosonline\eventos\app\Controllers\Eventos.php(230): view('editeventos', Array)
#5 C:\wamp\www\eventosonline\eventos\system\CodeIgniter.php(918): App\Controllers\Eventos->editeventos()
#6 C:\wamp\www\eventosonline\eventos\system\CodeIgniter.php(404): CodeIgniter\CodeIgniter->runController(Object(App\Controllers\Eventos))
#7 C:\wamp\www\eventosonline\eventos\system\CodeIgniter.php(312): CodeIgniter\CodeIgniter->handleRequest(NULL, Object(Config\Cache), false)
#8 C:\wamp\www\eventosonline\eventos\index.php(47): CodeIgniter\CodeIgniter->run()
#9 {main}
CRITICAL - 2021-07-01 10:10:36 --> date_format() expects parameter 1 to be DateTimeInterface, string given
#0 [internal function]: CodeIgniter\Debug\Exceptions->errorHandler(2, 'date_format() e...', 'C:\\wamp\\www\\eve...', 72, Array)
#1 C:\wamp\www\eventosonline\eventos\app\Views\editeventos.php(72): date_format('2021-06-30 12:1...', 'Y/m/d')
#2 C:\wamp\www\eventosonline\eventos\system\View\View.php(246): include('C:\\wamp\\www\\eve...')
#3 C:\wamp\www\eventosonline\eventos\system\Common.php(1119): CodeIgniter\View\View->render('editeventos', Array, true)
#4 C:\wamp\www\eventosonline\eventos\app\Controllers\Eventos.php(230): view('editeventos', Array)
#5 C:\wamp\www\eventosonline\eventos\system\CodeIgniter.php(918): App\Controllers\Eventos->editeventos()
#6 C:\wamp\www\eventosonline\eventos\system\CodeIgniter.php(404): CodeIgniter\CodeIgniter->runController(Object(App\Controllers\Eventos))
#7 C:\wamp\www\eventosonline\eventos\system\CodeIgniter.php(312): CodeIgniter\CodeIgniter->handleRequest(NULL, Object(Config\Cache), false)
#8 C:\wamp\www\eventosonline\eventos\index.php(47): CodeIgniter\CodeIgniter->run()
#9 {main}
CRITICAL - 2021-07-01 10:11:00 --> Call to undefined function DateTime()
#0 C:\wamp\www\eventosonline\eventos\system\View\View.php(246): include()
#1 C:\wamp\www\eventosonline\eventos\system\Common.php(1119): CodeIgniter\View\View->render('editeventos', Array, true)
#2 C:\wamp\www\eventosonline\eventos\app\Controllers\Eventos.php(230): view('editeventos', Array)
#3 C:\wamp\www\eventosonline\eventos\system\CodeIgniter.php(918): App\Controllers\Eventos->editeventos()
#4 C:\wamp\www\eventosonline\eventos\system\CodeIgniter.php(404): CodeIgniter\CodeIgniter->runController(Object(App\Controllers\Eventos))
#5 C:\wamp\www\eventosonline\eventos\system\CodeIgniter.php(312): CodeIgniter\CodeIgniter->handleRequest(NULL, Object(Config\Cache), false)
#6 C:\wamp\www\eventosonline\eventos\index.php(47): CodeIgniter\CodeIgniter->run()
#7 {main}
CRITICAL - 2021-07-01 10:14:33 --> Object of class DateTime could not be converted to string
#0 C:\wamp\www\eventosonline\eventos\app\Views\editeventos.php(73): CodeIgniter\Debug\Exceptions->errorHandler(4096, 'Object of class...', 'C:\\wamp\\www\\eve...', 73, Array)
#1 C:\wamp\www\eventosonline\eventos\system\View\View.php(246): include('C:\\wamp\\www\\eve...')
#2 C:\wamp\www\eventosonline\eventos\system\Common.php(1119): CodeIgniter\View\View->render('editeventos', Array, true)
#3 C:\wamp\www\eventosonline\eventos\app\Controllers\Eventos.php(230): view('editeventos', Array)
#4 C:\wamp\www\eventosonline\eventos\system\CodeIgniter.php(918): App\Controllers\Eventos->editeventos()
#5 C:\wamp\www\eventosonline\eventos\system\CodeIgniter.php(404): CodeIgniter\CodeIgniter->runController(Object(App\Controllers\Eventos))
#6 C:\wamp\www\eventosonline\eventos\system\CodeIgniter.php(312): CodeIgniter\CodeIgniter->handleRequest(NULL, Object(Config\Cache), false)
#7 C:\wamp\www\eventosonline\eventos\index.php(47): CodeIgniter\CodeIgniter->run()
#8 {main}
CRITICAL - 2021-07-01 10:14:46 --> Object of class DateTime could not be converted to string
#0 C:\wamp\www\eventosonline\eventos\app\Views\editeventos.php(73): CodeIgniter\Debug\Exceptions->errorHandler(4096, 'Object of class...', 'C:\\wamp\\www\\eve...', 73, Array)
#1 C:\wamp\www\eventosonline\eventos\system\View\View.php(246): include('C:\\wamp\\www\\eve...')
#2 C:\wamp\www\eventosonline\eventos\system\Common.php(1119): CodeIgniter\View\View->render('editeventos', Array, true)
#3 C:\wamp\www\eventosonline\eventos\app\Controllers\Eventos.php(230): view('editeventos', Array)
#4 C:\wamp\www\eventosonline\eventos\system\CodeIgniter.php(918): App\Controllers\Eventos->editeventos()
#5 C:\wamp\www\eventosonline\eventos\system\CodeIgniter.php(404): CodeIgniter\CodeIgniter->runController(Object(App\Controllers\Eventos))
#6 C:\wamp\www\eventosonline\eventos\system\CodeIgniter.php(312): CodeIgniter\CodeIgniter->handleRequest(NULL, Object(Config\Cache), false)
#7 C:\wamp\www\eventosonline\eventos\index.php(47): CodeIgniter\CodeIgniter->run()
#8 {main}
CRITICAL - 2021-07-01 10:24:29 --> Undefined variable: type
#0 C:\wamp\www\eventosonline\eventos\app\Views\editativ.php(103): CodeIgniter\Debug\Exceptions->errorHandler(8, 'Undefined varia...', 'C:\\wamp\\www\\eve...', 103, Array)
#1 C:\wamp\www\eventosonline\eventos\system\View\View.php(246): include('C:\\wamp\\www\\eve...')
#2 C:\wamp\www\eventosonline\eventos\system\Common.php(1119): CodeIgniter\View\View->render('editativ', Array, true)
#3 C:\wamp\www\eventosonline\eventos\app\Controllers\Atividades.php(155): view('editativ', Array)
#4 C:\wamp\www\eventosonline\eventos\system\CodeIgniter.php(918): App\Controllers\Atividades->editativ()
#5 C:\wamp\www\eventosonline\eventos\system\CodeIgniter.php(404): CodeIgniter\CodeIgniter->runController(Object(App\Controllers\Atividades))
#6 C:\wamp\www\eventosonline\eventos\system\CodeIgniter.php(312): CodeIgniter\CodeIgniter->handleRequest(NULL, Object(Config\Cache), false)
#7 C:\wamp\www\eventosonline\eventos\index.php(47): CodeIgniter\CodeIgniter->run()
#8 {main}
CRITICAL - 2021-07-01 10:24:56 --> Undefined variable: type
#0 C:\wamp\www\eventosonline\eventos\app\Views\editativ.php(102): CodeIgniter\Debug\Exceptions->errorHandler(8, 'Undefined varia...', 'C:\\wamp\\www\\eve...', 102, Array)
#1 C:\wamp\www\eventosonline\eventos\system\View\View.php(246): include('C:\\wamp\\www\\eve...')
#2 C:\wamp\www\eventosonline\eventos\system\Common.php(1119): CodeIgniter\View\View->render('editativ', Array, true)
#3 C:\wamp\www\eventosonline\eventos\app\Controllers\Atividades.php(155): view('editativ', Array)
#4 C:\wamp\www\eventosonline\eventos\system\CodeIgniter.php(918): App\Controllers\Atividades->editativ()
#5 C:\wamp\www\eventosonline\eventos\system\CodeIgniter.php(404): CodeIgniter\CodeIgniter->runController(Object(App\Controllers\Atividades))
#6 C:\wamp\www\eventosonline\eventos\system\CodeIgniter.php(312): CodeIgniter\CodeIgniter->handleRequest(NULL, Object(Config\Cache), false)
#7 C:\wamp\www\eventosonline\eventos\index.php(47): CodeIgniter\CodeIgniter->run()
#8 {main}
CRITICAL - 2021-07-01 10:26:09 --> Undefined variable: data
#0 C:\wamp\www\eventosonline\eventos\app\Views\editativ.php(72): CodeIgniter\Debug\Exceptions->errorHandler(8, 'Undefined varia...', 'C:\\wamp\\www\\eve...', 72, Array)
#1 C:\wamp\www\eventosonline\eventos\system\View\View.php(246): include('C:\\wamp\\www\\eve...')
#2 C:\wamp\www\eventosonline\eventos\system\Common.php(1119): CodeIgniter\View\View->render('editativ', Array, true)
#3 C:\wamp\www\eventosonline\eventos\app\Controllers\Atividades.php(155): view('editativ', Array)
#4 C:\wamp\www\eventosonline\eventos\system\CodeIgniter.php(918): App\Controllers\Atividades->editativ()
#5 C:\wamp\www\eventosonline\eventos\system\CodeIgniter.php(404): CodeIgniter\CodeIgniter->runController(Object(App\Controllers\Atividades))
#6 C:\wamp\www\eventosonline\eventos\system\CodeIgniter.php(312): CodeIgniter\CodeIgniter->handleRequest(NULL, Object(Config\Cache), false)
#7 C:\wamp\www\eventosonline\eventos\index.php(47): CodeIgniter\CodeIgniter->run()
#8 {main}
CRITICAL - 2021-07-01 10:26:50 --> Undefined variable: data
#0 C:\wamp\www\eventosonline\eventos\app\Views\editativ.php(72): CodeIgniter\Debug\Exceptions->errorHandler(8, 'Undefined varia...', 'C:\\wamp\\www\\eve...', 72, Array)
#1 C:\wamp\www\eventosonline\eventos\system\View\View.php(246): include('C:\\wamp\\www\\eve...')
#2 C:\wamp\www\eventosonline\eventos\system\Common.php(1119): CodeIgniter\View\View->render('editativ', Array, true)
#3 C:\wamp\www\eventosonline\eventos\app\Controllers\Atividades.php(155): view('editativ', Array)
#4 C:\wamp\www\eventosonline\eventos\system\CodeIgniter.php(918): App\Controllers\Atividades->editativ()
#5 C:\wamp\www\eventosonline\eventos\system\CodeIgniter.php(404): CodeIgniter\CodeIgniter->runController(Object(App\Controllers\Atividades))
#6 C:\wamp\www\eventosonline\eventos\system\CodeIgniter.php(312): CodeIgniter\CodeIgniter->handleRequest(NULL, Object(Config\Cache), false)
#7 C:\wamp\www\eventosonline\eventos\index.php(47): CodeIgniter\CodeIgniter->run()
#8 {main}
CRITICAL - 2021-07-01 10:27:15 --> Undefined variable: data
#0 C:\wamp\www\eventosonline\eventos\app\Views\editativ.php(72): CodeIgniter\Debug\Exceptions->errorHandler(8, 'Undefined varia...', 'C:\\wamp\\www\\eve...', 72, Array)
#1 C:\wamp\www\eventosonline\eventos\system\View\View.php(246): include('C:\\wamp\\www\\eve...')
#2 C:\wamp\www\eventosonline\eventos\system\Common.php(1119): CodeIgniter\View\View->render('editativ', Array, true)
#3 C:\wamp\www\eventosonline\eventos\app\Controllers\Atividades.php(155): view('editativ', Array)
#4 C:\wamp\www\eventosonline\eventos\system\CodeIgniter.php(918): App\Controllers\Atividades->editativ()
#5 C:\wamp\www\eventosonline\eventos\system\CodeIgniter.php(404): CodeIgniter\CodeIgniter->runController(Object(App\Controllers\Atividades))
#6 C:\wamp\www\eventosonline\eventos\system\CodeIgniter.php(312): CodeIgniter\CodeIgniter->handleRequest(NULL, Object(Config\Cache), false)
#7 C:\wamp\www\eventosonline\eventos\index.php(47): CodeIgniter\CodeIgniter->run()
#8 {main}
CRITICAL - 2021-07-01 10:27:16 --> Undefined variable: data
#0 C:\wamp\www\eventosonline\eventos\app\Views\editativ.php(72): CodeIgniter\Debug\Exceptions->errorHandler(8, 'Undefined varia...', 'C:\\wamp\\www\\eve...', 72, Array)
#1 C:\wamp\www\eventosonline\eventos\system\View\View.php(246): include('C:\\wamp\\www\\eve...')
#2 C:\wamp\www\eventosonline\eventos\system\Common.php(1119): CodeIgniter\View\View->render('editativ', Array, true)
#3 C:\wamp\www\eventosonline\eventos\app\Controllers\Atividades.php(155): view('editativ', Array)
#4 C:\wamp\www\eventosonline\eventos\system\CodeIgniter.php(918): App\Controllers\Atividades->editativ()
#5 C:\wamp\www\eventosonline\eventos\system\CodeIgniter.php(404): CodeIgniter\CodeIgniter->runController(Object(App\Controllers\Atividades))
#6 C:\wamp\www\eventosonline\eventos\system\CodeIgniter.php(312): CodeIgniter\CodeIgniter->handleRequest(NULL, Object(Config\Cache), false)
#7 C:\wamp\www\eventosonline\eventos\index.php(47): CodeIgniter\CodeIgniter->run()
#8 {main}
CRITICAL - 2021-07-01 10:27:24 --> Undefined variable: data
#0 C:\wamp\www\eventosonline\eventos\app\Views\editativ.php(72): CodeIgniter\Debug\Exceptions->errorHandler(8, 'Undefined varia...', 'C:\\wamp\\www\\eve...', 72, Array)
#1 C:\wamp\www\eventosonline\eventos\system\View\View.php(246): include('C:\\wamp\\www\\eve...')
#2 C:\wamp\www\eventosonline\eventos\system\Common.php(1119): CodeIgniter\View\View->render('editativ', Array, true)
#3 C:\wamp\www\eventosonline\eventos\app\Controllers\Atividades.php(155): view('editativ', Array)
#4 C:\wamp\www\eventosonline\eventos\system\CodeIgniter.php(918): App\Controllers\Atividades->editativ()
#5 C:\wamp\www\eventosonline\eventos\system\CodeIgniter.php(404): CodeIgniter\CodeIgniter->runController(Object(App\Controllers\Atividades))
#6 C:\wamp\www\eventosonline\eventos\system\CodeIgniter.php(312): CodeIgniter\CodeIgniter->handleRequest(NULL, Object(Config\Cache), false)
#7 C:\wamp\www\eventosonline\eventos\index.php(47): CodeIgniter\CodeIgniter->run()
#8 {main}
CRITICAL - 2021-07-01 10:27:29 --> Undefined variable: data
#0 C:\wamp\www\eventosonline\eventos\app\Views\editativ.php(72): CodeIgniter\Debug\Exceptions->errorHandler(8, 'Undefined varia...', 'C:\\wamp\\www\\eve...', 72, Array)
#1 C:\wamp\www\eventosonline\eventos\system\View\View.php(246): include('C:\\wamp\\www\\eve...')
#2 C:\wamp\www\eventosonline\eventos\system\Common.php(1119): CodeIgniter\View\View->render('editativ', Array, true)
#3 C:\wamp\www\eventosonline\eventos\app\Controllers\Atividades.php(155): view('editativ', Array)
#4 C:\wamp\www\eventosonline\eventos\system\CodeIgniter.php(918): App\Controllers\Atividades->editativ()
#5 C:\wamp\www\eventosonline\eventos\system\CodeIgniter.php(404): CodeIgniter\CodeIgniter->runController(Object(App\Controllers\Atividades))
#6 C:\wamp\www\eventosonline\eventos\system\CodeIgniter.php(312): CodeIgniter\CodeIgniter->handleRequest(NULL, Object(Config\Cache), false)
#7 C:\wamp\www\eventosonline\eventos\index.php(47): CodeIgniter\CodeIgniter->run()
#8 {main}
CRITICAL - 2021-07-01 11:15:13 --> Illegal string offset 'titulo'
#0 C:\wamp\www\eventosonline\eventos\app\Views\editativ.php(70): CodeIgniter\Debug\Exceptions->errorHandler(2, 'Illegal string ...', 'C:\\wamp\\www\\eve...', 70, Array)
#1 C:\wamp\www\eventosonline\eventos\system\View\View.php(246): include('C:\\wamp\\www\\eve...')
#2 C:\wamp\www\eventosonline\eventos\system\Common.php(1119): CodeIgniter\View\View->render('editativ', Array, true)
#3 C:\wamp\www\eventosonline\eventos\app\Controllers\Atividades.php(156): view('editativ', Array)
#4 C:\wamp\www\eventosonline\eventos\system\CodeIgniter.php(918): App\Controllers\Atividades->editativ()
#5 C:\wamp\www\eventosonline\eventos\system\CodeIgniter.php(404): CodeIgniter\CodeIgniter->runController(Object(App\Controllers\Atividades))
#6 C:\wamp\www\eventosonline\eventos\system\CodeIgniter.php(312): CodeIgniter\CodeIgniter->handleRequest(NULL, Object(Config\Cache), false)
#7 C:\wamp\www\eventosonline\eventos\index.php(47): CodeIgniter\CodeIgniter->run()
#8 {main}
CRITICAL - 2021-07-01 11:16:10 --> Undefined variable: evento
#0 C:\wamp\www\eventosonline\eventos\app\Views\editativ.php(70): CodeIgniter\Debug\Exceptions->errorHandler(8, 'Undefined varia...', 'C:\\wamp\\www\\eve...', 70, Array)
#1 C:\wamp\www\eventosonline\eventos\system\View\View.php(246): include('C:\\wamp\\www\\eve...')
#2 C:\wamp\www\eventosonline\eventos\system\Common.php(1119): CodeIgniter\View\View->render('editativ', Array, true)
#3 C:\wamp\www\eventosonline\eventos\app\Controllers\Atividades.php(156): view('editativ', Array)
#4 C:\wamp\www\eventosonline\eventos\system\CodeIgniter.php(918): App\Controllers\Atividades->editativ()
#5 C:\wamp\www\eventosonline\eventos\system\CodeIgniter.php(404): CodeIgniter\CodeIgniter->runController(Object(App\Controllers\Atividades))
#6 C:\wamp\www\eventosonline\eventos\system\CodeIgniter.php(312): CodeIgniter\CodeIgniter->handleRequest(NULL, Object(Config\Cache), false)
#7 C:\wamp\www\eventosonline\eventos\index.php(47): CodeIgniter\CodeIgniter->run()
#8 {main}
CRITICAL - 2021-07-01 11:16:11 --> Undefined variable: evento
#0 C:\wamp\www\eventosonline\eventos\app\Views\editativ.php(70): CodeIgniter\Debug\Exceptions->errorHandler(8, 'Undefined varia...', 'C:\\wamp\\www\\eve...', 70, Array)
#1 C:\wamp\www\eventosonline\eventos\system\View\View.php(246): include('C:\\wamp\\www\\eve...')
#2 C:\wamp\www\eventosonline\eventos\system\Common.php(1119): CodeIgniter\View\View->render('editativ', Array, true)
#3 C:\wamp\www\eventosonline\eventos\app\Controllers\Atividades.php(156): view('editativ', Array)
#4 C:\wamp\www\eventosonline\eventos\system\CodeIgniter.php(918): App\Controllers\Atividades->editativ()
#5 C:\wamp\www\eventosonline\eventos\system\CodeIgniter.php(404): CodeIgniter\CodeIgniter->runController(Object(App\Controllers\Atividades))
#6 C:\wamp\www\eventosonline\eventos\system\CodeIgniter.php(312): CodeIgniter\CodeIgniter->handleRequest(NULL, Object(Config\Cache), false)
#7 C:\wamp\www\eventosonline\eventos\index.php(47): CodeIgniter\CodeIgniter->run()
#8 {main}
CRITICAL - 2021-07-01 11:19:52 --> Argument 1 passed to CodeIgniter\Model::findAll() must be of the type int, string given, called in C:\wamp\www\eventosonline\eventos\app\Controllers\Atividades.php on line 117
#0 C:\wamp\www\eventosonline\eventos\app\Controllers\Atividades.php(117): CodeIgniter\Model->findAll('titulo')
#1 C:\wamp\www\eventosonline\eventos\system\CodeIgniter.php(918): App\Controllers\Atividades->editativ()
#2 C:\wamp\www\eventosonline\eventos\system\CodeIgniter.php(404): CodeIgniter\CodeIgniter->runController(Object(App\Controllers\Atividades))
#3 C:\wamp\www\eventosonline\eventos\system\CodeIgniter.php(312): CodeIgniter\CodeIgniter->handleRequest(NULL, Object(Config\Cache), false)
#4 C:\wamp\www\eventosonline\eventos\index.php(47): CodeIgniter\CodeIgniter->run()
#5 {main}
ERROR - 2021-07-01 12:00:01 --> mysqli_sql_exception: Column 'atividade' cannot be null in C:\wamp\www\eventosonline\eventos\system\Database\MySQLi\Connection.php:331
Stack trace:
#0 C:\wamp\www\eventosonline\eventos\system\Database\MySQLi\Connection.php(331): mysqli->query('INSERT INTO `at...')
#1 C:\wamp\www\eventosonline\eventos\system\Database\BaseConnection.php(741): CodeIgniter\Database\MySQLi\Connection->execute('INSERT INTO `at...')
#2 C:\wamp\www\eventosonline\eventos\system\Database\BaseConnection.php(669): CodeIgniter\Database\BaseConnection->simpleQuery('INSERT INTO `at...')
#3 C:\wamp\www\eventosonline\eventos\system\Database\BaseBuilder.php(2249): CodeIgniter\Database\BaseConnection->query('INSERT INTO `at...', Array, false)
#4 C:\wamp\www\eventosonline\eventos\system\Model.php(755): CodeIgniter\Database\BaseBuilder->insert()
#5 C:\wamp\www\eventosonline\eventos\system\Model.php(574): CodeIgniter\Model->insert(Array, false)
#6 C:\wamp\www\eventosonline\eventos\app\Controllers\Atividades.php(86): CodeIgniter\Model->save(Array)
#7 C:\wamp\www\eventosonline\eventos\system\CodeIgniter.php(918): App\Controllers\Atividades->cadativ()
#8 C:\wamp\www\eventosonline\eventos\system\CodeIgniter.php(404): CodeIgniter\CodeIgniter->runController(Object(App\Controllers\Atividades))
#9 C:\wamp\www\eventosonline\eventos\system\CodeIgniter.php(312): CodeIgniter\CodeIgniter->handleRequest(NULL, Object(Config\Cache), false)
#10 C:\wamp\www\eventosonline\eventos\index.php(47): CodeIgniter\CodeIgniter->run()
#11 {main}
CRITICAL - 2021-07-01 12:00:01 --> Column 'atividade' cannot be null
#0 C:\wamp\www\eventosonline\eventos\system\Database\MySQLi\Connection.php(331): mysqli->query('INSERT INTO `at...')
#1 C:\wamp\www\eventosonline\eventos\system\Database\BaseConnection.php(741): CodeIgniter\Database\MySQLi\Connection->execute('INSERT INTO `at...')
#2 C:\wamp\www\eventosonline\eventos\system\Database\BaseConnection.php(669): CodeIgniter\Database\BaseConnection->simpleQuery('INSERT INTO `at...')
#3 C:\wamp\www\eventosonline\eventos\system\Database\BaseBuilder.php(2249): CodeIgniter\Database\BaseConnection->query('INSERT INTO `at...', Array, false)
#4 C:\wamp\www\eventosonline\eventos\system\Model.php(755): CodeIgniter\Database\BaseBuilder->insert()
#5 C:\wamp\www\eventosonline\eventos\system\Model.php(574): CodeIgniter\Model->insert(Array, false)
#6 C:\wamp\www\eventosonline\eventos\app\Controllers\Atividades.php(86): CodeIgniter\Model->save(Array)
#7 C:\wamp\www\eventosonline\eventos\system\CodeIgniter.php(918): App\Controllers\Atividades->cadativ()
#8 C:\wamp\www\eventosonline\eventos\system\CodeIgniter.php(404): CodeIgniter\CodeIgniter->runController(Object(App\Controllers\Atividades))
#9 C:\wamp\www\eventosonline\eventos\system\CodeIgniter.php(312): CodeIgniter\CodeIgniter->handleRequest(NULL, Object(Config\Cache), false)
#10 C:\wamp\www\eventosonline\eventos\index.php(47): CodeIgniter\CodeIgniter->run()
#11 {main}
CRITICAL - 2021-07-01 12:14:40 --> Undefined variable: atividade
#0 C:\wamp\www\eventosonline\eventos\app\Views\cadativ.php(120): CodeIgniter\Debug\Exceptions->errorHandler(8, 'Undefined varia...', 'C:\\wamp\\www\\eve...', 120, Array)
#1 C:\wamp\www\eventosonline\eventos\system\View\View.php(246): include('C:\\wamp\\www\\eve...')
#2 C:\wamp\www\eventosonline\eventos\system\Common.php(1119): CodeIgniter\View\View->render('cadativ', Array, true)
#3 C:\wamp\www\eventosonline\eventos\app\Controllers\Atividades.php(99): view('cadativ', Array)
#4 C:\wamp\www\eventosonline\eventos\system\CodeIgniter.php(918): App\Controllers\Atividades->cadativ()
#5 C:\wamp\www\eventosonline\eventos\system\CodeIgniter.php(404): CodeIgniter\CodeIgniter->runController(Object(App\Controllers\Atividades))
#6 C:\wamp\www\eventosonline\eventos\system\CodeIgniter.php(312): CodeIgniter\CodeIgniter->handleRequest(NULL, Object(Config\Cache), false)
#7 C:\wamp\www\eventosonline\eventos\index.php(47): CodeIgniter\CodeIgniter->run()
#8 {main}
CRITICAL - 2021-07-01 12:54:35 --> Undefined variable: titulo
#0 C:\wamp\www\eventosonline\eventos\app\Views\certificado.php(94): CodeIgniter\Debug\Exceptions->errorHandler(8, 'Undefined varia...', 'C:\\wamp\\www\\eve...', 94, Array)
#1 C:\wamp\www\eventosonline\eventos\system\View\View.php(246): include('C:\\wamp\\www\\eve...')
#2 C:\wamp\www\eventosonline\eventos\system\Common.php(1119): CodeIgniter\View\View->render('certificado', Array, true)
#3 C:\wamp\www\eventosonline\eventos\app\Controllers\PdfController.php(38): view('certificado', Array)
#4 C:\wamp\www\eventosonline\eventos\system\CodeIgniter.php(918): App\Controllers\PdfController->index()
#5 C:\wamp\www\eventosonline\eventos\system\CodeIgniter.php(404): CodeIgniter\CodeIgniter->runController(Object(App\Controllers\PdfController))
#6 C:\wamp\www\eventosonline\eventos\system\CodeIgniter.php(312): CodeIgniter\CodeIgniter->handleRequest(NULL, Object(Config\Cache), false)
#7 C:\wamp\www\eventosonline\eventos\index.php(47): CodeIgniter\CodeIgniter->run()
#8 {main}
CRITICAL - 2021-07-01 12:56:31 --> Undefined variable: data1
#0 C:\wamp\www\eventosonline\eventos\app\Controllers\PdfController.php(38): CodeIgniter\Debug\Exceptions->errorHandler(8, 'Undefined varia...', 'C:\\wamp\\www\\eve...', 38, Array)
#1 C:\wamp\www\eventosonline\eventos\system\CodeIgniter.php(918): App\Controllers\PdfController->index()
#2 C:\wamp\www\eventosonline\eventos\system\CodeIgniter.php(404): CodeIgniter\CodeIgniter->runController(Object(App\Controllers\PdfController))
#3 C:\wamp\www\eventosonline\eventos\system\CodeIgniter.php(312): CodeIgniter\CodeIgniter->handleRequest(NULL, Object(Config\Cache), false)
#4 C:\wamp\www\eventosonline\eventos\index.php(47): CodeIgniter\CodeIgniter->run()
#5 {main}
CRITICAL - 2021-07-01 12:57:34 --> Undefined variable: data1
#0 C:\wamp\www\eventosonline\eventos\app\Controllers\PdfController.php(38): CodeIgniter\Debug\Exceptions->errorHandler(8, 'Undefined varia...', 'C:\\wamp\\www\\eve...', 38, Array)
#1 C:\wamp\www\eventosonline\eventos\system\CodeIgniter.php(918): App\Controllers\PdfController->index()
#2 C:\wamp\www\eventosonline\eventos\system\CodeIgniter.php(404): CodeIgniter\CodeIgniter->runController(Object(App\Controllers\PdfController))
#3 C:\wamp\www\eventosonline\eventos\system\CodeIgniter.php(312): CodeIgniter\CodeIgniter->handleRequest(NULL, Object(Config\Cache), false)
#4 C:\wamp\www\eventosonline\eventos\index.php(47): CodeIgniter\CodeIgniter->run()
#5 {main}
CRITICAL - 2021-07-01 12:57:34 --> Undefined variable: data1
#0 C:\wamp\www\eventosonline\eventos\app\Controllers\PdfController.php(38): CodeIgniter\Debug\Exceptions->errorHandler(8, 'Undefined varia...', 'C:\\wamp\\www\\eve...', 38, Array)
#1 C:\wamp\www\eventosonline\eventos\system\CodeIgniter.php(918): App\Controllers\PdfController->index()
#2 C:\wamp\www\eventosonline\eventos\system\CodeIgniter.php(404): CodeIgniter\CodeIgniter->runController(Object(App\Controllers\PdfController))
#3 C:\wamp\www\eventosonline\eventos\system\CodeIgniter.php(312): CodeIgniter\CodeIgniter->handleRequest(NULL, Object(Config\Cache), false)
#4 C:\wamp\www\eventosonline\eventos\index.php(47): CodeIgniter\CodeIgniter->run()
#5 {main}
