CRITICAL - 2021-07-16 07:03:43 --> Undefined index: value
#0 C:\wamp\www\eventosonline\eventos\app\Views\cadastrarAtividades.php(178): CodeIgniter\Debug\Exceptions->errorHandler(8, 'Undefined index...', 'C:\\wamp\\www\\eve...', 178, Array)
#1 C:\wamp\www\eventosonline\eventos\system\View\View.php(246): include('C:\\wamp\\www\\eve...')
#2 C:\wamp\www\eventosonline\eventos\system\Common.php(1119): CodeIgniter\View\View->render('cadastrarAtivid...', Array, true)
#3 C:\wamp\www\eventosonline\eventos\app\Controllers\Atividades.php(118): view('cadastrarAtivid...', Array)
#4 C:\wamp\www\eventosonline\eventos\system\CodeIgniter.php(918): App\Controllers\Atividades->cadastrarAtividades()
#5 C:\wamp\www\eventosonline\eventos\system\CodeIgniter.php(404): CodeIgniter\CodeIgniter->runController(Object(App\Controllers\Atividades))
#6 C:\wamp\www\eventosonline\eventos\system\CodeIgniter.php(312): CodeIgniter\CodeIgniter->handleRequest(NULL, Object(Config\Cache), false)
#7 C:\wamp\www\eventosonline\eventos\index.php(47): CodeIgniter\CodeIgniter->run()
#8 {main}
CRITICAL - 2021-07-16 07:04:06 --> Undefined index: value
#0 C:\wamp\www\eventosonline\eventos\app\Views\cadastrarAtividades.php(178): CodeIgniter\Debug\Exceptions->errorHandler(8, 'Undefined index...', 'C:\\wamp\\www\\eve...', 178, Array)
#1 C:\wamp\www\eventosonline\eventos\system\View\View.php(246): include('C:\\wamp\\www\\eve...')
#2 C:\wamp\www\eventosonline\eventos\system\Common.php(1119): CodeIgniter\View\View->render('cadastrarAtivid...', Array, true)
#3 C:\wamp\www\eventosonline\eventos\app\Controllers\Atividades.php(118): view('cadastrarAtivid...', Array)
#4 C:\wamp\www\eventosonline\eventos\system\CodeIgniter.php(918): App\Controllers\Atividades->cadastrarAtividades()
#5 C:\wamp\www\eventosonline\eventos\system\CodeIgniter.php(404): CodeIgniter\CodeIgniter->runController(Object(App\Controllers\Atividades))
#6 C:\wamp\www\eventosonline\eventos\system\CodeIgniter.php(312): CodeIgniter\CodeIgniter->handleRequest(NULL, Object(Config\Cache), false)
#7 C:\wamp\www\eventosonline\eventos\index.php(47): CodeIgniter\CodeIgniter->run()
#8 {main}
CRITICAL - 2021-07-16 07:04:35 --> Undefined index: value
#0 C:\wamp\www\eventosonline\eventos\app\Views\cadastrarAtividades.php(178): CodeIgniter\Debug\Exceptions->errorHandler(8, 'Undefined index...', 'C:\\wamp\\www\\eve...', 178, Array)
#1 C:\wamp\www\eventosonline\eventos\system\View\View.php(246): include('C:\\wamp\\www\\eve...')
#2 C:\wamp\www\eventosonline\eventos\system\Common.php(1119): CodeIgniter\View\View->render('cadastrarAtivid...', Array, true)
#3 C:\wamp\www\eventosonline\eventos\app\Controllers\Atividades.php(118): view('cadastrarAtivid...', Array)
#4 C:\wamp\www\eventosonline\eventos\system\CodeIgniter.php(918): App\Controllers\Atividades->cadastrarAtividades()
#5 C:\wamp\www\eventosonline\eventos\system\CodeIgniter.php(404): CodeIgniter\CodeIgniter->runController(Object(App\Controllers\Atividades))
#6 C:\wamp\www\eventosonline\eventos\system\CodeIgniter.php(312): CodeIgniter\CodeIgniter->handleRequest(NULL, Object(Config\Cache), false)
#7 C:\wamp\www\eventosonline\eventos\index.php(47): CodeIgniter\CodeIgniter->run()
#8 {main}
CRITICAL - 2021-07-16 07:04:47 --> Undefined variable: value
#0 C:\wamp\www\eventosonline\eventos\app\Views\cadastrarAtividades.php(178): CodeIgniter\Debug\Exceptions->errorHandler(8, 'Undefined varia...', 'C:\\wamp\\www\\eve...', 178, Array)
#1 C:\wamp\www\eventosonline\eventos\system\View\View.php(246): include('C:\\wamp\\www\\eve...')
#2 C:\wamp\www\eventosonline\eventos\system\Common.php(1119): CodeIgniter\View\View->render('cadastrarAtivid...', Array, true)
#3 C:\wamp\www\eventosonline\eventos\app\Controllers\Atividades.php(118): view('cadastrarAtivid...', Array)
#4 C:\wamp\www\eventosonline\eventos\system\CodeIgniter.php(918): App\Controllers\Atividades->cadastrarAtividades()
#5 C:\wamp\www\eventosonline\eventos\system\CodeIgniter.php(404): CodeIgniter\CodeIgniter->runController(Object(App\Controllers\Atividades))
#6 C:\wamp\www\eventosonline\eventos\system\CodeIgniter.php(312): CodeIgniter\CodeIgniter->handleRequest(NULL, Object(Config\Cache), false)
#7 C:\wamp\www\eventosonline\eventos\index.php(47): CodeIgniter\CodeIgniter->run()
#8 {main}
CRITICAL - 2021-07-16 07:04:56 --> Undefined variable: value
#0 C:\wamp\www\eventosonline\eventos\app\Views\cadastrarAtividades.php(178): CodeIgniter\Debug\Exceptions->errorHandler(8, 'Undefined varia...', 'C:\\wamp\\www\\eve...', 178, Array)
#1 C:\wamp\www\eventosonline\eventos\system\View\View.php(246): include('C:\\wamp\\www\\eve...')
#2 C:\wamp\www\eventosonline\eventos\system\Common.php(1119): CodeIgniter\View\View->render('cadastrarAtivid...', Array, true)
#3 C:\wamp\www\eventosonline\eventos\app\Controllers\Atividades.php(118): view('cadastrarAtivid...', Array)
#4 C:\wamp\www\eventosonline\eventos\system\CodeIgniter.php(918): App\Controllers\Atividades->cadastrarAtividades()
#5 C:\wamp\www\eventosonline\eventos\system\CodeIgniter.php(404): CodeIgniter\CodeIgniter->runController(Object(App\Controllers\Atividades))
#6 C:\wamp\www\eventosonline\eventos\system\CodeIgniter.php(312): CodeIgniter\CodeIgniter->handleRequest(NULL, Object(Config\Cache), false)
#7 C:\wamp\www\eventosonline\eventos\index.php(47): CodeIgniter\CodeIgniter->run()
#8 {main}
CRITICAL - 2021-07-16 07:17:17 --> Undefined index: value
#0 C:\wamp\www\eventosonline\eventos\app\Views\cadastrarAtividades.php(179): CodeIgniter\Debug\Exceptions->errorHandler(8, 'Undefined index...', 'C:\\wamp\\www\\eve...', 179, Array)
#1 C:\wamp\www\eventosonline\eventos\system\View\View.php(246): include('C:\\wamp\\www\\eve...')
#2 C:\wamp\www\eventosonline\eventos\system\Common.php(1119): CodeIgniter\View\View->render('cadastrarAtivid...', Array, true)
#3 C:\wamp\www\eventosonline\eventos\app\Controllers\Atividades.php(118): view('cadastrarAtivid...', Array)
#4 C:\wamp\www\eventosonline\eventos\system\CodeIgniter.php(918): App\Controllers\Atividades->cadastrarAtividades()
#5 C:\wamp\www\eventosonline\eventos\system\CodeIgniter.php(404): CodeIgniter\CodeIgniter->runController(Object(App\Controllers\Atividades))
#6 C:\wamp\www\eventosonline\eventos\system\CodeIgniter.php(312): CodeIgniter\CodeIgniter->handleRequest(NULL, Object(Config\Cache), false)
#7 C:\wamp\www\eventosonline\eventos\index.php(47): CodeIgniter\CodeIgniter->run()
#8 {main}
CRITICAL - 2021-07-16 07:24:19 --> Undefined index: value
#0 C:\wamp\www\eventosonline\eventos\app\Views\cadastrarAtividades.php(183): CodeIgniter\Debug\Exceptions->errorHandler(8, 'Undefined index...', 'C:\\wamp\\www\\eve...', 183, Array)
#1 C:\wamp\www\eventosonline\eventos\system\View\View.php(246): include('C:\\wamp\\www\\eve...')
#2 C:\wamp\www\eventosonline\eventos\system\Common.php(1119): CodeIgniter\View\View->render('cadastrarAtivid...', Array, true)
#3 C:\wamp\www\eventosonline\eventos\app\Controllers\Atividades.php(118): view('cadastrarAtivid...', Array)
#4 C:\wamp\www\eventosonline\eventos\system\CodeIgniter.php(918): App\Controllers\Atividades->cadastrarAtividades()
#5 C:\wamp\www\eventosonline\eventos\system\CodeIgniter.php(404): CodeIgniter\CodeIgniter->runController(Object(App\Controllers\Atividades))
#6 C:\wamp\www\eventosonline\eventos\system\CodeIgniter.php(312): CodeIgniter\CodeIgniter->handleRequest(NULL, Object(Config\Cache), false)
#7 C:\wamp\www\eventosonline\eventos\index.php(47): CodeIgniter\CodeIgniter->run()
#8 {main}
CRITICAL - 2021-07-16 07:24:38 --> Undefined index: value
#0 C:\wamp\www\eventosonline\eventos\app\Views\cadastrarAtividades.php(183): CodeIgniter\Debug\Exceptions->errorHandler(8, 'Undefined index...', 'C:\\wamp\\www\\eve...', 183, Array)
#1 C:\wamp\www\eventosonline\eventos\system\View\View.php(246): include('C:\\wamp\\www\\eve...')
#2 C:\wamp\www\eventosonline\eventos\system\Common.php(1119): CodeIgniter\View\View->render('cadastrarAtivid...', Array, true)
#3 C:\wamp\www\eventosonline\eventos\app\Controllers\Atividades.php(118): view('cadastrarAtivid...', Array)
#4 C:\wamp\www\eventosonline\eventos\system\CodeIgniter.php(918): App\Controllers\Atividades->cadastrarAtividades()
#5 C:\wamp\www\eventosonline\eventos\system\CodeIgniter.php(404): CodeIgniter\CodeIgniter->runController(Object(App\Controllers\Atividades))
#6 C:\wamp\www\eventosonline\eventos\system\CodeIgniter.php(312): CodeIgniter\CodeIgniter->handleRequest(NULL, Object(Config\Cache), false)
#7 C:\wamp\www\eventosonline\eventos\index.php(47): CodeIgniter\CodeIgniter->run()
#8 {main}
CRITICAL - 2021-07-16 07:24:48 --> Undefined index: 
#0 C:\wamp\www\eventosonline\eventos\app\Views\cadastrarAtividades.php(183): CodeIgniter\Debug\Exceptions->errorHandler(8, 'Undefined index...', 'C:\\wamp\\www\\eve...', 183, Array)
#1 C:\wamp\www\eventosonline\eventos\system\View\View.php(246): include('C:\\wamp\\www\\eve...')
#2 C:\wamp\www\eventosonline\eventos\system\Common.php(1119): CodeIgniter\View\View->render('cadastrarAtivid...', Array, true)
#3 C:\wamp\www\eventosonline\eventos\app\Controllers\Atividades.php(118): view('cadastrarAtivid...', Array)
#4 C:\wamp\www\eventosonline\eventos\system\CodeIgniter.php(918): App\Controllers\Atividades->cadastrarAtividades()
#5 C:\wamp\www\eventosonline\eventos\system\CodeIgniter.php(404): CodeIgniter\CodeIgniter->runController(Object(App\Controllers\Atividades))
#6 C:\wamp\www\eventosonline\eventos\system\CodeIgniter.php(312): CodeIgniter\CodeIgniter->handleRequest(NULL, Object(Config\Cache), false)
#7 C:\wamp\www\eventosonline\eventos\index.php(47): CodeIgniter\CodeIgniter->run()
#8 {main}
CRITICAL - 2021-07-16 07:36:33 --> Undefined variable: idEvento
#0 C:\wamp\www\eventosonline\eventos\app\Views\cadastrarAtividades.php(180): CodeIgniter\Debug\Exceptions->errorHandler(8, 'Undefined varia...', 'C:\\wamp\\www\\eve...', 180, Array)
#1 C:\wamp\www\eventosonline\eventos\system\View\View.php(246): include('C:\\wamp\\www\\eve...')
#2 C:\wamp\www\eventosonline\eventos\system\Common.php(1119): CodeIgniter\View\View->render('cadastrarAtivid...', Array, true)
#3 C:\wamp\www\eventosonline\eventos\app\Controllers\Atividades.php(118): view('cadastrarAtivid...', Array)
#4 C:\wamp\www\eventosonline\eventos\system\CodeIgniter.php(918): App\Controllers\Atividades->cadastrarAtividades()
#5 C:\wamp\www\eventosonline\eventos\system\CodeIgniter.php(404): CodeIgniter\CodeIgniter->runController(Object(App\Controllers\Atividades))
#6 C:\wamp\www\eventosonline\eventos\system\CodeIgniter.php(312): CodeIgniter\CodeIgniter->handleRequest(NULL, Object(Config\Cache), false)
#7 C:\wamp\www\eventosonline\eventos\index.php(47): CodeIgniter\CodeIgniter->run()
#8 {main}
CRITICAL - 2021-07-16 07:36:48 --> Undefined variable: valor
#0 C:\wamp\www\eventosonline\eventos\app\Views\cadastrarAtividades.php(180): CodeIgniter\Debug\Exceptions->errorHandler(8, 'Undefined varia...', 'C:\\wamp\\www\\eve...', 180, Array)
#1 C:\wamp\www\eventosonline\eventos\system\View\View.php(246): include('C:\\wamp\\www\\eve...')
#2 C:\wamp\www\eventosonline\eventos\system\Common.php(1119): CodeIgniter\View\View->render('cadastrarAtivid...', Array, true)
#3 C:\wamp\www\eventosonline\eventos\app\Controllers\Atividades.php(118): view('cadastrarAtivid...', Array)
#4 C:\wamp\www\eventosonline\eventos\system\CodeIgniter.php(918): App\Controllers\Atividades->cadastrarAtividades()
#5 C:\wamp\www\eventosonline\eventos\system\CodeIgniter.php(404): CodeIgniter\CodeIgniter->runController(Object(App\Controllers\Atividades))
#6 C:\wamp\www\eventosonline\eventos\system\CodeIgniter.php(312): CodeIgniter\CodeIgniter->handleRequest(NULL, Object(Config\Cache), false)
#7 C:\wamp\www\eventosonline\eventos\index.php(47): CodeIgniter\CodeIgniter->run()
#8 {main}
CRITICAL - 2021-07-16 07:37:48 --> Undefined index: value
#0 C:\wamp\www\eventosonline\eventos\app\Views\cadastrarAtividades.php(179): CodeIgniter\Debug\Exceptions->errorHandler(8, 'Undefined index...', 'C:\\wamp\\www\\eve...', 179, Array)
#1 C:\wamp\www\eventosonline\eventos\system\View\View.php(246): include('C:\\wamp\\www\\eve...')
#2 C:\wamp\www\eventosonline\eventos\system\Common.php(1119): CodeIgniter\View\View->render('cadastrarAtivid...', Array, true)
#3 C:\wamp\www\eventosonline\eventos\app\Controllers\Atividades.php(118): view('cadastrarAtivid...', Array)
#4 C:\wamp\www\eventosonline\eventos\system\CodeIgniter.php(918): App\Controllers\Atividades->cadastrarAtividades()
#5 C:\wamp\www\eventosonline\eventos\system\CodeIgniter.php(404): CodeIgniter\CodeIgniter->runController(Object(App\Controllers\Atividades))
#6 C:\wamp\www\eventosonline\eventos\system\CodeIgniter.php(312): CodeIgniter\CodeIgniter->handleRequest(NULL, Object(Config\Cache), false)
#7 C:\wamp\www\eventosonline\eventos\index.php(47): CodeIgniter\CodeIgniter->run()
#8 {main}
CRITICAL - 2021-07-16 09:32:09 --> Use of undefined constant FALTA - assumed 'FALTA' (this will throw an Error in a future version of PHP)
#0 C:\wamp\www\eventosonline\eventos\app\Views\cadastrarAtividades.php(179): CodeIgniter\Debug\Exceptions->errorHandler(2, 'Use of undefine...', 'C:\\wamp\\www\\eve...', 179, Array)
#1 C:\wamp\www\eventosonline\eventos\system\View\View.php(246): include('C:\\wamp\\www\\eve...')
#2 C:\wamp\www\eventosonline\eventos\system\Common.php(1119): CodeIgniter\View\View->render('cadastrarAtivid...', Array, true)
#3 C:\wamp\www\eventosonline\eventos\app\Controllers\Atividades.php(118): view('cadastrarAtivid...', Array)
#4 C:\wamp\www\eventosonline\eventos\system\CodeIgniter.php(918): App\Controllers\Atividades->cadastrarAtividades()
#5 C:\wamp\www\eventosonline\eventos\system\CodeIgniter.php(404): CodeIgniter\CodeIgniter->runController(Object(App\Controllers\Atividades))
#6 C:\wamp\www\eventosonline\eventos\system\CodeIgniter.php(312): CodeIgniter\CodeIgniter->handleRequest(NULL, Object(Config\Cache), false)
#7 C:\wamp\www\eventosonline\eventos\index.php(47): CodeIgniter\CodeIgniter->run()
#8 {main}
