CRITICAL - 2021-12-14 08:12:51 --> Undefined offset: 0
#0 /home/crfsp010/public_html/eventos/app/Controllers/Users.php(369): CodeIgniter\Debug\Exceptions->errorHandler(8, 'Undefined offse...', '/home/crfsp010/...', 369, Array)
#1 /home/crfsp010/public_html/eventos/system/CodeIgniter.php(918): App\Controllers\Users->recuperacaoSenha()
#2 /home/crfsp010/public_html/eventos/system/CodeIgniter.php(404): CodeIgniter\CodeIgniter->runController(Object(App\Controllers\Users))
#3 /home/crfsp010/public_html/eventos/system/CodeIgniter.php(312): CodeIgniter\CodeIgniter->handleRequest(NULL, Object(Config\Cache), false)
#4 /home/crfsp010/public_html/eventos/index.php(47): CodeIgniter\CodeIgniter->run()
#5 {main}
CRITICAL - 2021-12-14 10:05:57 --> Undefined offset: 0
#0 /home/crfsp010/public_html/eventos/app/Controllers/Users.php(369): CodeIgniter\Debug\Exceptions->errorHandler(8, 'Undefined offse...', '/home/crfsp010/...', 369, Array)
#1 /home/crfsp010/public_html/eventos/system/CodeIgniter.php(918): App\Controllers\Users->recuperacaoSenha()
#2 /home/crfsp010/public_html/eventos/system/CodeIgniter.php(404): CodeIgniter\CodeIgniter->runController(Object(App\Controllers\Users))
#3 /home/crfsp010/public_html/eventos/system/CodeIgniter.php(312): CodeIgniter\CodeIgniter->handleRequest(NULL, Object(Config\Cache), false)
#4 /home/crfsp010/public_html/eventos/index.php(47): CodeIgniter\CodeIgniter->run()
#5 {main}
CRITICAL - 2021-12-14 11:19:30 --> Undefined offset: 0
#0 /home/crfsp010/public_html/eventos/app/Controllers/Users.php(369): CodeIgniter\Debug\Exceptions->errorHandler(8, 'Undefined offse...', '/home/crfsp010/...', 369, Array)
#1 /home/crfsp010/public_html/eventos/system/CodeIgniter.php(918): App\Controllers\Users->recuperacaoSenha()
#2 /home/crfsp010/public_html/eventos/system/CodeIgniter.php(404): CodeIgniter\CodeIgniter->runController(Object(App\Controllers\Users))
#3 /home/crfsp010/public_html/eventos/system/CodeIgniter.php(312): CodeIgniter\CodeIgniter->handleRequest(NULL, Object(Config\Cache), false)
#4 /home/crfsp010/public_html/eventos/index.php(47): CodeIgniter\CodeIgniter->run()
#5 {main}
CRITICAL - 2021-12-14 11:19:38 --> Undefined offset: 0
#0 /home/crfsp010/public_html/eventos/app/Controllers/Users.php(369): CodeIgniter\Debug\Exceptions->errorHandler(8, 'Undefined offse...', '/home/crfsp010/...', 369, Array)
#1 /home/crfsp010/public_html/eventos/system/CodeIgniter.php(918): App\Controllers\Users->recuperacaoSenha()
#2 /home/crfsp010/public_html/eventos/system/CodeIgniter.php(404): CodeIgniter\CodeIgniter->runController(Object(App\Controllers\Users))
#3 /home/crfsp010/public_html/eventos/system/CodeIgniter.php(312): CodeIgniter\CodeIgniter->handleRequest(NULL, Object(Config\Cache), false)
#4 /home/crfsp010/public_html/eventos/index.php(47): CodeIgniter\CodeIgniter->run()
#5 {main}
CRITICAL - 2021-12-14 16:12:08 --> Undefined offset: 0
#0 /home/crfsp010/public_html/eventos/app/Controllers/Users.php(369): CodeIgniter\Debug\Exceptions->errorHandler(8, 'Undefined offse...', '/home/crfsp010/...', 369, Array)
#1 /home/crfsp010/public_html/eventos/system/CodeIgniter.php(918): App\Controllers\Users->recuperacaoSenha()
#2 /home/crfsp010/public_html/eventos/system/CodeIgniter.php(404): CodeIgniter\CodeIgniter->runController(Object(App\Controllers\Users))
#3 /home/crfsp010/public_html/eventos/system/CodeIgniter.php(312): CodeIgniter\CodeIgniter->handleRequest(NULL, Object(Config\Cache), false)
#4 /home/crfsp010/public_html/eventos/index.php(47): CodeIgniter\CodeIgniter->run()
#5 {main}
CRITICAL - 2021-12-14 16:13:14 --> Undefined offset: 0
#0 /home/crfsp010/public_html/eventos/app/Controllers/Users.php(369): CodeIgniter\Debug\Exceptions->errorHandler(8, 'Undefined offse...', '/home/crfsp010/...', 369, Array)
#1 /home/crfsp010/public_html/eventos/system/CodeIgniter.php(918): App\Controllers\Users->recuperacaoSenha()
#2 /home/crfsp010/public_html/eventos/system/CodeIgniter.php(404): CodeIgniter\CodeIgniter->runController(Object(App\Controllers\Users))
#3 /home/crfsp010/public_html/eventos/system/CodeIgniter.php(312): CodeIgniter\CodeIgniter->handleRequest(NULL, Object(Config\Cache), false)
#4 /home/crfsp010/public_html/eventos/index.php(47): CodeIgniter\CodeIgniter->run()
#5 {main}
CRITICAL - 2021-12-14 16:27:24 --> Undefined offset: 0
#0 /home/crfsp010/public_html/eventos/app/Controllers/Users.php(369): CodeIgniter\Debug\Exceptions->errorHandler(8, 'Undefined offse...', '/home/crfsp010/...', 369, Array)
#1 /home/crfsp010/public_html/eventos/system/CodeIgniter.php(918): App\Controllers\Users->recuperacaoSenha()
#2 /home/crfsp010/public_html/eventos/system/CodeIgniter.php(404): CodeIgniter\CodeIgniter->runController(Object(App\Controllers\Users))
#3 /home/crfsp010/public_html/eventos/system/CodeIgniter.php(312): CodeIgniter\CodeIgniter->handleRequest(NULL, Object(Config\Cache), false)
#4 /home/crfsp010/public_html/eventos/index.php(47): CodeIgniter\CodeIgniter->run()
#5 {main}
CRITICAL - 2021-12-14 16:35:29 --> Undefined offset: 0
#0 /home/crfsp010/public_html/eventos/app/Controllers/Users.php(369): CodeIgniter\Debug\Exceptions->errorHandler(8, 'Undefined offse...', '/home/crfsp010/...', 369, Array)
#1 /home/crfsp010/public_html/eventos/system/CodeIgniter.php(918): App\Controllers\Users->recuperacaoSenha()
#2 /home/crfsp010/public_html/eventos/system/CodeIgniter.php(404): CodeIgniter\CodeIgniter->runController(Object(App\Controllers\Users))
#3 /home/crfsp010/public_html/eventos/system/CodeIgniter.php(312): CodeIgniter\CodeIgniter->handleRequest(NULL, Object(Config\Cache), false)
#4 /home/crfsp010/public_html/eventos/index.php(47): CodeIgniter\CodeIgniter->run()
#5 {main}
CRITICAL - 2021-12-14 16:35:42 --> Undefined offset: 0
#0 /home/crfsp010/public_html/eventos/app/Controllers/Users.php(369): CodeIgniter\Debug\Exceptions->errorHandler(8, 'Undefined offse...', '/home/crfsp010/...', 369, Array)
#1 /home/crfsp010/public_html/eventos/system/CodeIgniter.php(918): App\Controllers\Users->recuperacaoSenha()
#2 /home/crfsp010/public_html/eventos/system/CodeIgniter.php(404): CodeIgniter\CodeIgniter->runController(Object(App\Controllers\Users))
#3 /home/crfsp010/public_html/eventos/system/CodeIgniter.php(312): CodeIgniter\CodeIgniter->handleRequest(NULL, Object(Config\Cache), false)
#4 /home/crfsp010/public_html/eventos/index.php(47): CodeIgniter\CodeIgniter->run()
#5 {main}
CRITICAL - 2021-12-14 16:50:01 --> Undefined offset: 0
#0 /home/crfsp010/public_html/eventos/app/Controllers/Users.php(369): CodeIgniter\Debug\Exceptions->errorHandler(8, 'Undefined offse...', '/home/crfsp010/...', 369, Array)
#1 /home/crfsp010/public_html/eventos/system/CodeIgniter.php(918): App\Controllers\Users->recuperacaoSenha()
#2 /home/crfsp010/public_html/eventos/system/CodeIgniter.php(404): CodeIgniter\CodeIgniter->runController(Object(App\Controllers\Users))
#3 /home/crfsp010/public_html/eventos/system/CodeIgniter.php(312): CodeIgniter\CodeIgniter->handleRequest(NULL, Object(Config\Cache), false)
#4 /home/crfsp010/public_html/eventos/index.php(47): CodeIgniter\CodeIgniter->run()
#5 {main}
CRITICAL - 2021-12-14 16:55:46 --> Undefined offset: 0
#0 /home/crfsp010/public_html/eventos/app/Controllers/Users.php(369): CodeIgniter\Debug\Exceptions->errorHandler(8, 'Undefined offse...', '/home/crfsp010/...', 369, Array)
#1 /home/crfsp010/public_html/eventos/system/CodeIgniter.php(918): App\Controllers\Users->recuperacaoSenha()
#2 /home/crfsp010/public_html/eventos/system/CodeIgniter.php(404): CodeIgniter\CodeIgniter->runController(Object(App\Controllers\Users))
#3 /home/crfsp010/public_html/eventos/system/CodeIgniter.php(312): CodeIgniter\CodeIgniter->handleRequest(NULL, Object(Config\Cache), false)
#4 /home/crfsp010/public_html/eventos/index.php(47): CodeIgniter\CodeIgniter->run()
#5 {main}
CRITICAL - 2021-12-14 19:01:46 --> unlink(/home/crfsp010/public_html/eventos/writable/debugbar/debugbar_1639519211.json): No such file or directory
#0 [internal function]: CodeIgniter\Debug\Exceptions->errorHandler(2, 'unlink(/home/cr...', '/home/crfsp010/...', 106, Array)
#1 /home/crfsp010/public_html/eventos/system/Debug/Toolbar/Collectors/History.php(106): unlink('/home/crfsp010/...')
#2 /home/crfsp010/public_html/eventos/system/Debug/Toolbar.php(483): CodeIgniter\Debug\Toolbar\Collectors\History->setFiles(1639519306, 20)
#3 /home/crfsp010/public_html/eventos/system/Debug/Toolbar.php(455): CodeIgniter\Debug\Toolbar->format(Array, 'html')
#4 /home/crfsp010/public_html/eventos/app/Config/Events.php(50): CodeIgniter\Debug\Toolbar->respond()
#5 [internal function]: CodeIgniter\Events\Events::Config\{closure}()
#6 /home/crfsp010/public_html/eventos/system/Events/Events.php(188): call_user_func(Object(Closure))
#7 /home/crfsp010/public_html/eventos/system/CodeIgniter.php(293): CodeIgniter\Events\Events::trigger('pre_system')
#8 /home/crfsp010/public_html/eventos/index.php(47): CodeIgniter\CodeIgniter->run()
#9 {main}
CRITICAL - 2021-12-14 19:41:46 --> Undefined offset: 0
#0 /home/crfsp010/public_html/eventos/app/Controllers/Users.php(369): CodeIgniter\Debug\Exceptions->errorHandler(8, 'Undefined offse...', '/home/crfsp010/...', 369, Array)
#1 /home/crfsp010/public_html/eventos/system/CodeIgniter.php(918): App\Controllers\Users->recuperacaoSenha()
#2 /home/crfsp010/public_html/eventos/system/CodeIgniter.php(404): CodeIgniter\CodeIgniter->runController(Object(App\Controllers\Users))
#3 /home/crfsp010/public_html/eventos/system/CodeIgniter.php(312): CodeIgniter\CodeIgniter->handleRequest(NULL, Object(Config\Cache), false)
#4 /home/crfsp010/public_html/eventos/index.php(47): CodeIgniter\CodeIgniter->run()
#5 {main}
CRITICAL - 2021-12-14 19:41:50 --> Undefined offset: 0
#0 /home/crfsp010/public_html/eventos/app/Controllers/Users.php(369): CodeIgniter\Debug\Exceptions->errorHandler(8, 'Undefined offse...', '/home/crfsp010/...', 369, Array)
#1 /home/crfsp010/public_html/eventos/system/CodeIgniter.php(918): App\Controllers\Users->recuperacaoSenha()
#2 /home/crfsp010/public_html/eventos/system/CodeIgniter.php(404): CodeIgniter\CodeIgniter->runController(Object(App\Controllers\Users))
#3 /home/crfsp010/public_html/eventos/system/CodeIgniter.php(312): CodeIgniter\CodeIgniter->handleRequest(NULL, Object(Config\Cache), false)
#4 /home/crfsp010/public_html/eventos/index.php(47): CodeIgniter\CodeIgniter->run()
#5 {main}
CRITICAL - 2021-12-14 19:42:13 --> Undefined offset: 0
#0 /home/crfsp010/public_html/eventos/app/Controllers/Users.php(369): CodeIgniter\Debug\Exceptions->errorHandler(8, 'Undefined offse...', '/home/crfsp010/...', 369, Array)
#1 /home/crfsp010/public_html/eventos/system/CodeIgniter.php(918): App\Controllers\Users->recuperacaoSenha()
#2 /home/crfsp010/public_html/eventos/system/CodeIgniter.php(404): CodeIgniter\CodeIgniter->runController(Object(App\Controllers\Users))
#3 /home/crfsp010/public_html/eventos/system/CodeIgniter.php(312): CodeIgniter\CodeIgniter->handleRequest(NULL, Object(Config\Cache), false)
#4 /home/crfsp010/public_html/eventos/index.php(47): CodeIgniter\CodeIgniter->run()
#5 {main}
