ERROR - 2021-11-18 11:59:06 --> Email: sendWithSmtp throwed fsockopen(): SSL operation failed with code 1. OpenSSL Error messages:
error:1408F10B:SSL routines:ssl3_get_record:wrong version number
ERROR - 2021-11-18 12:01:09 --> Email: sendWithSmtp throwed fsockopen(): SSL operation failed with code 1. OpenSSL Error messages:
error:1408F10B:SSL routines:ssl3_get_record:wrong version number
ERROR - 2021-11-18 12:03:09 --> Email: sendWithSmtp throwed fsockopen(): SSL operation failed with code 1. OpenSSL Error messages:
error:1408F10B:SSL routines:ssl3_get_record:wrong version number
ERROR - 2021-11-18 12:06:56 --> Email: sendWithSmtp throwed fsockopen(): SSL operation failed with code 1. OpenSSL Error messages:
error:1408F10B:SSL routines:ssl3_get_record:wrong version number
CRITICAL - 2021-11-18 13:02:48 --> syntax error, unexpected 'if' (T_IF)
#0 /home/crfsp010/public_html/eventos/system/Autoloader/Autoloader.php(296): CodeIgniter\Autoloader\Autoloader->requireFile('/home/crfsp010/...')
#1 /home/crfsp010/public_html/eventos/system/Autoloader/Autoloader.php(258): CodeIgniter\Autoloader\Autoloader->loadInNamespace('App\\Controllers...')
#2 [internal function]: CodeIgniter\Autoloader\Autoloader->loadClass('App\\Controllers...')
#3 [internal function]: spl_autoload_call('App\\Controllers...')
#4 /home/crfsp010/public_html/eventos/system/CodeIgniter.php(869): class_exists('\\App\\Controller...', true)
#5 /home/crfsp010/public_html/eventos/system/CodeIgniter.php(394): CodeIgniter\CodeIgniter->startController()
#6 /home/crfsp010/public_html/eventos/system/CodeIgniter.php(312): CodeIgniter\CodeIgniter->handleRequest(NULL, Object(Config\Cache), false)
#7 /home/crfsp010/public_html/eventos/index.php(47): CodeIgniter\CodeIgniter->run()
#8 {main}
CRITICAL - 2021-11-18 13:03:29 --> syntax error, unexpected 'if' (T_IF)
#0 /home/crfsp010/public_html/eventos/system/Autoloader/Autoloader.php(296): CodeIgniter\Autoloader\Autoloader->requireFile('/home/crfsp010/...')
#1 /home/crfsp010/public_html/eventos/system/Autoloader/Autoloader.php(258): CodeIgniter\Autoloader\Autoloader->loadInNamespace('App\\Controllers...')
#2 [internal function]: CodeIgniter\Autoloader\Autoloader->loadClass('App\\Controllers...')
#3 [internal function]: spl_autoload_call('App\\Controllers...')
#4 /home/crfsp010/public_html/eventos/system/CodeIgniter.php(869): class_exists('\\App\\Controller...', true)
#5 /home/crfsp010/public_html/eventos/system/CodeIgniter.php(394): CodeIgniter\CodeIgniter->startController()
#6 /home/crfsp010/public_html/eventos/system/CodeIgniter.php(312): CodeIgniter\CodeIgniter->handleRequest(NULL, Object(Config\Cache), false)
#7 /home/crfsp010/public_html/eventos/index.php(47): CodeIgniter\CodeIgniter->run()
#8 {main}
ERROR - 2021-11-18 13:04:48 --> Email: sendWithSmtp throwed fsockopen(): SSL operation failed with code 1. OpenSSL Error messages:
error:1408F10B:SSL routines:ssl3_get_record:wrong version number
ERROR - 2021-11-18 13:12:49 --> Email: sendWithSmtp throwed fsockopen(): SSL operation failed with code 1. OpenSSL Error messages:
error:1408F10B:SSL routines:ssl3_get_record:wrong version number
CRITICAL - 2021-11-18 13:12:49 --> Undefined variable: email
#0 /home/crfsp010/public_html/eventos/app/Controllers/Users.php(249): CodeIgniter\Debug\Exceptions->errorHandler(8, 'Undefined varia...', '/home/crfsp010/...', 249, Array)
#1 /home/crfsp010/public_html/eventos/app/Controllers/Users.php(359): App\Controllers\Users->recuperarSenha(Array)
#2 /home/crfsp010/public_html/eventos/system/CodeIgniter.php(918): App\Controllers\Users->recuperacaoSenha()
#3 /home/crfsp010/public_html/eventos/system/CodeIgniter.php(404): CodeIgniter\CodeIgniter->runController(Object(App\Controllers\Users))
#4 /home/crfsp010/public_html/eventos/system/CodeIgniter.php(312): CodeIgniter\CodeIgniter->handleRequest(NULL, Object(Config\Cache), false)
#5 /home/crfsp010/public_html/eventos/index.php(47): CodeIgniter\CodeIgniter->run()
#6 {main}
ERROR - 2021-11-18 13:13:29 --> Email: sendWithSmtp throwed fsockopen(): SSL operation failed with code 1. OpenSSL Error messages:
error:1408F10B:SSL routines:ssl3_get_record:wrong version number
CRITICAL - 2021-11-18 13:13:29 --> Undefined variable: email
#0 /home/crfsp010/public_html/eventos/app/Controllers/Users.php(249): CodeIgniter\Debug\Exceptions->errorHandler(8, 'Undefined varia...', '/home/crfsp010/...', 249, Array)
#1 /home/crfsp010/public_html/eventos/app/Controllers/Users.php(359): App\Controllers\Users->recuperarSenha(Array)
#2 /home/crfsp010/public_html/eventos/system/CodeIgniter.php(918): App\Controllers\Users->recuperacaoSenha()
#3 /home/crfsp010/public_html/eventos/system/CodeIgniter.php(404): CodeIgniter\CodeIgniter->runController(Object(App\Controllers\Users))
#4 /home/crfsp010/public_html/eventos/system/CodeIgniter.php(312): CodeIgniter\CodeIgniter->handleRequest(NULL, Object(Config\Cache), false)
#5 /home/crfsp010/public_html/eventos/index.php(47): CodeIgniter\CodeIgniter->run()
#6 {main}
ERROR - 2021-11-18 13:13:49 --> Email: sendWithSmtp throwed fsockopen(): SSL operation failed with code 1. OpenSSL Error messages:
error:1408F10B:SSL routines:ssl3_get_record:wrong version number
ERROR - 2021-11-18 13:14:29 --> Email: sendWithSmtp throwed fsockopen(): SSL operation failed with code 1. OpenSSL Error messages:
error:1408F10B:SSL routines:ssl3_get_record:wrong version number
ERROR - 2021-11-18 13:15:21 --> Email: sendWithSmtp throwed fsockopen(): SSL operation failed with code 1. OpenSSL Error messages:
error:1408F10B:SSL routines:ssl3_get_record:wrong version number
ERROR - 2021-11-18 13:22:00 --> Email: sendWithSmtp throwed fsockopen(): SSL operation failed with code 1. OpenSSL Error messages:
error:1408F10B:SSL routines:ssl3_get_record:wrong version number
ERROR - 2021-11-18 13:24:40 --> Email: sendWithSmtp throwed fsockopen(): unable to connect to ssl://cloud.farmaceuticosp.com.br:465 (Connection refused)
ERROR - 2021-11-18 13:24:46 --> Email: sendWithSmtp throwed fsockopen(): unable to connect to ssl://cloud.farmaceuticosp.com.br:465 (Connection refused)
ERROR - 2021-11-18 13:24:48 --> Email: sendWithSmtp throwed fsockopen(): unable to connect to ssl://cloud.farmaceuticosp.com.br:465 (Connection refused)
ERROR - 2021-11-18 13:24:51 --> Email: sendWithSmtp throwed fsockopen(): unable to connect to ssl://cloud.farmaceuticosp.com.br:465 (Connection refused)
ERROR - 2021-11-18 13:25:44 --> Email: sendWithSmtp throwed fsockopen(): SSL operation failed with code 1. OpenSSL Error messages:
error:1408F10B:SSL routines:ssl3_get_record:wrong version number
ERROR - 2021-11-18 13:25:49 --> Email: sendWithSmtp throwed fsockopen(): SSL operation failed with code 1. OpenSSL Error messages:
error:1408F10B:SSL routines:ssl3_get_record:wrong version number
ERROR - 2021-11-18 13:26:19 --> Email: sendWithSmtp throwed fsockopen(): SSL operation failed with code 1. OpenSSL Error messages:
error:1408F10B:SSL routines:ssl3_get_record:wrong version number
ERROR - 2021-11-18 13:37:45 --> Email: sendWithSmtp throwed fsockopen(): unable to connect to cloud.farmaceuticosp.com.br:587 (Connection timed out)
ERROR - 2021-11-18 13:37:56 --> Email: sendWithSmtp throwed fsockopen(): unable to connect to cloud.farmaceuticosp.com.br:587 (Connection timed out)
ERROR - 2021-11-18 13:38:03 --> Email: sendWithSmtp throwed fsockopen(): unable to connect to cloud.farmaceuticosp.com.br:587 (Connection timed out)
ERROR - 2021-11-18 13:38:13 --> Email: sendWithSmtp throwed fsockopen(): unable to connect to cloud.farmaceuticosp.com.br:587 (Connection timed out)
ERROR - 2021-11-18 13:42:43 --> Email: sendWithSmtp throwed fsockopen(): unable to connect to cloud.farmaceuticosp.com.br:587 (Connection timed out)
ERROR - 2021-11-18 13:42:50 --> Email: sendWithSmtp throwed fsockopen(): unable to connect to cloud.farmaceuticosp.com.br:587 (Connection timed out)
ERROR - 2021-11-18 13:42:53 --> Email: sendWithSmtp throwed fsockopen(): unable to connect to cloud.farmaceuticosp.com.br:587 (Connection timed out)
ERROR - 2021-11-18 13:48:51 --> Email: sendWithSmtp throwed fsockopen(): unable to connect to cloud.farmaceuticosp.com.br:587 (Connection timed out)
ERROR - 2021-11-18 14:10:39 --> Email: sendWithSmtp throwed fsockopen(): unable to connect to ssl://cloud.farmaceuticosp.com.br:587 (Connection timed out)
ERROR - 2021-11-18 14:14:24 --> Email: sendWithSmtp throwed fsockopen(): unable to connect to ssl://cloud.farmaceuticosp.com.br:587 (Connection timed out)
CRITICAL - 2021-11-18 14:45:46 --> Undefined offset: 0
#0 /home/crfsp010/public_html/eventos/app/Controllers/Users.php(369): CodeIgniter\Debug\Exceptions->errorHandler(8, 'Undefined offse...', '/home/crfsp010/...', 369, Array)
#1 /home/crfsp010/public_html/eventos/system/CodeIgniter.php(918): App\Controllers\Users->recuperacaoSenha()
#2 /home/crfsp010/public_html/eventos/system/CodeIgniter.php(404): CodeIgniter\CodeIgniter->runController(Object(App\Controllers\Users))
#3 /home/crfsp010/public_html/eventos/system/CodeIgniter.php(312): CodeIgniter\CodeIgniter->handleRequest(NULL, Object(Config\Cache), false)
#4 /home/crfsp010/public_html/eventos/index.php(47): CodeIgniter\CodeIgniter->run()
#5 {main}
CRITICAL - 2021-11-18 14:45:54 --> Undefined offset: 0
#0 /home/crfsp010/public_html/eventos/app/Controllers/Users.php(369): CodeIgniter\Debug\Exceptions->errorHandler(8, 'Undefined offse...', '/home/crfsp010/...', 369, Array)
#1 /home/crfsp010/public_html/eventos/system/CodeIgniter.php(918): App\Controllers\Users->recuperacaoSenha()
#2 /home/crfsp010/public_html/eventos/system/CodeIgniter.php(404): CodeIgniter\CodeIgniter->runController(Object(App\Controllers\Users))
#3 /home/crfsp010/public_html/eventos/system/CodeIgniter.php(312): CodeIgniter\CodeIgniter->handleRequest(NULL, Object(Config\Cache), false)
#4 /home/crfsp010/public_html/eventos/index.php(47): CodeIgniter\CodeIgniter->run()
#5 {main}
CRITICAL - 2021-11-18 18:36:12 --> Undefined offset: 0
#0 /home/crfsp010/public_html/eventos/app/Controllers/Users.php(369): CodeIgniter\Debug\Exceptions->errorHandler(8, 'Undefined offse...', '/home/crfsp010/...', 369, Array)
#1 /home/crfsp010/public_html/eventos/system/CodeIgniter.php(918): App\Controllers\Users->recuperacaoSenha()
#2 /home/crfsp010/public_html/eventos/system/CodeIgniter.php(404): CodeIgniter\CodeIgniter->runController(Object(App\Controllers\Users))
#3 /home/crfsp010/public_html/eventos/system/CodeIgniter.php(312): CodeIgniter\CodeIgniter->handleRequest(NULL, Object(Config\Cache), false)
#4 /home/crfsp010/public_html/eventos/index.php(47): CodeIgniter\CodeIgniter->run()
#5 {main}
