ERROR - 2021-07-13 06:48:04 --> mysqli_sql_exception: Unknown column 'verificarConclusao' in 'on clause' in C:\wamp\www\eventosonline\eventos\system\Database\MySQLi\Connection.php:331
Stack trace:
#0 C:\wamp\www\eventosonline\eventos\system\Database\MySQLi\Connection.php(331): mysqli->query('SELECT count(us...')
#1 C:\wamp\www\eventosonline\eventos\system\Database\BaseConnection.php(741): CodeIgniter\Database\MySQLi\Connection->execute('SELECT count(us...')
#2 C:\wamp\www\eventosonline\eventos\system\Database\BaseConnection.php(669): CodeIgniter\Database\BaseConnection->simpleQuery('SELECT count(us...')
#3 C:\wamp\www\eventosonline\eventos\system\Database\BaseBuilder.php(1860): CodeIgniter\Database\BaseConnection->query('SELECT count(us...', Array, false)
#4 C:\wamp\www\eventosonline\eventos\system\Model.php(506): CodeIgniter\Database\BaseBuilder->get()
#5 C:\wamp\www\eventosonline\eventos\app\Models\AtividadeModel.php(89): CodeIgniter\Model->first()
#6 C:\wamp\www\eventosonline\eventos\app\Controllers\Atividades.php(291): App\Models\AtividadeModel->verificarConclusao('5114', 'verificarConclu...')
#7 C:\wamp\www\eventosonline\eventos\system\CodeIgniter.php(918): App\Controllers\Atividades->verificarConclusao('19')
#8 C:\wamp\www\eventosonline\eventos\system\CodeIgniter.php(404): CodeIgniter\CodeIgniter->runController(Object(App\Controllers\Atividades))
#9 C:\wamp\www\eventosonline\eventos\system\CodeIgniter.php(312): CodeIgniter\CodeIgniter->handleRequest(NULL, Object(Config\Cache), false)
#10 C:\wamp\www\eventosonline\eventos\index.php(47): CodeIgniter\CodeIgniter->run()
#11 {main}
CRITICAL - 2021-07-13 06:48:04 --> Unknown column 'verificarConclusao' in 'on clause'
#0 C:\wamp\www\eventosonline\eventos\system\Database\MySQLi\Connection.php(331): mysqli->query('SELECT count(us...')
#1 C:\wamp\www\eventosonline\eventos\system\Database\BaseConnection.php(741): CodeIgniter\Database\MySQLi\Connection->execute('SELECT count(us...')
#2 C:\wamp\www\eventosonline\eventos\system\Database\BaseConnection.php(669): CodeIgniter\Database\BaseConnection->simpleQuery('SELECT count(us...')
#3 C:\wamp\www\eventosonline\eventos\system\Database\BaseBuilder.php(1860): CodeIgniter\Database\BaseConnection->query('SELECT count(us...', Array, false)
#4 C:\wamp\www\eventosonline\eventos\system\Model.php(506): CodeIgniter\Database\BaseBuilder->get()
#5 C:\wamp\www\eventosonline\eventos\app\Models\AtividadeModel.php(89): CodeIgniter\Model->first()
#6 C:\wamp\www\eventosonline\eventos\app\Controllers\Atividades.php(291): App\Models\AtividadeModel->verificarConclusao('5114', 'verificarConclu...')
#7 C:\wamp\www\eventosonline\eventos\system\CodeIgniter.php(918): App\Controllers\Atividades->verificarConclusao('19')
#8 C:\wamp\www\eventosonline\eventos\system\CodeIgniter.php(404): CodeIgniter\CodeIgniter->runController(Object(App\Controllers\Atividades))
#9 C:\wamp\www\eventosonline\eventos\system\CodeIgniter.php(312): CodeIgniter\CodeIgniter->handleRequest(NULL, Object(Config\Cache), false)
#10 C:\wamp\www\eventosonline\eventos\index.php(47): CodeIgniter\CodeIgniter->run()
#11 {main}
ERROR - 2021-07-13 06:48:28 --> mysqli_sql_exception: Unknown column 'verificarConclusao' in 'on clause' in C:\wamp\www\eventosonline\eventos\system\Database\MySQLi\Connection.php:331
Stack trace:
#0 C:\wamp\www\eventosonline\eventos\system\Database\MySQLi\Connection.php(331): mysqli->query('SELECT count(us...')
#1 C:\wamp\www\eventosonline\eventos\system\Database\BaseConnection.php(741): CodeIgniter\Database\MySQLi\Connection->execute('SELECT count(us...')
#2 C:\wamp\www\eventosonline\eventos\system\Database\BaseConnection.php(669): CodeIgniter\Database\BaseConnection->simpleQuery('SELECT count(us...')
#3 C:\wamp\www\eventosonline\eventos\system\Database\BaseBuilder.php(1860): CodeIgniter\Database\BaseConnection->query('SELECT count(us...', Array, false)
#4 C:\wamp\www\eventosonline\eventos\system\Model.php(506): CodeIgniter\Database\BaseBuilder->get()
#5 C:\wamp\www\eventosonline\eventos\app\Models\AtividadeModel.php(89): CodeIgniter\Model->first()
#6 C:\wamp\www\eventosonline\eventos\app\Controllers\Atividades.php(291): App\Models\AtividadeModel->verificarConclusao('5114', 'verificarConclu...')
#7 C:\wamp\www\eventosonline\eventos\system\CodeIgniter.php(918): App\Controllers\Atividades->verificarConclusao('19')
#8 C:\wamp\www\eventosonline\eventos\system\CodeIgniter.php(404): CodeIgniter\CodeIgniter->runController(Object(App\Controllers\Atividades))
#9 C:\wamp\www\eventosonline\eventos\system\CodeIgniter.php(312): CodeIgniter\CodeIgniter->handleRequest(NULL, Object(Config\Cache), false)
#10 C:\wamp\www\eventosonline\eventos\index.php(47): CodeIgniter\CodeIgniter->run()
#11 {main}
CRITICAL - 2021-07-13 06:48:28 --> Unknown column 'verificarConclusao' in 'on clause'
#0 C:\wamp\www\eventosonline\eventos\system\Database\MySQLi\Connection.php(331): mysqli->query('SELECT count(us...')
#1 C:\wamp\www\eventosonline\eventos\system\Database\BaseConnection.php(741): CodeIgniter\Database\MySQLi\Connection->execute('SELECT count(us...')
#2 C:\wamp\www\eventosonline\eventos\system\Database\BaseConnection.php(669): CodeIgniter\Database\BaseConnection->simpleQuery('SELECT count(us...')
#3 C:\wamp\www\eventosonline\eventos\system\Database\BaseBuilder.php(1860): CodeIgniter\Database\BaseConnection->query('SELECT count(us...', Array, false)
#4 C:\wamp\www\eventosonline\eventos\system\Model.php(506): CodeIgniter\Database\BaseBuilder->get()
#5 C:\wamp\www\eventosonline\eventos\app\Models\AtividadeModel.php(89): CodeIgniter\Model->first()
#6 C:\wamp\www\eventosonline\eventos\app\Controllers\Atividades.php(291): App\Models\AtividadeModel->verificarConclusao('5114', 'verificarConclu...')
#7 C:\wamp\www\eventosonline\eventos\system\CodeIgniter.php(918): App\Controllers\Atividades->verificarConclusao('19')
#8 C:\wamp\www\eventosonline\eventos\system\CodeIgniter.php(404): CodeIgniter\CodeIgniter->runController(Object(App\Controllers\Atividades))
#9 C:\wamp\www\eventosonline\eventos\system\CodeIgniter.php(312): CodeIgniter\CodeIgniter->handleRequest(NULL, Object(Config\Cache), false)
#10 C:\wamp\www\eventosonline\eventos\index.php(47): CodeIgniter\CodeIgniter->run()
#11 {main}
ERROR - 2021-07-13 06:48:35 --> mysqli_sql_exception: Unknown column 'verificarConclusao' in 'on clause' in C:\wamp\www\eventosonline\eventos\system\Database\MySQLi\Connection.php:331
Stack trace:
#0 C:\wamp\www\eventosonline\eventos\system\Database\MySQLi\Connection.php(331): mysqli->query('SELECT count(us...')
#1 C:\wamp\www\eventosonline\eventos\system\Database\BaseConnection.php(741): CodeIgniter\Database\MySQLi\Connection->execute('SELECT count(us...')
#2 C:\wamp\www\eventosonline\eventos\system\Database\BaseConnection.php(669): CodeIgniter\Database\BaseConnection->simpleQuery('SELECT count(us...')
#3 C:\wamp\www\eventosonline\eventos\system\Database\BaseBuilder.php(1860): CodeIgniter\Database\BaseConnection->query('SELECT count(us...', Array, false)
#4 C:\wamp\www\eventosonline\eventos\system\Model.php(506): CodeIgniter\Database\BaseBuilder->get()
#5 C:\wamp\www\eventosonline\eventos\app\Models\AtividadeModel.php(89): CodeIgniter\Model->first()
#6 C:\wamp\www\eventosonline\eventos\app\Controllers\Atividades.php(291): App\Models\AtividadeModel->verificarConclusao('5114', 'verificarConclu...')
#7 C:\wamp\www\eventosonline\eventos\system\CodeIgniter.php(918): App\Controllers\Atividades->verificarConclusao('18')
#8 C:\wamp\www\eventosonline\eventos\system\CodeIgniter.php(404): CodeIgniter\CodeIgniter->runController(Object(App\Controllers\Atividades))
#9 C:\wamp\www\eventosonline\eventos\system\CodeIgniter.php(312): CodeIgniter\CodeIgniter->handleRequest(NULL, Object(Config\Cache), false)
#10 C:\wamp\www\eventosonline\eventos\index.php(47): CodeIgniter\CodeIgniter->run()
#11 {main}
CRITICAL - 2021-07-13 06:48:35 --> Unknown column 'verificarConclusao' in 'on clause'
#0 C:\wamp\www\eventosonline\eventos\system\Database\MySQLi\Connection.php(331): mysqli->query('SELECT count(us...')
#1 C:\wamp\www\eventosonline\eventos\system\Database\BaseConnection.php(741): CodeIgniter\Database\MySQLi\Connection->execute('SELECT count(us...')
#2 C:\wamp\www\eventosonline\eventos\system\Database\BaseConnection.php(669): CodeIgniter\Database\BaseConnection->simpleQuery('SELECT count(us...')
#3 C:\wamp\www\eventosonline\eventos\system\Database\BaseBuilder.php(1860): CodeIgniter\Database\BaseConnection->query('SELECT count(us...', Array, false)
#4 C:\wamp\www\eventosonline\eventos\system\Model.php(506): CodeIgniter\Database\BaseBuilder->get()
#5 C:\wamp\www\eventosonline\eventos\app\Models\AtividadeModel.php(89): CodeIgniter\Model->first()
#6 C:\wamp\www\eventosonline\eventos\app\Controllers\Atividades.php(291): App\Models\AtividadeModel->verificarConclusao('5114', 'verificarConclu...')
#7 C:\wamp\www\eventosonline\eventos\system\CodeIgniter.php(918): App\Controllers\Atividades->verificarConclusao('18')
#8 C:\wamp\www\eventosonline\eventos\system\CodeIgniter.php(404): CodeIgniter\CodeIgniter->runController(Object(App\Controllers\Atividades))
#9 C:\wamp\www\eventosonline\eventos\system\CodeIgniter.php(312): CodeIgniter\CodeIgniter->handleRequest(NULL, Object(Config\Cache), false)
#10 C:\wamp\www\eventosonline\eventos\index.php(47): CodeIgniter\CodeIgniter->run()
#11 {main}
CRITICAL - 2021-07-13 06:52:02 --> Undefined index: tipo
#0 C:\wamp\www\eventosonline\eventos\app\Views\editativ.php(134): CodeIgniter\Debug\Exceptions->errorHandler(8, 'Undefined index...', 'C:\\wamp\\www\\eve...', 134, Array)
#1 C:\wamp\www\eventosonline\eventos\system\View\View.php(246): include('C:\\wamp\\www\\eve...')
#2 C:\wamp\www\eventosonline\eventos\system\Common.php(1119): CodeIgniter\View\View->render('editativ', Array, true)
#3 C:\wamp\www\eventosonline\eventos\app\Controllers\Atividades.php(178): view('editativ', Array)
#4 C:\wamp\www\eventosonline\eventos\system\CodeIgniter.php(918): App\Controllers\Atividades->editativ()
#5 C:\wamp\www\eventosonline\eventos\system\CodeIgniter.php(404): CodeIgniter\CodeIgniter->runController(Object(App\Controllers\Atividades))
#6 C:\wamp\www\eventosonline\eventos\system\CodeIgniter.php(312): CodeIgniter\CodeIgniter->handleRequest(NULL, Object(Config\Cache), false)
#7 C:\wamp\www\eventosonline\eventos\index.php(47): CodeIgniter\CodeIgniter->run()
#8 {main}
CRITICAL - 2021-07-13 06:52:16 --> Array to string conversion
#0 C:\wamp\www\eventosonline\eventos\app\Views\editativ.php(134): CodeIgniter\Debug\Exceptions->errorHandler(8, 'Array to string...', 'C:\\wamp\\www\\eve...', 134, Array)
#1 C:\wamp\www\eventosonline\eventos\system\View\View.php(246): include('C:\\wamp\\www\\eve...')
#2 C:\wamp\www\eventosonline\eventos\system\Common.php(1119): CodeIgniter\View\View->render('editativ', Array, true)
#3 C:\wamp\www\eventosonline\eventos\app\Controllers\Atividades.php(178): view('editativ', Array)
#4 C:\wamp\www\eventosonline\eventos\system\CodeIgniter.php(918): App\Controllers\Atividades->editativ()
#5 C:\wamp\www\eventosonline\eventos\system\CodeIgniter.php(404): CodeIgniter\CodeIgniter->runController(Object(App\Controllers\Atividades))
#6 C:\wamp\www\eventosonline\eventos\system\CodeIgniter.php(312): CodeIgniter\CodeIgniter->handleRequest(NULL, Object(Config\Cache), false)
#7 C:\wamp\www\eventosonline\eventos\index.php(47): CodeIgniter\CodeIgniter->run()
#8 {main}
CRITICAL - 2021-07-13 06:52:54 --> Undefined index: tipo
#0 C:\wamp\www\eventosonline\eventos\app\Views\editativ.php(134): CodeIgniter\Debug\Exceptions->errorHandler(8, 'Undefined index...', 'C:\\wamp\\www\\eve...', 134, Array)
#1 C:\wamp\www\eventosonline\eventos\system\View\View.php(246): include('C:\\wamp\\www\\eve...')
#2 C:\wamp\www\eventosonline\eventos\system\Common.php(1119): CodeIgniter\View\View->render('editativ', Array, true)
#3 C:\wamp\www\eventosonline\eventos\app\Controllers\Atividades.php(178): view('editativ', Array)
#4 C:\wamp\www\eventosonline\eventos\system\CodeIgniter.php(918): App\Controllers\Atividades->editativ()
#5 C:\wamp\www\eventosonline\eventos\system\CodeIgniter.php(404): CodeIgniter\CodeIgniter->runController(Object(App\Controllers\Atividades))
#6 C:\wamp\www\eventosonline\eventos\system\CodeIgniter.php(312): CodeIgniter\CodeIgniter->handleRequest(NULL, Object(Config\Cache), false)
#7 C:\wamp\www\eventosonline\eventos\index.php(47): CodeIgniter\CodeIgniter->run()
#8 {main}
CRITICAL - 2021-07-13 06:52:55 --> Undefined index: tipo
#0 C:\wamp\www\eventosonline\eventos\app\Views\editativ.php(134): CodeIgniter\Debug\Exceptions->errorHandler(8, 'Undefined index...', 'C:\\wamp\\www\\eve...', 134, Array)
#1 C:\wamp\www\eventosonline\eventos\system\View\View.php(246): include('C:\\wamp\\www\\eve...')
#2 C:\wamp\www\eventosonline\eventos\system\Common.php(1119): CodeIgniter\View\View->render('editativ', Array, true)
#3 C:\wamp\www\eventosonline\eventos\app\Controllers\Atividades.php(178): view('editativ', Array)
#4 C:\wamp\www\eventosonline\eventos\system\CodeIgniter.php(918): App\Controllers\Atividades->editativ()
#5 C:\wamp\www\eventosonline\eventos\system\CodeIgniter.php(404): CodeIgniter\CodeIgniter->runController(Object(App\Controllers\Atividades))
#6 C:\wamp\www\eventosonline\eventos\system\CodeIgniter.php(312): CodeIgniter\CodeIgniter->handleRequest(NULL, Object(Config\Cache), false)
#7 C:\wamp\www\eventosonline\eventos\index.php(47): CodeIgniter\CodeIgniter->run()
#8 {main}
CRITICAL - 2021-07-13 07:08:27 --> Undefined index: tipo
#0 C:\wamp\www\eventosonline\eventos\app\Views\editativ.php(136): CodeIgniter\Debug\Exceptions->errorHandler(8, 'Undefined index...', 'C:\\wamp\\www\\eve...', 136, Array)
#1 C:\wamp\www\eventosonline\eventos\system\View\View.php(246): include('C:\\wamp\\www\\eve...')
#2 C:\wamp\www\eventosonline\eventos\system\Common.php(1119): CodeIgniter\View\View->render('editativ', Array, true)
#3 C:\wamp\www\eventosonline\eventos\app\Controllers\Atividades.php(178): view('editativ', Array)
#4 C:\wamp\www\eventosonline\eventos\system\CodeIgniter.php(918): App\Controllers\Atividades->editativ()
#5 C:\wamp\www\eventosonline\eventos\system\CodeIgniter.php(404): CodeIgniter\CodeIgniter->runController(Object(App\Controllers\Atividades))
#6 C:\wamp\www\eventosonline\eventos\system\CodeIgniter.php(312): CodeIgniter\CodeIgniter->handleRequest(NULL, Object(Config\Cache), false)
#7 C:\wamp\www\eventosonline\eventos\index.php(47): CodeIgniter\CodeIgniter->run()
#8 {main}
CRITICAL - 2021-07-13 07:09:02 --> Undefined index: tipo
#0 C:\wamp\www\eventosonline\eventos\app\Views\editativ.php(136): CodeIgniter\Debug\Exceptions->errorHandler(8, 'Undefined index...', 'C:\\wamp\\www\\eve...', 136, Array)
#1 C:\wamp\www\eventosonline\eventos\system\View\View.php(246): include('C:\\wamp\\www\\eve...')
#2 C:\wamp\www\eventosonline\eventos\system\Common.php(1119): CodeIgniter\View\View->render('editativ', Array, true)
#3 C:\wamp\www\eventosonline\eventos\app\Controllers\Atividades.php(178): view('editativ', Array)
#4 C:\wamp\www\eventosonline\eventos\system\CodeIgniter.php(918): App\Controllers\Atividades->editativ()
#5 C:\wamp\www\eventosonline\eventos\system\CodeIgniter.php(404): CodeIgniter\CodeIgniter->runController(Object(App\Controllers\Atividades))
#6 C:\wamp\www\eventosonline\eventos\system\CodeIgniter.php(312): CodeIgniter\CodeIgniter->handleRequest(NULL, Object(Config\Cache), false)
#7 C:\wamp\www\eventosonline\eventos\index.php(47): CodeIgniter\CodeIgniter->run()
#8 {main}
CRITICAL - 2021-07-13 07:10:05 --> Undefined index: tipo
#0 C:\wamp\www\eventosonline\eventos\app\Views\editativ.php(136): CodeIgniter\Debug\Exceptions->errorHandler(8, 'Undefined index...', 'C:\\wamp\\www\\eve...', 136, Array)
#1 C:\wamp\www\eventosonline\eventos\system\View\View.php(246): include('C:\\wamp\\www\\eve...')
#2 C:\wamp\www\eventosonline\eventos\system\Common.php(1119): CodeIgniter\View\View->render('editativ', Array, true)
#3 C:\wamp\www\eventosonline\eventos\app\Controllers\Atividades.php(179): view('editativ', Array)
#4 C:\wamp\www\eventosonline\eventos\system\CodeIgniter.php(918): App\Controllers\Atividades->editativ()
#5 C:\wamp\www\eventosonline\eventos\system\CodeIgniter.php(404): CodeIgniter\CodeIgniter->runController(Object(App\Controllers\Atividades))
#6 C:\wamp\www\eventosonline\eventos\system\CodeIgniter.php(312): CodeIgniter\CodeIgniter->handleRequest(NULL, Object(Config\Cache), false)
#7 C:\wamp\www\eventosonline\eventos\index.php(47): CodeIgniter\CodeIgniter->run()
#8 {main}
CRITICAL - 2021-07-13 07:10:53 --> Undefined index: tipo
#0 C:\wamp\www\eventosonline\eventos\app\Views\editativ.php(136): CodeIgniter\Debug\Exceptions->errorHandler(8, 'Undefined index...', 'C:\\wamp\\www\\eve...', 136, Array)
#1 C:\wamp\www\eventosonline\eventos\system\View\View.php(246): include('C:\\wamp\\www\\eve...')
#2 C:\wamp\www\eventosonline\eventos\system\Common.php(1119): CodeIgniter\View\View->render('editativ', Array, true)
#3 C:\wamp\www\eventosonline\eventos\app\Controllers\Atividades.php(179): view('editativ', Array)
#4 C:\wamp\www\eventosonline\eventos\system\CodeIgniter.php(918): App\Controllers\Atividades->editativ()
#5 C:\wamp\www\eventosonline\eventos\system\CodeIgniter.php(404): CodeIgniter\CodeIgniter->runController(Object(App\Controllers\Atividades))
#6 C:\wamp\www\eventosonline\eventos\system\CodeIgniter.php(312): CodeIgniter\CodeIgniter->handleRequest(NULL, Object(Config\Cache), false)
#7 C:\wamp\www\eventosonline\eventos\index.php(47): CodeIgniter\CodeIgniter->run()
#8 {main}
CRITICAL - 2021-07-13 07:10:54 --> Undefined index: tipo
#0 C:\wamp\www\eventosonline\eventos\app\Views\editativ.php(136): CodeIgniter\Debug\Exceptions->errorHandler(8, 'Undefined index...', 'C:\\wamp\\www\\eve...', 136, Array)
#1 C:\wamp\www\eventosonline\eventos\system\View\View.php(246): include('C:\\wamp\\www\\eve...')
#2 C:\wamp\www\eventosonline\eventos\system\Common.php(1119): CodeIgniter\View\View->render('editativ', Array, true)
#3 C:\wamp\www\eventosonline\eventos\app\Controllers\Atividades.php(179): view('editativ', Array)
#4 C:\wamp\www\eventosonline\eventos\system\CodeIgniter.php(918): App\Controllers\Atividades->editativ()
#5 C:\wamp\www\eventosonline\eventos\system\CodeIgniter.php(404): CodeIgniter\CodeIgniter->runController(Object(App\Controllers\Atividades))
#6 C:\wamp\www\eventosonline\eventos\system\CodeIgniter.php(312): CodeIgniter\CodeIgniter->handleRequest(NULL, Object(Config\Cache), false)
#7 C:\wamp\www\eventosonline\eventos\index.php(47): CodeIgniter\CodeIgniter->run()
#8 {main}
CRITICAL - 2021-07-13 07:10:54 --> Undefined index: tipo
#0 C:\wamp\www\eventosonline\eventos\app\Views\editativ.php(136): CodeIgniter\Debug\Exceptions->errorHandler(8, 'Undefined index...', 'C:\\wamp\\www\\eve...', 136, Array)
#1 C:\wamp\www\eventosonline\eventos\system\View\View.php(246): include('C:\\wamp\\www\\eve...')
#2 C:\wamp\www\eventosonline\eventos\system\Common.php(1119): CodeIgniter\View\View->render('editativ', Array, true)
#3 C:\wamp\www\eventosonline\eventos\app\Controllers\Atividades.php(179): view('editativ', Array)
#4 C:\wamp\www\eventosonline\eventos\system\CodeIgniter.php(918): App\Controllers\Atividades->editativ()
#5 C:\wamp\www\eventosonline\eventos\system\CodeIgniter.php(404): CodeIgniter\CodeIgniter->runController(Object(App\Controllers\Atividades))
#6 C:\wamp\www\eventosonline\eventos\system\CodeIgniter.php(312): CodeIgniter\CodeIgniter->handleRequest(NULL, Object(Config\Cache), false)
#7 C:\wamp\www\eventosonline\eventos\index.php(47): CodeIgniter\CodeIgniter->run()
#8 {main}
CRITICAL - 2021-07-13 07:16:39 --> Undefined index: tipo
#0 C:\wamp\www\eventosonline\eventos\app\Views\editativ.php(135): CodeIgniter\Debug\Exceptions->errorHandler(8, 'Undefined index...', 'C:\\wamp\\www\\eve...', 135, Array)
#1 C:\wamp\www\eventosonline\eventos\system\View\View.php(246): include('C:\\wamp\\www\\eve...')
#2 C:\wamp\www\eventosonline\eventos\system\Common.php(1119): CodeIgniter\View\View->render('editativ', Array, true)
#3 C:\wamp\www\eventosonline\eventos\app\Controllers\Atividades.php(179): view('editativ', Array)
#4 C:\wamp\www\eventosonline\eventos\system\CodeIgniter.php(918): App\Controllers\Atividades->editativ()
#5 C:\wamp\www\eventosonline\eventos\system\CodeIgniter.php(404): CodeIgniter\CodeIgniter->runController(Object(App\Controllers\Atividades))
#6 C:\wamp\www\eventosonline\eventos\system\CodeIgniter.php(312): CodeIgniter\CodeIgniter->handleRequest(NULL, Object(Config\Cache), false)
#7 C:\wamp\www\eventosonline\eventos\index.php(47): CodeIgniter\CodeIgniter->run()
#8 {main}
CRITICAL - 2021-07-13 07:17:36 --> Undefined index: certificado
#0 C:\wamp\www\eventosonline\eventos\app\Views\editativ.php(135): CodeIgniter\Debug\Exceptions->errorHandler(8, 'Undefined index...', 'C:\\wamp\\www\\eve...', 135, Array)
#1 C:\wamp\www\eventosonline\eventos\system\View\View.php(246): include('C:\\wamp\\www\\eve...')
#2 C:\wamp\www\eventosonline\eventos\system\Common.php(1119): CodeIgniter\View\View->render('editativ', Array, true)
#3 C:\wamp\www\eventosonline\eventos\app\Controllers\Atividades.php(179): view('editativ', Array)
#4 C:\wamp\www\eventosonline\eventos\system\CodeIgniter.php(918): App\Controllers\Atividades->editativ()
#5 C:\wamp\www\eventosonline\eventos\system\CodeIgniter.php(404): CodeIgniter\CodeIgniter->runController(Object(App\Controllers\Atividades))
#6 C:\wamp\www\eventosonline\eventos\system\CodeIgniter.php(312): CodeIgniter\CodeIgniter->handleRequest(NULL, Object(Config\Cache), false)
#7 C:\wamp\www\eventosonline\eventos\index.php(47): CodeIgniter\CodeIgniter->run()
#8 {main}
CRITICAL - 2021-07-13 07:17:49 --> Undefined variable: certificado
#0 C:\wamp\www\eventosonline\eventos\app\Views\editativ.php(135): CodeIgniter\Debug\Exceptions->errorHandler(8, 'Undefined varia...', 'C:\\wamp\\www\\eve...', 135, Array)
#1 C:\wamp\www\eventosonline\eventos\system\View\View.php(246): include('C:\\wamp\\www\\eve...')
#2 C:\wamp\www\eventosonline\eventos\system\Common.php(1119): CodeIgniter\View\View->render('editativ', Array, true)
#3 C:\wamp\www\eventosonline\eventos\app\Controllers\Atividades.php(179): view('editativ', Array)
#4 C:\wamp\www\eventosonline\eventos\system\CodeIgniter.php(918): App\Controllers\Atividades->editativ()
#5 C:\wamp\www\eventosonline\eventos\system\CodeIgniter.php(404): CodeIgniter\CodeIgniter->runController(Object(App\Controllers\Atividades))
#6 C:\wamp\www\eventosonline\eventos\system\CodeIgniter.php(312): CodeIgniter\CodeIgniter->handleRequest(NULL, Object(Config\Cache), false)
#7 C:\wamp\www\eventosonline\eventos\index.php(47): CodeIgniter\CodeIgniter->run()
#8 {main}
CRITICAL - 2021-07-13 07:24:42 --> Undefined index: tipo
#0 C:\wamp\www\eventosonline\eventos\app\Views\editativ.php(133): CodeIgniter\Debug\Exceptions->errorHandler(8, 'Undefined index...', 'C:\\wamp\\www\\eve...', 133, Array)
#1 C:\wamp\www\eventosonline\eventos\system\View\View.php(246): include('C:\\wamp\\www\\eve...')
#2 C:\wamp\www\eventosonline\eventos\system\Common.php(1119): CodeIgniter\View\View->render('editativ', Array, true)
#3 C:\wamp\www\eventosonline\eventos\app\Controllers\Atividades.php(179): view('editativ', Array)
#4 C:\wamp\www\eventosonline\eventos\system\CodeIgniter.php(918): App\Controllers\Atividades->editativ()
#5 C:\wamp\www\eventosonline\eventos\system\CodeIgniter.php(404): CodeIgniter\CodeIgniter->runController(Object(App\Controllers\Atividades))
#6 C:\wamp\www\eventosonline\eventos\system\CodeIgniter.php(312): CodeIgniter\CodeIgniter->handleRequest(NULL, Object(Config\Cache), false)
#7 C:\wamp\www\eventosonline\eventos\index.php(47): CodeIgniter\CodeIgniter->run()
#8 {main}
CRITICAL - 2021-07-13 07:25:23 --> Illegal string offset 'tipo'
#0 C:\wamp\www\eventosonline\eventos\app\Views\editativ.php(134): CodeIgniter\Debug\Exceptions->errorHandler(2, 'Illegal string ...', 'C:\\wamp\\www\\eve...', 134, Array)
#1 C:\wamp\www\eventosonline\eventos\system\View\View.php(246): include('C:\\wamp\\www\\eve...')
#2 C:\wamp\www\eventosonline\eventos\system\Common.php(1119): CodeIgniter\View\View->render('editativ', Array, true)
#3 C:\wamp\www\eventosonline\eventos\app\Controllers\Atividades.php(179): view('editativ', Array)
#4 C:\wamp\www\eventosonline\eventos\system\CodeIgniter.php(918): App\Controllers\Atividades->editativ()
#5 C:\wamp\www\eventosonline\eventos\system\CodeIgniter.php(404): CodeIgniter\CodeIgniter->runController(Object(App\Controllers\Atividades))
#6 C:\wamp\www\eventosonline\eventos\system\CodeIgniter.php(312): CodeIgniter\CodeIgniter->handleRequest(NULL, Object(Config\Cache), false)
#7 C:\wamp\www\eventosonline\eventos\index.php(47): CodeIgniter\CodeIgniter->run()
#8 {main}
CRITICAL - 2021-07-13 08:13:12 --> Undefined index: tipo
#0 C:\wamp\www\eventosonline\eventos\app\Views\editativ.php(134): CodeIgniter\Debug\Exceptions->errorHandler(8, 'Undefined index...', 'C:\\wamp\\www\\eve...', 134, Array)
#1 C:\wamp\www\eventosonline\eventos\system\View\View.php(246): include('C:\\wamp\\www\\eve...')
#2 C:\wamp\www\eventosonline\eventos\system\Common.php(1119): CodeIgniter\View\View->render('editativ', Array, true)
#3 C:\wamp\www\eventosonline\eventos\app\Controllers\Atividades.php(178): view('editativ', Array)
#4 C:\wamp\www\eventosonline\eventos\system\CodeIgniter.php(918): App\Controllers\Atividades->editativ()
#5 C:\wamp\www\eventosonline\eventos\system\CodeIgniter.php(404): CodeIgniter\CodeIgniter->runController(Object(App\Controllers\Atividades))
#6 C:\wamp\www\eventosonline\eventos\system\CodeIgniter.php(312): CodeIgniter\CodeIgniter->handleRequest(NULL, Object(Config\Cache), false)
#7 C:\wamp\www\eventosonline\eventos\index.php(47): CodeIgniter\CodeIgniter->run()
#8 {main}
CRITICAL - 2021-07-13 08:16:36 --> Undefined variable: dataAtiv
#0 C:\wamp\www\eventosonline\eventos\app\Views\editativ.php(133): CodeIgniter\Debug\Exceptions->errorHandler(8, 'Undefined varia...', 'C:\\wamp\\www\\eve...', 133, Array)
#1 C:\wamp\www\eventosonline\eventos\system\View\View.php(246): include('C:\\wamp\\www\\eve...')
#2 C:\wamp\www\eventosonline\eventos\system\Common.php(1119): CodeIgniter\View\View->render('editativ', Array, true)
#3 C:\wamp\www\eventosonline\eventos\app\Controllers\Atividades.php(183): view('editativ', Array, Array)
#4 C:\wamp\www\eventosonline\eventos\system\CodeIgniter.php(918): App\Controllers\Atividades->editativ()
#5 C:\wamp\www\eventosonline\eventos\system\CodeIgniter.php(404): CodeIgniter\CodeIgniter->runController(Object(App\Controllers\Atividades))
#6 C:\wamp\www\eventosonline\eventos\system\CodeIgniter.php(312): CodeIgniter\CodeIgniter->handleRequest(NULL, Object(Config\Cache), false)
#7 C:\wamp\www\eventosonline\eventos\index.php(47): CodeIgniter\CodeIgniter->run()
#8 {main}
ERROR - 2021-07-13 08:57:43 --> mysqli_sql_exception: Unknown column 'verificarConclusao' in 'on clause' in C:\wamp\www\eventosonline\eventos\system\Database\MySQLi\Connection.php:331
Stack trace:
#0 C:\wamp\www\eventosonline\eventos\system\Database\MySQLi\Connection.php(331): mysqli->query('SELECT count(us...')
#1 C:\wamp\www\eventosonline\eventos\system\Database\BaseConnection.php(741): CodeIgniter\Database\MySQLi\Connection->execute('SELECT count(us...')
#2 C:\wamp\www\eventosonline\eventos\system\Database\BaseConnection.php(669): CodeIgniter\Database\BaseConnection->simpleQuery('SELECT count(us...')
#3 C:\wamp\www\eventosonline\eventos\system\Database\BaseBuilder.php(1860): CodeIgniter\Database\BaseConnection->query('SELECT count(us...', Array, false)
#4 C:\wamp\www\eventosonline\eventos\system\Model.php(506): CodeIgniter\Database\BaseBuilder->get()
#5 C:\wamp\www\eventosonline\eventos\app\Models\AtividadeModel.php(89): CodeIgniter\Model->first()
#6 C:\wamp\www\eventosonline\eventos\app\Controllers\Atividades.php(296): App\Models\AtividadeModel->verificarConclusao('5114', 'verificarConclu...')
#7 C:\wamp\www\eventosonline\eventos\system\CodeIgniter.php(918): App\Controllers\Atividades->verificarConclusao('18')
#8 C:\wamp\www\eventosonline\eventos\system\CodeIgniter.php(404): CodeIgniter\CodeIgniter->runController(Object(App\Controllers\Atividades))
#9 C:\wamp\www\eventosonline\eventos\system\CodeIgniter.php(312): CodeIgniter\CodeIgniter->handleRequest(NULL, Object(Config\Cache), false)
#10 C:\wamp\www\eventosonline\eventos\index.php(47): CodeIgniter\CodeIgniter->run()
#11 {main}
CRITICAL - 2021-07-13 08:57:43 --> Unknown column 'verificarConclusao' in 'on clause'
#0 C:\wamp\www\eventosonline\eventos\system\Database\MySQLi\Connection.php(331): mysqli->query('SELECT count(us...')
#1 C:\wamp\www\eventosonline\eventos\system\Database\BaseConnection.php(741): CodeIgniter\Database\MySQLi\Connection->execute('SELECT count(us...')
#2 C:\wamp\www\eventosonline\eventos\system\Database\BaseConnection.php(669): CodeIgniter\Database\BaseConnection->simpleQuery('SELECT count(us...')
#3 C:\wamp\www\eventosonline\eventos\system\Database\BaseBuilder.php(1860): CodeIgniter\Database\BaseConnection->query('SELECT count(us...', Array, false)
#4 C:\wamp\www\eventosonline\eventos\system\Model.php(506): CodeIgniter\Database\BaseBuilder->get()
#5 C:\wamp\www\eventosonline\eventos\app\Models\AtividadeModel.php(89): CodeIgniter\Model->first()
#6 C:\wamp\www\eventosonline\eventos\app\Controllers\Atividades.php(296): App\Models\AtividadeModel->verificarConclusao('5114', 'verificarConclu...')
#7 C:\wamp\www\eventosonline\eventos\system\CodeIgniter.php(918): App\Controllers\Atividades->verificarConclusao('18')
#8 C:\wamp\www\eventosonline\eventos\system\CodeIgniter.php(404): CodeIgniter\CodeIgniter->runController(Object(App\Controllers\Atividades))
#9 C:\wamp\www\eventosonline\eventos\system\CodeIgniter.php(312): CodeIgniter\CodeIgniter->handleRequest(NULL, Object(Config\Cache), false)
#10 C:\wamp\www\eventosonline\eventos\index.php(47): CodeIgniter\CodeIgniter->run()
#11 {main}
CRITICAL - 2021-07-13 08:57:45 --> count(): Parameter must be an array or an object that implements Countable
#0 C:\wamp\www\eventosonline\eventos\app\Views\certificadoVizualizacao.php(97): CodeIgniter\Debug\Exceptions->errorHandler(2, 'count(): Parame...', 'C:\\wamp\\www\\eve...', 97, Array)
#1 C:\wamp\www\eventosonline\eventos\system\View\View.php(246): include('C:\\wamp\\www\\eve...')
#2 C:\wamp\www\eventosonline\eventos\system\Common.php(1119): CodeIgniter\View\View->render('certificadoVizu...', Array, true)
#3 C:\wamp\www\eventosonline\eventos\app\Controllers\PdfController.php(36): view('certificadoVizu...', Array)
#4 C:\wamp\www\eventosonline\eventos\system\CodeIgniter.php(918): App\Controllers\PdfController->index()
#5 C:\wamp\www\eventosonline\eventos\system\CodeIgniter.php(404): CodeIgniter\CodeIgniter->runController(Object(App\Controllers\PdfController))
#6 C:\wamp\www\eventosonline\eventos\system\CodeIgniter.php(312): CodeIgniter\CodeIgniter->handleRequest(NULL, Object(Config\Cache), false)
#7 C:\wamp\www\eventosonline\eventos\index.php(47): CodeIgniter\CodeIgniter->run()
#8 {main}
CRITICAL - 2021-07-13 08:58:35 --> count(): Parameter must be an array or an object that implements Countable
#0 C:\wamp\www\eventosonline\eventos\app\Views\certificadoVizualizacao.php(97): CodeIgniter\Debug\Exceptions->errorHandler(2, 'count(): Parame...', 'C:\\wamp\\www\\eve...', 97, Array)
#1 C:\wamp\www\eventosonline\eventos\system\View\View.php(246): include('C:\\wamp\\www\\eve...')
#2 C:\wamp\www\eventosonline\eventos\system\Common.php(1119): CodeIgniter\View\View->render('certificadoVizu...', Array, true)
#3 C:\wamp\www\eventosonline\eventos\app\Controllers\PdfController.php(36): view('certificadoVizu...', Array)
#4 C:\wamp\www\eventosonline\eventos\system\CodeIgniter.php(918): App\Controllers\PdfController->index()
#5 C:\wamp\www\eventosonline\eventos\system\CodeIgniter.php(404): CodeIgniter\CodeIgniter->runController(Object(App\Controllers\PdfController))
#6 C:\wamp\www\eventosonline\eventos\system\CodeIgniter.php(312): CodeIgniter\CodeIgniter->handleRequest(NULL, Object(Config\Cache), false)
#7 C:\wamp\www\eventosonline\eventos\index.php(47): CodeIgniter\CodeIgniter->run()
#8 {main}
CRITICAL - 2021-07-13 08:59:15 --> count(): Parameter must be an array or an object that implements Countable
#0 C:\wamp\www\eventosonline\eventos\app\Views\certificadoVizualizacao.php(97): CodeIgniter\Debug\Exceptions->errorHandler(2, 'count(): Parame...', 'C:\\wamp\\www\\eve...', 97, Array)
#1 C:\wamp\www\eventosonline\eventos\system\View\View.php(246): include('C:\\wamp\\www\\eve...')
#2 C:\wamp\www\eventosonline\eventos\system\Common.php(1119): CodeIgniter\View\View->render('certificadoVizu...', Array, true)
#3 C:\wamp\www\eventosonline\eventos\app\Controllers\PdfController.php(36): view('certificadoVizu...', Array)
#4 C:\wamp\www\eventosonline\eventos\system\CodeIgniter.php(918): App\Controllers\PdfController->index()
#5 C:\wamp\www\eventosonline\eventos\system\CodeIgniter.php(404): CodeIgniter\CodeIgniter->runController(Object(App\Controllers\PdfController))
#6 C:\wamp\www\eventosonline\eventos\system\CodeIgniter.php(312): CodeIgniter\CodeIgniter->handleRequest(NULL, Object(Config\Cache), false)
#7 C:\wamp\www\eventosonline\eventos\index.php(47): CodeIgniter\CodeIgniter->run()
#8 {main}
ERROR - 2021-07-13 09:01:04 --> mysqli_sql_exception: Unknown column 'verificarConclusao' in 'on clause' in C:\wamp\www\eventosonline\eventos\system\Database\MySQLi\Connection.php:331
Stack trace:
#0 C:\wamp\www\eventosonline\eventos\system\Database\MySQLi\Connection.php(331): mysqli->query('SELECT count(us...')
#1 C:\wamp\www\eventosonline\eventos\system\Database\BaseConnection.php(741): CodeIgniter\Database\MySQLi\Connection->execute('SELECT count(us...')
#2 C:\wamp\www\eventosonline\eventos\system\Database\BaseConnection.php(669): CodeIgniter\Database\BaseConnection->simpleQuery('SELECT count(us...')
#3 C:\wamp\www\eventosonline\eventos\system\Database\BaseBuilder.php(1860): CodeIgniter\Database\BaseConnection->query('SELECT count(us...', Array, false)
#4 C:\wamp\www\eventosonline\eventos\system\Model.php(506): CodeIgniter\Database\BaseBuilder->get()
#5 C:\wamp\www\eventosonline\eventos\app\Models\AtividadeModel.php(89): CodeIgniter\Model->first()
#6 C:\wamp\www\eventosonline\eventos\app\Controllers\Atividades.php(296): App\Models\AtividadeModel->verificarConclusao('5114', 'verificarConclu...')
#7 C:\wamp\www\eventosonline\eventos\system\CodeIgniter.php(918): App\Controllers\Atividades->verificarConclusao('18')
#8 C:\wamp\www\eventosonline\eventos\system\CodeIgniter.php(404): CodeIgniter\CodeIgniter->runController(Object(App\Controllers\Atividades))
#9 C:\wamp\www\eventosonline\eventos\system\CodeIgniter.php(312): CodeIgniter\CodeIgniter->handleRequest(NULL, Object(Config\Cache), false)
#10 C:\wamp\www\eventosonline\eventos\index.php(47): CodeIgniter\CodeIgniter->run()
#11 {main}
CRITICAL - 2021-07-13 09:01:04 --> Unknown column 'verificarConclusao' in 'on clause'
#0 C:\wamp\www\eventosonline\eventos\system\Database\MySQLi\Connection.php(331): mysqli->query('SELECT count(us...')
#1 C:\wamp\www\eventosonline\eventos\system\Database\BaseConnection.php(741): CodeIgniter\Database\MySQLi\Connection->execute('SELECT count(us...')
#2 C:\wamp\www\eventosonline\eventos\system\Database\BaseConnection.php(669): CodeIgniter\Database\BaseConnection->simpleQuery('SELECT count(us...')
#3 C:\wamp\www\eventosonline\eventos\system\Database\BaseBuilder.php(1860): CodeIgniter\Database\BaseConnection->query('SELECT count(us...', Array, false)
#4 C:\wamp\www\eventosonline\eventos\system\Model.php(506): CodeIgniter\Database\BaseBuilder->get()
#5 C:\wamp\www\eventosonline\eventos\app\Models\AtividadeModel.php(89): CodeIgniter\Model->first()
#6 C:\wamp\www\eventosonline\eventos\app\Controllers\Atividades.php(296): App\Models\AtividadeModel->verificarConclusao('5114', 'verificarConclu...')
#7 C:\wamp\www\eventosonline\eventos\system\CodeIgniter.php(918): App\Controllers\Atividades->verificarConclusao('18')
#8 C:\wamp\www\eventosonline\eventos\system\CodeIgniter.php(404): CodeIgniter\CodeIgniter->runController(Object(App\Controllers\Atividades))
#9 C:\wamp\www\eventosonline\eventos\system\CodeIgniter.php(312): CodeIgniter\CodeIgniter->handleRequest(NULL, Object(Config\Cache), false)
#10 C:\wamp\www\eventosonline\eventos\index.php(47): CodeIgniter\CodeIgniter->run()
#11 {main}
CRITICAL - 2021-07-13 09:01:05 --> count(): Parameter must be an array or an object that implements Countable
#0 C:\wamp\www\eventosonline\eventos\app\Views\certificadoVizualizacao.php(97): CodeIgniter\Debug\Exceptions->errorHandler(2, 'count(): Parame...', 'C:\\wamp\\www\\eve...', 97, Array)
#1 C:\wamp\www\eventosonline\eventos\system\View\View.php(246): include('C:\\wamp\\www\\eve...')
#2 C:\wamp\www\eventosonline\eventos\system\Common.php(1119): CodeIgniter\View\View->render('certificadoVizu...', Array, true)
#3 C:\wamp\www\eventosonline\eventos\app\Controllers\PdfController.php(36): view('certificadoVizu...', Array)
#4 C:\wamp\www\eventosonline\eventos\system\CodeIgniter.php(918): App\Controllers\PdfController->index()
#5 C:\wamp\www\eventosonline\eventos\system\CodeIgniter.php(404): CodeIgniter\CodeIgniter->runController(Object(App\Controllers\PdfController))
#6 C:\wamp\www\eventosonline\eventos\system\CodeIgniter.php(312): CodeIgniter\CodeIgniter->handleRequest(NULL, Object(Config\Cache), false)
#7 C:\wamp\www\eventosonline\eventos\index.php(47): CodeIgniter\CodeIgniter->run()
#8 {main}
ERROR - 2021-07-13 09:04:51 --> mysqli_sql_exception: Unknown column 'verificarConclusao' in 'on clause' in C:\wamp\www\eventosonline\eventos\system\Database\MySQLi\Connection.php:331
Stack trace:
#0 C:\wamp\www\eventosonline\eventos\system\Database\MySQLi\Connection.php(331): mysqli->query('SELECT count(us...')
#1 C:\wamp\www\eventosonline\eventos\system\Database\BaseConnection.php(741): CodeIgniter\Database\MySQLi\Connection->execute('SELECT count(us...')
#2 C:\wamp\www\eventosonline\eventos\system\Database\BaseConnection.php(669): CodeIgniter\Database\BaseConnection->simpleQuery('SELECT count(us...')
#3 C:\wamp\www\eventosonline\eventos\system\Database\BaseBuilder.php(1860): CodeIgniter\Database\BaseConnection->query('SELECT count(us...', Array, false)
#4 C:\wamp\www\eventosonline\eventos\system\Model.php(506): CodeIgniter\Database\BaseBuilder->get()
#5 C:\wamp\www\eventosonline\eventos\app\Models\AtividadeModel.php(89): CodeIgniter\Model->first()
#6 C:\wamp\www\eventosonline\eventos\app\Controllers\Atividades.php(296): App\Models\AtividadeModel->verificarConclusao('5114', 'verificarConclu...')
#7 C:\wamp\www\eventosonline\eventos\system\CodeIgniter.php(918): App\Controllers\Atividades->verificarConclusao('19')
#8 C:\wamp\www\eventosonline\eventos\system\CodeIgniter.php(404): CodeIgniter\CodeIgniter->runController(Object(App\Controllers\Atividades))
#9 C:\wamp\www\eventosonline\eventos\system\CodeIgniter.php(312): CodeIgniter\CodeIgniter->handleRequest(NULL, Object(Config\Cache), false)
#10 C:\wamp\www\eventosonline\eventos\index.php(47): CodeIgniter\CodeIgniter->run()
#11 {main}
CRITICAL - 2021-07-13 09:04:51 --> Unknown column 'verificarConclusao' in 'on clause'
#0 C:\wamp\www\eventosonline\eventos\system\Database\MySQLi\Connection.php(331): mysqli->query('SELECT count(us...')
#1 C:\wamp\www\eventosonline\eventos\system\Database\BaseConnection.php(741): CodeIgniter\Database\MySQLi\Connection->execute('SELECT count(us...')
#2 C:\wamp\www\eventosonline\eventos\system\Database\BaseConnection.php(669): CodeIgniter\Database\BaseConnection->simpleQuery('SELECT count(us...')
#3 C:\wamp\www\eventosonline\eventos\system\Database\BaseBuilder.php(1860): CodeIgniter\Database\BaseConnection->query('SELECT count(us...', Array, false)
#4 C:\wamp\www\eventosonline\eventos\system\Model.php(506): CodeIgniter\Database\BaseBuilder->get()
#5 C:\wamp\www\eventosonline\eventos\app\Models\AtividadeModel.php(89): CodeIgniter\Model->first()
#6 C:\wamp\www\eventosonline\eventos\app\Controllers\Atividades.php(296): App\Models\AtividadeModel->verificarConclusao('5114', 'verificarConclu...')
#7 C:\wamp\www\eventosonline\eventos\system\CodeIgniter.php(918): App\Controllers\Atividades->verificarConclusao('19')
#8 C:\wamp\www\eventosonline\eventos\system\CodeIgniter.php(404): CodeIgniter\CodeIgniter->runController(Object(App\Controllers\Atividades))
#9 C:\wamp\www\eventosonline\eventos\system\CodeIgniter.php(312): CodeIgniter\CodeIgniter->handleRequest(NULL, Object(Config\Cache), false)
#10 C:\wamp\www\eventosonline\eventos\index.php(47): CodeIgniter\CodeIgniter->run()
#11 {main}
ERROR - 2021-07-13 09:04:53 --> mysqli_sql_exception: Unknown column 'verificarConclusao' in 'on clause' in C:\wamp\www\eventosonline\eventos\system\Database\MySQLi\Connection.php:331
Stack trace:
#0 C:\wamp\www\eventosonline\eventos\system\Database\MySQLi\Connection.php(331): mysqli->query('SELECT count(us...')
#1 C:\wamp\www\eventosonline\eventos\system\Database\BaseConnection.php(741): CodeIgniter\Database\MySQLi\Connection->execute('SELECT count(us...')
#2 C:\wamp\www\eventosonline\eventos\system\Database\BaseConnection.php(669): CodeIgniter\Database\BaseConnection->simpleQuery('SELECT count(us...')
#3 C:\wamp\www\eventosonline\eventos\system\Database\BaseBuilder.php(1860): CodeIgniter\Database\BaseConnection->query('SELECT count(us...', Array, false)
#4 C:\wamp\www\eventosonline\eventos\system\Model.php(506): CodeIgniter\Database\BaseBuilder->get()
#5 C:\wamp\www\eventosonline\eventos\app\Models\AtividadeModel.php(89): CodeIgniter\Model->first()
#6 C:\wamp\www\eventosonline\eventos\app\Controllers\Atividades.php(296): App\Models\AtividadeModel->verificarConclusao('5114', 'verificarConclu...')
#7 C:\wamp\www\eventosonline\eventos\system\CodeIgniter.php(918): App\Controllers\Atividades->verificarConclusao('18')
#8 C:\wamp\www\eventosonline\eventos\system\CodeIgniter.php(404): CodeIgniter\CodeIgniter->runController(Object(App\Controllers\Atividades))
#9 C:\wamp\www\eventosonline\eventos\system\CodeIgniter.php(312): CodeIgniter\CodeIgniter->handleRequest(NULL, Object(Config\Cache), false)
#10 C:\wamp\www\eventosonline\eventos\index.php(47): CodeIgniter\CodeIgniter->run()
#11 {main}
CRITICAL - 2021-07-13 09:04:53 --> Unknown column 'verificarConclusao' in 'on clause'
#0 C:\wamp\www\eventosonline\eventos\system\Database\MySQLi\Connection.php(331): mysqli->query('SELECT count(us...')
#1 C:\wamp\www\eventosonline\eventos\system\Database\BaseConnection.php(741): CodeIgniter\Database\MySQLi\Connection->execute('SELECT count(us...')
#2 C:\wamp\www\eventosonline\eventos\system\Database\BaseConnection.php(669): CodeIgniter\Database\BaseConnection->simpleQuery('SELECT count(us...')
#3 C:\wamp\www\eventosonline\eventos\system\Database\BaseBuilder.php(1860): CodeIgniter\Database\BaseConnection->query('SELECT count(us...', Array, false)
#4 C:\wamp\www\eventosonline\eventos\system\Model.php(506): CodeIgniter\Database\BaseBuilder->get()
#5 C:\wamp\www\eventosonline\eventos\app\Models\AtividadeModel.php(89): CodeIgniter\Model->first()
#6 C:\wamp\www\eventosonline\eventos\app\Controllers\Atividades.php(296): App\Models\AtividadeModel->verificarConclusao('5114', 'verificarConclu...')
#7 C:\wamp\www\eventosonline\eventos\system\CodeIgniter.php(918): App\Controllers\Atividades->verificarConclusao('18')
#8 C:\wamp\www\eventosonline\eventos\system\CodeIgniter.php(404): CodeIgniter\CodeIgniter->runController(Object(App\Controllers\Atividades))
#9 C:\wamp\www\eventosonline\eventos\system\CodeIgniter.php(312): CodeIgniter\CodeIgniter->handleRequest(NULL, Object(Config\Cache), false)
#10 C:\wamp\www\eventosonline\eventos\index.php(47): CodeIgniter\CodeIgniter->run()
#11 {main}
CRITICAL - 2021-07-13 09:09:53 --> Undefined index: horasTotais
#0 C:\wamp\www\eventosonline\eventos\app\Views\certificadoVizualizacao.php(104): CodeIgniter\Debug\Exceptions->errorHandler(8, 'Undefined index...', 'C:\\wamp\\www\\eve...', 104, Array)
#1 C:\wamp\www\eventosonline\eventos\system\View\View.php(246): include('C:\\wamp\\www\\eve...')
#2 C:\wamp\www\eventosonline\eventos\system\Common.php(1119): CodeIgniter\View\View->render('certificadoVizu...', Array, true)
#3 C:\wamp\www\eventosonline\eventos\app\Controllers\PdfController.php(43): view('certificadoVizu...', Array, Array)
#4 C:\wamp\www\eventosonline\eventos\system\CodeIgniter.php(918): App\Controllers\PdfController->index()
#5 C:\wamp\www\eventosonline\eventos\system\CodeIgniter.php(404): CodeIgniter\CodeIgniter->runController(Object(App\Controllers\PdfController))
#6 C:\wamp\www\eventosonline\eventos\system\CodeIgniter.php(312): CodeIgniter\CodeIgniter->handleRequest(NULL, Object(Config\Cache), false)
#7 C:\wamp\www\eventosonline\eventos\index.php(47): CodeIgniter\CodeIgniter->run()
#8 {main}
CRITICAL - 2021-07-13 09:10:07 --> Undefined variable: newdata
#0 C:\wamp\www\eventosonline\eventos\app\Views\certificadoVizualizacao.php(104): CodeIgniter\Debug\Exceptions->errorHandler(8, 'Undefined varia...', 'C:\\wamp\\www\\eve...', 104, Array)
#1 C:\wamp\www\eventosonline\eventos\system\View\View.php(246): include('C:\\wamp\\www\\eve...')
#2 C:\wamp\www\eventosonline\eventos\system\Common.php(1119): CodeIgniter\View\View->render('certificadoVizu...', Array, true)
#3 C:\wamp\www\eventosonline\eventos\app\Controllers\PdfController.php(43): view('certificadoVizu...', Array, Array)
#4 C:\wamp\www\eventosonline\eventos\system\CodeIgniter.php(918): App\Controllers\PdfController->index()
#5 C:\wamp\www\eventosonline\eventos\system\CodeIgniter.php(404): CodeIgniter\CodeIgniter->runController(Object(App\Controllers\PdfController))
#6 C:\wamp\www\eventosonline\eventos\system\CodeIgniter.php(312): CodeIgniter\CodeIgniter->handleRequest(NULL, Object(Config\Cache), false)
#7 C:\wamp\www\eventosonline\eventos\index.php(47): CodeIgniter\CodeIgniter->run()
#8 {main}
CRITICAL - 2021-07-13 09:10:09 --> Undefined variable: newdata
#0 C:\wamp\www\eventosonline\eventos\app\Views\certificadoVizualizacao.php(104): CodeIgniter\Debug\Exceptions->errorHandler(8, 'Undefined varia...', 'C:\\wamp\\www\\eve...', 104, Array)
#1 C:\wamp\www\eventosonline\eventos\system\View\View.php(246): include('C:\\wamp\\www\\eve...')
#2 C:\wamp\www\eventosonline\eventos\system\Common.php(1119): CodeIgniter\View\View->render('certificadoVizu...', Array, true)
#3 C:\wamp\www\eventosonline\eventos\app\Controllers\PdfController.php(43): view('certificadoVizu...', Array, Array)
#4 C:\wamp\www\eventosonline\eventos\system\CodeIgniter.php(918): App\Controllers\PdfController->index()
#5 C:\wamp\www\eventosonline\eventos\system\CodeIgniter.php(404): CodeIgniter\CodeIgniter->runController(Object(App\Controllers\PdfController))
#6 C:\wamp\www\eventosonline\eventos\system\CodeIgniter.php(312): CodeIgniter\CodeIgniter->handleRequest(NULL, Object(Config\Cache), false)
#7 C:\wamp\www\eventosonline\eventos\index.php(47): CodeIgniter\CodeIgniter->run()
#8 {main}
CRITICAL - 2021-07-13 09:10:09 --> Undefined variable: newdata
#0 C:\wamp\www\eventosonline\eventos\app\Views\certificadoVizualizacao.php(104): CodeIgniter\Debug\Exceptions->errorHandler(8, 'Undefined varia...', 'C:\\wamp\\www\\eve...', 104, Array)
#1 C:\wamp\www\eventosonline\eventos\system\View\View.php(246): include('C:\\wamp\\www\\eve...')
#2 C:\wamp\www\eventosonline\eventos\system\Common.php(1119): CodeIgniter\View\View->render('certificadoVizu...', Array, true)
#3 C:\wamp\www\eventosonline\eventos\app\Controllers\PdfController.php(43): view('certificadoVizu...', Array, Array)
#4 C:\wamp\www\eventosonline\eventos\system\CodeIgniter.php(918): App\Controllers\PdfController->index()
#5 C:\wamp\www\eventosonline\eventos\system\CodeIgniter.php(404): CodeIgniter\CodeIgniter->runController(Object(App\Controllers\PdfController))
#6 C:\wamp\www\eventosonline\eventos\system\CodeIgniter.php(312): CodeIgniter\CodeIgniter->handleRequest(NULL, Object(Config\Cache), false)
#7 C:\wamp\www\eventosonline\eventos\index.php(47): CodeIgniter\CodeIgniter->run()
#8 {main}
CRITICAL - 2021-07-13 09:10:10 --> Undefined variable: newdata
#0 C:\wamp\www\eventosonline\eventos\app\Views\certificadoVizualizacao.php(104): CodeIgniter\Debug\Exceptions->errorHandler(8, 'Undefined varia...', 'C:\\wamp\\www\\eve...', 104, Array)
#1 C:\wamp\www\eventosonline\eventos\system\View\View.php(246): include('C:\\wamp\\www\\eve...')
#2 C:\wamp\www\eventosonline\eventos\system\Common.php(1119): CodeIgniter\View\View->render('certificadoVizu...', Array, true)
#3 C:\wamp\www\eventosonline\eventos\app\Controllers\PdfController.php(43): view('certificadoVizu...', Array, Array)
#4 C:\wamp\www\eventosonline\eventos\system\CodeIgniter.php(918): App\Controllers\PdfController->index()
#5 C:\wamp\www\eventosonline\eventos\system\CodeIgniter.php(404): CodeIgniter\CodeIgniter->runController(Object(App\Controllers\PdfController))
#6 C:\wamp\www\eventosonline\eventos\system\CodeIgniter.php(312): CodeIgniter\CodeIgniter->handleRequest(NULL, Object(Config\Cache), false)
#7 C:\wamp\www\eventosonline\eventos\index.php(47): CodeIgniter\CodeIgniter->run()
#8 {main}
CRITICAL - 2021-07-13 09:10:25 --> Undefined variable: newdata
#0 C:\wamp\www\eventosonline\eventos\app\Views\certificadoVizualizacao.php(97): CodeIgniter\Debug\Exceptions->errorHandler(8, 'Undefined varia...', 'C:\\wamp\\www\\eve...', 97, Array)
#1 C:\wamp\www\eventosonline\eventos\system\View\View.php(246): include('C:\\wamp\\www\\eve...')
#2 C:\wamp\www\eventosonline\eventos\system\Common.php(1119): CodeIgniter\View\View->render('certificadoVizu...', Array, true)
#3 C:\wamp\www\eventosonline\eventos\app\Controllers\PdfController.php(43): view('certificadoVizu...', Array, Array)
#4 C:\wamp\www\eventosonline\eventos\system\CodeIgniter.php(918): App\Controllers\PdfController->index()
#5 C:\wamp\www\eventosonline\eventos\system\CodeIgniter.php(404): CodeIgniter\CodeIgniter->runController(Object(App\Controllers\PdfController))
#6 C:\wamp\www\eventosonline\eventos\system\CodeIgniter.php(312): CodeIgniter\CodeIgniter->handleRequest(NULL, Object(Config\Cache), false)
#7 C:\wamp\www\eventosonline\eventos\index.php(47): CodeIgniter\CodeIgniter->run()
#8 {main}
CRITICAL - 2021-07-13 09:10:42 --> Undefined index: horasTotais
#0 C:\wamp\www\eventosonline\eventos\app\Views\certificadoVizualizacao.php(104): CodeIgniter\Debug\Exceptions->errorHandler(8, 'Undefined index...', 'C:\\wamp\\www\\eve...', 104, Array)
#1 C:\wamp\www\eventosonline\eventos\system\View\View.php(246): include('C:\\wamp\\www\\eve...')
#2 C:\wamp\www\eventosonline\eventos\system\Common.php(1119): CodeIgniter\View\View->render('certificadoVizu...', Array, true)
#3 C:\wamp\www\eventosonline\eventos\app\Controllers\PdfController.php(43): view('certificadoVizu...', Array, Array)
#4 C:\wamp\www\eventosonline\eventos\system\CodeIgniter.php(918): App\Controllers\PdfController->index()
#5 C:\wamp\www\eventosonline\eventos\system\CodeIgniter.php(404): CodeIgniter\CodeIgniter->runController(Object(App\Controllers\PdfController))
#6 C:\wamp\www\eventosonline\eventos\system\CodeIgniter.php(312): CodeIgniter\CodeIgniter->handleRequest(NULL, Object(Config\Cache), false)
#7 C:\wamp\www\eventosonline\eventos\index.php(47): CodeIgniter\CodeIgniter->run()
#8 {main}
CRITICAL - 2021-07-13 09:11:09 --> Undefined index: horasTotais
#0 C:\wamp\www\eventosonline\eventos\app\Views\certificadoVizualizacao.php(104): CodeIgniter\Debug\Exceptions->errorHandler(8, 'Undefined index...', 'C:\\wamp\\www\\eve...', 104, Array)
#1 C:\wamp\www\eventosonline\eventos\system\View\View.php(246): include('C:\\wamp\\www\\eve...')
#2 C:\wamp\www\eventosonline\eventos\system\Common.php(1119): CodeIgniter\View\View->render('certificadoVizu...', Array, true)
#3 C:\wamp\www\eventosonline\eventos\app\Controllers\PdfController.php(40): view('certificadoVizu...', Array)
#4 C:\wamp\www\eventosonline\eventos\system\CodeIgniter.php(918): App\Controllers\PdfController->index()
#5 C:\wamp\www\eventosonline\eventos\system\CodeIgniter.php(404): CodeIgniter\CodeIgniter->runController(Object(App\Controllers\PdfController))
#6 C:\wamp\www\eventosonline\eventos\system\CodeIgniter.php(312): CodeIgniter\CodeIgniter->handleRequest(NULL, Object(Config\Cache), false)
#7 C:\wamp\www\eventosonline\eventos\index.php(47): CodeIgniter\CodeIgniter->run()
#8 {main}
ERROR - 2021-07-13 09:34:27 --> mysqli_sql_exception: Unknown column 'verificarConclusao' in 'on clause' in C:\wamp\www\eventosonline\eventos\system\Database\MySQLi\Connection.php:331
Stack trace:
#0 C:\wamp\www\eventosonline\eventos\system\Database\MySQLi\Connection.php(331): mysqli->query('SELECT count(us...')
#1 C:\wamp\www\eventosonline\eventos\system\Database\BaseConnection.php(741): CodeIgniter\Database\MySQLi\Connection->execute('SELECT count(us...')
#2 C:\wamp\www\eventosonline\eventos\system\Database\BaseConnection.php(669): CodeIgniter\Database\BaseConnection->simpleQuery('SELECT count(us...')
#3 C:\wamp\www\eventosonline\eventos\system\Database\BaseBuilder.php(1860): CodeIgniter\Database\BaseConnection->query('SELECT count(us...', Array, false)
#4 C:\wamp\www\eventosonline\eventos\system\Model.php(506): CodeIgniter\Database\BaseBuilder->get()
#5 C:\wamp\www\eventosonline\eventos\app\Models\AtividadeModel.php(89): CodeIgniter\Model->first()
#6 C:\wamp\www\eventosonline\eventos\app\Controllers\Atividades.php(296): App\Models\AtividadeModel->verificarConclusao('5114', 'verificarConclu...')
#7 C:\wamp\www\eventosonline\eventos\system\CodeIgniter.php(918): App\Controllers\Atividades->verificarConclusao('19')
#8 C:\wamp\www\eventosonline\eventos\system\CodeIgniter.php(404): CodeIgniter\CodeIgniter->runController(Object(App\Controllers\Atividades))
#9 C:\wamp\www\eventosonline\eventos\system\CodeIgniter.php(312): CodeIgniter\CodeIgniter->handleRequest(NULL, Object(Config\Cache), false)
#10 C:\wamp\www\eventosonline\eventos\index.php(47): CodeIgniter\CodeIgniter->run()
#11 {main}
CRITICAL - 2021-07-13 09:34:27 --> Unknown column 'verificarConclusao' in 'on clause'
#0 C:\wamp\www\eventosonline\eventos\system\Database\MySQLi\Connection.php(331): mysqli->query('SELECT count(us...')
#1 C:\wamp\www\eventosonline\eventos\system\Database\BaseConnection.php(741): CodeIgniter\Database\MySQLi\Connection->execute('SELECT count(us...')
#2 C:\wamp\www\eventosonline\eventos\system\Database\BaseConnection.php(669): CodeIgniter\Database\BaseConnection->simpleQuery('SELECT count(us...')
#3 C:\wamp\www\eventosonline\eventos\system\Database\BaseBuilder.php(1860): CodeIgniter\Database\BaseConnection->query('SELECT count(us...', Array, false)
#4 C:\wamp\www\eventosonline\eventos\system\Model.php(506): CodeIgniter\Database\BaseBuilder->get()
#5 C:\wamp\www\eventosonline\eventos\app\Models\AtividadeModel.php(89): CodeIgniter\Model->first()
#6 C:\wamp\www\eventosonline\eventos\app\Controllers\Atividades.php(296): App\Models\AtividadeModel->verificarConclusao('5114', 'verificarConclu...')
#7 C:\wamp\www\eventosonline\eventos\system\CodeIgniter.php(918): App\Controllers\Atividades->verificarConclusao('19')
#8 C:\wamp\www\eventosonline\eventos\system\CodeIgniter.php(404): CodeIgniter\CodeIgniter->runController(Object(App\Controllers\Atividades))
#9 C:\wamp\www\eventosonline\eventos\system\CodeIgniter.php(312): CodeIgniter\CodeIgniter->handleRequest(NULL, Object(Config\Cache), false)
#10 C:\wamp\www\eventosonline\eventos\index.php(47): CodeIgniter\CodeIgniter->run()
#11 {main}
ERROR - 2021-07-13 09:35:36 --> mysqli_sql_exception: Unknown column 'verificarConclusao' in 'on clause' in C:\wamp\www\eventosonline\eventos\system\Database\MySQLi\Connection.php:331
Stack trace:
#0 C:\wamp\www\eventosonline\eventos\system\Database\MySQLi\Connection.php(331): mysqli->query('SELECT count(us...')
#1 C:\wamp\www\eventosonline\eventos\system\Database\BaseConnection.php(741): CodeIgniter\Database\MySQLi\Connection->execute('SELECT count(us...')
#2 C:\wamp\www\eventosonline\eventos\system\Database\BaseConnection.php(669): CodeIgniter\Database\BaseConnection->simpleQuery('SELECT count(us...')
#3 C:\wamp\www\eventosonline\eventos\system\Database\BaseBuilder.php(1860): CodeIgniter\Database\BaseConnection->query('SELECT count(us...', Array, false)
#4 C:\wamp\www\eventosonline\eventos\system\Model.php(506): CodeIgniter\Database\BaseBuilder->get()
#5 C:\wamp\www\eventosonline\eventos\app\Models\AtividadeModel.php(89): CodeIgniter\Model->first()
#6 C:\wamp\www\eventosonline\eventos\app\Controllers\Atividades.php(296): App\Models\AtividadeModel->verificarConclusao('5114', 'verificarConclu...')
#7 C:\wamp\www\eventosonline\eventos\system\CodeIgniter.php(918): App\Controllers\Atividades->verificarConclusao('19')
#8 C:\wamp\www\eventosonline\eventos\system\CodeIgniter.php(404): CodeIgniter\CodeIgniter->runController(Object(App\Controllers\Atividades))
#9 C:\wamp\www\eventosonline\eventos\system\CodeIgniter.php(312): CodeIgniter\CodeIgniter->handleRequest(NULL, Object(Config\Cache), false)
#10 C:\wamp\www\eventosonline\eventos\index.php(47): CodeIgniter\CodeIgniter->run()
#11 {main}
CRITICAL - 2021-07-13 09:35:36 --> Unknown column 'verificarConclusao' in 'on clause'
#0 C:\wamp\www\eventosonline\eventos\system\Database\MySQLi\Connection.php(331): mysqli->query('SELECT count(us...')
#1 C:\wamp\www\eventosonline\eventos\system\Database\BaseConnection.php(741): CodeIgniter\Database\MySQLi\Connection->execute('SELECT count(us...')
#2 C:\wamp\www\eventosonline\eventos\system\Database\BaseConnection.php(669): CodeIgniter\Database\BaseConnection->simpleQuery('SELECT count(us...')
#3 C:\wamp\www\eventosonline\eventos\system\Database\BaseBuilder.php(1860): CodeIgniter\Database\BaseConnection->query('SELECT count(us...', Array, false)
#4 C:\wamp\www\eventosonline\eventos\system\Model.php(506): CodeIgniter\Database\BaseBuilder->get()
#5 C:\wamp\www\eventosonline\eventos\app\Models\AtividadeModel.php(89): CodeIgniter\Model->first()
#6 C:\wamp\www\eventosonline\eventos\app\Controllers\Atividades.php(296): App\Models\AtividadeModel->verificarConclusao('5114', 'verificarConclu...')
#7 C:\wamp\www\eventosonline\eventos\system\CodeIgniter.php(918): App\Controllers\Atividades->verificarConclusao('19')
#8 C:\wamp\www\eventosonline\eventos\system\CodeIgniter.php(404): CodeIgniter\CodeIgniter->runController(Object(App\Controllers\Atividades))
#9 C:\wamp\www\eventosonline\eventos\system\CodeIgniter.php(312): CodeIgniter\CodeIgniter->handleRequest(NULL, Object(Config\Cache), false)
#10 C:\wamp\www\eventosonline\eventos\index.php(47): CodeIgniter\CodeIgniter->run()
#11 {main}
ERROR - 2021-07-13 09:35:54 --> mysqli_sql_exception: Unknown column 'verificarConclusao' in 'on clause' in C:\wamp\www\eventosonline\eventos\system\Database\MySQLi\Connection.php:331
Stack trace:
#0 C:\wamp\www\eventosonline\eventos\system\Database\MySQLi\Connection.php(331): mysqli->query('SELECT count(us...')
#1 C:\wamp\www\eventosonline\eventos\system\Database\BaseConnection.php(741): CodeIgniter\Database\MySQLi\Connection->execute('SELECT count(us...')
#2 C:\wamp\www\eventosonline\eventos\system\Database\BaseConnection.php(669): CodeIgniter\Database\BaseConnection->simpleQuery('SELECT count(us...')
#3 C:\wamp\www\eventosonline\eventos\system\Database\BaseBuilder.php(1860): CodeIgniter\Database\BaseConnection->query('SELECT count(us...', Array, false)
#4 C:\wamp\www\eventosonline\eventos\system\Model.php(506): CodeIgniter\Database\BaseBuilder->get()
#5 C:\wamp\www\eventosonline\eventos\app\Models\AtividadeModel.php(89): CodeIgniter\Model->first()
#6 C:\wamp\www\eventosonline\eventos\app\Controllers\Atividades.php(296): App\Models\AtividadeModel->verificarConclusao('5114', 'verificarConclu...')
#7 C:\wamp\www\eventosonline\eventos\system\CodeIgniter.php(918): App\Controllers\Atividades->verificarConclusao('19')
#8 C:\wamp\www\eventosonline\eventos\system\CodeIgniter.php(404): CodeIgniter\CodeIgniter->runController(Object(App\Controllers\Atividades))
#9 C:\wamp\www\eventosonline\eventos\system\CodeIgniter.php(312): CodeIgniter\CodeIgniter->handleRequest(NULL, Object(Config\Cache), false)
#10 C:\wamp\www\eventosonline\eventos\index.php(47): CodeIgniter\CodeIgniter->run()
#11 {main}
CRITICAL - 2021-07-13 09:35:54 --> Unknown column 'verificarConclusao' in 'on clause'
#0 C:\wamp\www\eventosonline\eventos\system\Database\MySQLi\Connection.php(331): mysqli->query('SELECT count(us...')
#1 C:\wamp\www\eventosonline\eventos\system\Database\BaseConnection.php(741): CodeIgniter\Database\MySQLi\Connection->execute('SELECT count(us...')
#2 C:\wamp\www\eventosonline\eventos\system\Database\BaseConnection.php(669): CodeIgniter\Database\BaseConnection->simpleQuery('SELECT count(us...')
#3 C:\wamp\www\eventosonline\eventos\system\Database\BaseBuilder.php(1860): CodeIgniter\Database\BaseConnection->query('SELECT count(us...', Array, false)
#4 C:\wamp\www\eventosonline\eventos\system\Model.php(506): CodeIgniter\Database\BaseBuilder->get()
#5 C:\wamp\www\eventosonline\eventos\app\Models\AtividadeModel.php(89): CodeIgniter\Model->first()
#6 C:\wamp\www\eventosonline\eventos\app\Controllers\Atividades.php(296): App\Models\AtividadeModel->verificarConclusao('5114', 'verificarConclu...')
#7 C:\wamp\www\eventosonline\eventos\system\CodeIgniter.php(918): App\Controllers\Atividades->verificarConclusao('19')
#8 C:\wamp\www\eventosonline\eventos\system\CodeIgniter.php(404): CodeIgniter\CodeIgniter->runController(Object(App\Controllers\Atividades))
#9 C:\wamp\www\eventosonline\eventos\system\CodeIgniter.php(312): CodeIgniter\CodeIgniter->handleRequest(NULL, Object(Config\Cache), false)
#10 C:\wamp\www\eventosonline\eventos\index.php(47): CodeIgniter\CodeIgniter->run()
#11 {main}
CRITICAL - 2021-07-13 09:48:50 --> Undefined index: dtInicio
#0 C:\wamp\www\eventosonline\eventos\app\Views\cadativ.php(150): CodeIgniter\Debug\Exceptions->errorHandler(8, 'Undefined index...', 'C:\\wamp\\www\\eve...', 150, Array)
#1 C:\wamp\www\eventosonline\eventos\system\View\View.php(246): include('C:\\wamp\\www\\eve...')
#2 C:\wamp\www\eventosonline\eventos\system\Common.php(1119): CodeIgniter\View\View->render('cadativ', Array, true)
#3 C:\wamp\www\eventosonline\eventos\app\Controllers\Atividades.php(114): view('cadativ', Array)
#4 C:\wamp\www\eventosonline\eventos\system\CodeIgniter.php(918): App\Controllers\Atividades->cadativ()
#5 C:\wamp\www\eventosonline\eventos\system\CodeIgniter.php(404): CodeIgniter\CodeIgniter->runController(Object(App\Controllers\Atividades))
#6 C:\wamp\www\eventosonline\eventos\system\CodeIgniter.php(312): CodeIgniter\CodeIgniter->handleRequest(NULL, Object(Config\Cache), false)
#7 C:\wamp\www\eventosonline\eventos\index.php(47): CodeIgniter\CodeIgniter->run()
#8 {main}
CRITICAL - 2021-07-13 09:49:06 --> Undefined variable: dtInicio
#0 C:\wamp\www\eventosonline\eventos\app\Views\cadativ.php(150): CodeIgniter\Debug\Exceptions->errorHandler(8, 'Undefined varia...', 'C:\\wamp\\www\\eve...', 150, Array)
#1 C:\wamp\www\eventosonline\eventos\system\View\View.php(246): include('C:\\wamp\\www\\eve...')
#2 C:\wamp\www\eventosonline\eventos\system\Common.php(1119): CodeIgniter\View\View->render('cadativ', Array, true)
#3 C:\wamp\www\eventosonline\eventos\app\Controllers\Atividades.php(114): view('cadativ', Array)
#4 C:\wamp\www\eventosonline\eventos\system\CodeIgniter.php(918): App\Controllers\Atividades->cadativ()
#5 C:\wamp\www\eventosonline\eventos\system\CodeIgniter.php(404): CodeIgniter\CodeIgniter->runController(Object(App\Controllers\Atividades))
#6 C:\wamp\www\eventosonline\eventos\system\CodeIgniter.php(312): CodeIgniter\CodeIgniter->handleRequest(NULL, Object(Config\Cache), false)
#7 C:\wamp\www\eventosonline\eventos\index.php(47): CodeIgniter\CodeIgniter->run()
#8 {main}
CRITICAL - 2021-07-13 09:49:37 --> date() expects parameter 1 to be string, array given
#0 [internal function]: CodeIgniter\Debug\Exceptions->errorHandler(2, 'date() expects ...', 'C:\\wamp\\www\\eve...', 150, Array)
#1 C:\wamp\www\eventosonline\eventos\app\Views\cadativ.php(150): date(Array)
#2 C:\wamp\www\eventosonline\eventos\system\View\View.php(246): include('C:\\wamp\\www\\eve...')
#3 C:\wamp\www\eventosonline\eventos\system\Common.php(1119): CodeIgniter\View\View->render('cadativ', Array, true)
#4 C:\wamp\www\eventosonline\eventos\app\Controllers\Atividades.php(114): view('cadativ', Array)
#5 C:\wamp\www\eventosonline\eventos\system\CodeIgniter.php(918): App\Controllers\Atividades->cadativ()
#6 C:\wamp\www\eventosonline\eventos\system\CodeIgniter.php(404): CodeIgniter\CodeIgniter->runController(Object(App\Controllers\Atividades))
#7 C:\wamp\www\eventosonline\eventos\system\CodeIgniter.php(312): CodeIgniter\CodeIgniter->handleRequest(NULL, Object(Config\Cache), false)
#8 C:\wamp\www\eventosonline\eventos\index.php(47): CodeIgniter\CodeIgniter->run()
#9 {main}
CRITICAL - 2021-07-13 09:49:47 --> Undefined index: id
#0 C:\wamp\www\eventosonline\eventos\app\Views\cadativ.php(150): CodeIgniter\Debug\Exceptions->errorHandler(8, 'Undefined index...', 'C:\\wamp\\www\\eve...', 150, Array)
#1 C:\wamp\www\eventosonline\eventos\system\View\View.php(246): include('C:\\wamp\\www\\eve...')
#2 C:\wamp\www\eventosonline\eventos\system\Common.php(1119): CodeIgniter\View\View->render('cadativ', Array, true)
#3 C:\wamp\www\eventosonline\eventos\app\Controllers\Atividades.php(114): view('cadativ', Array)
#4 C:\wamp\www\eventosonline\eventos\system\CodeIgniter.php(918): App\Controllers\Atividades->cadativ()
#5 C:\wamp\www\eventosonline\eventos\system\CodeIgniter.php(404): CodeIgniter\CodeIgniter->runController(Object(App\Controllers\Atividades))
#6 C:\wamp\www\eventosonline\eventos\system\CodeIgniter.php(312): CodeIgniter\CodeIgniter->handleRequest(NULL, Object(Config\Cache), false)
#7 C:\wamp\www\eventosonline\eventos\index.php(47): CodeIgniter\CodeIgniter->run()
#8 {main}
CRITICAL - 2021-07-13 09:50:23 --> Undefined index: dtInicio
#0 C:\wamp\www\eventosonline\eventos\app\Views\cadativ.php(150): CodeIgniter\Debug\Exceptions->errorHandler(8, 'Undefined index...', 'C:\\wamp\\www\\eve...', 150, Array)
#1 C:\wamp\www\eventosonline\eventos\system\View\View.php(246): include('C:\\wamp\\www\\eve...')
#2 C:\wamp\www\eventosonline\eventos\system\Common.php(1119): CodeIgniter\View\View->render('cadativ', Array, true)
#3 C:\wamp\www\eventosonline\eventos\app\Controllers\Atividades.php(114): view('cadativ', Array)
#4 C:\wamp\www\eventosonline\eventos\system\CodeIgniter.php(918): App\Controllers\Atividades->cadativ()
#5 C:\wamp\www\eventosonline\eventos\system\CodeIgniter.php(404): CodeIgniter\CodeIgniter->runController(Object(App\Controllers\Atividades))
#6 C:\wamp\www\eventosonline\eventos\system\CodeIgniter.php(312): CodeIgniter\CodeIgniter->handleRequest(NULL, Object(Config\Cache), false)
#7 C:\wamp\www\eventosonline\eventos\index.php(47): CodeIgniter\CodeIgniter->run()
#8 {main}
CRITICAL - 2021-07-13 09:50:47 --> Undefined index: dtInicio
#0 C:\wamp\www\eventosonline\eventos\app\Views\cadativ.php(150): CodeIgniter\Debug\Exceptions->errorHandler(8, 'Undefined index...', 'C:\\wamp\\www\\eve...', 150, Array)
#1 C:\wamp\www\eventosonline\eventos\system\View\View.php(246): include('C:\\wamp\\www\\eve...')
#2 C:\wamp\www\eventosonline\eventos\system\Common.php(1119): CodeIgniter\View\View->render('cadativ', Array, true)
#3 C:\wamp\www\eventosonline\eventos\app\Controllers\Atividades.php(114): view('cadativ', Array)
#4 C:\wamp\www\eventosonline\eventos\system\CodeIgniter.php(918): App\Controllers\Atividades->cadativ()
#5 C:\wamp\www\eventosonline\eventos\system\CodeIgniter.php(404): CodeIgniter\CodeIgniter->runController(Object(App\Controllers\Atividades))
#6 C:\wamp\www\eventosonline\eventos\system\CodeIgniter.php(312): CodeIgniter\CodeIgniter->handleRequest(NULL, Object(Config\Cache), false)
#7 C:\wamp\www\eventosonline\eventos\index.php(47): CodeIgniter\CodeIgniter->run()
#8 {main}
CRITICAL - 2021-07-13 09:50:55 --> Undefined index: dtInicio
#0 C:\wamp\www\eventosonline\eventos\app\Views\cadativ.php(150): CodeIgniter\Debug\Exceptions->errorHandler(8, 'Undefined index...', 'C:\\wamp\\www\\eve...', 150, Array)
#1 C:\wamp\www\eventosonline\eventos\system\View\View.php(246): include('C:\\wamp\\www\\eve...')
#2 C:\wamp\www\eventosonline\eventos\system\Common.php(1119): CodeIgniter\View\View->render('cadativ', Array, true)
#3 C:\wamp\www\eventosonline\eventos\app\Controllers\Atividades.php(114): view('cadativ', Array)
#4 C:\wamp\www\eventosonline\eventos\system\CodeIgniter.php(918): App\Controllers\Atividades->cadativ()
#5 C:\wamp\www\eventosonline\eventos\system\CodeIgniter.php(404): CodeIgniter\CodeIgniter->runController(Object(App\Controllers\Atividades))
#6 C:\wamp\www\eventosonline\eventos\system\CodeIgniter.php(312): CodeIgniter\CodeIgniter->handleRequest(NULL, Object(Config\Cache), false)
#7 C:\wamp\www\eventosonline\eventos\index.php(47): CodeIgniter\CodeIgniter->run()
#8 {main}
CRITICAL - 2021-07-13 09:51:03 --> Undefined index: dtInicio
#0 C:\wamp\www\eventosonline\eventos\app\Views\cadativ.php(150): CodeIgniter\Debug\Exceptions->errorHandler(8, 'Undefined index...', 'C:\\wamp\\www\\eve...', 150, Array)
#1 C:\wamp\www\eventosonline\eventos\system\View\View.php(246): include('C:\\wamp\\www\\eve...')
#2 C:\wamp\www\eventosonline\eventos\system\Common.php(1119): CodeIgniter\View\View->render('cadativ', Array, true)
#3 C:\wamp\www\eventosonline\eventos\app\Controllers\Atividades.php(114): view('cadativ', Array)
#4 C:\wamp\www\eventosonline\eventos\system\CodeIgniter.php(918): App\Controllers\Atividades->cadativ()
#5 C:\wamp\www\eventosonline\eventos\system\CodeIgniter.php(404): CodeIgniter\CodeIgniter->runController(Object(App\Controllers\Atividades))
#6 C:\wamp\www\eventosonline\eventos\system\CodeIgniter.php(312): CodeIgniter\CodeIgniter->handleRequest(NULL, Object(Config\Cache), false)
#7 C:\wamp\www\eventosonline\eventos\index.php(47): CodeIgniter\CodeIgniter->run()
#8 {main}
CRITICAL - 2021-07-13 10:10:50 --> Undefined index: dtInicio
#0 C:\wamp\www\eventosonline\eventos\app\Views\cadativ.php(150): CodeIgniter\Debug\Exceptions->errorHandler(8, 'Undefined index...', 'C:\\wamp\\www\\eve...', 150, Array)
#1 C:\wamp\www\eventosonline\eventos\system\View\View.php(246): include('C:\\wamp\\www\\eve...')
#2 C:\wamp\www\eventosonline\eventos\system\Common.php(1119): CodeIgniter\View\View->render('cadativ', Array, true)
#3 C:\wamp\www\eventosonline\eventos\app\Controllers\Atividades.php(114): view('cadativ', Array)
#4 C:\wamp\www\eventosonline\eventos\system\CodeIgniter.php(918): App\Controllers\Atividades->cadativ()
#5 C:\wamp\www\eventosonline\eventos\system\CodeIgniter.php(404): CodeIgniter\CodeIgniter->runController(Object(App\Controllers\Atividades))
#6 C:\wamp\www\eventosonline\eventos\system\CodeIgniter.php(312): CodeIgniter\CodeIgniter->handleRequest(NULL, Object(Config\Cache), false)
#7 C:\wamp\www\eventosonline\eventos\index.php(47): CodeIgniter\CodeIgniter->run()
#8 {main}
CRITICAL - 2021-07-13 11:02:04 --> Undefined index: dtInicio
#0 C:\wamp\www\eventosonline\eventos\app\Views\cadativ.php(150): CodeIgniter\Debug\Exceptions->errorHandler(8, 'Undefined index...', 'C:\\wamp\\www\\eve...', 150, Array)
#1 C:\wamp\www\eventosonline\eventos\system\View\View.php(246): include('C:\\wamp\\www\\eve...')
#2 C:\wamp\www\eventosonline\eventos\system\Common.php(1119): CodeIgniter\View\View->render('cadativ', Array, true)
#3 C:\wamp\www\eventosonline\eventos\app\Controllers\Atividades.php(114): view('cadativ', Array)
#4 C:\wamp\www\eventosonline\eventos\system\CodeIgniter.php(918): App\Controllers\Atividades->cadativ()
#5 C:\wamp\www\eventosonline\eventos\system\CodeIgniter.php(404): CodeIgniter\CodeIgniter->runController(Object(App\Controllers\Atividades))
#6 C:\wamp\www\eventosonline\eventos\system\CodeIgniter.php(312): CodeIgniter\CodeIgniter->handleRequest(NULL, Object(Config\Cache), false)
#7 C:\wamp\www\eventosonline\eventos\index.php(47): CodeIgniter\CodeIgniter->run()
#8 {main}
CRITICAL - 2021-07-13 11:03:39 --> Undefined index: dtFim
#0 C:\wamp\www\eventosonline\eventos\app\Views\cadativ.php(159): CodeIgniter\Debug\Exceptions->errorHandler(8, 'Undefined index...', 'C:\\wamp\\www\\eve...', 159, Array)
#1 C:\wamp\www\eventosonline\eventos\system\View\View.php(246): include('C:\\wamp\\www\\eve...')
#2 C:\wamp\www\eventosonline\eventos\system\Common.php(1119): CodeIgniter\View\View->render('cadativ', Array, true)
#3 C:\wamp\www\eventosonline\eventos\app\Controllers\Atividades.php(114): view('cadativ', Array)
#4 C:\wamp\www\eventosonline\eventos\system\CodeIgniter.php(918): App\Controllers\Atividades->cadativ()
#5 C:\wamp\www\eventosonline\eventos\system\CodeIgniter.php(404): CodeIgniter\CodeIgniter->runController(Object(App\Controllers\Atividades))
#6 C:\wamp\www\eventosonline\eventos\system\CodeIgniter.php(312): CodeIgniter\CodeIgniter->handleRequest(NULL, Object(Config\Cache), false)
#7 C:\wamp\www\eventosonline\eventos\index.php(47): CodeIgniter\CodeIgniter->run()
#8 {main}
CRITICAL - 2021-07-13 11:20:25 --> Undefined index: dtInicio
#0 C:\wamp\www\eventosonline\eventos\app\Views\cadativ.php(150): CodeIgniter\Debug\Exceptions->errorHandler(8, 'Undefined index...', 'C:\\wamp\\www\\eve...', 150, Array)
#1 C:\wamp\www\eventosonline\eventos\system\View\View.php(246): include('C:\\wamp\\www\\eve...')
#2 C:\wamp\www\eventosonline\eventos\system\Common.php(1119): CodeIgniter\View\View->render('cadativ', Array, true)
#3 C:\wamp\www\eventosonline\eventos\app\Controllers\Atividades.php(114): view('cadativ', Array)
#4 C:\wamp\www\eventosonline\eventos\system\CodeIgniter.php(918): App\Controllers\Atividades->cadativ()
#5 C:\wamp\www\eventosonline\eventos\system\CodeIgniter.php(404): CodeIgniter\CodeIgniter->runController(Object(App\Controllers\Atividades))
#6 C:\wamp\www\eventosonline\eventos\system\CodeIgniter.php(312): CodeIgniter\CodeIgniter->handleRequest(NULL, Object(Config\Cache), false)
#7 C:\wamp\www\eventosonline\eventos\index.php(47): CodeIgniter\CodeIgniter->run()
#8 {main}
CRITICAL - 2021-07-13 11:25:51 --> Undefined variable: dtFim
#0 C:\wamp\www\eventosonline\eventos\app\Views\cadativ.php(150): CodeIgniter\Debug\Exceptions->errorHandler(8, 'Undefined varia...', 'C:\\wamp\\www\\eve...', 150, Array)
#1 C:\wamp\www\eventosonline\eventos\system\View\View.php(246): include('C:\\wamp\\www\\eve...')
#2 C:\wamp\www\eventosonline\eventos\system\Common.php(1119): CodeIgniter\View\View->render('cadativ', Array, true)
#3 C:\wamp\www\eventosonline\eventos\app\Controllers\Atividades.php(114): view('cadativ', Array)
#4 C:\wamp\www\eventosonline\eventos\system\CodeIgniter.php(918): App\Controllers\Atividades->cadativ()
#5 C:\wamp\www\eventosonline\eventos\system\CodeIgniter.php(404): CodeIgniter\CodeIgniter->runController(Object(App\Controllers\Atividades))
#6 C:\wamp\www\eventosonline\eventos\system\CodeIgniter.php(312): CodeIgniter\CodeIgniter->handleRequest(NULL, Object(Config\Cache), false)
#7 C:\wamp\www\eventosonline\eventos\index.php(47): CodeIgniter\CodeIgniter->run()
#8 {main}
CRITICAL - 2021-07-13 11:27:38 --> Undefined index: dtInicio
#0 C:\wamp\www\eventosonline\eventos\app\Views\cadativ.php(150): CodeIgniter\Debug\Exceptions->errorHandler(8, 'Undefined index...', 'C:\\wamp\\www\\eve...', 150, Array)
#1 C:\wamp\www\eventosonline\eventos\system\View\View.php(246): include('C:\\wamp\\www\\eve...')
#2 C:\wamp\www\eventosonline\eventos\system\Common.php(1119): CodeIgniter\View\View->render('cadativ', Array, true)
#3 C:\wamp\www\eventosonline\eventos\app\Controllers\Atividades.php(114): view('cadativ', Array)
#4 C:\wamp\www\eventosonline\eventos\system\CodeIgniter.php(918): App\Controllers\Atividades->cadativ()
#5 C:\wamp\www\eventosonline\eventos\system\CodeIgniter.php(404): CodeIgniter\CodeIgniter->runController(Object(App\Controllers\Atividades))
#6 C:\wamp\www\eventosonline\eventos\system\CodeIgniter.php(312): CodeIgniter\CodeIgniter->handleRequest(NULL, Object(Config\Cache), false)
#7 C:\wamp\www\eventosonline\eventos\index.php(47): CodeIgniter\CodeIgniter->run()
#8 {main}
CRITICAL - 2021-07-13 11:32:44 --> Undefined variable: dtInicio
#0 C:\wamp\www\eventosonline\eventos\app\Views\cadativ.php(150): CodeIgniter\Debug\Exceptions->errorHandler(8, 'Undefined varia...', 'C:\\wamp\\www\\eve...', 150, Array)
#1 C:\wamp\www\eventosonline\eventos\system\View\View.php(246): include('C:\\wamp\\www\\eve...')
#2 C:\wamp\www\eventosonline\eventos\system\Common.php(1119): CodeIgniter\View\View->render('cadativ', Array, true)
#3 C:\wamp\www\eventosonline\eventos\app\Controllers\Atividades.php(114): view('cadativ', Array)
#4 C:\wamp\www\eventosonline\eventos\system\CodeIgniter.php(918): App\Controllers\Atividades->cadativ()
#5 C:\wamp\www\eventosonline\eventos\system\CodeIgniter.php(404): CodeIgniter\CodeIgniter->runController(Object(App\Controllers\Atividades))
#6 C:\wamp\www\eventosonline\eventos\system\CodeIgniter.php(312): CodeIgniter\CodeIgniter->handleRequest(NULL, Object(Config\Cache), false)
#7 C:\wamp\www\eventosonline\eventos\index.php(47): CodeIgniter\CodeIgniter->run()
#8 {main}
