CRITICAL - 2021-06-29 06:36:49 --> Call to undefined method App\Models\AtividadeModel::inscreverAtiv
#0 C:\wamp\www\eventosonline\eventos\app\Controllers\Atividades.php(36): CodeIgniter\Model->__call('inscreverAtiv', Array)
#1 C:\wamp\www\eventosonline\eventos\system\CodeIgniter.php(918): App\Controllers\Atividades->inscreverAtividade()
#2 C:\wamp\www\eventosonline\eventos\system\CodeIgniter.php(404): CodeIgniter\CodeIgniter->runController(Object(App\Controllers\Atividades))
#3 C:\wamp\www\eventosonline\eventos\system\CodeIgniter.php(312): CodeIgniter\CodeIgniter->handleRequest(NULL, Object(Config\Cache), false)
#4 C:\wamp\www\eventosonline\eventos\index.php(47): CodeIgniter\CodeIgniter->run()
#5 {main}
ERROR - 2021-06-29 09:35:04 --> mysqli_sql_exception: Unknown column 'atividade_evento.id' in 'on clause' in C:\wamp\www\eventosonline\eventos\system\Database\MySQLi\Connection.php:331
Stack trace:
#0 C:\wamp\www\eventosonline\eventos\system\Database\MySQLi\Connection.php(331): mysqli->query('SELECT *\nFROM `...')
#1 C:\wamp\www\eventosonline\eventos\system\Database\BaseConnection.php(741): CodeIgniter\Database\MySQLi\Connection->execute('SELECT *\nFROM `...')
#2 C:\wamp\www\eventosonline\eventos\system\Database\BaseConnection.php(669): CodeIgniter\Database\BaseConnection->simpleQuery('SELECT *\nFROM `...')
#3 C:\wamp\www\eventosonline\eventos\system\Database\BaseBuilder.php(1860): CodeIgniter\Database\BaseConnection->query('SELECT *\nFROM `...', Array, false)
#4 C:\wamp\www\eventosonline\eventos\system\Model.php(462): CodeIgniter\Database\BaseBuilder->get()
#5 C:\wamp\www\eventosonline\eventos\app\Controllers\Atividades.php(179): CodeIgniter\Model->findAll()
#6 C:\wamp\www\eventosonline\eventos\system\CodeIgniter.php(918): App\Controllers\Atividades->listativ()
#7 C:\wamp\www\eventosonline\eventos\system\CodeIgniter.php(404): CodeIgniter\CodeIgniter->runController(Object(App\Controllers\Atividades))
#8 C:\wamp\www\eventosonline\eventos\system\CodeIgniter.php(312): CodeIgniter\CodeIgniter->handleRequest(NULL, Object(Config\Cache), false)
#9 C:\wamp\www\eventosonline\eventos\index.php(47): CodeIgniter\CodeIgniter->run()
#10 {main}
CRITICAL - 2021-06-29 09:35:04 --> Unknown column 'atividade_evento.id' in 'on clause'
#0 C:\wamp\www\eventosonline\eventos\system\Database\MySQLi\Connection.php(331): mysqli->query('SELECT *\nFROM `...')
#1 C:\wamp\www\eventosonline\eventos\system\Database\BaseConnection.php(741): CodeIgniter\Database\MySQLi\Connection->execute('SELECT *\nFROM `...')
#2 C:\wamp\www\eventosonline\eventos\system\Database\BaseConnection.php(669): CodeIgniter\Database\BaseConnection->simpleQuery('SELECT *\nFROM `...')
#3 C:\wamp\www\eventosonline\eventos\system\Database\BaseBuilder.php(1860): CodeIgniter\Database\BaseConnection->query('SELECT *\nFROM `...', Array, false)
#4 C:\wamp\www\eventosonline\eventos\system\Model.php(462): CodeIgniter\Database\BaseBuilder->get()
#5 C:\wamp\www\eventosonline\eventos\app\Controllers\Atividades.php(179): CodeIgniter\Model->findAll()
#6 C:\wamp\www\eventosonline\eventos\system\CodeIgniter.php(918): App\Controllers\Atividades->listativ()
#7 C:\wamp\www\eventosonline\eventos\system\CodeIgniter.php(404): CodeIgniter\CodeIgniter->runController(Object(App\Controllers\Atividades))
#8 C:\wamp\www\eventosonline\eventos\system\CodeIgniter.php(312): CodeIgniter\CodeIgniter->handleRequest(NULL, Object(Config\Cache), false)
#9 C:\wamp\www\eventosonline\eventos\index.php(47): CodeIgniter\CodeIgniter->run()
#10 {main}
CRITICAL - 2021-06-29 10:08:45 --> syntax error, unexpected '$model' (T_VARIABLE), expecting function (T_FUNCTION) or const (T_CONST)
#0 C:\wamp\www\eventosonline\eventos\system\Router\Router.php(195): CodeIgniter\Router\Router->autoRoute('/atividades/ins...')
#1 C:\wamp\www\eventosonline\eventos\system\CodeIgniter.php(793): CodeIgniter\Router\Router->handle('/atividades/ins...')
#2 C:\wamp\www\eventosonline\eventos\system\CodeIgniter.php(364): CodeIgniter\CodeIgniter->tryToRouteIt(Object(CodeIgniter\Router\RouteCollection))
#3 C:\wamp\www\eventosonline\eventos\system\CodeIgniter.php(312): CodeIgniter\CodeIgniter->handleRequest(NULL, Object(Config\Cache), false)
#4 C:\wamp\www\eventosonline\eventos\index.php(47): CodeIgniter\CodeIgniter->run()
#5 {main}
CRITICAL - 2021-06-29 10:08:50 --> syntax error, unexpected '$model' (T_VARIABLE), expecting function (T_FUNCTION) or const (T_CONST)
#0 C:\wamp\www\eventosonline\eventos\system\Autoloader\Autoloader.php(296): CodeIgniter\Autoloader\Autoloader->requireFile('C:\\wamp\\www\\eve...')
#1 C:\wamp\www\eventosonline\eventos\system\Autoloader\Autoloader.php(258): CodeIgniter\Autoloader\Autoloader->loadInNamespace('App\\Controllers...')
#2 [internal function]: CodeIgniter\Autoloader\Autoloader->loadClass('App\\Controllers...')
#3 [internal function]: spl_autoload_call('App\\Controllers...')
#4 C:\wamp\www\eventosonline\eventos\system\CodeIgniter.php(869): class_exists('\\App\\Controller...', true)
#5 C:\wamp\www\eventosonline\eventos\system\CodeIgniter.php(394): CodeIgniter\CodeIgniter->startController()
#6 C:\wamp\www\eventosonline\eventos\system\CodeIgniter.php(312): CodeIgniter\CodeIgniter->handleRequest(NULL, Object(Config\Cache), false)
#7 C:\wamp\www\eventosonline\eventos\index.php(47): CodeIgniter\CodeIgniter->run()
#8 {main}
CRITICAL - 2021-06-29 10:08:55 --> syntax error, unexpected '$model' (T_VARIABLE), expecting function (T_FUNCTION) or const (T_CONST)
#0 C:\wamp\www\eventosonline\eventos\system\Autoloader\Autoloader.php(296): CodeIgniter\Autoloader\Autoloader->requireFile('C:\\wamp\\www\\eve...')
#1 C:\wamp\www\eventosonline\eventos\system\Autoloader\Autoloader.php(258): CodeIgniter\Autoloader\Autoloader->loadInNamespace('App\\Controllers...')
#2 [internal function]: CodeIgniter\Autoloader\Autoloader->loadClass('App\\Controllers...')
#3 [internal function]: spl_autoload_call('App\\Controllers...')
#4 C:\wamp\www\eventosonline\eventos\system\CodeIgniter.php(869): class_exists('\\App\\Controller...', true)
#5 C:\wamp\www\eventosonline\eventos\system\CodeIgniter.php(394): CodeIgniter\CodeIgniter->startController()
#6 C:\wamp\www\eventosonline\eventos\system\CodeIgniter.php(312): CodeIgniter\CodeIgniter->handleRequest(NULL, Object(Config\Cache), false)
#7 C:\wamp\www\eventosonline\eventos\index.php(47): CodeIgniter\CodeIgniter->run()
#8 {main}
CRITICAL - 2021-06-29 10:09:14 --> Arquivo inválido: atividade.php
#0 C:\wamp\www\eventosonline\eventos\system\View\View.php(228): CodeIgniter\Exceptions\FrameworkException::forInvalidFile('atividade.php')
#1 C:\wamp\www\eventosonline\eventos\system\Common.php(1119): CodeIgniter\View\View->render('atividade', Array, true)
#2 C:\wamp\www\eventosonline\eventos\app\Controllers\Atividades.php(44): view('atividade')
#3 C:\wamp\www\eventosonline\eventos\system\CodeIgniter.php(918): App\Controllers\Atividades->inscreverAtividade('1')
#4 C:\wamp\www\eventosonline\eventos\system\CodeIgniter.php(404): CodeIgniter\CodeIgniter->runController(Object(App\Controllers\Atividades))
#5 C:\wamp\www\eventosonline\eventos\system\CodeIgniter.php(312): CodeIgniter\CodeIgniter->handleRequest(NULL, Object(Config\Cache), false)
#6 C:\wamp\www\eventosonline\eventos\index.php(47): CodeIgniter\CodeIgniter->run()
#7 {main}
CRITICAL - 2021-06-29 10:22:52 --> Undefined variable: titulo
#0 C:\wamp\www\eventosonline\eventos\app\Views\atividades.php(11): CodeIgniter\Debug\Exceptions->errorHandler(8, 'Undefined varia...', 'C:\\wamp\\www\\eve...', 11, Array)
#1 C:\wamp\www\eventosonline\eventos\system\View\View.php(246): include('C:\\wamp\\www\\eve...')
#2 C:\wamp\www\eventosonline\eventos\system\Common.php(1119): CodeIgniter\View\View->render('atividades', Array, true)
#3 C:\wamp\www\eventosonline\eventos\app\Controllers\Atividades.php(44): view('atividades')
#4 C:\wamp\www\eventosonline\eventos\system\CodeIgniter.php(918): App\Controllers\Atividades->inscreverAtividade('35')
#5 C:\wamp\www\eventosonline\eventos\system\CodeIgniter.php(404): CodeIgniter\CodeIgniter->runController(Object(App\Controllers\Atividades))
#6 C:\wamp\www\eventosonline\eventos\system\CodeIgniter.php(312): CodeIgniter\CodeIgniter->handleRequest(NULL, Object(Config\Cache), false)
#7 C:\wamp\www\eventosonline\eventos\index.php(47): CodeIgniter\CodeIgniter->run()
#8 {main}
CRITICAL - 2021-06-29 10:25:17 --> Undefined variable: eventos
#0 C:\wamp\www\eventosonline\eventos\app\Views\atividades.php(11): CodeIgniter\Debug\Exceptions->errorHandler(8, 'Undefined varia...', 'C:\\wamp\\www\\eve...', 11, Array)
#1 C:\wamp\www\eventosonline\eventos\system\View\View.php(246): include('C:\\wamp\\www\\eve...')
#2 C:\wamp\www\eventosonline\eventos\system\Common.php(1119): CodeIgniter\View\View->render('atividades', Array, true)
#3 C:\wamp\www\eventosonline\eventos\app\Controllers\Atividades.php(44): view('atividades')
#4 C:\wamp\www\eventosonline\eventos\system\CodeIgniter.php(918): App\Controllers\Atividades->inscreverAtividade('35')
#5 C:\wamp\www\eventosonline\eventos\system\CodeIgniter.php(404): CodeIgniter\CodeIgniter->runController(Object(App\Controllers\Atividades))
#6 C:\wamp\www\eventosonline\eventos\system\CodeIgniter.php(312): CodeIgniter\CodeIgniter->handleRequest(NULL, Object(Config\Cache), false)
#7 C:\wamp\www\eventosonline\eventos\index.php(47): CodeIgniter\CodeIgniter->run()
#8 {main}
CRITICAL - 2021-06-29 10:25:21 --> Undefined variable: eventos
#0 C:\wamp\www\eventosonline\eventos\app\Views\atividades.php(11): CodeIgniter\Debug\Exceptions->errorHandler(8, 'Undefined varia...', 'C:\\wamp\\www\\eve...', 11, Array)
#1 C:\wamp\www\eventosonline\eventos\system\View\View.php(246): include('C:\\wamp\\www\\eve...')
#2 C:\wamp\www\eventosonline\eventos\system\Common.php(1119): CodeIgniter\View\View->render('atividades', Array, true)
#3 C:\wamp\www\eventosonline\eventos\app\Controllers\Atividades.php(44): view('atividades')
#4 C:\wamp\www\eventosonline\eventos\system\CodeIgniter.php(918): App\Controllers\Atividades->inscreverAtividade('35')
#5 C:\wamp\www\eventosonline\eventos\system\CodeIgniter.php(404): CodeIgniter\CodeIgniter->runController(Object(App\Controllers\Atividades))
#6 C:\wamp\www\eventosonline\eventos\system\CodeIgniter.php(312): CodeIgniter\CodeIgniter->handleRequest(NULL, Object(Config\Cache), false)
#7 C:\wamp\www\eventosonline\eventos\index.php(47): CodeIgniter\CodeIgniter->run()
#8 {main}
CRITICAL - 2021-06-29 10:25:28 --> Undefined variable: atividade
#0 C:\wamp\www\eventosonline\eventos\app\Views\atividades.php(11): CodeIgniter\Debug\Exceptions->errorHandler(8, 'Undefined varia...', 'C:\\wamp\\www\\eve...', 11, Array)
#1 C:\wamp\www\eventosonline\eventos\system\View\View.php(246): include('C:\\wamp\\www\\eve...')
#2 C:\wamp\www\eventosonline\eventos\system\Common.php(1119): CodeIgniter\View\View->render('atividades', Array, true)
#3 C:\wamp\www\eventosonline\eventos\app\Controllers\Atividades.php(44): view('atividades')
#4 C:\wamp\www\eventosonline\eventos\system\CodeIgniter.php(918): App\Controllers\Atividades->inscreverAtividade('35')
#5 C:\wamp\www\eventosonline\eventos\system\CodeIgniter.php(404): CodeIgniter\CodeIgniter->runController(Object(App\Controllers\Atividades))
#6 C:\wamp\www\eventosonline\eventos\system\CodeIgniter.php(312): CodeIgniter\CodeIgniter->handleRequest(NULL, Object(Config\Cache), false)
#7 C:\wamp\www\eventosonline\eventos\index.php(47): CodeIgniter\CodeIgniter->run()
#8 {main}
CRITICAL - 2021-06-29 10:27:55 --> Undefined variable: atividade
#0 C:\wamp\www\eventosonline\eventos\app\Views\atividades.php(11): CodeIgniter\Debug\Exceptions->errorHandler(8, 'Undefined varia...', 'C:\\wamp\\www\\eve...', 11, Array)
#1 C:\wamp\www\eventosonline\eventos\system\View\View.php(246): include('C:\\wamp\\www\\eve...')
#2 C:\wamp\www\eventosonline\eventos\system\Common.php(1119): CodeIgniter\View\View->render('atividades', Array, true)
#3 C:\wamp\www\eventosonline\eventos\app\Controllers\Atividades.php(40): view('atividades')
#4 C:\wamp\www\eventosonline\eventos\system\CodeIgniter.php(918): App\Controllers\Atividades->inscreverAtividade('35')
#5 C:\wamp\www\eventosonline\eventos\system\CodeIgniter.php(404): CodeIgniter\CodeIgniter->runController(Object(App\Controllers\Atividades))
#6 C:\wamp\www\eventosonline\eventos\system\CodeIgniter.php(312): CodeIgniter\CodeIgniter->handleRequest(NULL, Object(Config\Cache), false)
#7 C:\wamp\www\eventosonline\eventos\index.php(47): CodeIgniter\CodeIgniter->run()
#8 {main}
CRITICAL - 2021-06-29 10:27:59 --> Undefined variable: atividade
#0 C:\wamp\www\eventosonline\eventos\app\Views\atividades.php(11): CodeIgniter\Debug\Exceptions->errorHandler(8, 'Undefined varia...', 'C:\\wamp\\www\\eve...', 11, Array)
#1 C:\wamp\www\eventosonline\eventos\system\View\View.php(246): include('C:\\wamp\\www\\eve...')
#2 C:\wamp\www\eventosonline\eventos\system\Common.php(1119): CodeIgniter\View\View->render('atividades', Array, true)
#3 C:\wamp\www\eventosonline\eventos\app\Controllers\Atividades.php(40): view('atividades')
#4 C:\wamp\www\eventosonline\eventos\system\CodeIgniter.php(918): App\Controllers\Atividades->inscreverAtividade('2')
#5 C:\wamp\www\eventosonline\eventos\system\CodeIgniter.php(404): CodeIgniter\CodeIgniter->runController(Object(App\Controllers\Atividades))
#6 C:\wamp\www\eventosonline\eventos\system\CodeIgniter.php(312): CodeIgniter\CodeIgniter->handleRequest(NULL, Object(Config\Cache), false)
#7 C:\wamp\www\eventosonline\eventos\index.php(47): CodeIgniter\CodeIgniter->run()
#8 {main}
ERROR - 2021-06-29 11:15:37 --> mysqli_sql_exception: Cannot add or update a child row: a foreign key constraint fails (`crfsp010_eventos`.`usuario_evento`, CONSTRAINT `FK_usuario_evento_eventos` FOREIGN KEY (`idEvento`) REFERENCES `eventos` (`id`)) in C:\wamp\www\eventosonline\eventos\system\Database\MySQLi\Connection.php:331
Stack trace:
#0 C:\wamp\www\eventosonline\eventos\system\Database\MySQLi\Connection.php(331): mysqli->query('INSERT INTO `us...')
#1 C:\wamp\www\eventosonline\eventos\system\Database\BaseConnection.php(741): CodeIgniter\Database\MySQLi\Connection->execute('INSERT INTO `us...')
#2 C:\wamp\www\eventosonline\eventos\system\Database\BaseConnection.php(669): CodeIgniter\Database\BaseConnection->simpleQuery('INSERT INTO `us...')
#3 C:\wamp\www\eventosonline\eventos\system\Database\BaseBuilder.php(2249): CodeIgniter\Database\BaseConnection->query('INSERT INTO `us...', Array, false)
#4 C:\wamp\www\eventosonline\eventos\app\Models\EventoModel.php(31): CodeIgniter\Database\BaseBuilder->insert(Array)
#5 C:\wamp\www\eventosonline\eventos\app\Controllers\Atividades.php(37): App\Models\EventoModel->inscricaoEvento('5114', '35')
#6 C:\wamp\www\eventosonline\eventos\system\CodeIgniter.php(918): App\Controllers\Atividades->inscreverAtividade('35')
#7 C:\wamp\www\eventosonline\eventos\system\CodeIgniter.php(404): CodeIgniter\CodeIgniter->runController(Object(App\Controllers\Atividades))
#8 C:\wamp\www\eventosonline\eventos\system\CodeIgniter.php(312): CodeIgniter\CodeIgniter->handleRequest(NULL, Object(Config\Cache), false)
#9 C:\wamp\www\eventosonline\eventos\index.php(47): CodeIgniter\CodeIgniter->run()
#10 {main}
CRITICAL - 2021-06-29 11:15:37 --> Cannot add or update a child row: a foreign key constraint fails (`crfsp010_eventos`.`usuario_evento`, CONSTRAINT `FK_usuario_evento_eventos` FOREIGN KEY (`idEvento`) REFERENCES `eventos` (`id`))
#0 C:\wamp\www\eventosonline\eventos\system\Database\MySQLi\Connection.php(331): mysqli->query('INSERT INTO `us...')
#1 C:\wamp\www\eventosonline\eventos\system\Database\BaseConnection.php(741): CodeIgniter\Database\MySQLi\Connection->execute('INSERT INTO `us...')
#2 C:\wamp\www\eventosonline\eventos\system\Database\BaseConnection.php(669): CodeIgniter\Database\BaseConnection->simpleQuery('INSERT INTO `us...')
#3 C:\wamp\www\eventosonline\eventos\system\Database\BaseBuilder.php(2249): CodeIgniter\Database\BaseConnection->query('INSERT INTO `us...', Array, false)
#4 C:\wamp\www\eventosonline\eventos\app\Models\EventoModel.php(31): CodeIgniter\Database\BaseBuilder->insert(Array)
#5 C:\wamp\www\eventosonline\eventos\app\Controllers\Atividades.php(37): App\Models\EventoModel->inscricaoEvento('5114', '35')
#6 C:\wamp\www\eventosonline\eventos\system\CodeIgniter.php(918): App\Controllers\Atividades->inscreverAtividade('35')
#7 C:\wamp\www\eventosonline\eventos\system\CodeIgniter.php(404): CodeIgniter\CodeIgniter->runController(Object(App\Controllers\Atividades))
#8 C:\wamp\www\eventosonline\eventos\system\CodeIgniter.php(312): CodeIgniter\CodeIgniter->handleRequest(NULL, Object(Config\Cache), false)
#9 C:\wamp\www\eventosonline\eventos\index.php(47): CodeIgniter\CodeIgniter->run()
#10 {main}
ERROR - 2021-06-29 11:15:44 --> mysqli_sql_exception: Cannot add or update a child row: a foreign key constraint fails (`crfsp010_eventos`.`usuario_evento`, CONSTRAINT `FK_usuario_evento_eventos` FOREIGN KEY (`idEvento`) REFERENCES `eventos` (`id`)) in C:\wamp\www\eventosonline\eventos\system\Database\MySQLi\Connection.php:331
Stack trace:
#0 C:\wamp\www\eventosonline\eventos\system\Database\MySQLi\Connection.php(331): mysqli->query('INSERT INTO `us...')
#1 C:\wamp\www\eventosonline\eventos\system\Database\BaseConnection.php(741): CodeIgniter\Database\MySQLi\Connection->execute('INSERT INTO `us...')
#2 C:\wamp\www\eventosonline\eventos\system\Database\BaseConnection.php(669): CodeIgniter\Database\BaseConnection->simpleQuery('INSERT INTO `us...')
#3 C:\wamp\www\eventosonline\eventos\system\Database\BaseBuilder.php(2249): CodeIgniter\Database\BaseConnection->query('INSERT INTO `us...', Array, false)
#4 C:\wamp\www\eventosonline\eventos\app\Models\EventoModel.php(31): CodeIgniter\Database\BaseBuilder->insert(Array)
#5 C:\wamp\www\eventosonline\eventos\app\Controllers\Atividades.php(37): App\Models\EventoModel->inscricaoEvento('5114', '33')
#6 C:\wamp\www\eventosonline\eventos\system\CodeIgniter.php(918): App\Controllers\Atividades->inscreverAtividade('33')
#7 C:\wamp\www\eventosonline\eventos\system\CodeIgniter.php(404): CodeIgniter\CodeIgniter->runController(Object(App\Controllers\Atividades))
#8 C:\wamp\www\eventosonline\eventos\system\CodeIgniter.php(312): CodeIgniter\CodeIgniter->handleRequest(NULL, Object(Config\Cache), false)
#9 C:\wamp\www\eventosonline\eventos\index.php(47): CodeIgniter\CodeIgniter->run()
#10 {main}
CRITICAL - 2021-06-29 11:15:44 --> Cannot add or update a child row: a foreign key constraint fails (`crfsp010_eventos`.`usuario_evento`, CONSTRAINT `FK_usuario_evento_eventos` FOREIGN KEY (`idEvento`) REFERENCES `eventos` (`id`))
#0 C:\wamp\www\eventosonline\eventos\system\Database\MySQLi\Connection.php(331): mysqli->query('INSERT INTO `us...')
#1 C:\wamp\www\eventosonline\eventos\system\Database\BaseConnection.php(741): CodeIgniter\Database\MySQLi\Connection->execute('INSERT INTO `us...')
#2 C:\wamp\www\eventosonline\eventos\system\Database\BaseConnection.php(669): CodeIgniter\Database\BaseConnection->simpleQuery('INSERT INTO `us...')
#3 C:\wamp\www\eventosonline\eventos\system\Database\BaseBuilder.php(2249): CodeIgniter\Database\BaseConnection->query('INSERT INTO `us...', Array, false)
#4 C:\wamp\www\eventosonline\eventos\app\Models\EventoModel.php(31): CodeIgniter\Database\BaseBuilder->insert(Array)
#5 C:\wamp\www\eventosonline\eventos\app\Controllers\Atividades.php(37): App\Models\EventoModel->inscricaoEvento('5114', '33')
#6 C:\wamp\www\eventosonline\eventos\system\CodeIgniter.php(918): App\Controllers\Atividades->inscreverAtividade('33')
#7 C:\wamp\www\eventosonline\eventos\system\CodeIgniter.php(404): CodeIgniter\CodeIgniter->runController(Object(App\Controllers\Atividades))
#8 C:\wamp\www\eventosonline\eventos\system\CodeIgniter.php(312): CodeIgniter\CodeIgniter->handleRequest(NULL, Object(Config\Cache), false)
#9 C:\wamp\www\eventosonline\eventos\index.php(47): CodeIgniter\CodeIgniter->run()
#10 {main}
ERROR - 2021-06-29 11:15:48 --> mysqli_sql_exception: Cannot add or update a child row: a foreign key constraint fails (`crfsp010_eventos`.`usuario_evento`, CONSTRAINT `FK_usuario_evento_eventos` FOREIGN KEY (`idEvento`) REFERENCES `eventos` (`id`)) in C:\wamp\www\eventosonline\eventos\system\Database\MySQLi\Connection.php:331
Stack trace:
#0 C:\wamp\www\eventosonline\eventos\system\Database\MySQLi\Connection.php(331): mysqli->query('INSERT INTO `us...')
#1 C:\wamp\www\eventosonline\eventos\system\Database\BaseConnection.php(741): CodeIgniter\Database\MySQLi\Connection->execute('INSERT INTO `us...')
#2 C:\wamp\www\eventosonline\eventos\system\Database\BaseConnection.php(669): CodeIgniter\Database\BaseConnection->simpleQuery('INSERT INTO `us...')
#3 C:\wamp\www\eventosonline\eventos\system\Database\BaseBuilder.php(2249): CodeIgniter\Database\BaseConnection->query('INSERT INTO `us...', Array, false)
#4 C:\wamp\www\eventosonline\eventos\app\Models\EventoModel.php(31): CodeIgniter\Database\BaseBuilder->insert(Array)
#5 C:\wamp\www\eventosonline\eventos\app\Controllers\Atividades.php(37): App\Models\EventoModel->inscricaoEvento('5114', '3')
#6 C:\wamp\www\eventosonline\eventos\system\CodeIgniter.php(918): App\Controllers\Atividades->inscreverAtividade('3')
#7 C:\wamp\www\eventosonline\eventos\system\CodeIgniter.php(404): CodeIgniter\CodeIgniter->runController(Object(App\Controllers\Atividades))
#8 C:\wamp\www\eventosonline\eventos\system\CodeIgniter.php(312): CodeIgniter\CodeIgniter->handleRequest(NULL, Object(Config\Cache), false)
#9 C:\wamp\www\eventosonline\eventos\index.php(47): CodeIgniter\CodeIgniter->run()
#10 {main}
CRITICAL - 2021-06-29 11:15:48 --> Cannot add or update a child row: a foreign key constraint fails (`crfsp010_eventos`.`usuario_evento`, CONSTRAINT `FK_usuario_evento_eventos` FOREIGN KEY (`idEvento`) REFERENCES `eventos` (`id`))
#0 C:\wamp\www\eventosonline\eventos\system\Database\MySQLi\Connection.php(331): mysqli->query('INSERT INTO `us...')
#1 C:\wamp\www\eventosonline\eventos\system\Database\BaseConnection.php(741): CodeIgniter\Database\MySQLi\Connection->execute('INSERT INTO `us...')
#2 C:\wamp\www\eventosonline\eventos\system\Database\BaseConnection.php(669): CodeIgniter\Database\BaseConnection->simpleQuery('INSERT INTO `us...')
#3 C:\wamp\www\eventosonline\eventos\system\Database\BaseBuilder.php(2249): CodeIgniter\Database\BaseConnection->query('INSERT INTO `us...', Array, false)
#4 C:\wamp\www\eventosonline\eventos\app\Models\EventoModel.php(31): CodeIgniter\Database\BaseBuilder->insert(Array)
#5 C:\wamp\www\eventosonline\eventos\app\Controllers\Atividades.php(37): App\Models\EventoModel->inscricaoEvento('5114', '3')
#6 C:\wamp\www\eventosonline\eventos\system\CodeIgniter.php(918): App\Controllers\Atividades->inscreverAtividade('3')
#7 C:\wamp\www\eventosonline\eventos\system\CodeIgniter.php(404): CodeIgniter\CodeIgniter->runController(Object(App\Controllers\Atividades))
#8 C:\wamp\www\eventosonline\eventos\system\CodeIgniter.php(312): CodeIgniter\CodeIgniter->handleRequest(NULL, Object(Config\Cache), false)
#9 C:\wamp\www\eventosonline\eventos\index.php(47): CodeIgniter\CodeIgniter->run()
#10 {main}
ERROR - 2021-06-29 11:15:54 --> mysqli_sql_exception: Cannot add or update a child row: a foreign key constraint fails (`crfsp010_eventos`.`usuario_evento`, CONSTRAINT `FK_usuario_evento_eventos` FOREIGN KEY (`idEvento`) REFERENCES `eventos` (`id`)) in C:\wamp\www\eventosonline\eventos\system\Database\MySQLi\Connection.php:331
Stack trace:
#0 C:\wamp\www\eventosonline\eventos\system\Database\MySQLi\Connection.php(331): mysqli->query('INSERT INTO `us...')
#1 C:\wamp\www\eventosonline\eventos\system\Database\BaseConnection.php(741): CodeIgniter\Database\MySQLi\Connection->execute('INSERT INTO `us...')
#2 C:\wamp\www\eventosonline\eventos\system\Database\BaseConnection.php(669): CodeIgniter\Database\BaseConnection->simpleQuery('INSERT INTO `us...')
#3 C:\wamp\www\eventosonline\eventos\system\Database\BaseBuilder.php(2249): CodeIgniter\Database\BaseConnection->query('INSERT INTO `us...', Array, false)
#4 C:\wamp\www\eventosonline\eventos\app\Models\EventoModel.php(31): CodeIgniter\Database\BaseBuilder->insert(Array)
#5 C:\wamp\www\eventosonline\eventos\app\Controllers\Atividades.php(37): App\Models\EventoModel->inscricaoEvento('5114', '2')
#6 C:\wamp\www\eventosonline\eventos\system\CodeIgniter.php(918): App\Controllers\Atividades->inscreverAtividade('2')
#7 C:\wamp\www\eventosonline\eventos\system\CodeIgniter.php(404): CodeIgniter\CodeIgniter->runController(Object(App\Controllers\Atividades))
#8 C:\wamp\www\eventosonline\eventos\system\CodeIgniter.php(312): CodeIgniter\CodeIgniter->handleRequest(NULL, Object(Config\Cache), false)
#9 C:\wamp\www\eventosonline\eventos\index.php(47): CodeIgniter\CodeIgniter->run()
#10 {main}
CRITICAL - 2021-06-29 11:15:54 --> Cannot add or update a child row: a foreign key constraint fails (`crfsp010_eventos`.`usuario_evento`, CONSTRAINT `FK_usuario_evento_eventos` FOREIGN KEY (`idEvento`) REFERENCES `eventos` (`id`))
#0 C:\wamp\www\eventosonline\eventos\system\Database\MySQLi\Connection.php(331): mysqli->query('INSERT INTO `us...')
#1 C:\wamp\www\eventosonline\eventos\system\Database\BaseConnection.php(741): CodeIgniter\Database\MySQLi\Connection->execute('INSERT INTO `us...')
#2 C:\wamp\www\eventosonline\eventos\system\Database\BaseConnection.php(669): CodeIgniter\Database\BaseConnection->simpleQuery('INSERT INTO `us...')
#3 C:\wamp\www\eventosonline\eventos\system\Database\BaseBuilder.php(2249): CodeIgniter\Database\BaseConnection->query('INSERT INTO `us...', Array, false)
#4 C:\wamp\www\eventosonline\eventos\app\Models\EventoModel.php(31): CodeIgniter\Database\BaseBuilder->insert(Array)
#5 C:\wamp\www\eventosonline\eventos\app\Controllers\Atividades.php(37): App\Models\EventoModel->inscricaoEvento('5114', '2')
#6 C:\wamp\www\eventosonline\eventos\system\CodeIgniter.php(918): App\Controllers\Atividades->inscreverAtividade('2')
#7 C:\wamp\www\eventosonline\eventos\system\CodeIgniter.php(404): CodeIgniter\CodeIgniter->runController(Object(App\Controllers\Atividades))
#8 C:\wamp\www\eventosonline\eventos\system\CodeIgniter.php(312): CodeIgniter\CodeIgniter->handleRequest(NULL, Object(Config\Cache), false)
#9 C:\wamp\www\eventosonline\eventos\index.php(47): CodeIgniter\CodeIgniter->run()
#10 {main}
CRITICAL - 2021-06-29 11:15:57 --> Undefined variable: atividade
#0 C:\wamp\www\eventosonline\eventos\app\Views\atividades.php(11): CodeIgniter\Debug\Exceptions->errorHandler(8, 'Undefined varia...', 'C:\\wamp\\www\\eve...', 11, Array)
#1 C:\wamp\www\eventosonline\eventos\system\View\View.php(246): include('C:\\wamp\\www\\eve...')
#2 C:\wamp\www\eventosonline\eventos\system\Common.php(1119): CodeIgniter\View\View->render('atividades', Array, true)
#3 C:\wamp\www\eventosonline\eventos\app\Controllers\Atividades.php(24): view('atividades')
#4 C:\wamp\www\eventosonline\eventos\system\CodeIgniter.php(918): App\Controllers\Atividades->index()
#5 C:\wamp\www\eventosonline\eventos\system\CodeIgniter.php(404): CodeIgniter\CodeIgniter->runController(Object(App\Controllers\Atividades))
#6 C:\wamp\www\eventosonline\eventos\system\CodeIgniter.php(312): CodeIgniter\CodeIgniter->handleRequest(NULL, Object(Config\Cache), false)
#7 C:\wamp\www\eventosonline\eventos\index.php(47): CodeIgniter\CodeIgniter->run()
#8 {main}
CRITICAL - 2021-06-29 11:17:48 --> syntax error, unexpected ';', expecting ')'
#0 C:\wamp\www\eventosonline\eventos\system\Router\Router.php(195): CodeIgniter\Router\Router->autoRoute('/atividades/ins...')
#1 C:\wamp\www\eventosonline\eventos\system\CodeIgniter.php(793): CodeIgniter\Router\Router->handle('/atividades/ins...')
#2 C:\wamp\www\eventosonline\eventos\system\CodeIgniter.php(364): CodeIgniter\CodeIgniter->tryToRouteIt(Object(CodeIgniter\Router\RouteCollection))
#3 C:\wamp\www\eventosonline\eventos\system\CodeIgniter.php(312): CodeIgniter\CodeIgniter->handleRequest(NULL, Object(Config\Cache), false)
#4 C:\wamp\www\eventosonline\eventos\index.php(47): CodeIgniter\CodeIgniter->run()
#5 {main}
CRITICAL - 2021-06-29 11:19:04 --> Call to undefined method App\Models\AtividadeModel::verAtividade
#0 C:\wamp\www\eventosonline\eventos\app\Controllers\Atividades.php(37): CodeIgniter\Model->__call('verAtividade', Array)
#1 C:\wamp\www\eventosonline\eventos\system\CodeIgniter.php(918): App\Controllers\Atividades->inscreverAtividade('1')
#2 C:\wamp\www\eventosonline\eventos\system\CodeIgniter.php(404): CodeIgniter\CodeIgniter->runController(Object(App\Controllers\Atividades))
#3 C:\wamp\www\eventosonline\eventos\system\CodeIgniter.php(312): CodeIgniter\CodeIgniter->handleRequest(NULL, Object(Config\Cache), false)
#4 C:\wamp\www\eventosonline\eventos\index.php(47): CodeIgniter\CodeIgniter->run()
#5 {main}
CRITICAL - 2021-06-29 11:19:07 --> Call to undefined method App\Models\AtividadeModel::verAtividade
#0 C:\wamp\www\eventosonline\eventos\app\Controllers\Atividades.php(37): CodeIgniter\Model->__call('verAtividade', Array)
#1 C:\wamp\www\eventosonline\eventos\system\CodeIgniter.php(918): App\Controllers\Atividades->inscreverAtividade('1')
#2 C:\wamp\www\eventosonline\eventos\system\CodeIgniter.php(404): CodeIgniter\CodeIgniter->runController(Object(App\Controllers\Atividades))
#3 C:\wamp\www\eventosonline\eventos\system\CodeIgniter.php(312): CodeIgniter\CodeIgniter->handleRequest(NULL, Object(Config\Cache), false)
#4 C:\wamp\www\eventosonline\eventos\index.php(47): CodeIgniter\CodeIgniter->run()
#5 {main}
CRITICAL - 2021-06-29 11:23:47 --> Call to undefined method App\Models\AtividadeModel::verAtividade
#0 C:\wamp\www\eventosonline\eventos\app\Controllers\Atividades.php(37): CodeIgniter\Model->__call('verAtividade', Array)
#1 C:\wamp\www\eventosonline\eventos\system\CodeIgniter.php(918): App\Controllers\Atividades->inscreverAtividade('1')
#2 C:\wamp\www\eventosonline\eventos\system\CodeIgniter.php(404): CodeIgniter\CodeIgniter->runController(Object(App\Controllers\Atividades))
#3 C:\wamp\www\eventosonline\eventos\system\CodeIgniter.php(312): CodeIgniter\CodeIgniter->handleRequest(NULL, Object(Config\Cache), false)
#4 C:\wamp\www\eventosonline\eventos\index.php(47): CodeIgniter\CodeIgniter->run()
#5 {main}
CRITICAL - 2021-06-29 11:29:08 --> Call to undefined method App\Models\AtividadeModel::verAtividade
#0 C:\wamp\www\eventosonline\eventos\app\Controllers\Atividades.php(37): CodeIgniter\Model->__call('verAtividade', Array)
#1 C:\wamp\www\eventosonline\eventos\system\CodeIgniter.php(918): App\Controllers\Atividades->inscreverAtividade('1')
#2 C:\wamp\www\eventosonline\eventos\system\CodeIgniter.php(404): CodeIgniter\CodeIgniter->runController(Object(App\Controllers\Atividades))
#3 C:\wamp\www\eventosonline\eventos\system\CodeIgniter.php(312): CodeIgniter\CodeIgniter->handleRequest(NULL, Object(Config\Cache), false)
#4 C:\wamp\www\eventosonline\eventos\index.php(47): CodeIgniter\CodeIgniter->run()
#5 {main}
CRITICAL - 2021-06-29 11:29:21 --> Call to undefined method App\Models\AtividadeModel::verAtividade
#0 C:\wamp\www\eventosonline\eventos\app\Controllers\Atividades.php(37): CodeIgniter\Model->__call('verAtividade', Array)
#1 C:\wamp\www\eventosonline\eventos\system\CodeIgniter.php(918): App\Controllers\Atividades->inscreverAtividade('1')
#2 C:\wamp\www\eventosonline\eventos\system\CodeIgniter.php(404): CodeIgniter\CodeIgniter->runController(Object(App\Controllers\Atividades))
#3 C:\wamp\www\eventosonline\eventos\system\CodeIgniter.php(312): CodeIgniter\CodeIgniter->handleRequest(NULL, Object(Config\Cache), false)
#4 C:\wamp\www\eventosonline\eventos\index.php(47): CodeIgniter\CodeIgniter->run()
#5 {main}
CRITICAL - 2021-06-29 11:29:24 --> Call to undefined method App\Models\AtividadeModel::verAtividade
#0 C:\wamp\www\eventosonline\eventos\app\Controllers\Atividades.php(37): CodeIgniter\Model->__call('verAtividade', Array)
#1 C:\wamp\www\eventosonline\eventos\system\CodeIgniter.php(918): App\Controllers\Atividades->inscreverAtividade('2')
#2 C:\wamp\www\eventosonline\eventos\system\CodeIgniter.php(404): CodeIgniter\CodeIgniter->runController(Object(App\Controllers\Atividades))
#3 C:\wamp\www\eventosonline\eventos\system\CodeIgniter.php(312): CodeIgniter\CodeIgniter->handleRequest(NULL, Object(Config\Cache), false)
#4 C:\wamp\www\eventosonline\eventos\index.php(47): CodeIgniter\CodeIgniter->run()
#5 {main}
CRITICAL - 2021-06-29 11:33:15 --> Undefined variable: atividade
#0 C:\wamp\www\eventosonline\eventos\app\Views\atividades.php(11): CodeIgniter\Debug\Exceptions->errorHandler(8, 'Undefined varia...', 'C:\\wamp\\www\\eve...', 11, Array)
#1 C:\wamp\www\eventosonline\eventos\system\View\View.php(246): include('C:\\wamp\\www\\eve...')
#2 C:\wamp\www\eventosonline\eventos\system\Common.php(1119): CodeIgniter\View\View->render('atividades', Array, true)
#3 C:\wamp\www\eventosonline\eventos\app\Controllers\Atividades.php(24): view('atividades')
#4 C:\wamp\www\eventosonline\eventos\system\CodeIgniter.php(918): App\Controllers\Atividades->index()
#5 C:\wamp\www\eventosonline\eventos\system\CodeIgniter.php(404): CodeIgniter\CodeIgniter->runController(Object(App\Controllers\Atividades))
#6 C:\wamp\www\eventosonline\eventos\system\CodeIgniter.php(312): CodeIgniter\CodeIgniter->handleRequest(NULL, Object(Config\Cache), false)
#7 C:\wamp\www\eventosonline\eventos\index.php(47): CodeIgniter\CodeIgniter->run()
#8 {main}
ERROR - 2021-06-29 11:53:08 --> mysqli_sql_exception: Cannot add or update a child row: a foreign key constraint fails (`crfsp010_eventos`.`usuario_evento`, CONSTRAINT `FK_usuario_evento_eventos` FOREIGN KEY (`idEvento`) REFERENCES `eventos` (`id`)) in C:\wamp\www\eventosonline\eventos\system\Database\MySQLi\Connection.php:331
Stack trace:
#0 C:\wamp\www\eventosonline\eventos\system\Database\MySQLi\Connection.php(331): mysqli->query('INSERT INTO `us...')
#1 C:\wamp\www\eventosonline\eventos\system\Database\BaseConnection.php(741): CodeIgniter\Database\MySQLi\Connection->execute('INSERT INTO `us...')
#2 C:\wamp\www\eventosonline\eventos\system\Database\BaseConnection.php(669): CodeIgniter\Database\BaseConnection->simpleQuery('INSERT INTO `us...')
#3 C:\wamp\www\eventosonline\eventos\system\Database\BaseBuilder.php(2249): CodeIgniter\Database\BaseConnection->query('INSERT INTO `us...', Array, false)
#4 C:\wamp\www\eventosonline\eventos\app\Models\EventoModel.php(31): CodeIgniter\Database\BaseBuilder->insert(Array)
#5 C:\wamp\www\eventosonline\eventos\app\Controllers\Eventos.php(38): App\Models\EventoModel->inscricaoEvento('5114', '1712')
#6 C:\wamp\www\eventosonline\eventos\system\CodeIgniter.php(918): App\Controllers\Eventos->inscreverEvento('1712')
#7 C:\wamp\www\eventosonline\eventos\system\CodeIgniter.php(404): CodeIgniter\CodeIgniter->runController(Object(App\Controllers\Eventos))
#8 C:\wamp\www\eventosonline\eventos\system\CodeIgniter.php(312): CodeIgniter\CodeIgniter->handleRequest(NULL, Object(Config\Cache), false)
#9 C:\wamp\www\eventosonline\eventos\index.php(47): CodeIgniter\CodeIgniter->run()
#10 {main}
CRITICAL - 2021-06-29 11:53:08 --> Cannot add or update a child row: a foreign key constraint fails (`crfsp010_eventos`.`usuario_evento`, CONSTRAINT `FK_usuario_evento_eventos` FOREIGN KEY (`idEvento`) REFERENCES `eventos` (`id`))
#0 C:\wamp\www\eventosonline\eventos\system\Database\MySQLi\Connection.php(331): mysqli->query('INSERT INTO `us...')
#1 C:\wamp\www\eventosonline\eventos\system\Database\BaseConnection.php(741): CodeIgniter\Database\MySQLi\Connection->execute('INSERT INTO `us...')
#2 C:\wamp\www\eventosonline\eventos\system\Database\BaseConnection.php(669): CodeIgniter\Database\BaseConnection->simpleQuery('INSERT INTO `us...')
#3 C:\wamp\www\eventosonline\eventos\system\Database\BaseBuilder.php(2249): CodeIgniter\Database\BaseConnection->query('INSERT INTO `us...', Array, false)
#4 C:\wamp\www\eventosonline\eventos\app\Models\EventoModel.php(31): CodeIgniter\Database\BaseBuilder->insert(Array)
#5 C:\wamp\www\eventosonline\eventos\app\Controllers\Eventos.php(38): App\Models\EventoModel->inscricaoEvento('5114', '1712')
#6 C:\wamp\www\eventosonline\eventos\system\CodeIgniter.php(918): App\Controllers\Eventos->inscreverEvento('1712')
#7 C:\wamp\www\eventosonline\eventos\system\CodeIgniter.php(404): CodeIgniter\CodeIgniter->runController(Object(App\Controllers\Eventos))
#8 C:\wamp\www\eventosonline\eventos\system\CodeIgniter.php(312): CodeIgniter\CodeIgniter->handleRequest(NULL, Object(Config\Cache), false)
#9 C:\wamp\www\eventosonline\eventos\index.php(47): CodeIgniter\CodeIgniter->run()
#10 {main}
CRITICAL - 2021-06-29 12:28:03 --> syntax error, unexpected 'this' (T_STRING), expecting ',' or ';'
#0 C:\wamp\www\eventosonline\eventos\system\Common.php(1119): CodeIgniter\View\View->render('listativ', Array, true)
#1 C:\wamp\www\eventosonline\eventos\app\Controllers\Atividades.php(177): view('listativ')
#2 C:\wamp\www\eventosonline\eventos\system\CodeIgniter.php(918): App\Controllers\Atividades->listativ()
#3 C:\wamp\www\eventosonline\eventos\system\CodeIgniter.php(404): CodeIgniter\CodeIgniter->runController(Object(App\Controllers\Atividades))
#4 C:\wamp\www\eventosonline\eventos\system\CodeIgniter.php(312): CodeIgniter\CodeIgniter->handleRequest(NULL, Object(Config\Cache), false)
#5 C:\wamp\www\eventosonline\eventos\index.php(47): CodeIgniter\CodeIgniter->run()
#6 {main}
CRITICAL - 2021-06-29 12:28:07 --> syntax error, unexpected 'this' (T_STRING), expecting ',' or ';'
#0 C:\wamp\www\eventosonline\eventos\system\Common.php(1119): CodeIgniter\View\View->render('listativ', Array, true)
#1 C:\wamp\www\eventosonline\eventos\app\Controllers\Atividades.php(177): view('listativ')
#2 C:\wamp\www\eventosonline\eventos\system\CodeIgniter.php(918): App\Controllers\Atividades->listativ()
#3 C:\wamp\www\eventosonline\eventos\system\CodeIgniter.php(404): CodeIgniter\CodeIgniter->runController(Object(App\Controllers\Atividades))
#4 C:\wamp\www\eventosonline\eventos\system\CodeIgniter.php(312): CodeIgniter\CodeIgniter->handleRequest(NULL, Object(Config\Cache), false)
#5 C:\wamp\www\eventosonline\eventos\index.php(47): CodeIgniter\CodeIgniter->run()
#6 {main}
CRITICAL - 2021-06-29 12:28:13 --> syntax error, unexpected 'this' (T_STRING), expecting ',' or ';'
#0 C:\wamp\www\eventosonline\eventos\system\Common.php(1119): CodeIgniter\View\View->render('listativ', Array, true)
#1 C:\wamp\www\eventosonline\eventos\app\Controllers\Atividades.php(177): view('listativ')
#2 C:\wamp\www\eventosonline\eventos\system\CodeIgniter.php(918): App\Controllers\Atividades->listativ()
#3 C:\wamp\www\eventosonline\eventos\system\CodeIgniter.php(404): CodeIgniter\CodeIgniter->runController(Object(App\Controllers\Atividades))
#4 C:\wamp\www\eventosonline\eventos\system\CodeIgniter.php(312): CodeIgniter\CodeIgniter->handleRequest(NULL, Object(Config\Cache), false)
#5 C:\wamp\www\eventosonline\eventos\index.php(47): CodeIgniter\CodeIgniter->run()
#6 {main}
