ERROR - 2021-09-17 11:58:40 --> mysqli_sql_exception: Cannot delete or update a parent row: a foreign key constraint fails (`crfsp010_eventos`.`atividade_evento`, CONSTRAINT `FK_atividade_evento_eventos` FOREIGN KEY (`idEvento`) REFERENCES `eventos` (`id`)) in /home/crfsp010/public_html/eventos/system/Database/MySQLi/Connection.php:331
Stack trace:
#0 /home/crfsp010/public_html/eventos/system/Database/MySQLi/Connection.php(331): mysqli->query('DELETE FROM `ev...')
#1 /home/crfsp010/public_html/eventos/system/Database/BaseConnection.php(741): CodeIgniter\Database\MySQLi\Connection->execute('DELETE FROM `ev...')
#2 /home/crfsp010/public_html/eventos/system/Database/BaseConnection.php(669): CodeIgniter\Database\BaseConnection->simpleQuery('DELETE FROM `ev...')
#3 /home/crfsp010/public_html/eventos/system/Database/BaseBuilder.php(2853): CodeIgniter\Database\BaseConnection->query('DELETE FROM `ev...', Array, false)
#4 /home/crfsp010/public_html/eventos/system/Model.php(977): CodeIgniter\Database\BaseBuilder->delete()
#5 /home/crfsp010/public_html/eventos/app/Controllers/Eventos.php(456): CodeIgniter\Model->delete(Array)
#6 /home/crfsp010/public_html/eventos/system/CodeIgniter.php(918): App\Controllers\Eventos->deletar('9')
#7 /home/crfsp010/public_html/eventos/system/CodeIgniter.php(404): CodeIgniter\CodeIgniter->runController(Object(App\Controllers\Eventos))
#8 /home/crfsp010/public_html/eventos/system/CodeIgniter.php(312): CodeIgniter\CodeIgniter->handleRequest(NULL, Object(Config\Cache), false)
#9 /home/crfsp010/public_html/eventos/index.php(47): CodeIgniter\CodeIgniter->run()
#10 {main}
ERROR - 2021-09-17 14:01:23 --> Email: sendWithSmtp throwed fsockopen(): unable to connect to ssl://cloud.farmaceuticosp.com.br:587 (Connection timed out)
ERROR - 2021-09-17 14:01:31 --> Email: sendWithSmtp throwed fsockopen(): unable to connect to ssl://cloud.farmaceuticosp.com.br:587 (Connection timed out)
ERROR - 2021-09-17 14:01:40 --> Email: sendWithSmtp throwed fsockopen(): unable to connect to ssl://cloud.farmaceuticosp.com.br:587 (Connection timed out)
ERROR - 2021-09-17 14:02:28 --> Email: sendWithSmtp throwed fsockopen(): unable to connect to ssl://cloud.farmaceuticosp.com.br:587 (Connection timed out)
ERROR - 2021-09-17 14:02:33 --> Email: sendWithSmtp throwed fsockopen(): unable to connect to ssl://cloud.farmaceuticosp.com.br:587 (Connection timed out)
ERROR - 2021-09-17 14:02:41 --> Email: sendWithSmtp throwed fsockopen(): unable to connect to ssl://cloud.farmaceuticosp.com.br:587 (Connection timed out)
ERROR - 2021-09-17 14:02:41 --> Email: sendWithSmtp throwed fsockopen(): unable to connect to ssl://cloud.farmaceuticosp.com.br:587 (Connection timed out)
ERROR - 2021-09-17 14:15:55 --> Email: sendWithSmtp throwed fsockopen(): unable to connect to ssl://cloud.farmaceuticosp.com.br:587 (Connection timed out)
ERROR - 2021-09-17 14:15:57 --> Email: sendWithSmtp throwed fsockopen(): unable to connect to ssl://cloud.farmaceuticosp.com.br:587 (Connection timed out)
ERROR - 2021-09-17 14:16:01 --> Email: sendWithSmtp throwed fsockopen(): unable to connect to ssl://cloud.farmaceuticosp.com.br:587 (Connection timed out)
ERROR - 2021-09-17 14:17:02 --> Email: sendWithSmtp throwed fsockopen(): unable to connect to ssl://cloud.farmaceuticosp.com.br:587 (Connection timed out)
ERROR - 2021-09-17 14:23:21 --> Email: sendWithSmtp throwed fsockopen(): unable to connect to ssl://cloud.farmaceuticosp.com.br:587 (Connection timed out)
ERROR - 2021-09-17 14:23:48 --> Email: sendWithSmtp throwed fsockopen(): unable to connect to ssl://cloud.farmaceuticosp.com.br:587 (Connection timed out)
ERROR - 2021-09-17 16:27:06 --> mysqli_sql_exception: In aggregated query without GROUP BY, expression #1 of SELECT list contains nonaggregated column 'crfsp010_eventos.atividade_evento.id'; this is incompatible with sql_mode=only_full_group_by in /home/crfsp010/public_html/eventos/system/Database/MySQLi/Connection.php:331
Stack trace:
#0 /home/crfsp010/public_html/eventos/system/Database/MySQLi/Connection.php(331): mysqli->query('SELECT *, SUM(H...')
#1 /home/crfsp010/public_html/eventos/system/Database/BaseConnection.php(741): CodeIgniter\Database\MySQLi\Connection->execute('SELECT *, SUM(H...')
#2 /home/crfsp010/public_html/eventos/system/Database/BaseConnection.php(669): CodeIgniter\Database\BaseConnection->simpleQuery('SELECT *, SUM(H...')
#3 /home/crfsp010/public_html/eventos/system/Database/BaseBuilder.php(1860): CodeIgniter\Database\BaseConnection->query('SELECT *, SUM(H...', Array, false)
#4 /home/crfsp010/public_html/eventos/system/Model.php(506): CodeIgniter\Database\BaseBuilder->get()
#5 /home/crfsp010/public_html/eventos/app/Models/AtividadeModel.php(89): CodeIgniter\Model->first()
#6 /home/crfsp010/public_html/eventos/app/Controllers/PdfController.php(31): App\Models\AtividadeModel->horasEvento('1')
#7 /home/crfsp010/public_html/eventos/system/CodeIgniter.php(918): App\Controllers\PdfController->index()
#8 /home/crfsp010/public_html/eventos/system/CodeIgniter.php(404): CodeIgniter\CodeIgniter->runController(Object(App\Controllers\PdfController))
#9 /home/crfsp010/public_html/eventos/system/CodeIgniter.php(312): CodeIgniter\CodeIgniter->handleRequest(NULL, Object(Config\Cache), false)
#10 /home/crfsp010/public_html/eventos/index.php(47): CodeIgniter\CodeIgniter->run()
#11 {main}
ERROR - 2021-09-17 16:27:29 --> mysqli_sql_exception: In aggregated query without GROUP BY, expression #1 of SELECT list contains nonaggregated column 'crfsp010_eventos.atividade_evento.id'; this is incompatible with sql_mode=only_full_group_by in /home/crfsp010/public_html/eventos/system/Database/MySQLi/Connection.php:331
Stack trace:
#0 /home/crfsp010/public_html/eventos/system/Database/MySQLi/Connection.php(331): mysqli->query('SELECT *, SUM(H...')
#1 /home/crfsp010/public_html/eventos/system/Database/BaseConnection.php(741): CodeIgniter\Database\MySQLi\Connection->execute('SELECT *, SUM(H...')
#2 /home/crfsp010/public_html/eventos/system/Database/BaseConnection.php(669): CodeIgniter\Database\BaseConnection->simpleQuery('SELECT *, SUM(H...')
#3 /home/crfsp010/public_html/eventos/system/Database/BaseBuilder.php(1860): CodeIgniter\Database\BaseConnection->query('SELECT *, SUM(H...', Array, false)
#4 /home/crfsp010/public_html/eventos/system/Model.php(506): CodeIgniter\Database\BaseBuilder->get()
#5 /home/crfsp010/public_html/eventos/app/Models/AtividadeModel.php(89): CodeIgniter\Model->first()
#6 /home/crfsp010/public_html/eventos/app/Controllers/PdfController.php(31): App\Models\AtividadeModel->horasEvento('1')
#7 /home/crfsp010/public_html/eventos/system/CodeIgniter.php(918): App\Controllers\PdfController->index()
#8 /home/crfsp010/public_html/eventos/system/CodeIgniter.php(404): CodeIgniter\CodeIgniter->runController(Object(App\Controllers\PdfController))
#9 /home/crfsp010/public_html/eventos/system/CodeIgniter.php(312): CodeIgniter\CodeIgniter->handleRequest(NULL, Object(Config\Cache), false)
#10 /home/crfsp010/public_html/eventos/index.php(47): CodeIgniter\CodeIgniter->run()
#11 {main}
ERROR - 2021-09-17 16:27:40 --> mysqli_sql_exception: In aggregated query without GROUP BY, expression #1 of SELECT list contains nonaggregated column 'crfsp010_eventos.atividade_evento.id'; this is incompatible with sql_mode=only_full_group_by in /home/crfsp010/public_html/eventos/system/Database/MySQLi/Connection.php:331
Stack trace:
#0 /home/crfsp010/public_html/eventos/system/Database/MySQLi/Connection.php(331): mysqli->query('SELECT *, SUM(H...')
#1 /home/crfsp010/public_html/eventos/system/Database/BaseConnection.php(741): CodeIgniter\Database\MySQLi\Connection->execute('SELECT *, SUM(H...')
#2 /home/crfsp010/public_html/eventos/system/Database/BaseConnection.php(669): CodeIgniter\Database\BaseConnection->simpleQuery('SELECT *, SUM(H...')
#3 /home/crfsp010/public_html/eventos/system/Database/BaseBuilder.php(1860): CodeIgniter\Database\BaseConnection->query('SELECT *, SUM(H...', Array, false)
#4 /home/crfsp010/public_html/eventos/system/Model.php(506): CodeIgniter\Database\BaseBuilder->get()
#5 /home/crfsp010/public_html/eventos/app/Models/AtividadeModel.php(89): CodeIgniter\Model->first()
#6 /home/crfsp010/public_html/eventos/app/Controllers/PdfController.php(79): App\Models\AtividadeModel->horasEvento('1')
#7 /home/crfsp010/public_html/eventos/app/Controllers/Eventos.php(111): App\Controllers\PdfController->gerarCertificado(Array)
#8 /home/crfsp010/public_html/eventos/system/CodeIgniter.php(918): App\Controllers\Eventos->gerarCertificado('1')
#9 /home/crfsp010/public_html/eventos/system/CodeIgniter.php(404): CodeIgniter\CodeIgniter->runController(Object(App\Controllers\Eventos))
#10 /home/crfsp010/public_html/eventos/system/CodeIgniter.php(312): CodeIgniter\CodeIgniter->handleRequest(NULL, Object(Config\Cache), false)
#11 /home/crfsp010/public_html/eventos/index.php(47): CodeIgniter\CodeIgniter->run()
#12 {main}
ERROR - 2021-09-17 16:29:31 --> mysqli_sql_exception: In aggregated query without GROUP BY, expression #1 of SELECT list contains nonaggregated column 'crfsp010_eventos.atividade_evento.id'; this is incompatible with sql_mode=only_full_group_by in /home/crfsp010/public_html/eventos/system/Database/MySQLi/Connection.php:331
Stack trace:
#0 /home/crfsp010/public_html/eventos/system/Database/MySQLi/Connection.php(331): mysqli->query('SELECT *, SUM(H...')
#1 /home/crfsp010/public_html/eventos/system/Database/BaseConnection.php(741): CodeIgniter\Database\MySQLi\Connection->execute('SELECT *, SUM(H...')
#2 /home/crfsp010/public_html/eventos/system/Database/BaseConnection.php(669): CodeIgniter\Database\BaseConnection->simpleQuery('SELECT *, SUM(H...')
#3 /home/crfsp010/public_html/eventos/system/Database/BaseBuilder.php(1860): CodeIgniter\Database\BaseConnection->query('SELECT *, SUM(H...', Array, false)
#4 /home/crfsp010/public_html/eventos/system/Model.php(506): CodeIgniter\Database\BaseBuilder->get()
#5 /home/crfsp010/public_html/eventos/app/Models/AtividadeModel.php(89): CodeIgniter\Model->first()
#6 /home/crfsp010/public_html/eventos/app/Controllers/PdfController.php(31): App\Models\AtividadeModel->horasEvento('7')
#7 /home/crfsp010/public_html/eventos/system/CodeIgniter.php(918): App\Controllers\PdfController->index()
#8 /home/crfsp010/public_html/eventos/system/CodeIgniter.php(404): CodeIgniter\CodeIgniter->runController(Object(App\Controllers\PdfController))
#9 /home/crfsp010/public_html/eventos/system/CodeIgniter.php(312): CodeIgniter\CodeIgniter->handleRequest(NULL, Object(Config\Cache), false)
#10 /home/crfsp010/public_html/eventos/index.php(47): CodeIgniter\CodeIgniter->run()
#11 {main}
ERROR - 2021-09-17 16:30:03 --> mysqli_sql_exception: In aggregated query without GROUP BY, expression #1 of SELECT list contains nonaggregated column 'crfsp010_eventos.atividade_evento.id'; this is incompatible with sql_mode=only_full_group_by in /home/crfsp010/public_html/eventos/system/Database/MySQLi/Connection.php:331
Stack trace:
#0 /home/crfsp010/public_html/eventos/system/Database/MySQLi/Connection.php(331): mysqli->query('SELECT *, SUM(H...')
#1 /home/crfsp010/public_html/eventos/system/Database/BaseConnection.php(741): CodeIgniter\Database\MySQLi\Connection->execute('SELECT *, SUM(H...')
#2 /home/crfsp010/public_html/eventos/system/Database/BaseConnection.php(669): CodeIgniter\Database\BaseConnection->simpleQuery('SELECT *, SUM(H...')
#3 /home/crfsp010/public_html/eventos/system/Database/BaseBuilder.php(1860): CodeIgniter\Database\BaseConnection->query('SELECT *, SUM(H...', Array, false)
#4 /home/crfsp010/public_html/eventos/system/Model.php(506): CodeIgniter\Database\BaseBuilder->get()
#5 /home/crfsp010/public_html/eventos/app/Models/AtividadeModel.php(89): CodeIgniter\Model->first()
#6 /home/crfsp010/public_html/eventos/app/Controllers/PdfController.php(79): App\Models\AtividadeModel->horasEvento('7')
#7 /home/crfsp010/public_html/eventos/app/Controllers/Eventos.php(111): App\Controllers\PdfController->gerarCertificado(Array)
#8 /home/crfsp010/public_html/eventos/system/CodeIgniter.php(918): App\Controllers\Eventos->gerarCertificado('7')
#9 /home/crfsp010/public_html/eventos/system/CodeIgniter.php(404): CodeIgniter\CodeIgniter->runController(Object(App\Controllers\Eventos))
#10 /home/crfsp010/public_html/eventos/system/CodeIgniter.php(312): CodeIgniter\CodeIgniter->handleRequest(NULL, Object(Config\Cache), false)
#11 /home/crfsp010/public_html/eventos/index.php(47): CodeIgniter\CodeIgniter->run()
#12 {main}
ERROR - 2021-09-17 22:33:11 --> Email: sendWithSmtp throwed fsockopen(): unable to connect to ssl://cloud.farmaceuticosp.com.br:587 (Connection timed out)
ERROR - 2021-09-17 22:33:37 --> Email: sendWithSmtp throwed fsockopen(): unable to connect to ssl://cloud.farmaceuticosp.com.br:587 (Connection timed out)
ERROR - 2021-09-17 22:34:50 --> Email: sendWithSmtp throwed fsockopen(): unable to connect to ssl://cloud.farmaceuticosp.com.br:587 (Connection timed out)
