CRITICAL - 2021-08-20 16:16:19 --> Undefined offset: 0
#0 /home/crfsp010/public_html/eventos/app/Views/inscrevase.php(227): CodeIgniter\Debug\Exceptions->errorHandler(8, 'Undefined offse...', '/home/crfsp010/...', 227, Array)
#1 /home/crfsp010/public_html/eventos/system/View/View.php(246): include('/home/crfsp010/...')
#2 /home/crfsp010/public_html/eventos/system/Common.php(1119): CodeIgniter\View\View->render('inscrevase', Array, true)
#3 /home/crfsp010/public_html/eventos/app/Controllers/Eventos.php(76): view('inscrevase')
#4 /home/crfsp010/public_html/eventos/system/CodeIgniter.php(918): App\Controllers\Eventos->inscrevase()
#5 /home/crfsp010/public_html/eventos/system/CodeIgniter.php(404): CodeIgniter\CodeIgniter->runController(Object(App\Controllers\Eventos))
#6 /home/crfsp010/public_html/eventos/system/CodeIgniter.php(312): CodeIgniter\CodeIgniter->handleRequest(NULL, Object(Config\Cache), false)
#7 /home/crfsp010/public_html/eventos/index.php(47): CodeIgniter\CodeIgniter->run()
#8 {main}
CRITICAL - 2021-08-20 16:17:24 --> Undefined index: inscrito
#0 /home/crfsp010/public_html/eventos/app/Views/inscrevase.php(235): CodeIgniter\Debug\Exceptions->errorHandler(8, 'Undefined index...', '/home/crfsp010/...', 235, Array)
#1 /home/crfsp010/public_html/eventos/system/View/View.php(246): include('/home/crfsp010/...')
#2 /home/crfsp010/public_html/eventos/system/Common.php(1119): CodeIgniter\View\View->render('inscrevase', Array, true)
#3 /home/crfsp010/public_html/eventos/app/Controllers/Eventos.php(76): view('inscrevase')
#4 /home/crfsp010/public_html/eventos/system/CodeIgniter.php(918): App\Controllers\Eventos->inscrevase()
#5 /home/crfsp010/public_html/eventos/system/CodeIgniter.php(404): CodeIgniter\CodeIgniter->runController(Object(App\Controllers\Eventos))
#6 /home/crfsp010/public_html/eventos/system/CodeIgniter.php(312): CodeIgniter\CodeIgniter->handleRequest(NULL, Object(Config\Cache), false)
#7 /home/crfsp010/public_html/eventos/index.php(47): CodeIgniter\CodeIgniter->run()
#8 {main}
CRITICAL - 2021-08-20 16:35:51 --> Illegal string offset 'tipo'
#0 /home/crfsp010/public_html/eventos/app/Views/editarAtividades.php(158): CodeIgniter\Debug\Exceptions->errorHandler(2, 'Illegal string ...', '/home/crfsp010/...', 158, Array)
#1 /home/crfsp010/public_html/eventos/system/View/View.php(246): include('/home/crfsp010/...')
#2 /home/crfsp010/public_html/eventos/system/Common.php(1119): CodeIgniter\View\View->render('editarAtividade...', Array, true)
#3 /home/crfsp010/public_html/eventos/app/Controllers/Atividades.php(195): view('editarAtividade...', Array)
#4 /home/crfsp010/public_html/eventos/system/CodeIgniter.php(918): App\Controllers\Atividades->editarAtividades()
#5 /home/crfsp010/public_html/eventos/system/CodeIgniter.php(404): CodeIgniter\CodeIgniter->runController(Object(App\Controllers\Atividades))
#6 /home/crfsp010/public_html/eventos/system/CodeIgniter.php(312): CodeIgniter\CodeIgniter->handleRequest(NULL, Object(Config\Cache), false)
#7 /home/crfsp010/public_html/eventos/index.php(47): CodeIgniter\CodeIgniter->run()
#8 {main}
CRITICAL - 2021-08-20 16:36:09 --> Illegal string offset 'assinatura'
#0 /home/crfsp010/public_html/eventos/app/Views/editarEventos.php(195): CodeIgniter\Debug\Exceptions->errorHandler(2, 'Illegal string ...', '/home/crfsp010/...', 195, Array)
#1 /home/crfsp010/public_html/eventos/system/View/View.php(246): include('/home/crfsp010/...')
#2 /home/crfsp010/public_html/eventos/system/Common.php(1119): CodeIgniter\View\View->render('editarEventos', Array, true)
#3 /home/crfsp010/public_html/eventos/app/Controllers/Eventos.php(374): view('editarEventos', Array)
#4 /home/crfsp010/public_html/eventos/system/CodeIgniter.php(918): App\Controllers\Eventos->editarEventos()
#5 /home/crfsp010/public_html/eventos/system/CodeIgniter.php(404): CodeIgniter\CodeIgniter->runController(Object(App\Controllers\Eventos))
#6 /home/crfsp010/public_html/eventos/system/CodeIgniter.php(312): CodeIgniter\CodeIgniter->handleRequest(NULL, Object(Config\Cache), false)
#7 /home/crfsp010/public_html/eventos/index.php(47): CodeIgniter\CodeIgniter->run()
#8 {main}
CRITICAL - 2021-08-20 16:36:32 --> Illegal string offset 'assinatura'
#0 /home/crfsp010/public_html/eventos/app/Views/editarEventos.php(195): CodeIgniter\Debug\Exceptions->errorHandler(2, 'Illegal string ...', '/home/crfsp010/...', 195, Array)
#1 /home/crfsp010/public_html/eventos/system/View/View.php(246): include('/home/crfsp010/...')
#2 /home/crfsp010/public_html/eventos/system/Common.php(1119): CodeIgniter\View\View->render('editarEventos', Array, true)
#3 /home/crfsp010/public_html/eventos/app/Controllers/Eventos.php(374): view('editarEventos', Array)
#4 /home/crfsp010/public_html/eventos/system/CodeIgniter.php(918): App\Controllers\Eventos->editarEventos()
#5 /home/crfsp010/public_html/eventos/system/CodeIgniter.php(404): CodeIgniter\CodeIgniter->runController(Object(App\Controllers\Eventos))
#6 /home/crfsp010/public_html/eventos/system/CodeIgniter.php(312): CodeIgniter\CodeIgniter->handleRequest(NULL, Object(Config\Cache), false)
#7 /home/crfsp010/public_html/eventos/index.php(47): CodeIgniter\CodeIgniter->run()
#8 {main}
CRITICAL - 2021-08-20 16:36:35 --> Illegal string offset 'assinatura'
#0 /home/crfsp010/public_html/eventos/app/Views/editarEventos.php(195): CodeIgniter\Debug\Exceptions->errorHandler(2, 'Illegal string ...', '/home/crfsp010/...', 195, Array)
#1 /home/crfsp010/public_html/eventos/system/View/View.php(246): include('/home/crfsp010/...')
#2 /home/crfsp010/public_html/eventos/system/Common.php(1119): CodeIgniter\View\View->render('editarEventos', Array, true)
#3 /home/crfsp010/public_html/eventos/app/Controllers/Eventos.php(374): view('editarEventos', Array)
#4 /home/crfsp010/public_html/eventos/system/CodeIgniter.php(918): App\Controllers\Eventos->editarEventos()
#5 /home/crfsp010/public_html/eventos/system/CodeIgniter.php(404): CodeIgniter\CodeIgniter->runController(Object(App\Controllers\Eventos))
#6 /home/crfsp010/public_html/eventos/system/CodeIgniter.php(312): CodeIgniter\CodeIgniter->handleRequest(NULL, Object(Config\Cache), false)
#7 /home/crfsp010/public_html/eventos/index.php(47): CodeIgniter\CodeIgniter->run()
#8 {main}
CRITICAL - 2021-08-20 16:37:31 --> Illegal string offset 'assinatura'
#0 /home/crfsp010/public_html/eventos/app/Views/editarEventos.php(195): CodeIgniter\Debug\Exceptions->errorHandler(2, 'Illegal string ...', '/home/crfsp010/...', 195, Array)
#1 /home/crfsp010/public_html/eventos/system/View/View.php(246): include('/home/crfsp010/...')
#2 /home/crfsp010/public_html/eventos/system/Common.php(1119): CodeIgniter\View\View->render('editarEventos', Array, true)
#3 /home/crfsp010/public_html/eventos/app/Controllers/Eventos.php(374): view('editarEventos', Array)
#4 /home/crfsp010/public_html/eventos/system/CodeIgniter.php(918): App\Controllers\Eventos->editarEventos()
#5 /home/crfsp010/public_html/eventos/system/CodeIgniter.php(404): CodeIgniter\CodeIgniter->runController(Object(App\Controllers\Eventos))
#6 /home/crfsp010/public_html/eventos/system/CodeIgniter.php(312): CodeIgniter\CodeIgniter->handleRequest(NULL, Object(Config\Cache), false)
#7 /home/crfsp010/public_html/eventos/index.php(47): CodeIgniter\CodeIgniter->run()
#8 {main}
CRITICAL - 2021-08-20 16:39:25 --> Illegal string offset 'assinatura'
#0 /home/crfsp010/public_html/eventos/app/Views/editarEventos.php(195): CodeIgniter\Debug\Exceptions->errorHandler(2, 'Illegal string ...', '/home/crfsp010/...', 195, Array)
#1 /home/crfsp010/public_html/eventos/system/View/View.php(246): include('/home/crfsp010/...')
#2 /home/crfsp010/public_html/eventos/system/Common.php(1119): CodeIgniter\View\View->render('editarEventos', Array, true)
#3 /home/crfsp010/public_html/eventos/app/Controllers/Eventos.php(374): view('editarEventos', Array)
#4 /home/crfsp010/public_html/eventos/system/CodeIgniter.php(918): App\Controllers\Eventos->editarEventos()
#5 /home/crfsp010/public_html/eventos/system/CodeIgniter.php(404): CodeIgniter\CodeIgniter->runController(Object(App\Controllers\Eventos))
#6 /home/crfsp010/public_html/eventos/system/CodeIgniter.php(312): CodeIgniter\CodeIgniter->handleRequest(NULL, Object(Config\Cache), false)
#7 /home/crfsp010/public_html/eventos/index.php(47): CodeIgniter\CodeIgniter->run()
#8 {main}
CRITICAL - 2021-08-20 16:43:42 --> Illegal string offset 'assinatura'
#0 /home/crfsp010/public_html/eventos/app/Views/editarEventos.php(195): CodeIgniter\Debug\Exceptions->errorHandler(2, 'Illegal string ...', '/home/crfsp010/...', 195, Array)
#1 /home/crfsp010/public_html/eventos/system/View/View.php(246): include('/home/crfsp010/...')
#2 /home/crfsp010/public_html/eventos/system/Common.php(1119): CodeIgniter\View\View->render('editarEventos', Array, true)
#3 /home/crfsp010/public_html/eventos/app/Controllers/Eventos.php(374): view('editarEventos', Array)
#4 /home/crfsp010/public_html/eventos/system/CodeIgniter.php(918): App\Controllers\Eventos->editarEventos()
#5 /home/crfsp010/public_html/eventos/system/CodeIgniter.php(404): CodeIgniter\CodeIgniter->runController(Object(App\Controllers\Eventos))
#6 /home/crfsp010/public_html/eventos/system/CodeIgniter.php(312): CodeIgniter\CodeIgniter->handleRequest(NULL, Object(Config\Cache), false)
#7 /home/crfsp010/public_html/eventos/index.php(47): CodeIgniter\CodeIgniter->run()
#8 {main}
CRITICAL - 2021-08-20 16:43:45 --> Illegal string offset 'assinatura'
#0 /home/crfsp010/public_html/eventos/app/Views/editarEventos.php(195): CodeIgniter\Debug\Exceptions->errorHandler(2, 'Illegal string ...', '/home/crfsp010/...', 195, Array)
#1 /home/crfsp010/public_html/eventos/system/View/View.php(246): include('/home/crfsp010/...')
#2 /home/crfsp010/public_html/eventos/system/Common.php(1119): CodeIgniter\View\View->render('editarEventos', Array, true)
#3 /home/crfsp010/public_html/eventos/app/Controllers/Eventos.php(374): view('editarEventos', Array)
#4 /home/crfsp010/public_html/eventos/system/CodeIgniter.php(918): App\Controllers\Eventos->editarEventos()
#5 /home/crfsp010/public_html/eventos/system/CodeIgniter.php(404): CodeIgniter\CodeIgniter->runController(Object(App\Controllers\Eventos))
#6 /home/crfsp010/public_html/eventos/system/CodeIgniter.php(312): CodeIgniter\CodeIgniter->handleRequest(NULL, Object(Config\Cache), false)
#7 /home/crfsp010/public_html/eventos/index.php(47): CodeIgniter\CodeIgniter->run()
#8 {main}
CRITICAL - 2021-08-20 16:44:58 --> Undefined variable: imagem
#0 /home/crfsp010/public_html/eventos/app/Views/editarEventos.php(139): CodeIgniter\Debug\Exceptions->errorHandler(8, 'Undefined varia...', '/home/crfsp010/...', 139, Array)
#1 /home/crfsp010/public_html/eventos/system/View/View.php(246): include('/home/crfsp010/...')
#2 /home/crfsp010/public_html/eventos/system/Common.php(1119): CodeIgniter\View\View->render('editarEventos', Array, true)
#3 /home/crfsp010/public_html/eventos/app/Controllers/Eventos.php(375): view('editarEventos')
#4 /home/crfsp010/public_html/eventos/system/CodeIgniter.php(918): App\Controllers\Eventos->editarEventos()
#5 /home/crfsp010/public_html/eventos/system/CodeIgniter.php(404): CodeIgniter\CodeIgniter->runController(Object(App\Controllers\Eventos))
#6 /home/crfsp010/public_html/eventos/system/CodeIgniter.php(312): CodeIgniter\CodeIgniter->handleRequest(NULL, Object(Config\Cache), false)
#7 /home/crfsp010/public_html/eventos/index.php(47): CodeIgniter\CodeIgniter->run()
#8 {main}
CRITICAL - 2021-08-20 16:45:08 --> Undefined variable: imagem
#0 /home/crfsp010/public_html/eventos/app/Views/editarEventos.php(139): CodeIgniter\Debug\Exceptions->errorHandler(8, 'Undefined varia...', '/home/crfsp010/...', 139, Array)
#1 /home/crfsp010/public_html/eventos/system/View/View.php(246): include('/home/crfsp010/...')
#2 /home/crfsp010/public_html/eventos/system/Common.php(1119): CodeIgniter\View\View->render('editarEventos', Array, true)
#3 /home/crfsp010/public_html/eventos/app/Controllers/Eventos.php(375): view('editarEventos')
#4 /home/crfsp010/public_html/eventos/system/CodeIgniter.php(918): App\Controllers\Eventos->editarEventos()
#5 /home/crfsp010/public_html/eventos/system/CodeIgniter.php(404): CodeIgniter\CodeIgniter->runController(Object(App\Controllers\Eventos))
#6 /home/crfsp010/public_html/eventos/system/CodeIgniter.php(312): CodeIgniter\CodeIgniter->handleRequest(NULL, Object(Config\Cache), false)
#7 /home/crfsp010/public_html/eventos/index.php(47): CodeIgniter\CodeIgniter->run()
#8 {main}
CRITICAL - 2021-08-20 16:45:08 --> Undefined variable: imagem
#0 /home/crfsp010/public_html/eventos/app/Views/editarEventos.php(139): CodeIgniter\Debug\Exceptions->errorHandler(8, 'Undefined varia...', '/home/crfsp010/...', 139, Array)
#1 /home/crfsp010/public_html/eventos/system/View/View.php(246): include('/home/crfsp010/...')
#2 /home/crfsp010/public_html/eventos/system/Common.php(1119): CodeIgniter\View\View->render('editarEventos', Array, true)
#3 /home/crfsp010/public_html/eventos/app/Controllers/Eventos.php(375): view('editarEventos')
#4 /home/crfsp010/public_html/eventos/system/CodeIgniter.php(918): App\Controllers\Eventos->editarEventos()
#5 /home/crfsp010/public_html/eventos/system/CodeIgniter.php(404): CodeIgniter\CodeIgniter->runController(Object(App\Controllers\Eventos))
#6 /home/crfsp010/public_html/eventos/system/CodeIgniter.php(312): CodeIgniter\CodeIgniter->handleRequest(NULL, Object(Config\Cache), false)
#7 /home/crfsp010/public_html/eventos/index.php(47): CodeIgniter\CodeIgniter->run()
#8 {main}
CRITICAL - 2021-08-20 16:45:50 --> Undefined variable: imagem
#0 /home/crfsp010/public_html/eventos/app/Views/editarEventos.php(139): CodeIgniter\Debug\Exceptions->errorHandler(8, 'Undefined varia...', '/home/crfsp010/...', 139, Array)
#1 /home/crfsp010/public_html/eventos/system/View/View.php(246): include('/home/crfsp010/...')
#2 /home/crfsp010/public_html/eventos/system/Common.php(1119): CodeIgniter\View\View->render('editarEventos', Array, true)
#3 /home/crfsp010/public_html/eventos/app/Controllers/Eventos.php(375): view('editarEventos')
#4 /home/crfsp010/public_html/eventos/system/CodeIgniter.php(918): App\Controllers\Eventos->editarEventos()
#5 /home/crfsp010/public_html/eventos/system/CodeIgniter.php(404): CodeIgniter\CodeIgniter->runController(Object(App\Controllers\Eventos))
#6 /home/crfsp010/public_html/eventos/system/CodeIgniter.php(312): CodeIgniter\CodeIgniter->handleRequest(NULL, Object(Config\Cache), false)
#7 /home/crfsp010/public_html/eventos/index.php(47): CodeIgniter\CodeIgniter->run()
#8 {main}
CRITICAL - 2021-08-20 16:47:28 --> Undefined variable: imagem
#0 /home/crfsp010/public_html/eventos/app/Views/editarEventos.php(139): CodeIgniter\Debug\Exceptions->errorHandler(8, 'Undefined varia...', '/home/crfsp010/...', 139, Array)
#1 /home/crfsp010/public_html/eventos/system/View/View.php(246): include('/home/crfsp010/...')
#2 /home/crfsp010/public_html/eventos/system/Common.php(1119): CodeIgniter\View\View->render('editarEventos', Array, true)
#3 /home/crfsp010/public_html/eventos/app/Controllers/Eventos.php(375): view('editarEventos')
#4 /home/crfsp010/public_html/eventos/system/CodeIgniter.php(918): App\Controllers\Eventos->editarEventos()
#5 /home/crfsp010/public_html/eventos/system/CodeIgniter.php(404): CodeIgniter\CodeIgniter->runController(Object(App\Controllers\Eventos))
#6 /home/crfsp010/public_html/eventos/system/CodeIgniter.php(312): CodeIgniter\CodeIgniter->handleRequest(NULL, Object(Config\Cache), false)
#7 /home/crfsp010/public_html/eventos/index.php(47): CodeIgniter\CodeIgniter->run()
#8 {main}
CRITICAL - 2021-08-20 16:49:30 --> Undefined variable: result
#0 /home/crfsp010/public_html/eventos/app/Views/editarEventos.php(139): CodeIgniter\Debug\Exceptions->errorHandler(8, 'Undefined varia...', '/home/crfsp010/...', 139, Array)
#1 /home/crfsp010/public_html/eventos/system/View/View.php(246): include('/home/crfsp010/...')
#2 /home/crfsp010/public_html/eventos/system/Common.php(1119): CodeIgniter\View\View->render('editarEventos', Array, true)
#3 /home/crfsp010/public_html/eventos/app/Controllers/Eventos.php(377): view('editarEventos')
#4 /home/crfsp010/public_html/eventos/system/CodeIgniter.php(918): App\Controllers\Eventos->editarEventos()
#5 /home/crfsp010/public_html/eventos/system/CodeIgniter.php(404): CodeIgniter\CodeIgniter->runController(Object(App\Controllers\Eventos))
#6 /home/crfsp010/public_html/eventos/system/CodeIgniter.php(312): CodeIgniter\CodeIgniter->handleRequest(NULL, Object(Config\Cache), false)
#7 /home/crfsp010/public_html/eventos/index.php(47): CodeIgniter\CodeIgniter->run()
#8 {main}
CRITICAL - 2021-08-20 16:50:55 --> Undefined variable: result
#0 /home/crfsp010/public_html/eventos/app/Views/editarEventos.php(139): CodeIgniter\Debug\Exceptions->errorHandler(8, 'Undefined varia...', '/home/crfsp010/...', 139, Array)
#1 /home/crfsp010/public_html/eventos/system/View/View.php(246): include('/home/crfsp010/...')
#2 /home/crfsp010/public_html/eventos/system/Common.php(1119): CodeIgniter\View\View->render('editarEventos', Array, true)
#3 /home/crfsp010/public_html/eventos/app/Controllers/Eventos.php(377): view('editarEventos')
#4 /home/crfsp010/public_html/eventos/system/CodeIgniter.php(918): App\Controllers\Eventos->editarEventos()
#5 /home/crfsp010/public_html/eventos/system/CodeIgniter.php(404): CodeIgniter\CodeIgniter->runController(Object(App\Controllers\Eventos))
#6 /home/crfsp010/public_html/eventos/system/CodeIgniter.php(312): CodeIgniter\CodeIgniter->handleRequest(NULL, Object(Config\Cache), false)
#7 /home/crfsp010/public_html/eventos/index.php(47): CodeIgniter\CodeIgniter->run()
#8 {main}
CRITICAL - 2021-08-20 16:51:06 --> Undefined variable: result
#0 /home/crfsp010/public_html/eventos/app/Views/editarEventos.php(142): CodeIgniter\Debug\Exceptions->errorHandler(8, 'Undefined varia...', '/home/crfsp010/...', 142, Array)
#1 /home/crfsp010/public_html/eventos/system/View/View.php(246): include('/home/crfsp010/...')
#2 /home/crfsp010/public_html/eventos/system/Common.php(1119): CodeIgniter\View\View->render('editarEventos', Array, true)
#3 /home/crfsp010/public_html/eventos/app/Controllers/Eventos.php(377): view('editarEventos')
#4 /home/crfsp010/public_html/eventos/system/CodeIgniter.php(918): App\Controllers\Eventos->editarEventos()
#5 /home/crfsp010/public_html/eventos/system/CodeIgniter.php(404): CodeIgniter\CodeIgniter->runController(Object(App\Controllers\Eventos))
#6 /home/crfsp010/public_html/eventos/system/CodeIgniter.php(312): CodeIgniter\CodeIgniter->handleRequest(NULL, Object(Config\Cache), false)
#7 /home/crfsp010/public_html/eventos/index.php(47): CodeIgniter\CodeIgniter->run()
#8 {main}
CRITICAL - 2021-08-20 16:51:07 --> Undefined variable: result
#0 /home/crfsp010/public_html/eventos/app/Views/editarEventos.php(142): CodeIgniter\Debug\Exceptions->errorHandler(8, 'Undefined varia...', '/home/crfsp010/...', 142, Array)
#1 /home/crfsp010/public_html/eventos/system/View/View.php(246): include('/home/crfsp010/...')
#2 /home/crfsp010/public_html/eventos/system/Common.php(1119): CodeIgniter\View\View->render('editarEventos', Array, true)
#3 /home/crfsp010/public_html/eventos/app/Controllers/Eventos.php(377): view('editarEventos')
#4 /home/crfsp010/public_html/eventos/system/CodeIgniter.php(918): App\Controllers\Eventos->editarEventos()
#5 /home/crfsp010/public_html/eventos/system/CodeIgniter.php(404): CodeIgniter\CodeIgniter->runController(Object(App\Controllers\Eventos))
#6 /home/crfsp010/public_html/eventos/system/CodeIgniter.php(312): CodeIgniter\CodeIgniter->handleRequest(NULL, Object(Config\Cache), false)
#7 /home/crfsp010/public_html/eventos/index.php(47): CodeIgniter\CodeIgniter->run()
#8 {main}
CRITICAL - 2021-08-20 16:51:08 --> Undefined variable: result
#0 /home/crfsp010/public_html/eventos/app/Views/editarEventos.php(142): CodeIgniter\Debug\Exceptions->errorHandler(8, 'Undefined varia...', '/home/crfsp010/...', 142, Array)
#1 /home/crfsp010/public_html/eventos/system/View/View.php(246): include('/home/crfsp010/...')
#2 /home/crfsp010/public_html/eventos/system/Common.php(1119): CodeIgniter\View\View->render('editarEventos', Array, true)
#3 /home/crfsp010/public_html/eventos/app/Controllers/Eventos.php(377): view('editarEventos')
#4 /home/crfsp010/public_html/eventos/system/CodeIgniter.php(918): App\Controllers\Eventos->editarEventos()
#5 /home/crfsp010/public_html/eventos/system/CodeIgniter.php(404): CodeIgniter\CodeIgniter->runController(Object(App\Controllers\Eventos))
#6 /home/crfsp010/public_html/eventos/system/CodeIgniter.php(312): CodeIgniter\CodeIgniter->handleRequest(NULL, Object(Config\Cache), false)
#7 /home/crfsp010/public_html/eventos/index.php(47): CodeIgniter\CodeIgniter->run()
#8 {main}
CRITICAL - 2021-08-20 16:51:09 --> Undefined variable: result
#0 /home/crfsp010/public_html/eventos/app/Views/editarEventos.php(142): CodeIgniter\Debug\Exceptions->errorHandler(8, 'Undefined varia...', '/home/crfsp010/...', 142, Array)
#1 /home/crfsp010/public_html/eventos/system/View/View.php(246): include('/home/crfsp010/...')
#2 /home/crfsp010/public_html/eventos/system/Common.php(1119): CodeIgniter\View\View->render('editarEventos', Array, true)
#3 /home/crfsp010/public_html/eventos/app/Controllers/Eventos.php(377): view('editarEventos')
#4 /home/crfsp010/public_html/eventos/system/CodeIgniter.php(918): App\Controllers\Eventos->editarEventos()
#5 /home/crfsp010/public_html/eventos/system/CodeIgniter.php(404): CodeIgniter\CodeIgniter->runController(Object(App\Controllers\Eventos))
#6 /home/crfsp010/public_html/eventos/system/CodeIgniter.php(312): CodeIgniter\CodeIgniter->handleRequest(NULL, Object(Config\Cache), false)
#7 /home/crfsp010/public_html/eventos/index.php(47): CodeIgniter\CodeIgniter->run()
#8 {main}
CRITICAL - 2021-08-20 16:51:46 --> Undefined variable: result
#0 /home/crfsp010/public_html/eventos/app/Views/editarEventos.php(142): CodeIgniter\Debug\Exceptions->errorHandler(8, 'Undefined varia...', '/home/crfsp010/...', 142, Array)
#1 /home/crfsp010/public_html/eventos/system/View/View.php(246): include('/home/crfsp010/...')
#2 /home/crfsp010/public_html/eventos/system/Common.php(1119): CodeIgniter\View\View->render('editarEventos', Array, true)
#3 /home/crfsp010/public_html/eventos/app/Controllers/Eventos.php(377): view('editarEventos')
#4 /home/crfsp010/public_html/eventos/system/CodeIgniter.php(918): App\Controllers\Eventos->editarEventos()
#5 /home/crfsp010/public_html/eventos/system/CodeIgniter.php(404): CodeIgniter\CodeIgniter->runController(Object(App\Controllers\Eventos))
#6 /home/crfsp010/public_html/eventos/system/CodeIgniter.php(312): CodeIgniter\CodeIgniter->handleRequest(NULL, Object(Config\Cache), false)
#7 /home/crfsp010/public_html/eventos/index.php(47): CodeIgniter\CodeIgniter->run()
#8 {main}
CRITICAL - 2021-08-20 16:52:04 --> Undefined variable: result
#0 /home/crfsp010/public_html/eventos/app/Views/editarEventos.php(142): CodeIgniter\Debug\Exceptions->errorHandler(8, 'Undefined varia...', '/home/crfsp010/...', 142, Array)
#1 /home/crfsp010/public_html/eventos/system/View/View.php(246): include('/home/crfsp010/...')
#2 /home/crfsp010/public_html/eventos/system/Common.php(1119): CodeIgniter\View\View->render('editarEventos', Array, true)
#3 /home/crfsp010/public_html/eventos/app/Controllers/Eventos.php(377): view('editarEventos')
#4 /home/crfsp010/public_html/eventos/system/CodeIgniter.php(918): App\Controllers\Eventos->editarEventos()
#5 /home/crfsp010/public_html/eventos/system/CodeIgniter.php(404): CodeIgniter\CodeIgniter->runController(Object(App\Controllers\Eventos))
#6 /home/crfsp010/public_html/eventos/system/CodeIgniter.php(312): CodeIgniter\CodeIgniter->handleRequest(NULL, Object(Config\Cache), false)
#7 /home/crfsp010/public_html/eventos/index.php(47): CodeIgniter\CodeIgniter->run()
#8 {main}
CRITICAL - 2021-08-20 16:52:05 --> Undefined variable: result
#0 /home/crfsp010/public_html/eventos/app/Views/editarEventos.php(142): CodeIgniter\Debug\Exceptions->errorHandler(8, 'Undefined varia...', '/home/crfsp010/...', 142, Array)
#1 /home/crfsp010/public_html/eventos/system/View/View.php(246): include('/home/crfsp010/...')
#2 /home/crfsp010/public_html/eventos/system/Common.php(1119): CodeIgniter\View\View->render('editarEventos', Array, true)
#3 /home/crfsp010/public_html/eventos/app/Controllers/Eventos.php(377): view('editarEventos')
#4 /home/crfsp010/public_html/eventos/system/CodeIgniter.php(918): App\Controllers\Eventos->editarEventos()
#5 /home/crfsp010/public_html/eventos/system/CodeIgniter.php(404): CodeIgniter\CodeIgniter->runController(Object(App\Controllers\Eventos))
#6 /home/crfsp010/public_html/eventos/system/CodeIgniter.php(312): CodeIgniter\CodeIgniter->handleRequest(NULL, Object(Config\Cache), false)
#7 /home/crfsp010/public_html/eventos/index.php(47): CodeIgniter\CodeIgniter->run()
#8 {main}
CRITICAL - 2021-08-20 16:52:05 --> Undefined variable: result
#0 /home/crfsp010/public_html/eventos/app/Views/editarEventos.php(142): CodeIgniter\Debug\Exceptions->errorHandler(8, 'Undefined varia...', '/home/crfsp010/...', 142, Array)
#1 /home/crfsp010/public_html/eventos/system/View/View.php(246): include('/home/crfsp010/...')
#2 /home/crfsp010/public_html/eventos/system/Common.php(1119): CodeIgniter\View\View->render('editarEventos', Array, true)
#3 /home/crfsp010/public_html/eventos/app/Controllers/Eventos.php(377): view('editarEventos')
#4 /home/crfsp010/public_html/eventos/system/CodeIgniter.php(918): App\Controllers\Eventos->editarEventos()
#5 /home/crfsp010/public_html/eventos/system/CodeIgniter.php(404): CodeIgniter\CodeIgniter->runController(Object(App\Controllers\Eventos))
#6 /home/crfsp010/public_html/eventos/system/CodeIgniter.php(312): CodeIgniter\CodeIgniter->handleRequest(NULL, Object(Config\Cache), false)
#7 /home/crfsp010/public_html/eventos/index.php(47): CodeIgniter\CodeIgniter->run()
#8 {main}
CRITICAL - 2021-08-20 16:52:17 --> Undefined variable: titulo
#0 /home/crfsp010/public_html/eventos/app/Views/editarEventos.php(147): CodeIgniter\Debug\Exceptions->errorHandler(8, 'Undefined varia...', '/home/crfsp010/...', 147, Array)
#1 /home/crfsp010/public_html/eventos/system/View/View.php(246): include('/home/crfsp010/...')
#2 /home/crfsp010/public_html/eventos/system/Common.php(1119): CodeIgniter\View\View->render('editarEventos', Array, true)
#3 /home/crfsp010/public_html/eventos/app/Controllers/Eventos.php(377): view('editarEventos')
#4 /home/crfsp010/public_html/eventos/system/CodeIgniter.php(918): App\Controllers\Eventos->editarEventos()
#5 /home/crfsp010/public_html/eventos/system/CodeIgniter.php(404): CodeIgniter\CodeIgniter->runController(Object(App\Controllers\Eventos))
#6 /home/crfsp010/public_html/eventos/system/CodeIgniter.php(312): CodeIgniter\CodeIgniter->handleRequest(NULL, Object(Config\Cache), false)
#7 /home/crfsp010/public_html/eventos/index.php(47): CodeIgniter\CodeIgniter->run()
#8 {main}
CRITICAL - 2021-08-20 16:53:18 --> Illegal string offset 'assinatura'
#0 /home/crfsp010/public_html/eventos/app/Views/editarEventos.php(198): CodeIgniter\Debug\Exceptions->errorHandler(2, 'Illegal string ...', '/home/crfsp010/...', 198, Array)
#1 /home/crfsp010/public_html/eventos/system/View/View.php(246): include('/home/crfsp010/...')
#2 /home/crfsp010/public_html/eventos/system/Common.php(1119): CodeIgniter\View\View->render('editarEventos', Array, true)
#3 /home/crfsp010/public_html/eventos/app/Controllers/Eventos.php(377): view('editarEventos', Array)
#4 /home/crfsp010/public_html/eventos/system/CodeIgniter.php(918): App\Controllers\Eventos->editarEventos()
#5 /home/crfsp010/public_html/eventos/system/CodeIgniter.php(404): CodeIgniter\CodeIgniter->runController(Object(App\Controllers\Eventos))
#6 /home/crfsp010/public_html/eventos/system/CodeIgniter.php(312): CodeIgniter\CodeIgniter->handleRequest(NULL, Object(Config\Cache), false)
#7 /home/crfsp010/public_html/eventos/index.php(47): CodeIgniter\CodeIgniter->run()
#8 {main}
CRITICAL - 2021-08-20 16:54:11 --> Undefined variable: result
#0 /home/crfsp010/public_html/eventos/app/Views/editarEventos.php(142): CodeIgniter\Debug\Exceptions->errorHandler(8, 'Undefined varia...', '/home/crfsp010/...', 142, Array)
#1 /home/crfsp010/public_html/eventos/system/View/View.php(246): include('/home/crfsp010/...')
#2 /home/crfsp010/public_html/eventos/system/Common.php(1119): CodeIgniter\View\View->render('editarEventos', Array, true)
#3 /home/crfsp010/public_html/eventos/app/Controllers/Eventos.php(377): view('editarEventos', Array)
#4 /home/crfsp010/public_html/eventos/system/CodeIgniter.php(918): App\Controllers\Eventos->editarEventos()
#5 /home/crfsp010/public_html/eventos/system/CodeIgniter.php(404): CodeIgniter\CodeIgniter->runController(Object(App\Controllers\Eventos))
#6 /home/crfsp010/public_html/eventos/system/CodeIgniter.php(312): CodeIgniter\CodeIgniter->handleRequest(NULL, Object(Config\Cache), false)
#7 /home/crfsp010/public_html/eventos/index.php(47): CodeIgniter\CodeIgniter->run()
#8 {main}
CRITICAL - 2021-08-20 16:54:56 --> Illegal string offset 'assinatura'
#0 /home/crfsp010/public_html/eventos/app/Views/editarEventos.php(198): CodeIgniter\Debug\Exceptions->errorHandler(2, 'Illegal string ...', '/home/crfsp010/...', 198, Array)
#1 /home/crfsp010/public_html/eventos/system/View/View.php(246): include('/home/crfsp010/...')
#2 /home/crfsp010/public_html/eventos/system/Common.php(1119): CodeIgniter\View\View->render('editarEventos', Array, true)
#3 /home/crfsp010/public_html/eventos/app/Controllers/Eventos.php(377): view('editarEventos', Array)
#4 /home/crfsp010/public_html/eventos/system/CodeIgniter.php(918): App\Controllers\Eventos->editarEventos()
#5 /home/crfsp010/public_html/eventos/system/CodeIgniter.php(404): CodeIgniter\CodeIgniter->runController(Object(App\Controllers\Eventos))
#6 /home/crfsp010/public_html/eventos/system/CodeIgniter.php(312): CodeIgniter\CodeIgniter->handleRequest(NULL, Object(Config\Cache), false)
#7 /home/crfsp010/public_html/eventos/index.php(47): CodeIgniter\CodeIgniter->run()
#8 {main}
CRITICAL - 2021-08-20 16:56:16 --> Undefined variable: result
#0 /home/crfsp010/public_html/eventos/app/Views/editarEventos.php(198): CodeIgniter\Debug\Exceptions->errorHandler(8, 'Undefined varia...', '/home/crfsp010/...', 198, Array)
#1 /home/crfsp010/public_html/eventos/system/View/View.php(246): include('/home/crfsp010/...')
#2 /home/crfsp010/public_html/eventos/system/Common.php(1119): CodeIgniter\View\View->render('editarEventos', Array, true)
#3 /home/crfsp010/public_html/eventos/app/Controllers/Eventos.php(377): view('editarEventos', Array)
#4 /home/crfsp010/public_html/eventos/system/CodeIgniter.php(918): App\Controllers\Eventos->editarEventos()
#5 /home/crfsp010/public_html/eventos/system/CodeIgniter.php(404): CodeIgniter\CodeIgniter->runController(Object(App\Controllers\Eventos))
#6 /home/crfsp010/public_html/eventos/system/CodeIgniter.php(312): CodeIgniter\CodeIgniter->handleRequest(NULL, Object(Config\Cache), false)
#7 /home/crfsp010/public_html/eventos/index.php(47): CodeIgniter\CodeIgniter->run()
#8 {main}
CRITICAL - 2021-08-20 17:22:50 --> Illegal string offset 'type'
#0 /home/crfsp010/public_html/eventos/app/Views/editarUser.php(216): CodeIgniter\Debug\Exceptions->errorHandler(2, 'Illegal string ...', '/home/crfsp010/...', 216, Array)
#1 /home/crfsp010/public_html/eventos/system/View/View.php(246): include('/home/crfsp010/...')
#2 /home/crfsp010/public_html/eventos/system/Common.php(1119): CodeIgniter\View\View->render('editarUser', Array, true)
#3 /home/crfsp010/public_html/eventos/app/Controllers/Users.php(464): view('editarUser', Array)
#4 /home/crfsp010/public_html/eventos/system/CodeIgniter.php(918): App\Controllers\Users->editarUser()
#5 /home/crfsp010/public_html/eventos/system/CodeIgniter.php(404): CodeIgniter\CodeIgniter->runController(Object(App\Controllers\Users))
#6 /home/crfsp010/public_html/eventos/system/CodeIgniter.php(312): CodeIgniter\CodeIgniter->handleRequest(NULL, Object(Config\Cache), false)
#7 /home/crfsp010/public_html/eventos/index.php(47): CodeIgniter\CodeIgniter->run()
#8 {main}
CRITICAL - 2021-08-20 17:29:57 --> Illegal string offset 'tipo'
#0 /home/crfsp010/public_html/eventos/app/Views/editarAtividades.php(158): CodeIgniter\Debug\Exceptions->errorHandler(2, 'Illegal string ...', '/home/crfsp010/...', 158, Array)
#1 /home/crfsp010/public_html/eventos/system/View/View.php(246): include('/home/crfsp010/...')
#2 /home/crfsp010/public_html/eventos/system/Common.php(1119): CodeIgniter\View\View->render('editarAtividade...', Array, true)
#3 /home/crfsp010/public_html/eventos/app/Controllers/Atividades.php(195): view('editarAtividade...', Array)
#4 /home/crfsp010/public_html/eventos/system/CodeIgniter.php(918): App\Controllers\Atividades->editarAtividades()
#5 /home/crfsp010/public_html/eventos/system/CodeIgniter.php(404): CodeIgniter\CodeIgniter->runController(Object(App\Controllers\Atividades))
#6 /home/crfsp010/public_html/eventos/system/CodeIgniter.php(312): CodeIgniter\CodeIgniter->handleRequest(NULL, Object(Config\Cache), false)
#7 /home/crfsp010/public_html/eventos/index.php(47): CodeIgniter\CodeIgniter->run()
#8 {main}
CRITICAL - 2021-08-20 17:30:04 --> Illegal string offset 'tipo'
#0 /home/crfsp010/public_html/eventos/app/Views/editarAtividades.php(158): CodeIgniter\Debug\Exceptions->errorHandler(2, 'Illegal string ...', '/home/crfsp010/...', 158, Array)
#1 /home/crfsp010/public_html/eventos/system/View/View.php(246): include('/home/crfsp010/...')
#2 /home/crfsp010/public_html/eventos/system/Common.php(1119): CodeIgniter\View\View->render('editarAtividade...', Array, true)
#3 /home/crfsp010/public_html/eventos/app/Controllers/Atividades.php(195): view('editarAtividade...', Array)
#4 /home/crfsp010/public_html/eventos/system/CodeIgniter.php(918): App\Controllers\Atividades->editarAtividades()
#5 /home/crfsp010/public_html/eventos/system/CodeIgniter.php(404): CodeIgniter\CodeIgniter->runController(Object(App\Controllers\Atividades))
#6 /home/crfsp010/public_html/eventos/system/CodeIgniter.php(312): CodeIgniter\CodeIgniter->handleRequest(NULL, Object(Config\Cache), false)
#7 /home/crfsp010/public_html/eventos/index.php(47): CodeIgniter\CodeIgniter->run()
#8 {main}
CRITICAL - 2021-08-20 17:30:04 --> Illegal string offset 'tipo'
#0 /home/crfsp010/public_html/eventos/app/Views/editarAtividades.php(158): CodeIgniter\Debug\Exceptions->errorHandler(2, 'Illegal string ...', '/home/crfsp010/...', 158, Array)
#1 /home/crfsp010/public_html/eventos/system/View/View.php(246): include('/home/crfsp010/...')
#2 /home/crfsp010/public_html/eventos/system/Common.php(1119): CodeIgniter\View\View->render('editarAtividade...', Array, true)
#3 /home/crfsp010/public_html/eventos/app/Controllers/Atividades.php(195): view('editarAtividade...', Array)
#4 /home/crfsp010/public_html/eventos/system/CodeIgniter.php(918): App\Controllers\Atividades->editarAtividades()
#5 /home/crfsp010/public_html/eventos/system/CodeIgniter.php(404): CodeIgniter\CodeIgniter->runController(Object(App\Controllers\Atividades))
#6 /home/crfsp010/public_html/eventos/system/CodeIgniter.php(312): CodeIgniter\CodeIgniter->handleRequest(NULL, Object(Config\Cache), false)
#7 /home/crfsp010/public_html/eventos/index.php(47): CodeIgniter\CodeIgniter->run()
#8 {main}
CRITICAL - 2021-08-20 20:17:57 --> Illegal string offset 'type'
#0 /home/crfsp010/public_html/eventos/app/Views/editarUser.php(216): CodeIgniter\Debug\Exceptions->errorHandler(2, 'Illegal string ...', '/home/crfsp010/...', 216, Array)
#1 /home/crfsp010/public_html/eventos/system/View/View.php(246): include('/home/crfsp010/...')
#2 /home/crfsp010/public_html/eventos/system/Common.php(1119): CodeIgniter\View\View->render('editarUser', Array, true)
#3 /home/crfsp010/public_html/eventos/app/Controllers/Users.php(464): view('editarUser', Array)
#4 /home/crfsp010/public_html/eventos/system/CodeIgniter.php(918): App\Controllers\Users->editarUser()
#5 /home/crfsp010/public_html/eventos/system/CodeIgniter.php(404): CodeIgniter\CodeIgniter->runController(Object(App\Controllers\Users))
#6 /home/crfsp010/public_html/eventos/system/CodeIgniter.php(312): CodeIgniter\CodeIgniter->handleRequest(NULL, Object(Config\Cache), false)
#7 /home/crfsp010/public_html/eventos/index.php(47): CodeIgniter\CodeIgniter->run()
#8 {main}
