ERROR - 2021-11-17 09:39:23 --> Error connecting to the database: Access denied for user '****'@'localhost' (using password: YES)
CRITICAL - 2021-11-17 09:39:23 --> Unable to connect to the database.
#0 C:\wamp\www\portal\eventos\system\Database\BaseConnection.php(646): CodeIgniter\Database\BaseConnection->initialize()
#1 C:\wamp\www\portal\eventos\system\Database\BaseBuilder.php(1860): CodeIgniter\Database\BaseConnection->query('SELECT *\nFROM `...', Array, false)
#2 C:\wamp\www\portal\eventos\system\Model.php(506): CodeIgniter\Database\BaseBuilder->get()
#3 C:\wamp\www\portal\eventos\app\Validation\UserRules.php(12): CodeIgniter\Model->first()
#4 C:\wamp\www\portal\eventos\system\Validation\Validation.php(325): App\Validation\UserRules->validateUser('123456789', 'email,senha', Array, NULL)
#5 C:\wamp\www\portal\eventos\system\Validation\Validation.php(189): CodeIgniter\Validation\Validation->processRules('senha', 'senha', '123456789', Array, Array)
#6 C:\wamp\www\portal\eventos\system\Controller.php(219): CodeIgniter\Validation\Validation->run()
#7 C:\wamp\www\portal\eventos\app\Controllers\Users.php(37): CodeIgniter\Controller->validate(Array, Array)
#8 C:\wamp\www\portal\eventos\system\CodeIgniter.php(918): App\Controllers\Users->index()
#9 C:\wamp\www\portal\eventos\system\CodeIgniter.php(404): CodeIgniter\CodeIgniter->runController(Object(App\Controllers\Users))
#10 C:\wamp\www\portal\eventos\system\CodeIgniter.php(312): CodeIgniter\CodeIgniter->handleRequest(NULL, Object(Config\Cache), false)
#11 C:\wamp\www\portal\eventos\index.php(47): CodeIgniter\CodeIgniter->run()
#12 {main}
ERROR - 2021-11-17 09:42:22 --> mysqli_sql_exception: Unknown column 'listaEvento' in 'where clause' in C:\wamp\www\portal\eventos\system\Database\MySQLi\Connection.php:331
Stack trace:
#0 C:\wamp\www\portal\eventos\system\Database\MySQLi\Connection.php(331): mysqli->query('SELECT `corSecu...')
#1 C:\wamp\www\portal\eventos\system\Database\BaseConnection.php(741): CodeIgniter\Database\MySQLi\Connection->execute('SELECT `corSecu...')
#2 C:\wamp\www\portal\eventos\system\Database\BaseConnection.php(669): CodeIgniter\Database\BaseConnection->simpleQuery('SELECT `corSecu...')
#3 C:\wamp\www\portal\eventos\system\Database\BaseBuilder.php(1860): CodeIgniter\Database\BaseConnection->query('SELECT `corSecu...', Array, false)
#4 C:\wamp\www\portal\eventos\system\Model.php(404): CodeIgniter\Database\BaseBuilder->get()
#5 C:\wamp\www\portal\eventos\app\Controllers\Eventos.php(166): CodeIgniter\Model->find()
#6 C:\wamp\www\portal\eventos\system\CodeIgniter.php(918): App\Controllers\Eventos->listaEvento()
#7 C:\wamp\www\portal\eventos\system\CodeIgniter.php(404): CodeIgniter\CodeIgniter->runController(Object(App\Controllers\Eventos))
#8 C:\wamp\www\portal\eventos\system\CodeIgniter.php(312): CodeIgniter\CodeIgniter->handleRequest(NULL, Object(Config\Cache), false)
#9 C:\wamp\www\portal\eventos\index.php(47): CodeIgniter\CodeIgniter->run()
#10 {main}
ERROR - 2021-11-17 09:42:22 --> mysqli_sql_exception: Unknown column 'listaEvento' in 'where clause' in C:\wamp\www\portal\eventos\system\Database\MySQLi\Connection.php:331
Stack trace:
#0 C:\wamp\www\portal\eventos\system\Database\MySQLi\Connection.php(331): mysqli->query('SELECT *\nFROM `...')
#1 C:\wamp\www\portal\eventos\system\Database\BaseConnection.php(741): CodeIgniter\Database\MySQLi\Connection->execute('SELECT *\nFROM `...')
#2 C:\wamp\www\portal\eventos\system\Database\BaseConnection.php(669): CodeIgniter\Database\BaseConnection->simpleQuery('SELECT *\nFROM `...')
#3 C:\wamp\www\portal\eventos\system\Database\BaseBuilder.php(1860): CodeIgniter\Database\BaseConnection->query('SELECT *\nFROM `...', Array, false)
#4 C:\wamp\www\portal\eventos\system\Model.php(462): CodeIgniter\Database\BaseBuilder->get()
#5 C:\wamp\www\portal\eventos\app\Controllers\Eventos.php(170): CodeIgniter\Model->findAll()
#6 C:\wamp\www\portal\eventos\system\CodeIgniter.php(918): App\Controllers\Eventos->listaEvento()
#7 C:\wamp\www\portal\eventos\system\CodeIgniter.php(404): CodeIgniter\CodeIgniter->runController(Object(App\Controllers\Eventos))
#8 C:\wamp\www\portal\eventos\system\CodeIgniter.php(312): CodeIgniter\CodeIgniter->handleRequest(NULL, Object(Config\Cache), false)
#9 C:\wamp\www\portal\eventos\index.php(47): CodeIgniter\CodeIgniter->run()
#10 {main}
ERROR - 2021-11-17 09:44:00 --> mysqli_sql_exception: Cannot add or update a child row: a foreign key constraint fails (`crfsp010_eventos`.`certificado`, CONSTRAINT `FK_certificado_eventos` FOREIGN KEY (`idEvento`) REFERENCES `eventos` (`id`)) in C:\wamp\www\portal\eventos\system\Database\MySQLi\Connection.php:331
Stack trace:
#0 C:\wamp\www\portal\eventos\system\Database\MySQLi\Connection.php(331): mysqli->query('INSERT INTO `ce...')
#1 C:\wamp\www\portal\eventos\system\Database\BaseConnection.php(741): CodeIgniter\Database\MySQLi\Connection->execute('INSERT INTO `ce...')
#2 C:\wamp\www\portal\eventos\system\Database\BaseConnection.php(669): CodeIgniter\Database\BaseConnection->simpleQuery('INSERT INTO `ce...')
#3 C:\wamp\www\portal\eventos\system\Database\BaseBuilder.php(2249): CodeIgniter\Database\BaseConnection->query('INSERT INTO `ce...', Array, false)
#4 C:\wamp\www\portal\eventos\app\Models\EventoModel.php(87): CodeIgniter\Database\BaseBuilder->insert(Array)
#5 C:\wamp\www\portal\eventos\app\Controllers\Eventos.php(98): App\Models\EventoModel->certificado('275', 'gerarCertificad...', 'Felipe', 'Celeri - Farma')
#6 C:\wamp\www\portal\eventos\system\CodeIgniter.php(918): App\Controllers\Eventos->gerarCertificado('3')
#7 C:\wamp\www\portal\eventos\system\CodeIgniter.php(404): CodeIgniter\CodeIgniter->runController(Object(App\Controllers\Eventos))
#8 C:\wamp\www\portal\eventos\system\CodeIgniter.php(312): CodeIgniter\CodeIgniter->handleRequest(NULL, Object(Config\Cache), false)
#9 C:\wamp\www\portal\eventos\index.php(47): CodeIgniter\CodeIgniter->run()
#10 {main}
CRITICAL - 2021-11-17 09:44:01 --> count(): Parameter must be an array or an object that implements Countable
#0 C:\wamp\www\portal\eventos\app\Views\certificado.php(109): CodeIgniter\Debug\Exceptions->errorHandler(2, 'count(): Parame...', 'C:\\wamp\\www\\por...', 109, Array)
#1 C:\wamp\www\portal\eventos\system\View\View.php(246): include('C:\\wamp\\www\\por...')
#2 C:\wamp\www\portal\eventos\system\Common.php(1119): CodeIgniter\View\View->render('certificado', Array, true)
#3 C:\wamp\www\portal\eventos\app\Controllers\PdfController.php(92): view('certificado', Array)
#4 C:\wamp\www\portal\eventos\app\Controllers\Eventos.php(111): App\Controllers\PdfController->gerarCertificado(Array)
#5 C:\wamp\www\portal\eventos\system\CodeIgniter.php(918): App\Controllers\Eventos->gerarCertificado('3')
#6 C:\wamp\www\portal\eventos\system\CodeIgniter.php(404): CodeIgniter\CodeIgniter->runController(Object(App\Controllers\Eventos))
#7 C:\wamp\www\portal\eventos\system\CodeIgniter.php(312): CodeIgniter\CodeIgniter->handleRequest(NULL, Object(Config\Cache), false)
#8 C:\wamp\www\portal\eventos\index.php(47): CodeIgniter\CodeIgniter->run()
#9 {main}
CRITICAL - 2021-11-17 09:44:11 --> count(): Parameter must be an array or an object that implements Countable
#0 C:\wamp\www\portal\eventos\app\Views\certificadoVizualizacao.php(104): CodeIgniter\Debug\Exceptions->errorHandler(2, 'count(): Parame...', 'C:\\wamp\\www\\por...', 104, Array)
#1 C:\wamp\www\portal\eventos\system\View\View.php(246): include('C:\\wamp\\www\\por...')
#2 C:\wamp\www\portal\eventos\system\Common.php(1119): CodeIgniter\View\View->render('certificadoVizu...', Array, true)
#3 C:\wamp\www\portal\eventos\app\Controllers\PdfController.php(56): view('certificadoVizu...', Array)
#4 C:\wamp\www\portal\eventos\system\CodeIgniter.php(918): App\Controllers\PdfController->index()
#5 C:\wamp\www\portal\eventos\system\CodeIgniter.php(404): CodeIgniter\CodeIgniter->runController(Object(App\Controllers\PdfController))
#6 C:\wamp\www\portal\eventos\system\CodeIgniter.php(312): CodeIgniter\CodeIgniter->handleRequest(NULL, Object(Config\Cache), false)
#7 C:\wamp\www\portal\eventos\index.php(47): CodeIgniter\CodeIgniter->run()
#8 {main}
CRITICAL - 2021-11-17 09:45:17 --> count(): Parameter must be an array or an object that implements Countable
#0 C:\wamp\www\portal\eventos\app\Views\certificadoVizualizacao.php(104): CodeIgniter\Debug\Exceptions->errorHandler(2, 'count(): Parame...', 'C:\\wamp\\www\\por...', 104, Array)
#1 C:\wamp\www\portal\eventos\system\View\View.php(246): include('C:\\wamp\\www\\por...')
#2 C:\wamp\www\portal\eventos\system\Common.php(1119): CodeIgniter\View\View->render('certificadoVizu...', Array, true)
#3 C:\wamp\www\portal\eventos\app\Controllers\PdfController.php(56): view('certificadoVizu...', Array)
#4 C:\wamp\www\portal\eventos\system\CodeIgniter.php(918): App\Controllers\PdfController->index()
#5 C:\wamp\www\portal\eventos\system\CodeIgniter.php(404): CodeIgniter\CodeIgniter->runController(Object(App\Controllers\PdfController))
#6 C:\wamp\www\portal\eventos\system\CodeIgniter.php(312): CodeIgniter\CodeIgniter->handleRequest(NULL, Object(Config\Cache), false)
#7 C:\wamp\www\portal\eventos\index.php(47): CodeIgniter\CodeIgniter->run()
#8 {main}
CRITICAL - 2021-11-17 09:45:29 --> count(): Parameter must be an array or an object that implements Countable
#0 C:\wamp\www\portal\eventos\app\Views\certificadoVizualizacao.php(104): CodeIgniter\Debug\Exceptions->errorHandler(2, 'count(): Parame...', 'C:\\wamp\\www\\por...', 104, Array)
#1 C:\wamp\www\portal\eventos\system\View\View.php(246): include('C:\\wamp\\www\\por...')
#2 C:\wamp\www\portal\eventos\system\Common.php(1119): CodeIgniter\View\View->render('certificadoVizu...', Array, true)
#3 C:\wamp\www\portal\eventos\app\Controllers\PdfController.php(56): view('certificadoVizu...', Array)
#4 C:\wamp\www\portal\eventos\system\CodeIgniter.php(918): App\Controllers\PdfController->index()
#5 C:\wamp\www\portal\eventos\system\CodeIgniter.php(404): CodeIgniter\CodeIgniter->runController(Object(App\Controllers\PdfController))
#6 C:\wamp\www\portal\eventos\system\CodeIgniter.php(312): CodeIgniter\CodeIgniter->handleRequest(NULL, Object(Config\Cache), false)
#7 C:\wamp\www\portal\eventos\index.php(47): CodeIgniter\CodeIgniter->run()
#8 {main}
CRITICAL - 2021-11-17 09:46:05 --> count(): Parameter must be an array or an object that implements Countable
#0 C:\wamp\www\portal\eventos\app\Views\certificadoVizualizacao.php(104): CodeIgniter\Debug\Exceptions->errorHandler(2, 'count(): Parame...', 'C:\\wamp\\www\\por...', 104, Array)
#1 C:\wamp\www\portal\eventos\system\View\View.php(246): include('C:\\wamp\\www\\por...')
#2 C:\wamp\www\portal\eventos\system\Common.php(1119): CodeIgniter\View\View->render('certificadoVizu...', Array, true)
#3 C:\wamp\www\portal\eventos\app\Controllers\PdfController.php(56): view('certificadoVizu...', Array)
#4 C:\wamp\www\portal\eventos\system\CodeIgniter.php(918): App\Controllers\PdfController->index()
#5 C:\wamp\www\portal\eventos\system\CodeIgniter.php(404): CodeIgniter\CodeIgniter->runController(Object(App\Controllers\PdfController))
#6 C:\wamp\www\portal\eventos\system\CodeIgniter.php(312): CodeIgniter\CodeIgniter->handleRequest(NULL, Object(Config\Cache), false)
#7 C:\wamp\www\portal\eventos\index.php(47): CodeIgniter\CodeIgniter->run()
#8 {main}
CRITICAL - 2021-11-17 09:52:52 --> count(): Parameter must be an array or an object that implements Countable
#0 C:\wamp\www\portal\eventos\app\Views\certificadoVizualizacao.php(104): CodeIgniter\Debug\Exceptions->errorHandler(2, 'count(): Parame...', 'C:\\wamp\\www\\por...', 104, Array)
#1 C:\wamp\www\portal\eventos\system\View\View.php(246): include('C:\\wamp\\www\\por...')
#2 C:\wamp\www\portal\eventos\system\Common.php(1119): CodeIgniter\View\View->render('certificadoVizu...', Array, true)
#3 C:\wamp\www\portal\eventos\app\Controllers\PdfController.php(56): view('certificadoVizu...', Array)
#4 C:\wamp\www\portal\eventos\system\CodeIgniter.php(918): App\Controllers\PdfController->index()
#5 C:\wamp\www\portal\eventos\system\CodeIgniter.php(404): CodeIgniter\CodeIgniter->runController(Object(App\Controllers\PdfController))
#6 C:\wamp\www\portal\eventos\system\CodeIgniter.php(312): CodeIgniter\CodeIgniter->handleRequest(NULL, Object(Config\Cache), false)
#7 C:\wamp\www\portal\eventos\index.php(47): CodeIgniter\CodeIgniter->run()
#8 {main}
ERROR - 2021-11-17 09:55:17 --> mysqli_sql_exception: Cannot add or update a child row: a foreign key constraint fails (`crfsp010_eventos`.`certificado`, CONSTRAINT `FK_certificado_eventos` FOREIGN KEY (`idEvento`) REFERENCES `eventos` (`id`)) in C:\wamp\www\portal\eventos\system\Database\MySQLi\Connection.php:331
Stack trace:
#0 C:\wamp\www\portal\eventos\system\Database\MySQLi\Connection.php(331): mysqli->query('INSERT INTO `ce...')
#1 C:\wamp\www\portal\eventos\system\Database\BaseConnection.php(741): CodeIgniter\Database\MySQLi\Connection->execute('INSERT INTO `ce...')
#2 C:\wamp\www\portal\eventos\system\Database\BaseConnection.php(669): CodeIgniter\Database\BaseConnection->simpleQuery('INSERT INTO `ce...')
#3 C:\wamp\www\portal\eventos\system\Database\BaseBuilder.php(2249): CodeIgniter\Database\BaseConnection->query('INSERT INTO `ce...', Array, false)
#4 C:\wamp\www\portal\eventos\app\Models\EventoModel.php(87): CodeIgniter\Database\BaseBuilder->insert(Array)
#5 C:\wamp\www\portal\eventos\app\Controllers\Eventos.php(98): App\Models\EventoModel->certificado('275', 'gerarCertificad...', 'Felipe', 'Celeri - Farma')
#6 C:\wamp\www\portal\eventos\system\CodeIgniter.php(918): App\Controllers\Eventos->gerarCertificado('3')
#7 C:\wamp\www\portal\eventos\system\CodeIgniter.php(404): CodeIgniter\CodeIgniter->runController(Object(App\Controllers\Eventos))
#8 C:\wamp\www\portal\eventos\system\CodeIgniter.php(312): CodeIgniter\CodeIgniter->handleRequest(NULL, Object(Config\Cache), false)
#9 C:\wamp\www\portal\eventos\index.php(47): CodeIgniter\CodeIgniter->run()
#10 {main}
CRITICAL - 2021-11-17 09:55:17 --> Cannot add or update a child row: a foreign key constraint fails (`crfsp010_eventos`.`certificado`, CONSTRAINT `FK_certificado_eventos` FOREIGN KEY (`idEvento`) REFERENCES `eventos` (`id`))
#0 C:\wamp\www\portal\eventos\system\Database\MySQLi\Connection.php(331): mysqli->query('INSERT INTO `ce...')
#1 C:\wamp\www\portal\eventos\system\Database\BaseConnection.php(741): CodeIgniter\Database\MySQLi\Connection->execute('INSERT INTO `ce...')
#2 C:\wamp\www\portal\eventos\system\Database\BaseConnection.php(669): CodeIgniter\Database\BaseConnection->simpleQuery('INSERT INTO `ce...')
#3 C:\wamp\www\portal\eventos\system\Database\BaseBuilder.php(2249): CodeIgniter\Database\BaseConnection->query('INSERT INTO `ce...', Array, false)
#4 C:\wamp\www\portal\eventos\app\Models\EventoModel.php(87): CodeIgniter\Database\BaseBuilder->insert(Array)
#5 C:\wamp\www\portal\eventos\app\Controllers\Eventos.php(98): App\Models\EventoModel->certificado('275', 'gerarCertificad...', 'Felipe', 'Celeri - Farma')
#6 C:\wamp\www\portal\eventos\system\CodeIgniter.php(918): App\Controllers\Eventos->gerarCertificado('3')
#7 C:\wamp\www\portal\eventos\system\CodeIgniter.php(404): CodeIgniter\CodeIgniter->runController(Object(App\Controllers\Eventos))
#8 C:\wamp\www\portal\eventos\system\CodeIgniter.php(312): CodeIgniter\CodeIgniter->handleRequest(NULL, Object(Config\Cache), false)
#9 C:\wamp\www\portal\eventos\index.php(47): CodeIgniter\CodeIgniter->run()
#10 {main}
ERROR - 2021-11-17 09:59:07 --> mysqli_sql_exception: Cannot add or update a child row: a foreign key constraint fails (`crfsp010_eventos`.`certificado`, CONSTRAINT `FK_certificado_eventos` FOREIGN KEY (`idEvento`) REFERENCES `eventos` (`id`)) in C:\wamp\www\portal\eventos\system\Database\MySQLi\Connection.php:331
Stack trace:
#0 C:\wamp\www\portal\eventos\system\Database\MySQLi\Connection.php(331): mysqli->query('INSERT INTO `ce...')
#1 C:\wamp\www\portal\eventos\system\Database\BaseConnection.php(741): CodeIgniter\Database\MySQLi\Connection->execute('INSERT INTO `ce...')
#2 C:\wamp\www\portal\eventos\system\Database\BaseConnection.php(669): CodeIgniter\Database\BaseConnection->simpleQuery('INSERT INTO `ce...')
#3 C:\wamp\www\portal\eventos\system\Database\BaseBuilder.php(2249): CodeIgniter\Database\BaseConnection->query('INSERT INTO `ce...', Array, false)
#4 C:\wamp\www\portal\eventos\app\Models\EventoModel.php(87): CodeIgniter\Database\BaseBuilder->insert(Array)
#5 C:\wamp\www\portal\eventos\app\Controllers\Eventos.php(98): App\Models\EventoModel->certificado('275', 'gerarCertificad...', 'Felipe', 'Celeri - Farma')
#6 C:\wamp\www\portal\eventos\system\CodeIgniter.php(918): App\Controllers\Eventos->gerarCertificado('3')
#7 C:\wamp\www\portal\eventos\system\CodeIgniter.php(404): CodeIgniter\CodeIgniter->runController(Object(App\Controllers\Eventos))
#8 C:\wamp\www\portal\eventos\system\CodeIgniter.php(312): CodeIgniter\CodeIgniter->handleRequest(NULL, Object(Config\Cache), false)
#9 C:\wamp\www\portal\eventos\index.php(47): CodeIgniter\CodeIgniter->run()
#10 {main}
CRITICAL - 2021-11-17 09:59:07 --> Cannot add or update a child row: a foreign key constraint fails (`crfsp010_eventos`.`certificado`, CONSTRAINT `FK_certificado_eventos` FOREIGN KEY (`idEvento`) REFERENCES `eventos` (`id`))
#0 C:\wamp\www\portal\eventos\system\Database\MySQLi\Connection.php(331): mysqli->query('INSERT INTO `ce...')
#1 C:\wamp\www\portal\eventos\system\Database\BaseConnection.php(741): CodeIgniter\Database\MySQLi\Connection->execute('INSERT INTO `ce...')
#2 C:\wamp\www\portal\eventos\system\Database\BaseConnection.php(669): CodeIgniter\Database\BaseConnection->simpleQuery('INSERT INTO `ce...')
#3 C:\wamp\www\portal\eventos\system\Database\BaseBuilder.php(2249): CodeIgniter\Database\BaseConnection->query('INSERT INTO `ce...', Array, false)
#4 C:\wamp\www\portal\eventos\app\Models\EventoModel.php(87): CodeIgniter\Database\BaseBuilder->insert(Array)
#5 C:\wamp\www\portal\eventos\app\Controllers\Eventos.php(98): App\Models\EventoModel->certificado('275', 'gerarCertificad...', 'Felipe', 'Celeri - Farma')
#6 C:\wamp\www\portal\eventos\system\CodeIgniter.php(918): App\Controllers\Eventos->gerarCertificado('3')
#7 C:\wamp\www\portal\eventos\system\CodeIgniter.php(404): CodeIgniter\CodeIgniter->runController(Object(App\Controllers\Eventos))
#8 C:\wamp\www\portal\eventos\system\CodeIgniter.php(312): CodeIgniter\CodeIgniter->handleRequest(NULL, Object(Config\Cache), false)
#9 C:\wamp\www\portal\eventos\index.php(47): CodeIgniter\CodeIgniter->run()
#10 {main}
ERROR - 2021-11-17 09:59:07 --> mysqli_sql_exception: Cannot add or update a child row: a foreign key constraint fails (`crfsp010_eventos`.`certificado`, CONSTRAINT `FK_certificado_eventos` FOREIGN KEY (`idEvento`) REFERENCES `eventos` (`id`)) in C:\wamp\www\portal\eventos\system\Database\MySQLi\Connection.php:331
Stack trace:
#0 C:\wamp\www\portal\eventos\system\Database\MySQLi\Connection.php(331): mysqli->query('INSERT INTO `ce...')
#1 C:\wamp\www\portal\eventos\system\Database\BaseConnection.php(741): CodeIgniter\Database\MySQLi\Connection->execute('INSERT INTO `ce...')
#2 C:\wamp\www\portal\eventos\system\Database\BaseConnection.php(669): CodeIgniter\Database\BaseConnection->simpleQuery('INSERT INTO `ce...')
#3 C:\wamp\www\portal\eventos\system\Database\BaseBuilder.php(2249): CodeIgniter\Database\BaseConnection->query('INSERT INTO `ce...', Array, false)
#4 C:\wamp\www\portal\eventos\app\Models\EventoModel.php(87): CodeIgniter\Database\BaseBuilder->insert(Array)
#5 C:\wamp\www\portal\eventos\app\Controllers\Eventos.php(98): App\Models\EventoModel->certificado('275', 'gerarCertificad...', 'Felipe', 'Celeri - Farma')
#6 C:\wamp\www\portal\eventos\system\CodeIgniter.php(918): App\Controllers\Eventos->gerarCertificado('3')
#7 C:\wamp\www\portal\eventos\system\CodeIgniter.php(404): CodeIgniter\CodeIgniter->runController(Object(App\Controllers\Eventos))
#8 C:\wamp\www\portal\eventos\system\CodeIgniter.php(312): CodeIgniter\CodeIgniter->handleRequest(NULL, Object(Config\Cache), false)
#9 C:\wamp\www\portal\eventos\index.php(47): CodeIgniter\CodeIgniter->run()
#10 {main}
CRITICAL - 2021-11-17 09:59:07 --> Cannot add or update a child row: a foreign key constraint fails (`crfsp010_eventos`.`certificado`, CONSTRAINT `FK_certificado_eventos` FOREIGN KEY (`idEvento`) REFERENCES `eventos` (`id`))
#0 C:\wamp\www\portal\eventos\system\Database\MySQLi\Connection.php(331): mysqli->query('INSERT INTO `ce...')
#1 C:\wamp\www\portal\eventos\system\Database\BaseConnection.php(741): CodeIgniter\Database\MySQLi\Connection->execute('INSERT INTO `ce...')
#2 C:\wamp\www\portal\eventos\system\Database\BaseConnection.php(669): CodeIgniter\Database\BaseConnection->simpleQuery('INSERT INTO `ce...')
#3 C:\wamp\www\portal\eventos\system\Database\BaseBuilder.php(2249): CodeIgniter\Database\BaseConnection->query('INSERT INTO `ce...', Array, false)
#4 C:\wamp\www\portal\eventos\app\Models\EventoModel.php(87): CodeIgniter\Database\BaseBuilder->insert(Array)
#5 C:\wamp\www\portal\eventos\app\Controllers\Eventos.php(98): App\Models\EventoModel->certificado('275', 'gerarCertificad...', 'Felipe', 'Celeri - Farma')
#6 C:\wamp\www\portal\eventos\system\CodeIgniter.php(918): App\Controllers\Eventos->gerarCertificado('3')
#7 C:\wamp\www\portal\eventos\system\CodeIgniter.php(404): CodeIgniter\CodeIgniter->runController(Object(App\Controllers\Eventos))
#8 C:\wamp\www\portal\eventos\system\CodeIgniter.php(312): CodeIgniter\CodeIgniter->handleRequest(NULL, Object(Config\Cache), false)
#9 C:\wamp\www\portal\eventos\index.php(47): CodeIgniter\CodeIgniter->run()
#10 {main}
ERROR - 2021-11-17 09:59:08 --> mysqli_sql_exception: Cannot add or update a child row: a foreign key constraint fails (`crfsp010_eventos`.`certificado`, CONSTRAINT `FK_certificado_eventos` FOREIGN KEY (`idEvento`) REFERENCES `eventos` (`id`)) in C:\wamp\www\portal\eventos\system\Database\MySQLi\Connection.php:331
Stack trace:
#0 C:\wamp\www\portal\eventos\system\Database\MySQLi\Connection.php(331): mysqli->query('INSERT INTO `ce...')
#1 C:\wamp\www\portal\eventos\system\Database\BaseConnection.php(741): CodeIgniter\Database\MySQLi\Connection->execute('INSERT INTO `ce...')
#2 C:\wamp\www\portal\eventos\system\Database\BaseConnection.php(669): CodeIgniter\Database\BaseConnection->simpleQuery('INSERT INTO `ce...')
#3 C:\wamp\www\portal\eventos\system\Database\BaseBuilder.php(2249): CodeIgniter\Database\BaseConnection->query('INSERT INTO `ce...', Array, false)
#4 C:\wamp\www\portal\eventos\app\Models\EventoModel.php(87): CodeIgniter\Database\BaseBuilder->insert(Array)
#5 C:\wamp\www\portal\eventos\app\Controllers\Eventos.php(98): App\Models\EventoModel->certificado('275', 'gerarCertificad...', 'Felipe', 'Celeri - Farma')
#6 C:\wamp\www\portal\eventos\system\CodeIgniter.php(918): App\Controllers\Eventos->gerarCertificado('3')
#7 C:\wamp\www\portal\eventos\system\CodeIgniter.php(404): CodeIgniter\CodeIgniter->runController(Object(App\Controllers\Eventos))
#8 C:\wamp\www\portal\eventos\system\CodeIgniter.php(312): CodeIgniter\CodeIgniter->handleRequest(NULL, Object(Config\Cache), false)
#9 C:\wamp\www\portal\eventos\index.php(47): CodeIgniter\CodeIgniter->run()
#10 {main}
CRITICAL - 2021-11-17 09:59:08 --> Cannot add or update a child row: a foreign key constraint fails (`crfsp010_eventos`.`certificado`, CONSTRAINT `FK_certificado_eventos` FOREIGN KEY (`idEvento`) REFERENCES `eventos` (`id`))
#0 C:\wamp\www\portal\eventos\system\Database\MySQLi\Connection.php(331): mysqli->query('INSERT INTO `ce...')
#1 C:\wamp\www\portal\eventos\system\Database\BaseConnection.php(741): CodeIgniter\Database\MySQLi\Connection->execute('INSERT INTO `ce...')
#2 C:\wamp\www\portal\eventos\system\Database\BaseConnection.php(669): CodeIgniter\Database\BaseConnection->simpleQuery('INSERT INTO `ce...')
#3 C:\wamp\www\portal\eventos\system\Database\BaseBuilder.php(2249): CodeIgniter\Database\BaseConnection->query('INSERT INTO `ce...', Array, false)
#4 C:\wamp\www\portal\eventos\app\Models\EventoModel.php(87): CodeIgniter\Database\BaseBuilder->insert(Array)
#5 C:\wamp\www\portal\eventos\app\Controllers\Eventos.php(98): App\Models\EventoModel->certificado('275', 'gerarCertificad...', 'Felipe', 'Celeri - Farma')
#6 C:\wamp\www\portal\eventos\system\CodeIgniter.php(918): App\Controllers\Eventos->gerarCertificado('3')
#7 C:\wamp\www\portal\eventos\system\CodeIgniter.php(404): CodeIgniter\CodeIgniter->runController(Object(App\Controllers\Eventos))
#8 C:\wamp\www\portal\eventos\system\CodeIgniter.php(312): CodeIgniter\CodeIgniter->handleRequest(NULL, Object(Config\Cache), false)
#9 C:\wamp\www\portal\eventos\index.php(47): CodeIgniter\CodeIgniter->run()
#10 {main}
ERROR - 2021-11-17 09:59:08 --> mysqli_sql_exception: Cannot add or update a child row: a foreign key constraint fails (`crfsp010_eventos`.`certificado`, CONSTRAINT `FK_certificado_eventos` FOREIGN KEY (`idEvento`) REFERENCES `eventos` (`id`)) in C:\wamp\www\portal\eventos\system\Database\MySQLi\Connection.php:331
Stack trace:
#0 C:\wamp\www\portal\eventos\system\Database\MySQLi\Connection.php(331): mysqli->query('INSERT INTO `ce...')
#1 C:\wamp\www\portal\eventos\system\Database\BaseConnection.php(741): CodeIgniter\Database\MySQLi\Connection->execute('INSERT INTO `ce...')
#2 C:\wamp\www\portal\eventos\system\Database\BaseConnection.php(669): CodeIgniter\Database\BaseConnection->simpleQuery('INSERT INTO `ce...')
#3 C:\wamp\www\portal\eventos\system\Database\BaseBuilder.php(2249): CodeIgniter\Database\BaseConnection->query('INSERT INTO `ce...', Array, false)
#4 C:\wamp\www\portal\eventos\app\Models\EventoModel.php(87): CodeIgniter\Database\BaseBuilder->insert(Array)
#5 C:\wamp\www\portal\eventos\app\Controllers\Eventos.php(98): App\Models\EventoModel->certificado('275', 'gerarCertificad...', 'Felipe', 'Celeri - Farma')
#6 C:\wamp\www\portal\eventos\system\CodeIgniter.php(918): App\Controllers\Eventos->gerarCertificado('3')
#7 C:\wamp\www\portal\eventos\system\CodeIgniter.php(404): CodeIgniter\CodeIgniter->runController(Object(App\Controllers\Eventos))
#8 C:\wamp\www\portal\eventos\system\CodeIgniter.php(312): CodeIgniter\CodeIgniter->handleRequest(NULL, Object(Config\Cache), false)
#9 C:\wamp\www\portal\eventos\index.php(47): CodeIgniter\CodeIgniter->run()
#10 {main}
CRITICAL - 2021-11-17 09:59:08 --> Cannot add or update a child row: a foreign key constraint fails (`crfsp010_eventos`.`certificado`, CONSTRAINT `FK_certificado_eventos` FOREIGN KEY (`idEvento`) REFERENCES `eventos` (`id`))
#0 C:\wamp\www\portal\eventos\system\Database\MySQLi\Connection.php(331): mysqli->query('INSERT INTO `ce...')
#1 C:\wamp\www\portal\eventos\system\Database\BaseConnection.php(741): CodeIgniter\Database\MySQLi\Connection->execute('INSERT INTO `ce...')
#2 C:\wamp\www\portal\eventos\system\Database\BaseConnection.php(669): CodeIgniter\Database\BaseConnection->simpleQuery('INSERT INTO `ce...')
#3 C:\wamp\www\portal\eventos\system\Database\BaseBuilder.php(2249): CodeIgniter\Database\BaseConnection->query('INSERT INTO `ce...', Array, false)
#4 C:\wamp\www\portal\eventos\app\Models\EventoModel.php(87): CodeIgniter\Database\BaseBuilder->insert(Array)
#5 C:\wamp\www\portal\eventos\app\Controllers\Eventos.php(98): App\Models\EventoModel->certificado('275', 'gerarCertificad...', 'Felipe', 'Celeri - Farma')
#6 C:\wamp\www\portal\eventos\system\CodeIgniter.php(918): App\Controllers\Eventos->gerarCertificado('3')
#7 C:\wamp\www\portal\eventos\system\CodeIgniter.php(404): CodeIgniter\CodeIgniter->runController(Object(App\Controllers\Eventos))
#8 C:\wamp\www\portal\eventos\system\CodeIgniter.php(312): CodeIgniter\CodeIgniter->handleRequest(NULL, Object(Config\Cache), false)
#9 C:\wamp\www\portal\eventos\index.php(47): CodeIgniter\CodeIgniter->run()
#10 {main}
ERROR - 2021-11-17 09:59:19 --> mysqli_sql_exception: Cannot add or update a child row: a foreign key constraint fails (`crfsp010_eventos`.`certificado`, CONSTRAINT `FK_certificado_eventos` FOREIGN KEY (`idEvento`) REFERENCES `eventos` (`id`)) in C:\wamp\www\portal\eventos\system\Database\MySQLi\Connection.php:331
Stack trace:
#0 C:\wamp\www\portal\eventos\system\Database\MySQLi\Connection.php(331): mysqli->query('INSERT INTO `ce...')
#1 C:\wamp\www\portal\eventos\system\Database\BaseConnection.php(741): CodeIgniter\Database\MySQLi\Connection->execute('INSERT INTO `ce...')
#2 C:\wamp\www\portal\eventos\system\Database\BaseConnection.php(669): CodeIgniter\Database\BaseConnection->simpleQuery('INSERT INTO `ce...')
#3 C:\wamp\www\portal\eventos\system\Database\BaseBuilder.php(2249): CodeIgniter\Database\BaseConnection->query('INSERT INTO `ce...', Array, false)
#4 C:\wamp\www\portal\eventos\app\Models\EventoModel.php(87): CodeIgniter\Database\BaseBuilder->insert(Array)
#5 C:\wamp\www\portal\eventos\app\Controllers\Eventos.php(98): App\Models\EventoModel->certificado('275', 'gerarCertificad...', 'Felipe', 'Celeri - Farma')
#6 C:\wamp\www\portal\eventos\system\CodeIgniter.php(918): App\Controllers\Eventos->gerarCertificado('3')
#7 C:\wamp\www\portal\eventos\system\CodeIgniter.php(404): CodeIgniter\CodeIgniter->runController(Object(App\Controllers\Eventos))
#8 C:\wamp\www\portal\eventos\system\CodeIgniter.php(312): CodeIgniter\CodeIgniter->handleRequest(NULL, Object(Config\Cache), false)
#9 C:\wamp\www\portal\eventos\index.php(47): CodeIgniter\CodeIgniter->run()
#10 {main}
CRITICAL - 2021-11-17 09:59:19 --> Cannot add or update a child row: a foreign key constraint fails (`crfsp010_eventos`.`certificado`, CONSTRAINT `FK_certificado_eventos` FOREIGN KEY (`idEvento`) REFERENCES `eventos` (`id`))
#0 C:\wamp\www\portal\eventos\system\Database\MySQLi\Connection.php(331): mysqli->query('INSERT INTO `ce...')
#1 C:\wamp\www\portal\eventos\system\Database\BaseConnection.php(741): CodeIgniter\Database\MySQLi\Connection->execute('INSERT INTO `ce...')
#2 C:\wamp\www\portal\eventos\system\Database\BaseConnection.php(669): CodeIgniter\Database\BaseConnection->simpleQuery('INSERT INTO `ce...')
#3 C:\wamp\www\portal\eventos\system\Database\BaseBuilder.php(2249): CodeIgniter\Database\BaseConnection->query('INSERT INTO `ce...', Array, false)
#4 C:\wamp\www\portal\eventos\app\Models\EventoModel.php(87): CodeIgniter\Database\BaseBuilder->insert(Array)
#5 C:\wamp\www\portal\eventos\app\Controllers\Eventos.php(98): App\Models\EventoModel->certificado('275', 'gerarCertificad...', 'Felipe', 'Celeri - Farma')
#6 C:\wamp\www\portal\eventos\system\CodeIgniter.php(918): App\Controllers\Eventos->gerarCertificado('3')
#7 C:\wamp\www\portal\eventos\system\CodeIgniter.php(404): CodeIgniter\CodeIgniter->runController(Object(App\Controllers\Eventos))
#8 C:\wamp\www\portal\eventos\system\CodeIgniter.php(312): CodeIgniter\CodeIgniter->handleRequest(NULL, Object(Config\Cache), false)
#9 C:\wamp\www\portal\eventos\index.php(47): CodeIgniter\CodeIgniter->run()
#10 {main}
CRITICAL - 2021-11-17 10:00:56 --> count(): Parameter must be an array or an object that implements Countable
#0 C:\wamp\www\portal\eventos\app\Views\certificado.php(109): CodeIgniter\Debug\Exceptions->errorHandler(2, 'count(): Parame...', 'C:\\wamp\\www\\por...', 109, Array)
#1 C:\wamp\www\portal\eventos\system\View\View.php(246): include('C:\\wamp\\www\\por...')
#2 C:\wamp\www\portal\eventos\system\Common.php(1119): CodeIgniter\View\View->render('certificado', Array, true)
#3 C:\wamp\www\portal\eventos\app\Controllers\PdfController.php(92): view('certificado', Array)
#4 C:\wamp\www\portal\eventos\app\Controllers\Eventos.php(111): App\Controllers\PdfController->gerarCertificado(Array)
#5 C:\wamp\www\portal\eventos\system\CodeIgniter.php(918): App\Controllers\Eventos->gerarCertificado('3')
#6 C:\wamp\www\portal\eventos\system\CodeIgniter.php(404): CodeIgniter\CodeIgniter->runController(Object(App\Controllers\Eventos))
#7 C:\wamp\www\portal\eventos\system\CodeIgniter.php(312): CodeIgniter\CodeIgniter->handleRequest(NULL, Object(Config\Cache), false)
#8 C:\wamp\www\portal\eventos\index.php(47): CodeIgniter\CodeIgniter->run()
#9 {main}
ERROR - 2021-11-17 09:27:43 --> Error connecting to the database: Connection refused
CRITICAL - 2021-11-17 09:27:43 --> Unable to connect to the database.
#0 /home/crfsp010/public_html/eventos/system/Database/BaseConnection.php(646): CodeIgniter\Database\BaseConnection->initialize()
#1 /home/crfsp010/public_html/eventos/system/Database/BaseBuilder.php(1860): CodeIgniter\Database\BaseConnection->query('SELECT *\nFROM `...', Array, false)
#2 /home/crfsp010/public_html/eventos/system/Model.php(506): CodeIgniter\Database\BaseBuilder->get()
#3 /home/crfsp010/public_html/eventos/app/Validation/UserRules.php(12): CodeIgniter\Model->first()
#4 /home/crfsp010/public_html/eventos/system/Validation/Validation.php(325): App\Validation\UserRules->validateUser('24862486', 'email,senha', Array, NULL)
#5 /home/crfsp010/public_html/eventos/system/Validation/Validation.php(189): CodeIgniter\Validation\Validation->processRules('senha', 'senha', '24862486', Array, Array)
#6 /home/crfsp010/public_html/eventos/system/Controller.php(219): CodeIgniter\Validation\Validation->run()
#7 /home/crfsp010/public_html/eventos/app/Controllers/Users.php(41): CodeIgniter\Controller->validate(Array, Array)
#8 /home/crfsp010/public_html/eventos/system/CodeIgniter.php(918): App\Controllers\Users->index()
#9 /home/crfsp010/public_html/eventos/system/CodeIgniter.php(404): CodeIgniter\CodeIgniter->runController(Object(App\Controllers\Users))
#10 /home/crfsp010/public_html/eventos/system/CodeIgniter.php(312): CodeIgniter\CodeIgniter->handleRequest(NULL, Object(Config\Cache), false)
#11 /home/crfsp010/public_html/eventos/index.php(47): CodeIgniter\CodeIgniter->run()
#12 {main}
ERROR - 2021-11-17 09:27:49 --> Error connecting to the database: Connection refused
CRITICAL - 2021-11-17 09:27:49 --> Unable to connect to the database.
#0 /home/crfsp010/public_html/eventos/system/Database/BaseConnection.php(646): CodeIgniter\Database\BaseConnection->initialize()
#1 /home/crfsp010/public_html/eventos/system/Database/BaseBuilder.php(1860): CodeIgniter\Database\BaseConnection->query('SELECT *\nFROM `...', Array, false)
#2 /home/crfsp010/public_html/eventos/system/Model.php(506): CodeIgniter\Database\BaseBuilder->get()
#3 /home/crfsp010/public_html/eventos/app/Validation/UserRules.php(12): CodeIgniter\Model->first()
#4 /home/crfsp010/public_html/eventos/system/Validation/Validation.php(325): App\Validation\UserRules->validateUser('24862486', 'email,senha', Array, NULL)
#5 /home/crfsp010/public_html/eventos/system/Validation/Validation.php(189): CodeIgniter\Validation\Validation->processRules('senha', 'senha', '24862486', Array, Array)
#6 /home/crfsp010/public_html/eventos/system/Controller.php(219): CodeIgniter\Validation\Validation->run()
#7 /home/crfsp010/public_html/eventos/app/Controllers/Users.php(41): CodeIgniter\Controller->validate(Array, Array)
#8 /home/crfsp010/public_html/eventos/system/CodeIgniter.php(918): App\Controllers\Users->index()
#9 /home/crfsp010/public_html/eventos/system/CodeIgniter.php(404): CodeIgniter\CodeIgniter->runController(Object(App\Controllers\Users))
#10 /home/crfsp010/public_html/eventos/system/CodeIgniter.php(312): CodeIgniter\CodeIgniter->handleRequest(NULL, Object(Config\Cache), false)
#11 /home/crfsp010/public_html/eventos/index.php(47): CodeIgniter\CodeIgniter->run()
#12 {main}
ERROR - 2021-11-17 09:28:06 --> Error connecting to the database: Connection refused
CRITICAL - 2021-11-17 09:28:06 --> Unable to connect to the database.
#0 /home/crfsp010/public_html/eventos/system/Database/BaseConnection.php(646): CodeIgniter\Database\BaseConnection->initialize()
#1 /home/crfsp010/public_html/eventos/system/Database/BaseBuilder.php(1860): CodeIgniter\Database\BaseConnection->query('SELECT *\nFROM `...', Array, false)
#2 /home/crfsp010/public_html/eventos/system/Model.php(506): CodeIgniter\Database\BaseBuilder->get()
#3 /home/crfsp010/public_html/eventos/app/Validation/UserRules.php(12): CodeIgniter\Model->first()
#4 /home/crfsp010/public_html/eventos/system/Validation/Validation.php(325): App\Validation\UserRules->validateUser('24862486', 'email,senha', Array, NULL)
#5 /home/crfsp010/public_html/eventos/system/Validation/Validation.php(189): CodeIgniter\Validation\Validation->processRules('senha', 'senha', '24862486', Array, Array)
#6 /home/crfsp010/public_html/eventos/system/Controller.php(219): CodeIgniter\Validation\Validation->run()
#7 /home/crfsp010/public_html/eventos/app/Controllers/Users.php(41): CodeIgniter\Controller->validate(Array, Array)
#8 /home/crfsp010/public_html/eventos/system/CodeIgniter.php(918): App\Controllers\Users->index()
#9 /home/crfsp010/public_html/eventos/system/CodeIgniter.php(404): CodeIgniter\CodeIgniter->runController(Object(App\Controllers\Users))
#10 /home/crfsp010/public_html/eventos/system/CodeIgniter.php(312): CodeIgniter\CodeIgniter->handleRequest(NULL, Object(Config\Cache), false)
#11 /home/crfsp010/public_html/eventos/index.php(47): CodeIgniter\CodeIgniter->run()
#12 {main}
ERROR - 2021-11-17 09:28:26 --> Error connecting to the database: Connection refused
CRITICAL - 2021-11-17 09:28:26 --> Unable to connect to the database.
#0 /home/crfsp010/public_html/eventos/system/Database/BaseConnection.php(646): CodeIgniter\Database\BaseConnection->initialize()
#1 /home/crfsp010/public_html/eventos/system/Database/BaseBuilder.php(1860): CodeIgniter\Database\BaseConnection->query('SELECT *\nFROM `...', Array, false)
#2 /home/crfsp010/public_html/eventos/system/Model.php(506): CodeIgniter\Database\BaseBuilder->get()
#3 /home/crfsp010/public_html/eventos/app/Validation/UserRules.php(12): CodeIgniter\Model->first()
#4 /home/crfsp010/public_html/eventos/system/Validation/Validation.php(325): App\Validation\UserRules->validateUser('24862486', 'email,senha', Array, NULL)
#5 /home/crfsp010/public_html/eventos/system/Validation/Validation.php(189): CodeIgniter\Validation\Validation->processRules('senha', 'senha', '24862486', Array, Array)
#6 /home/crfsp010/public_html/eventos/system/Controller.php(219): CodeIgniter\Validation\Validation->run()
#7 /home/crfsp010/public_html/eventos/app/Controllers/Users.php(41): CodeIgniter\Controller->validate(Array, Array)
#8 /home/crfsp010/public_html/eventos/system/CodeIgniter.php(918): App\Controllers\Users->index()
#9 /home/crfsp010/public_html/eventos/system/CodeIgniter.php(404): CodeIgniter\CodeIgniter->runController(Object(App\Controllers\Users))
#10 /home/crfsp010/public_html/eventos/system/CodeIgniter.php(312): CodeIgniter\CodeIgniter->handleRequest(NULL, Object(Config\Cache), false)
#11 /home/crfsp010/public_html/eventos/index.php(47): CodeIgniter\CodeIgniter->run()
#12 {main}
ERROR - 2021-11-17 09:30:28 --> mysqli_sql_exception: In aggregated query without GROUP BY, expression #1 of SELECT list contains nonaggregated column 'crfsp010_eventos.atividade_evento.id'; this is incompatible with sql_mode=only_full_group_by in /home/crfsp010/public_html/eventos/system/Database/MySQLi/Connection.php:331
Stack trace:
#0 /home/crfsp010/public_html/eventos/system/Database/MySQLi/Connection.php(331): mysqli->query('SELECT *, SUM(H...')
#1 /home/crfsp010/public_html/eventos/system/Database/BaseConnection.php(741): CodeIgniter\Database\MySQLi\Connection->execute('SELECT *, SUM(H...')
#2 /home/crfsp010/public_html/eventos/system/Database/BaseConnection.php(669): CodeIgniter\Database\BaseConnection->simpleQuery('SELECT *, SUM(H...')
#3 /home/crfsp010/public_html/eventos/system/Database/BaseBuilder.php(1860): CodeIgniter\Database\BaseConnection->query('SELECT *, SUM(H...', Array, false)
#4 /home/crfsp010/public_html/eventos/system/Model.php(506): CodeIgniter\Database\BaseBuilder->get()
#5 /home/crfsp010/public_html/eventos/app/Models/AtividadeModel.php(89): CodeIgniter\Model->first()
#6 /home/crfsp010/public_html/eventos/app/Controllers/PdfController.php(79): App\Models\AtividadeModel->horasEvento('1')
#7 /home/crfsp010/public_html/eventos/app/Controllers/Eventos.php(112): App\Controllers\PdfController->gerarCertificado(Array)
#8 /home/crfsp010/public_html/eventos/system/CodeIgniter.php(918): App\Controllers\Eventos->gerarCertificado('1')
#9 /home/crfsp010/public_html/eventos/system/CodeIgniter.php(404): CodeIgniter\CodeIgniter->runController(Object(App\Controllers\Eventos))
#10 /home/crfsp010/public_html/eventos/system/CodeIgniter.php(312): CodeIgniter\CodeIgniter->handleRequest(NULL, Object(Config\Cache), false)
#11 /home/crfsp010/public_html/eventos/index.php(47): CodeIgniter\CodeIgniter->run()
#12 {main}
CRITICAL - 2021-11-17 09:30:28 --> In aggregated query without GROUP BY, expression #1 of SELECT list contains nonaggregated column 'crfsp010_eventos.atividade_evento.id'; this is incompatible with sql_mode=only_full_group_by
#0 /home/crfsp010/public_html/eventos/system/Database/MySQLi/Connection.php(331): mysqli->query('SELECT *, SUM(H...')
#1 /home/crfsp010/public_html/eventos/system/Database/BaseConnection.php(741): CodeIgniter\Database\MySQLi\Connection->execute('SELECT *, SUM(H...')
#2 /home/crfsp010/public_html/eventos/system/Database/BaseConnection.php(669): CodeIgniter\Database\BaseConnection->simpleQuery('SELECT *, SUM(H...')
#3 /home/crfsp010/public_html/eventos/system/Database/BaseBuilder.php(1860): CodeIgniter\Database\BaseConnection->query('SELECT *, SUM(H...', Array, false)
#4 /home/crfsp010/public_html/eventos/system/Model.php(506): CodeIgniter\Database\BaseBuilder->get()
#5 /home/crfsp010/public_html/eventos/app/Models/AtividadeModel.php(89): CodeIgniter\Model->first()
#6 /home/crfsp010/public_html/eventos/app/Controllers/PdfController.php(79): App\Models\AtividadeModel->horasEvento('1')
#7 /home/crfsp010/public_html/eventos/app/Controllers/Eventos.php(112): App\Controllers\PdfController->gerarCertificado(Array)
#8 /home/crfsp010/public_html/eventos/system/CodeIgniter.php(918): App\Controllers\Eventos->gerarCertificado('1')
#9 /home/crfsp010/public_html/eventos/system/CodeIgniter.php(404): CodeIgniter\CodeIgniter->runController(Object(App\Controllers\Eventos))
#10 /home/crfsp010/public_html/eventos/system/CodeIgniter.php(312): CodeIgniter\CodeIgniter->handleRequest(NULL, Object(Config\Cache), false)
#11 /home/crfsp010/public_html/eventos/index.php(47): CodeIgniter\CodeIgniter->run()
#12 {main}
ERROR - 2021-11-17 09:35:59 --> mysqli_sql_exception: In aggregated query without GROUP BY, expression #1 of SELECT list contains nonaggregated column 'crfsp010_eventos.atividade_evento.id'; this is incompatible with sql_mode=only_full_group_by in /home/crfsp010/public_html/eventos/system/Database/MySQLi/Connection.php:331
Stack trace:
#0 /home/crfsp010/public_html/eventos/system/Database/MySQLi/Connection.php(331): mysqli->query('SELECT *, SUM(H...')
#1 /home/crfsp010/public_html/eventos/system/Database/BaseConnection.php(741): CodeIgniter\Database\MySQLi\Connection->execute('SELECT *, SUM(H...')
#2 /home/crfsp010/public_html/eventos/system/Database/BaseConnection.php(669): CodeIgniter\Database\BaseConnection->simpleQuery('SELECT *, SUM(H...')
#3 /home/crfsp010/public_html/eventos/system/Database/BaseBuilder.php(1860): CodeIgniter\Database\BaseConnection->query('SELECT *, SUM(H...', Array, false)
#4 /home/crfsp010/public_html/eventos/system/Model.php(506): CodeIgniter\Database\BaseBuilder->get()
#5 /home/crfsp010/public_html/eventos/app/Models/AtividadeModel.php(89): CodeIgniter\Model->first()
#6 /home/crfsp010/public_html/eventos/app/Controllers/PdfController.php(31): App\Models\AtividadeModel->horasEvento('3')
#7 /home/crfsp010/public_html/eventos/system/CodeIgniter.php(918): App\Controllers\PdfController->index()
#8 /home/crfsp010/public_html/eventos/system/CodeIgniter.php(404): CodeIgniter\CodeIgniter->runController(Object(App\Controllers\PdfController))
#9 /home/crfsp010/public_html/eventos/system/CodeIgniter.php(312): CodeIgniter\CodeIgniter->handleRequest(NULL, Object(Config\Cache), false)
#10 /home/crfsp010/public_html/eventos/index.php(47): CodeIgniter\CodeIgniter->run()
#11 {main}
CRITICAL - 2021-11-17 09:35:59 --> In aggregated query without GROUP BY, expression #1 of SELECT list contains nonaggregated column 'crfsp010_eventos.atividade_evento.id'; this is incompatible with sql_mode=only_full_group_by
#0 /home/crfsp010/public_html/eventos/system/Database/MySQLi/Connection.php(331): mysqli->query('SELECT *, SUM(H...')
#1 /home/crfsp010/public_html/eventos/system/Database/BaseConnection.php(741): CodeIgniter\Database\MySQLi\Connection->execute('SELECT *, SUM(H...')
#2 /home/crfsp010/public_html/eventos/system/Database/BaseConnection.php(669): CodeIgniter\Database\BaseConnection->simpleQuery('SELECT *, SUM(H...')
#3 /home/crfsp010/public_html/eventos/system/Database/BaseBuilder.php(1860): CodeIgniter\Database\BaseConnection->query('SELECT *, SUM(H...', Array, false)
#4 /home/crfsp010/public_html/eventos/system/Model.php(506): CodeIgniter\Database\BaseBuilder->get()
#5 /home/crfsp010/public_html/eventos/app/Models/AtividadeModel.php(89): CodeIgniter\Model->first()
#6 /home/crfsp010/public_html/eventos/app/Controllers/PdfController.php(31): App\Models\AtividadeModel->horasEvento('3')
#7 /home/crfsp010/public_html/eventos/system/CodeIgniter.php(918): App\Controllers\PdfController->index()
#8 /home/crfsp010/public_html/eventos/system/CodeIgniter.php(404): CodeIgniter\CodeIgniter->runController(Object(App\Controllers\PdfController))
#9 /home/crfsp010/public_html/eventos/system/CodeIgniter.php(312): CodeIgniter\CodeIgniter->handleRequest(NULL, Object(Config\Cache), false)
#10 /home/crfsp010/public_html/eventos/index.php(47): CodeIgniter\CodeIgniter->run()
#11 {main}
ERROR - 2021-11-17 09:40:34 --> mysqli_sql_exception: In aggregated query without GROUP BY, expression #1 of SELECT list contains nonaggregated column 'crfsp010_eventos.atividade_evento.id'; this is incompatible with sql_mode=only_full_group_by in /home/crfsp010/public_html/eventos/system/Database/MySQLi/Connection.php:331
Stack trace:
#0 /home/crfsp010/public_html/eventos/system/Database/MySQLi/Connection.php(331): mysqli->query('SELECT *, SUM(H...')
#1 /home/crfsp010/public_html/eventos/system/Database/BaseConnection.php(741): CodeIgniter\Database\MySQLi\Connection->execute('SELECT *, SUM(H...')
#2 /home/crfsp010/public_html/eventos/system/Database/BaseConnection.php(669): CodeIgniter\Database\BaseConnection->simpleQuery('SELECT *, SUM(H...')
#3 /home/crfsp010/public_html/eventos/system/Database/BaseBuilder.php(1860): CodeIgniter\Database\BaseConnection->query('SELECT *, SUM(H...', Array, false)
#4 /home/crfsp010/public_html/eventos/system/Model.php(506): CodeIgniter\Database\BaseBuilder->get()
#5 /home/crfsp010/public_html/eventos/app/Models/AtividadeModel.php(89): CodeIgniter\Model->first()
#6 /home/crfsp010/public_html/eventos/app/Controllers/PdfController.php(80): App\Models\AtividadeModel->horasEvento('3')
#7 /home/crfsp010/public_html/eventos/app/Controllers/Eventos.php(112): App\Controllers\PdfController->gerarCertificado(Array)
#8 /home/crfsp010/public_html/eventos/system/CodeIgniter.php(918): App\Controllers\Eventos->gerarCertificado('3')
#9 /home/crfsp010/public_html/eventos/system/CodeIgniter.php(404): CodeIgniter\CodeIgniter->runController(Object(App\Controllers\Eventos))
#10 /home/crfsp010/public_html/eventos/system/CodeIgniter.php(312): CodeIgniter\CodeIgniter->handleRequest(NULL, Object(Config\Cache), false)
#11 /home/crfsp010/public_html/eventos/index.php(47): CodeIgniter\CodeIgniter->run()
#12 {main}
CRITICAL - 2021-11-17 09:40:34 --> In aggregated query without GROUP BY, expression #1 of SELECT list contains nonaggregated column 'crfsp010_eventos.atividade_evento.id'; this is incompatible with sql_mode=only_full_group_by
#0 /home/crfsp010/public_html/eventos/system/Database/MySQLi/Connection.php(331): mysqli->query('SELECT *, SUM(H...')
#1 /home/crfsp010/public_html/eventos/system/Database/BaseConnection.php(741): CodeIgniter\Database\MySQLi\Connection->execute('SELECT *, SUM(H...')
#2 /home/crfsp010/public_html/eventos/system/Database/BaseConnection.php(669): CodeIgniter\Database\BaseConnection->simpleQuery('SELECT *, SUM(H...')
#3 /home/crfsp010/public_html/eventos/system/Database/BaseBuilder.php(1860): CodeIgniter\Database\BaseConnection->query('SELECT *, SUM(H...', Array, false)
#4 /home/crfsp010/public_html/eventos/system/Model.php(506): CodeIgniter\Database\BaseBuilder->get()
#5 /home/crfsp010/public_html/eventos/app/Models/AtividadeModel.php(89): CodeIgniter\Model->first()
#6 /home/crfsp010/public_html/eventos/app/Controllers/PdfController.php(80): App\Models\AtividadeModel->horasEvento('3')
#7 /home/crfsp010/public_html/eventos/app/Controllers/Eventos.php(112): App\Controllers\PdfController->gerarCertificado(Array)
#8 /home/crfsp010/public_html/eventos/system/CodeIgniter.php(918): App\Controllers\Eventos->gerarCertificado('3')
#9 /home/crfsp010/public_html/eventos/system/CodeIgniter.php(404): CodeIgniter\CodeIgniter->runController(Object(App\Controllers\Eventos))
#10 /home/crfsp010/public_html/eventos/system/CodeIgniter.php(312): CodeIgniter\CodeIgniter->handleRequest(NULL, Object(Config\Cache), false)
#11 /home/crfsp010/public_html/eventos/index.php(47): CodeIgniter\CodeIgniter->run()
#12 {main}
CRITICAL - 2021-11-17 12:35:43 --> Segmento do URI da Requisição está fora do intervalo: 3
#0 /home/crfsp010/public_html/eventos/system/HTTP/URI.php(515): CodeIgniter\HTTP\Exceptions\HTTPException::forURISegmentOutOfRange(3)
#1 /home/crfsp010/public_html/eventos/app/Controllers/Inscritos.php(20): CodeIgniter\HTTP\URI->getSegment(3)
#2 /home/crfsp010/public_html/eventos/system/CodeIgniter.php(918): App\Controllers\Inscritos->relatorioEvento()
#3 /home/crfsp010/public_html/eventos/system/CodeIgniter.php(404): CodeIgniter\CodeIgniter->runController(Object(App\Controllers\Inscritos))
#4 /home/crfsp010/public_html/eventos/system/CodeIgniter.php(312): CodeIgniter\CodeIgniter->handleRequest(NULL, Object(Config\Cache), false)
#5 /home/crfsp010/public_html/eventos/index.php(47): CodeIgniter\CodeIgniter->run()
#6 {main}
ERROR - 2021-11-17 17:03:22 --> Email: sendWithSmtp throwed fsockopen(): SSL operation failed with code 1. OpenSSL Error messages:
error:1408F10B:SSL routines:ssl3_get_record:wrong version number
