CRITICAL - 2021-05-28 07:30:18 --> Class 'App\Controllers\AtividadeModel' not found
#0 C:\wamp\www\eventosonline\eventos\system\CodeIgniter.php(918): App\Controllers\Atividades->cadativ()
#1 C:\wamp\www\eventosonline\eventos\system\CodeIgniter.php(404): CodeIgniter\CodeIgniter->runController(Object(App\Controllers\Atividades))
#2 C:\wamp\www\eventosonline\eventos\system\CodeIgniter.php(312): CodeIgniter\CodeIgniter->handleRequest(NULL, Object(Config\Cache), false)
#3 C:\wamp\www\eventosonline\eventos\index.php(47): CodeIgniter\CodeIgniter->run()
#4 {main}
CRITICAL - 2021-05-28 07:30:59 --> Class 'App\Controllers\AtividadeModel' not found
#0 C:\wamp\www\eventosonline\eventos\system\CodeIgniter.php(918): App\Controllers\Atividades->cadativ()
#1 C:\wamp\www\eventosonline\eventos\system\CodeIgniter.php(404): CodeIgniter\CodeIgniter->runController(Object(App\Controllers\Atividades))
#2 C:\wamp\www\eventosonline\eventos\system\CodeIgniter.php(312): CodeIgniter\CodeIgniter->handleRequest(NULL, Object(Config\Cache), false)
#3 C:\wamp\www\eventosonline\eventos\index.php(47): CodeIgniter\CodeIgniter->run()
#4 {main}
CRITICAL - 2021-05-28 07:31:33 --> Class 'App\Controllers\AtividadeModel' not found
#0 C:\wamp\www\eventosonline\eventos\system\CodeIgniter.php(918): App\Controllers\Atividades->cadativ()
#1 C:\wamp\www\eventosonline\eventos\system\CodeIgniter.php(404): CodeIgniter\CodeIgniter->runController(Object(App\Controllers\Atividades))
#2 C:\wamp\www\eventosonline\eventos\system\CodeIgniter.php(312): CodeIgniter\CodeIgniter->handleRequest(NULL, Object(Config\Cache), false)
#3 C:\wamp\www\eventosonline\eventos\index.php(47): CodeIgniter\CodeIgniter->run()
#4 {main}
CRITICAL - 2021-05-28 07:33:10 --> Class 'App\Controllers\AtividadeModel' not found
#0 C:\wamp\www\eventosonline\eventos\system\CodeIgniter.php(918): App\Controllers\Atividades->cadativ()
#1 C:\wamp\www\eventosonline\eventos\system\CodeIgniter.php(404): CodeIgniter\CodeIgniter->runController(Object(App\Controllers\Atividades))
#2 C:\wamp\www\eventosonline\eventos\system\CodeIgniter.php(312): CodeIgniter\CodeIgniter->handleRequest(NULL, Object(Config\Cache), false)
#3 C:\wamp\www\eventosonline\eventos\index.php(47): CodeIgniter\CodeIgniter->run()
#4 {main}
ERROR - 2021-05-28 07:37:08 --> mysqli_sql_exception: Cannot add or update a child row: a foreign key constraint fails (`crfsp010_eventos`.`atividade_evento`, CONSTRAINT `FK_atividade_evento_eventos` FOREIGN KEY (`idEvento`) REFERENCES `eventos` (`id`)) in C:\wamp\www\eventosonline\eventos\system\Database\MySQLi\Connection.php:331
Stack trace:
#0 C:\wamp\www\eventosonline\eventos\system\Database\MySQLi\Connection.php(331): mysqli->query('INSERT INTO `at...')
#1 C:\wamp\www\eventosonline\eventos\system\Database\BaseConnection.php(741): CodeIgniter\Database\MySQLi\Connection->execute('INSERT INTO `at...')
#2 C:\wamp\www\eventosonline\eventos\system\Database\BaseConnection.php(669): CodeIgniter\Database\BaseConnection->simpleQuery('INSERT INTO `at...')
#3 C:\wamp\www\eventosonline\eventos\system\Database\BaseBuilder.php(2249): CodeIgniter\Database\BaseConnection->query('INSERT INTO `at...', Array, false)
#4 C:\wamp\www\eventosonline\eventos\system\Model.php(755): CodeIgniter\Database\BaseBuilder->insert()
#5 C:\wamp\www\eventosonline\eventos\system\Model.php(574): CodeIgniter\Model->insert(Array, false)
#6 C:\wamp\www\eventosonline\eventos\app\Controllers\Atividades.php(46): CodeIgniter\Model->save(Array)
#7 C:\wamp\www\eventosonline\eventos\system\CodeIgniter.php(918): App\Controllers\Atividades->cadativ()
#8 C:\wamp\www\eventosonline\eventos\system\CodeIgniter.php(404): CodeIgniter\CodeIgniter->runController(Object(App\Controllers\Atividades))
#9 C:\wamp\www\eventosonline\eventos\system\CodeIgniter.php(312): CodeIgniter\CodeIgniter->handleRequest(NULL, Object(Config\Cache), false)
#10 C:\wamp\www\eventosonline\eventos\index.php(47): CodeIgniter\CodeIgniter->run()
#11 {main}
CRITICAL - 2021-05-28 07:37:08 --> Cannot add or update a child row: a foreign key constraint fails (`crfsp010_eventos`.`atividade_evento`, CONSTRAINT `FK_atividade_evento_eventos` FOREIGN KEY (`idEvento`) REFERENCES `eventos` (`id`))
#0 C:\wamp\www\eventosonline\eventos\system\Database\MySQLi\Connection.php(331): mysqli->query('INSERT INTO `at...')
#1 C:\wamp\www\eventosonline\eventos\system\Database\BaseConnection.php(741): CodeIgniter\Database\MySQLi\Connection->execute('INSERT INTO `at...')
#2 C:\wamp\www\eventosonline\eventos\system\Database\BaseConnection.php(669): CodeIgniter\Database\BaseConnection->simpleQuery('INSERT INTO `at...')
#3 C:\wamp\www\eventosonline\eventos\system\Database\BaseBuilder.php(2249): CodeIgniter\Database\BaseConnection->query('INSERT INTO `at...', Array, false)
#4 C:\wamp\www\eventosonline\eventos\system\Model.php(755): CodeIgniter\Database\BaseBuilder->insert()
#5 C:\wamp\www\eventosonline\eventos\system\Model.php(574): CodeIgniter\Model->insert(Array, false)
#6 C:\wamp\www\eventosonline\eventos\app\Controllers\Atividades.php(46): CodeIgniter\Model->save(Array)
#7 C:\wamp\www\eventosonline\eventos\system\CodeIgniter.php(918): App\Controllers\Atividades->cadativ()
#8 C:\wamp\www\eventosonline\eventos\system\CodeIgniter.php(404): CodeIgniter\CodeIgniter->runController(Object(App\Controllers\Atividades))
#9 C:\wamp\www\eventosonline\eventos\system\CodeIgniter.php(312): CodeIgniter\CodeIgniter->handleRequest(NULL, Object(Config\Cache), false)
#10 C:\wamp\www\eventosonline\eventos\index.php(47): CodeIgniter\CodeIgniter->run()
#11 {main}
ERROR - 2021-05-28 08:34:19 --> mysqli_sql_exception: Cannot add or update a child row: a foreign key constraint fails (`crfsp010_eventos`.`atividade_evento`, CONSTRAINT `FK_atividade_evento_eventos` FOREIGN KEY (`idEvento`) REFERENCES `eventos` (`id`)) in C:\wamp\www\eventosonline\eventos\system\Database\MySQLi\Connection.php:331
Stack trace:
#0 C:\wamp\www\eventosonline\eventos\system\Database\MySQLi\Connection.php(331): mysqli->query('INSERT INTO `at...')
#1 C:\wamp\www\eventosonline\eventos\system\Database\BaseConnection.php(741): CodeIgniter\Database\MySQLi\Connection->execute('INSERT INTO `at...')
#2 C:\wamp\www\eventosonline\eventos\system\Database\BaseConnection.php(669): CodeIgniter\Database\BaseConnection->simpleQuery('INSERT INTO `at...')
#3 C:\wamp\www\eventosonline\eventos\system\Database\BaseBuilder.php(2249): CodeIgniter\Database\BaseConnection->query('INSERT INTO `at...', Array, false)
#4 C:\wamp\www\eventosonline\eventos\system\Model.php(755): CodeIgniter\Database\BaseBuilder->insert()
#5 C:\wamp\www\eventosonline\eventos\system\Model.php(574): CodeIgniter\Model->insert(Array, false)
#6 C:\wamp\www\eventosonline\eventos\app\Controllers\Atividades.php(46): CodeIgniter\Model->save(Array)
#7 C:\wamp\www\eventosonline\eventos\system\CodeIgniter.php(918): App\Controllers\Atividades->cadativ()
#8 C:\wamp\www\eventosonline\eventos\system\CodeIgniter.php(404): CodeIgniter\CodeIgniter->runController(Object(App\Controllers\Atividades))
#9 C:\wamp\www\eventosonline\eventos\system\CodeIgniter.php(312): CodeIgniter\CodeIgniter->handleRequest(NULL, Object(Config\Cache), false)
#10 C:\wamp\www\eventosonline\eventos\index.php(47): CodeIgniter\CodeIgniter->run()
#11 {main}
CRITICAL - 2021-05-28 08:34:19 --> Cannot add or update a child row: a foreign key constraint fails (`crfsp010_eventos`.`atividade_evento`, CONSTRAINT `FK_atividade_evento_eventos` FOREIGN KEY (`idEvento`) REFERENCES `eventos` (`id`))
#0 C:\wamp\www\eventosonline\eventos\system\Database\MySQLi\Connection.php(331): mysqli->query('INSERT INTO `at...')
#1 C:\wamp\www\eventosonline\eventos\system\Database\BaseConnection.php(741): CodeIgniter\Database\MySQLi\Connection->execute('INSERT INTO `at...')
#2 C:\wamp\www\eventosonline\eventos\system\Database\BaseConnection.php(669): CodeIgniter\Database\BaseConnection->simpleQuery('INSERT INTO `at...')
#3 C:\wamp\www\eventosonline\eventos\system\Database\BaseBuilder.php(2249): CodeIgniter\Database\BaseConnection->query('INSERT INTO `at...', Array, false)
#4 C:\wamp\www\eventosonline\eventos\system\Model.php(755): CodeIgniter\Database\BaseBuilder->insert()
#5 C:\wamp\www\eventosonline\eventos\system\Model.php(574): CodeIgniter\Model->insert(Array, false)
#6 C:\wamp\www\eventosonline\eventos\app\Controllers\Atividades.php(46): CodeIgniter\Model->save(Array)
#7 C:\wamp\www\eventosonline\eventos\system\CodeIgniter.php(918): App\Controllers\Atividades->cadativ()
#8 C:\wamp\www\eventosonline\eventos\system\CodeIgniter.php(404): CodeIgniter\CodeIgniter->runController(Object(App\Controllers\Atividades))
#9 C:\wamp\www\eventosonline\eventos\system\CodeIgniter.php(312): CodeIgniter\CodeIgniter->handleRequest(NULL, Object(Config\Cache), false)
#10 C:\wamp\www\eventosonline\eventos\index.php(47): CodeIgniter\CodeIgniter->run()
#11 {main}
ERROR - 2021-05-28 08:44:26 --> mysqli_sql_exception: Unknown column 'name' in 'field list' in C:\wamp\www\eventosonline\eventos\system\Database\MySQLi\Connection.php:331
Stack trace:
#0 C:\wamp\www\eventosonline\eventos\system\Database\MySQLi\Connection.php(331): mysqli->query('INSERT INTO `ev...')
#1 C:\wamp\www\eventosonline\eventos\system\Database\BaseConnection.php(741): CodeIgniter\Database\MySQLi\Connection->execute('INSERT INTO `ev...')
#2 C:\wamp\www\eventosonline\eventos\system\Database\BaseConnection.php(669): CodeIgniter\Database\BaseConnection->simpleQuery('INSERT INTO `ev...')
#3 C:\wamp\www\eventosonline\eventos\system\Database\BaseBuilder.php(2249): CodeIgniter\Database\BaseConnection->query('INSERT INTO `ev...', Array, false)
#4 C:\wamp\www\eventosonline\eventos\app\Controllers\Eventos.php(170): CodeIgniter\Database\BaseBuilder->insert(Array)
#5 C:\wamp\www\eventosonline\eventos\system\CodeIgniter.php(918): App\Controllers\Eventos->upload()
#6 C:\wamp\www\eventosonline\eventos\system\CodeIgniter.php(404): CodeIgniter\CodeIgniter->runController(Object(App\Controllers\Eventos))
#7 C:\wamp\www\eventosonline\eventos\system\CodeIgniter.php(312): CodeIgniter\CodeIgniter->handleRequest(NULL, Object(Config\Cache), false)
#8 C:\wamp\www\eventosonline\eventos\index.php(47): CodeIgniter\CodeIgniter->run()
#9 {main}
CRITICAL - 2021-05-28 08:44:26 --> Unknown column 'name' in 'field list'
#0 C:\wamp\www\eventosonline\eventos\system\Database\MySQLi\Connection.php(331): mysqli->query('INSERT INTO `ev...')
#1 C:\wamp\www\eventosonline\eventos\system\Database\BaseConnection.php(741): CodeIgniter\Database\MySQLi\Connection->execute('INSERT INTO `ev...')
#2 C:\wamp\www\eventosonline\eventos\system\Database\BaseConnection.php(669): CodeIgniter\Database\BaseConnection->simpleQuery('INSERT INTO `ev...')
#3 C:\wamp\www\eventosonline\eventos\system\Database\BaseBuilder.php(2249): CodeIgniter\Database\BaseConnection->query('INSERT INTO `ev...', Array, false)
#4 C:\wamp\www\eventosonline\eventos\app\Controllers\Eventos.php(170): CodeIgniter\Database\BaseBuilder->insert(Array)
#5 C:\wamp\www\eventosonline\eventos\system\CodeIgniter.php(918): App\Controllers\Eventos->upload()
#6 C:\wamp\www\eventosonline\eventos\system\CodeIgniter.php(404): CodeIgniter\CodeIgniter->runController(Object(App\Controllers\Eventos))
#7 C:\wamp\www\eventosonline\eventos\system\CodeIgniter.php(312): CodeIgniter\CodeIgniter->handleRequest(NULL, Object(Config\Cache), false)
#8 C:\wamp\www\eventosonline\eventos\index.php(47): CodeIgniter\CodeIgniter->run()
#9 {main}
CRITICAL - 2021-05-28 09:12:38 --> Arquivo inválido: profile_image.php
#0 C:\wamp\www\eventosonline\eventos\system\View\View.php(228): CodeIgniter\Exceptions\FrameworkException::forInvalidFile('profile_image.p...')
#1 C:\wamp\www\eventosonline\eventos\system\Common.php(1119): CodeIgniter\View\View->render('profile_image', Array, true)
#2 C:\wamp\www\eventosonline\eventos\app\Controllers\Eventos.php(174): view('profile_image')
#3 C:\wamp\www\eventosonline\eventos\system\CodeIgniter.php(918): App\Controllers\Eventos->upload_single_file()
#4 C:\wamp\www\eventosonline\eventos\system\CodeIgniter.php(404): CodeIgniter\CodeIgniter->runController(Object(App\Controllers\Eventos))
#5 C:\wamp\www\eventosonline\eventos\system\CodeIgniter.php(312): CodeIgniter\CodeIgniter->handleRequest(NULL, Object(Config\Cache), false)
#6 C:\wamp\www\eventosonline\eventos\index.php(47): CodeIgniter\CodeIgniter->run()
#7 {main}
CRITICAL - 2021-05-28 09:17:51 --> syntax error, unexpected 'public' (T_PUBLIC), expecting end of file
#0 C:\wamp\www\eventosonline\eventos\system\Autoloader\Autoloader.php(296): CodeIgniter\Autoloader\Autoloader->requireFile('C:\\wamp\\www\\eve...')
#1 C:\wamp\www\eventosonline\eventos\system\Autoloader\Autoloader.php(258): CodeIgniter\Autoloader\Autoloader->loadInNamespace('App\\Controllers...')
#2 [internal function]: CodeIgniter\Autoloader\Autoloader->loadClass('App\\Controllers...')
#3 [internal function]: spl_autoload_call('App\\Controllers...')
#4 C:\wamp\www\eventosonline\eventos\system\CodeIgniter.php(869): class_exists('\\App\\Controller...', true)
#5 C:\wamp\www\eventosonline\eventos\system\CodeIgniter.php(394): CodeIgniter\CodeIgniter->startController()
#6 C:\wamp\www\eventosonline\eventos\system\CodeIgniter.php(312): CodeIgniter\CodeIgniter->handleRequest(NULL, Object(Config\Cache), false)
#7 C:\wamp\www\eventosonline\eventos\index.php(47): CodeIgniter\CodeIgniter->run()
#8 {main}
CRITICAL - 2021-05-28 09:18:19 --> syntax error, unexpected 'public' (T_PUBLIC), expecting end of file
#0 C:\wamp\www\eventosonline\eventos\system\Autoloader\Autoloader.php(296): CodeIgniter\Autoloader\Autoloader->requireFile('C:\\wamp\\www\\eve...')
#1 C:\wamp\www\eventosonline\eventos\system\Autoloader\Autoloader.php(258): CodeIgniter\Autoloader\Autoloader->loadInNamespace('App\\Controllers...')
#2 [internal function]: CodeIgniter\Autoloader\Autoloader->loadClass('App\\Controllers...')
#3 [internal function]: spl_autoload_call('App\\Controllers...')
#4 C:\wamp\www\eventosonline\eventos\system\CodeIgniter.php(869): class_exists('\\App\\Controller...', true)
#5 C:\wamp\www\eventosonline\eventos\system\CodeIgniter.php(394): CodeIgniter\CodeIgniter->startController()
#6 C:\wamp\www\eventosonline\eventos\system\CodeIgniter.php(312): CodeIgniter\CodeIgniter->handleRequest(NULL, Object(Config\Cache), false)
#7 C:\wamp\www\eventosonline\eventos\index.php(47): CodeIgniter\CodeIgniter->run()
#8 {main}
CRITICAL - 2021-05-28 09:18:19 --> syntax error, unexpected 'public' (T_PUBLIC), expecting end of file
#0 C:\wamp\www\eventosonline\eventos\system\Autoloader\Autoloader.php(296): CodeIgniter\Autoloader\Autoloader->requireFile('C:\\wamp\\www\\eve...')
#1 C:\wamp\www\eventosonline\eventos\system\Autoloader\Autoloader.php(258): CodeIgniter\Autoloader\Autoloader->loadInNamespace('App\\Controllers...')
#2 [internal function]: CodeIgniter\Autoloader\Autoloader->loadClass('App\\Controllers...')
#3 [internal function]: spl_autoload_call('App\\Controllers...')
#4 C:\wamp\www\eventosonline\eventos\system\CodeIgniter.php(869): class_exists('\\App\\Controller...', true)
#5 C:\wamp\www\eventosonline\eventos\system\CodeIgniter.php(394): CodeIgniter\CodeIgniter->startController()
#6 C:\wamp\www\eventosonline\eventos\system\CodeIgniter.php(312): CodeIgniter\CodeIgniter->handleRequest(NULL, Object(Config\Cache), false)
#7 C:\wamp\www\eventosonline\eventos\index.php(47): CodeIgniter\CodeIgniter->run()
#8 {main}
CRITICAL - 2021-05-28 09:18:49 --> syntax error, unexpected 'public' (T_PUBLIC), expecting end of file
#0 C:\wamp\www\eventosonline\eventos\system\Autoloader\Autoloader.php(296): CodeIgniter\Autoloader\Autoloader->requireFile('C:\\wamp\\www\\eve...')
#1 C:\wamp\www\eventosonline\eventos\system\Autoloader\Autoloader.php(258): CodeIgniter\Autoloader\Autoloader->loadInNamespace('App\\Controllers...')
#2 [internal function]: CodeIgniter\Autoloader\Autoloader->loadClass('App\\Controllers...')
#3 [internal function]: spl_autoload_call('App\\Controllers...')
#4 C:\wamp\www\eventosonline\eventos\system\CodeIgniter.php(869): class_exists('\\App\\Controller...', true)
#5 C:\wamp\www\eventosonline\eventos\system\CodeIgniter.php(394): CodeIgniter\CodeIgniter->startController()
#6 C:\wamp\www\eventosonline\eventos\system\CodeIgniter.php(312): CodeIgniter\CodeIgniter->handleRequest(NULL, Object(Config\Cache), false)
#7 C:\wamp\www\eventosonline\eventos\index.php(47): CodeIgniter\CodeIgniter->run()
#8 {main}
CRITICAL - 2021-05-28 09:19:19 --> syntax error, unexpected 'public' (T_PUBLIC), expecting end of file
#0 C:\wamp\www\eventosonline\eventos\system\Autoloader\Autoloader.php(296): CodeIgniter\Autoloader\Autoloader->requireFile('C:\\wamp\\www\\eve...')
#1 C:\wamp\www\eventosonline\eventos\system\Autoloader\Autoloader.php(258): CodeIgniter\Autoloader\Autoloader->loadInNamespace('App\\Controllers...')
#2 [internal function]: CodeIgniter\Autoloader\Autoloader->loadClass('App\\Controllers...')
#3 [internal function]: spl_autoload_call('App\\Controllers...')
#4 C:\wamp\www\eventosonline\eventos\system\CodeIgniter.php(869): class_exists('\\App\\Controller...', true)
#5 C:\wamp\www\eventosonline\eventos\system\CodeIgniter.php(394): CodeIgniter\CodeIgniter->startController()
#6 C:\wamp\www\eventosonline\eventos\system\CodeIgniter.php(312): CodeIgniter\CodeIgniter->handleRequest(NULL, Object(Config\Cache), false)
#7 C:\wamp\www\eventosonline\eventos\index.php(47): CodeIgniter\CodeIgniter->run()
#8 {main}
CRITICAL - 2021-05-28 09:50:21 --> Call to undefined method App\Controllers\Eventos::post()
#0 C:\wamp\www\eventosonline\eventos\system\CodeIgniter.php(918): App\Controllers\Eventos->upload()
#1 C:\wamp\www\eventosonline\eventos\system\CodeIgniter.php(404): CodeIgniter\CodeIgniter->runController(Object(App\Controllers\Eventos))
#2 C:\wamp\www\eventosonline\eventos\system\CodeIgniter.php(312): CodeIgniter\CodeIgniter->handleRequest(NULL, Object(Config\Cache), false)
#3 C:\wamp\www\eventosonline\eventos\index.php(47): CodeIgniter\CodeIgniter->run()
#4 {main}
ERROR - 2021-05-28 09:59:07 --> mysqli_sql_exception: Unknown column 'name' in 'field list' in C:\wamp\www\eventosonline\eventos\system\Database\MySQLi\Connection.php:331
Stack trace:
#0 C:\wamp\www\eventosonline\eventos\system\Database\MySQLi\Connection.php(331): mysqli->query('INSERT INTO `ev...')
#1 C:\wamp\www\eventosonline\eventos\system\Database\BaseConnection.php(741): CodeIgniter\Database\MySQLi\Connection->execute('INSERT INTO `ev...')
#2 C:\wamp\www\eventosonline\eventos\system\Database\BaseConnection.php(669): CodeIgniter\Database\BaseConnection->simpleQuery('INSERT INTO `ev...')
#3 C:\wamp\www\eventosonline\eventos\system\Database\BaseBuilder.php(2249): CodeIgniter\Database\BaseConnection->query('INSERT INTO `ev...', Array, false)
#4 C:\wamp\www\eventosonline\eventos\app\Controllers\Eventos.php(152): CodeIgniter\Database\BaseBuilder->insert(Array)
#5 C:\wamp\www\eventosonline\eventos\system\CodeIgniter.php(918): App\Controllers\Eventos->upload()
#6 C:\wamp\www\eventosonline\eventos\system\CodeIgniter.php(404): CodeIgniter\CodeIgniter->runController(Object(App\Controllers\Eventos))
#7 C:\wamp\www\eventosonline\eventos\system\CodeIgniter.php(312): CodeIgniter\CodeIgniter->handleRequest(NULL, Object(Config\Cache), false)
#8 C:\wamp\www\eventosonline\eventos\index.php(47): CodeIgniter\CodeIgniter->run()
#9 {main}
CRITICAL - 2021-05-28 09:59:07 --> Unknown column 'name' in 'field list'
#0 C:\wamp\www\eventosonline\eventos\system\Database\MySQLi\Connection.php(331): mysqli->query('INSERT INTO `ev...')
#1 C:\wamp\www\eventosonline\eventos\system\Database\BaseConnection.php(741): CodeIgniter\Database\MySQLi\Connection->execute('INSERT INTO `ev...')
#2 C:\wamp\www\eventosonline\eventos\system\Database\BaseConnection.php(669): CodeIgniter\Database\BaseConnection->simpleQuery('INSERT INTO `ev...')
#3 C:\wamp\www\eventosonline\eventos\system\Database\BaseBuilder.php(2249): CodeIgniter\Database\BaseConnection->query('INSERT INTO `ev...', Array, false)
#4 C:\wamp\www\eventosonline\eventos\app\Controllers\Eventos.php(152): CodeIgniter\Database\BaseBuilder->insert(Array)
#5 C:\wamp\www\eventosonline\eventos\system\CodeIgniter.php(918): App\Controllers\Eventos->upload()
#6 C:\wamp\www\eventosonline\eventos\system\CodeIgniter.php(404): CodeIgniter\CodeIgniter->runController(Object(App\Controllers\Eventos))
#7 C:\wamp\www\eventosonline\eventos\system\CodeIgniter.php(312): CodeIgniter\CodeIgniter->handleRequest(NULL, Object(Config\Cache), false)
#8 C:\wamp\www\eventosonline\eventos\index.php(47): CodeIgniter\CodeIgniter->run()
#9 {main}
CRITICAL - 2021-05-28 10:03:13 --> syntax error, unexpected ''eventos'' (T_CONSTANT_ENCAPSED_STRING)
#0 C:\wamp\www\eventosonline\eventos\system\Autoloader\Autoloader.php(296): CodeIgniter\Autoloader\Autoloader->requireFile('C:\\wamp\\www\\eve...')
#1 C:\wamp\www\eventosonline\eventos\system\Autoloader\Autoloader.php(258): CodeIgniter\Autoloader\Autoloader->loadInNamespace('App\\Controllers...')
#2 [internal function]: CodeIgniter\Autoloader\Autoloader->loadClass('App\\Controllers...')
#3 [internal function]: spl_autoload_call('App\\Controllers...')
#4 C:\wamp\www\eventosonline\eventos\system\CodeIgniter.php(869): class_exists('\\App\\Controller...', true)
#5 C:\wamp\www\eventosonline\eventos\system\CodeIgniter.php(394): CodeIgniter\CodeIgniter->startController()
#6 C:\wamp\www\eventosonline\eventos\system\CodeIgniter.php(312): CodeIgniter\CodeIgniter->handleRequest(NULL, Object(Config\Cache), false)
#7 C:\wamp\www\eventosonline\eventos\index.php(47): CodeIgniter\CodeIgniter->run()
#8 {main}
CRITICAL - 2021-05-28 10:03:16 --> syntax error, unexpected ''eventos'' (T_CONSTANT_ENCAPSED_STRING)
#0 C:\wamp\www\eventosonline\eventos\system\Autoloader\Autoloader.php(296): CodeIgniter\Autoloader\Autoloader->requireFile('C:\\wamp\\www\\eve...')
#1 C:\wamp\www\eventosonline\eventos\system\Autoloader\Autoloader.php(258): CodeIgniter\Autoloader\Autoloader->loadInNamespace('App\\Controllers...')
#2 [internal function]: CodeIgniter\Autoloader\Autoloader->loadClass('App\\Controllers...')
#3 [internal function]: spl_autoload_call('App\\Controllers...')
#4 C:\wamp\www\eventosonline\eventos\system\CodeIgniter.php(869): class_exists('\\App\\Controller...', true)
#5 C:\wamp\www\eventosonline\eventos\system\CodeIgniter.php(394): CodeIgniter\CodeIgniter->startController()
#6 C:\wamp\www\eventosonline\eventos\system\CodeIgniter.php(312): CodeIgniter\CodeIgniter->handleRequest(NULL, Object(Config\Cache), false)
#7 C:\wamp\www\eventosonline\eventos\index.php(47): CodeIgniter\CodeIgniter->run()
#8 {main}
CRITICAL - 2021-05-28 11:02:12 --> syntax error, unexpected 'public' (T_PUBLIC), expecting end of file
#0 C:\wamp\www\eventosonline\eventos\system\Autoloader\Autoloader.php(296): CodeIgniter\Autoloader\Autoloader->requireFile('C:\\wamp\\www\\eve...')
#1 C:\wamp\www\eventosonline\eventos\system\Autoloader\Autoloader.php(258): CodeIgniter\Autoloader\Autoloader->loadInNamespace('App\\Controllers...')
#2 [internal function]: CodeIgniter\Autoloader\Autoloader->loadClass('App\\Controllers...')
#3 [internal function]: spl_autoload_call('App\\Controllers...')
#4 C:\wamp\www\eventosonline\eventos\system\CodeIgniter.php(869): class_exists('\\App\\Controller...', true)
#5 C:\wamp\www\eventosonline\eventos\system\CodeIgniter.php(394): CodeIgniter\CodeIgniter->startController()
#6 C:\wamp\www\eventosonline\eventos\system\CodeIgniter.php(312): CodeIgniter\CodeIgniter->handleRequest(NULL, Object(Config\Cache), false)
#7 C:\wamp\www\eventosonline\eventos\index.php(47): CodeIgniter\CodeIgniter->run()
#8 {main}
CRITICAL - 2021-05-28 11:02:39 --> syntax error, unexpected '}', expecting end of file
#0 C:\wamp\www\eventosonline\eventos\system\Autoloader\Autoloader.php(296): CodeIgniter\Autoloader\Autoloader->requireFile('C:\\wamp\\www\\eve...')
#1 C:\wamp\www\eventosonline\eventos\system\Autoloader\Autoloader.php(258): CodeIgniter\Autoloader\Autoloader->loadInNamespace('App\\Controllers...')
#2 [internal function]: CodeIgniter\Autoloader\Autoloader->loadClass('App\\Controllers...')
#3 [internal function]: spl_autoload_call('App\\Controllers...')
#4 C:\wamp\www\eventosonline\eventos\system\CodeIgniter.php(869): class_exists('\\App\\Controller...', true)
#5 C:\wamp\www\eventosonline\eventos\system\CodeIgniter.php(394): CodeIgniter\CodeIgniter->startController()
#6 C:\wamp\www\eventosonline\eventos\system\CodeIgniter.php(312): CodeIgniter\CodeIgniter->handleRequest(NULL, Object(Config\Cache), false)
#7 C:\wamp\www\eventosonline\eventos\index.php(47): CodeIgniter\CodeIgniter->run()
#8 {main}
CRITICAL - 2021-05-28 11:03:14 --> syntax error, unexpected '}', expecting end of file
#0 C:\wamp\www\eventosonline\eventos\system\Autoloader\Autoloader.php(296): CodeIgniter\Autoloader\Autoloader->requireFile('C:\\wamp\\www\\eve...')
#1 C:\wamp\www\eventosonline\eventos\system\Autoloader\Autoloader.php(258): CodeIgniter\Autoloader\Autoloader->loadInNamespace('App\\Controllers...')
#2 [internal function]: CodeIgniter\Autoloader\Autoloader->loadClass('App\\Controllers...')
#3 [internal function]: spl_autoload_call('App\\Controllers...')
#4 C:\wamp\www\eventosonline\eventos\system\CodeIgniter.php(869): class_exists('\\App\\Controller...', true)
#5 C:\wamp\www\eventosonline\eventos\system\CodeIgniter.php(394): CodeIgniter\CodeIgniter->startController()
#6 C:\wamp\www\eventosonline\eventos\system\CodeIgniter.php(312): CodeIgniter\CodeIgniter->handleRequest(NULL, Object(Config\Cache), false)
#7 C:\wamp\www\eventosonline\eventos\index.php(47): CodeIgniter\CodeIgniter->run()
#8 {main}
ERROR - 2021-05-28 11:22:44 --> mysqli_sql_exception: Unknown column 'name' in 'field list' in C:\wamp\www\eventosonline\eventos\system\Database\MySQLi\Connection.php:331
Stack trace:
#0 C:\wamp\www\eventosonline\eventos\system\Database\MySQLi\Connection.php(331): mysqli->query('INSERT INTO `ev...')
#1 C:\wamp\www\eventosonline\eventos\system\Database\BaseConnection.php(741): CodeIgniter\Database\MySQLi\Connection->execute('INSERT INTO `ev...')
#2 C:\wamp\www\eventosonline\eventos\system\Database\BaseConnection.php(669): CodeIgniter\Database\BaseConnection->simpleQuery('INSERT INTO `ev...')
#3 C:\wamp\www\eventosonline\eventos\system\Database\BaseBuilder.php(2249): CodeIgniter\Database\BaseConnection->query('INSERT INTO `ev...', Array, false)
#4 C:\wamp\www\eventosonline\eventos\app\Controllers\Eventos.php(152): CodeIgniter\Database\BaseBuilder->insert(Array)
#5 C:\wamp\www\eventosonline\eventos\system\CodeIgniter.php(918): App\Controllers\Eventos->upload()
#6 C:\wamp\www\eventosonline\eventos\system\CodeIgniter.php(404): CodeIgniter\CodeIgniter->runController(Object(App\Controllers\Eventos))
#7 C:\wamp\www\eventosonline\eventos\system\CodeIgniter.php(312): CodeIgniter\CodeIgniter->handleRequest(NULL, Object(Config\Cache), false)
#8 C:\wamp\www\eventosonline\eventos\index.php(47): CodeIgniter\CodeIgniter->run()
#9 {main}
CRITICAL - 2021-05-28 11:22:44 --> Unknown column 'name' in 'field list'
#0 C:\wamp\www\eventosonline\eventos\system\Database\MySQLi\Connection.php(331): mysqli->query('INSERT INTO `ev...')
#1 C:\wamp\www\eventosonline\eventos\system\Database\BaseConnection.php(741): CodeIgniter\Database\MySQLi\Connection->execute('INSERT INTO `ev...')
#2 C:\wamp\www\eventosonline\eventos\system\Database\BaseConnection.php(669): CodeIgniter\Database\BaseConnection->simpleQuery('INSERT INTO `ev...')
#3 C:\wamp\www\eventosonline\eventos\system\Database\BaseBuilder.php(2249): CodeIgniter\Database\BaseConnection->query('INSERT INTO `ev...', Array, false)
#4 C:\wamp\www\eventosonline\eventos\app\Controllers\Eventos.php(152): CodeIgniter\Database\BaseBuilder->insert(Array)
#5 C:\wamp\www\eventosonline\eventos\system\CodeIgniter.php(918): App\Controllers\Eventos->upload()
#6 C:\wamp\www\eventosonline\eventos\system\CodeIgniter.php(404): CodeIgniter\CodeIgniter->runController(Object(App\Controllers\Eventos))
#7 C:\wamp\www\eventosonline\eventos\system\CodeIgniter.php(312): CodeIgniter\CodeIgniter->handleRequest(NULL, Object(Config\Cache), false)
#8 C:\wamp\www\eventosonline\eventos\index.php(47): CodeIgniter\CodeIgniter->run()
#9 {main}
ERROR - 2021-05-28 11:23:00 --> mysqli_sql_exception: Unknown column 'name' in 'field list' in C:\wamp\www\eventosonline\eventos\system\Database\MySQLi\Connection.php:331
Stack trace:
#0 C:\wamp\www\eventosonline\eventos\system\Database\MySQLi\Connection.php(331): mysqli->query('INSERT INTO `ev...')
#1 C:\wamp\www\eventosonline\eventos\system\Database\BaseConnection.php(741): CodeIgniter\Database\MySQLi\Connection->execute('INSERT INTO `ev...')
#2 C:\wamp\www\eventosonline\eventos\system\Database\BaseConnection.php(669): CodeIgniter\Database\BaseConnection->simpleQuery('INSERT INTO `ev...')
#3 C:\wamp\www\eventosonline\eventos\system\Database\BaseBuilder.php(2249): CodeIgniter\Database\BaseConnection->query('INSERT INTO `ev...', Array, false)
#4 C:\wamp\www\eventosonline\eventos\app\Controllers\Eventos.php(152): CodeIgniter\Database\BaseBuilder->insert(Array)
#5 C:\wamp\www\eventosonline\eventos\system\CodeIgniter.php(918): App\Controllers\Eventos->upload()
#6 C:\wamp\www\eventosonline\eventos\system\CodeIgniter.php(404): CodeIgniter\CodeIgniter->runController(Object(App\Controllers\Eventos))
#7 C:\wamp\www\eventosonline\eventos\system\CodeIgniter.php(312): CodeIgniter\CodeIgniter->handleRequest(NULL, Object(Config\Cache), false)
#8 C:\wamp\www\eventosonline\eventos\index.php(47): CodeIgniter\CodeIgniter->run()
#9 {main}
CRITICAL - 2021-05-28 11:23:00 --> Unknown column 'name' in 'field list'
#0 C:\wamp\www\eventosonline\eventos\system\Database\MySQLi\Connection.php(331): mysqli->query('INSERT INTO `ev...')
#1 C:\wamp\www\eventosonline\eventos\system\Database\BaseConnection.php(741): CodeIgniter\Database\MySQLi\Connection->execute('INSERT INTO `ev...')
#2 C:\wamp\www\eventosonline\eventos\system\Database\BaseConnection.php(669): CodeIgniter\Database\BaseConnection->simpleQuery('INSERT INTO `ev...')
#3 C:\wamp\www\eventosonline\eventos\system\Database\BaseBuilder.php(2249): CodeIgniter\Database\BaseConnection->query('INSERT INTO `ev...', Array, false)
#4 C:\wamp\www\eventosonline\eventos\app\Controllers\Eventos.php(152): CodeIgniter\Database\BaseBuilder->insert(Array)
#5 C:\wamp\www\eventosonline\eventos\system\CodeIgniter.php(918): App\Controllers\Eventos->upload()
#6 C:\wamp\www\eventosonline\eventos\system\CodeIgniter.php(404): CodeIgniter\CodeIgniter->runController(Object(App\Controllers\Eventos))
#7 C:\wamp\www\eventosonline\eventos\system\CodeIgniter.php(312): CodeIgniter\CodeIgniter->handleRequest(NULL, Object(Config\Cache), false)
#8 C:\wamp\www\eventosonline\eventos\index.php(47): CodeIgniter\CodeIgniter->run()
#9 {main}
ERROR - 2021-05-28 11:27:12 --> mysqli_sql_exception: Unknown column 'name' in 'field list' in C:\wamp\www\eventosonline\eventos\system\Database\MySQLi\Connection.php:331
Stack trace:
#0 C:\wamp\www\eventosonline\eventos\system\Database\MySQLi\Connection.php(331): mysqli->query('INSERT INTO `ev...')
#1 C:\wamp\www\eventosonline\eventos\system\Database\BaseConnection.php(741): CodeIgniter\Database\MySQLi\Connection->execute('INSERT INTO `ev...')
#2 C:\wamp\www\eventosonline\eventos\system\Database\BaseConnection.php(669): CodeIgniter\Database\BaseConnection->simpleQuery('INSERT INTO `ev...')
#3 C:\wamp\www\eventosonline\eventos\system\Database\BaseBuilder.php(2249): CodeIgniter\Database\BaseConnection->query('INSERT INTO `ev...', Array, false)
#4 C:\wamp\www\eventosonline\eventos\app\Controllers\Eventos.php(152): CodeIgniter\Database\BaseBuilder->insert(Array)
#5 C:\wamp\www\eventosonline\eventos\system\CodeIgniter.php(918): App\Controllers\Eventos->upload()
#6 C:\wamp\www\eventosonline\eventos\system\CodeIgniter.php(404): CodeIgniter\CodeIgniter->runController(Object(App\Controllers\Eventos))
#7 C:\wamp\www\eventosonline\eventos\system\CodeIgniter.php(312): CodeIgniter\CodeIgniter->handleRequest(NULL, Object(Config\Cache), false)
#8 C:\wamp\www\eventosonline\eventos\index.php(47): CodeIgniter\CodeIgniter->run()
#9 {main}
CRITICAL - 2021-05-28 11:27:12 --> Unknown column 'name' in 'field list'
#0 C:\wamp\www\eventosonline\eventos\system\Database\MySQLi\Connection.php(331): mysqli->query('INSERT INTO `ev...')
#1 C:\wamp\www\eventosonline\eventos\system\Database\BaseConnection.php(741): CodeIgniter\Database\MySQLi\Connection->execute('INSERT INTO `ev...')
#2 C:\wamp\www\eventosonline\eventos\system\Database\BaseConnection.php(669): CodeIgniter\Database\BaseConnection->simpleQuery('INSERT INTO `ev...')
#3 C:\wamp\www\eventosonline\eventos\system\Database\BaseBuilder.php(2249): CodeIgniter\Database\BaseConnection->query('INSERT INTO `ev...', Array, false)
#4 C:\wamp\www\eventosonline\eventos\app\Controllers\Eventos.php(152): CodeIgniter\Database\BaseBuilder->insert(Array)
#5 C:\wamp\www\eventosonline\eventos\system\CodeIgniter.php(918): App\Controllers\Eventos->upload()
#6 C:\wamp\www\eventosonline\eventos\system\CodeIgniter.php(404): CodeIgniter\CodeIgniter->runController(Object(App\Controllers\Eventos))
#7 C:\wamp\www\eventosonline\eventos\system\CodeIgniter.php(312): CodeIgniter\CodeIgniter->handleRequest(NULL, Object(Config\Cache), false)
#8 C:\wamp\www\eventosonline\eventos\index.php(47): CodeIgniter\CodeIgniter->run()
#9 {main}
CRITICAL - 2021-05-28 11:42:27 --> Undefined index: profile_image
#0 C:\wamp\www\eventosonline\eventos\app\Views\cadevento.php(51): CodeIgniter\Debug\Exceptions->errorHandler(8, 'Undefined index...', 'C:\\wamp\\www\\eve...', 51, Array)
#1 C:\wamp\www\eventosonline\eventos\system\View\View.php(246): include('C:\\wamp\\www\\eve...')
#2 C:\wamp\www\eventosonline\eventos\system\Common.php(1119): CodeIgniter\View\View->render('cadevento', Array, true)
#3 C:\wamp\www\eventosonline\eventos\app\Controllers\Eventos.php(117): view('cadevento')
#4 C:\wamp\www\eventosonline\eventos\system\CodeIgniter.php(918): App\Controllers\Eventos->cadeventos()
#5 C:\wamp\www\eventosonline\eventos\system\CodeIgniter.php(404): CodeIgniter\CodeIgniter->runController(Object(App\Controllers\Eventos))
#6 C:\wamp\www\eventosonline\eventos\system\CodeIgniter.php(312): CodeIgniter\CodeIgniter->handleRequest(NULL, Object(Config\Cache), false)
#7 C:\wamp\www\eventosonline\eventos\index.php(47): CodeIgniter\CodeIgniter->run()
#8 {main}
CRITICAL - 2021-05-28 11:43:26 --> Undefined index: image
#0 C:\wamp\www\eventosonline\eventos\app\Views\cadevento.php(51): CodeIgniter\Debug\Exceptions->errorHandler(8, 'Undefined index...', 'C:\\wamp\\www\\eve...', 51, Array)
#1 C:\wamp\www\eventosonline\eventos\system\View\View.php(246): include('C:\\wamp\\www\\eve...')
#2 C:\wamp\www\eventosonline\eventos\system\Common.php(1119): CodeIgniter\View\View->render('cadevento', Array, true)
#3 C:\wamp\www\eventosonline\eventos\app\Controllers\Eventos.php(117): view('cadevento')
#4 C:\wamp\www\eventosonline\eventos\system\CodeIgniter.php(918): App\Controllers\Eventos->cadeventos()
#5 C:\wamp\www\eventosonline\eventos\system\CodeIgniter.php(404): CodeIgniter\CodeIgniter->runController(Object(App\Controllers\Eventos))
#6 C:\wamp\www\eventosonline\eventos\system\CodeIgniter.php(312): CodeIgniter\CodeIgniter->handleRequest(NULL, Object(Config\Cache), false)
#7 C:\wamp\www\eventosonline\eventos\index.php(47): CodeIgniter\CodeIgniter->run()
#8 {main}
CRITICAL - 2021-05-28 11:43:48 --> Undefined index: profile_image
#0 C:\wamp\www\eventosonline\eventos\app\Views\cadevento.php(51): CodeIgniter\Debug\Exceptions->errorHandler(8, 'Undefined index...', 'C:\\wamp\\www\\eve...', 51, Array)
#1 C:\wamp\www\eventosonline\eventos\system\View\View.php(246): include('C:\\wamp\\www\\eve...')
#2 C:\wamp\www\eventosonline\eventos\system\Common.php(1119): CodeIgniter\View\View->render('cadevento', Array, true)
#3 C:\wamp\www\eventosonline\eventos\app\Controllers\Eventos.php(117): view('cadevento')
#4 C:\wamp\www\eventosonline\eventos\system\CodeIgniter.php(918): App\Controllers\Eventos->cadeventos()
#5 C:\wamp\www\eventosonline\eventos\system\CodeIgniter.php(404): CodeIgniter\CodeIgniter->runController(Object(App\Controllers\Eventos))
#6 C:\wamp\www\eventosonline\eventos\system\CodeIgniter.php(312): CodeIgniter\CodeIgniter->handleRequest(NULL, Object(Config\Cache), false)
#7 C:\wamp\www\eventosonline\eventos\index.php(47): CodeIgniter\CodeIgniter->run()
#8 {main}
CRITICAL - 2021-05-28 12:20:34 --> include(db.php): failed to open stream: No such file or directory
#0 C:\wamp\www\eventosonline\eventos\app\Views\cadevento.php(91): CodeIgniter\Debug\Exceptions->errorHandler(2, 'include(db.php)...', 'C:\\wamp\\www\\eve...', 91, Array)
#1 C:\wamp\www\eventosonline\eventos\app\Views\cadevento.php(91): include()
#2 C:\wamp\www\eventosonline\eventos\system\View\View.php(246): include('C:\\wamp\\www\\eve...')
#3 C:\wamp\www\eventosonline\eventos\system\Common.php(1119): CodeIgniter\View\View->render('cadevento', Array, true)
#4 C:\wamp\www\eventosonline\eventos\app\Controllers\Eventos.php(117): view('cadevento')
#5 C:\wamp\www\eventosonline\eventos\system\CodeIgniter.php(918): App\Controllers\Eventos->cadeventos()
#6 C:\wamp\www\eventosonline\eventos\system\CodeIgniter.php(404): CodeIgniter\CodeIgniter->runController(Object(App\Controllers\Eventos))
#7 C:\wamp\www\eventosonline\eventos\system\CodeIgniter.php(312): CodeIgniter\CodeIgniter->handleRequest(NULL, Object(Config\Cache), false)
#8 C:\wamp\www\eventosonline\eventos\index.php(47): CodeIgniter\CodeIgniter->run()
#9 {main}
CRITICAL - 2021-05-28 12:21:47 --> Maximum function nesting level of '256' reached, aborting!
#0 C:\wamp\www\eventosonline\eventos\system\Config\BaseService.php(110): strtolower('session')
#1 C:\wamp\www\eventosonline\eventos\system\Config\Services.php(769): CodeIgniter\Config\BaseService::getSharedInstance('session', NULL)
#2 C:\wamp\www\eventosonline\eventos\system\Common.php(926): CodeIgniter\Config\Services::session()
#3 C:\wamp\www\eventosonline\eventos\app\Views\cadevento.php(27): session()
#4 C:\wamp\www\eventosonline\eventos\app\Views\cadevento.php(91): include('C:\\wamp\\www\\eve...')
#5 C:\wamp\www\eventosonline\eventos\app\Views\cadevento.php(91): include('C:\\wamp\\www\\eve...')
#6 C:\wamp\www\eventosonline\eventos\app\Views\cadevento.php(91): include('C:\\wamp\\www\\eve...')
#7 C:\wamp\www\eventosonline\eventos\app\Views\cadevento.php(91): include('C:\\wamp\\www\\eve...')
#8 C:\wamp\www\eventosonline\eventos\app\Views\cadevento.php(91): include('C:\\wamp\\www\\eve...')
#9 C:\wamp\www\eventosonline\eventos\app\Views\cadevento.php(91): include('C:\\wamp\\www\\eve...')
#10 C:\wamp\www\eventosonline\eventos\app\Views\cadevento.php(91): include('C:\\wamp\\www\\eve...')
#11 C:\wamp\www\eventosonline\eventos\app\Views\cadevento.php(91): include('C:\\wamp\\www\\eve...')
#12 C:\wamp\www\eventosonline\eventos\app\Views\cadevento.php(91): include('C:\\wamp\\www\\eve...')
#13 C:\wamp\www\eventosonline\eventos\app\Views\cadevento.php(91): include('C:\\wamp\\www\\eve...')
#14 C:\wamp\www\eventosonline\eventos\app\Views\cadevento.php(91): include('C:\\wamp\\www\\eve...')
#15 C:\wamp\www\eventosonline\eventos\app\Views\cadevento.php(91): include('C:\\wamp\\www\\eve...')
#16 C:\wamp\www\eventosonline\eventos\app\Views\cadevento.php(91): include('C:\\wamp\\www\\eve...')
#17 C:\wamp\www\eventosonline\eventos\app\Views\cadevento.php(91): include('C:\\wamp\\www\\eve...')
#18 C:\wamp\www\eventosonline\eventos\app\Views\cadevento.php(91): include('C:\\wamp\\www\\eve...')
#19 C:\wamp\www\eventosonline\eventos\app\Views\cadevento.php(91): include('C:\\wamp\\www\\eve...')
#20 C:\wamp\www\eventosonline\eventos\app\Views\cadevento.php(91): include('C:\\wamp\\www\\eve...')
#21 C:\wamp\www\eventosonline\eventos\app\Views\cadevento.php(91): include('C:\\wamp\\www\\eve...')
#22 C:\wamp\www\eventosonline\eventos\app\Views\cadevento.php(91): include('C:\\wamp\\www\\eve...')
#23 C:\wamp\www\eventosonline\eventos\app\Views\cadevento.php(91): include('C:\\wamp\\www\\eve...')
#24 C:\wamp\www\eventosonline\eventos\app\Views\cadevento.php(91): include('C:\\wamp\\www\\eve...')
#25 C:\wamp\www\eventosonline\eventos\app\Views\cadevento.php(91): include('C:\\wamp\\www\\eve...')
#26 C:\wamp\www\eventosonline\eventos\app\Views\cadevento.php(91): include('C:\\wamp\\www\\eve...')
#27 C:\wamp\www\eventosonline\eventos\app\Views\cadevento.php(91): include('C:\\wamp\\www\\eve...')
#28 C:\wamp\www\eventosonline\eventos\app\Views\cadevento.php(91): include('C:\\wamp\\www\\eve...')
#29 C:\wamp\www\eventosonline\eventos\app\Views\cadevento.php(91): include('C:\\wamp\\www\\eve...')
#30 C:\wamp\www\eventosonline\eventos\app\Views\cadevento.php(91): include('C:\\wamp\\www\\eve...')
#31 C:\wamp\www\eventosonline\eventos\app\Views\cadevento.php(91): include('C:\\wamp\\www\\eve...')
#32 C:\wamp\www\eventosonline\eventos\app\Views\cadevento.php(91): include('C:\\wamp\\www\\eve...')
#33 C:\wamp\www\eventosonline\eventos\app\Views\cadevento.php(91): include('C:\\wamp\\www\\eve...')
#34 C:\wamp\www\eventosonline\eventos\app\Views\cadevento.php(91): include('C:\\wamp\\www\\eve...')
#35 C:\wamp\www\eventosonline\eventos\app\Views\cadevento.php(91): include('C:\\wamp\\www\\eve...')
#36 C:\wamp\www\eventosonline\eventos\app\Views\cadevento.php(91): include('C:\\wamp\\www\\eve...')
#37 C:\wamp\www\eventosonline\eventos\app\Views\cadevento.php(91): include('C:\\wamp\\www\\eve...')
#38 C:\wamp\www\eventosonline\eventos\app\Views\cadevento.php(91): include('C:\\wamp\\www\\eve...')
#39 C:\wamp\www\eventosonline\eventos\app\Views\cadevento.php(91): include('C:\\wamp\\www\\eve...')
#40 C:\wamp\www\eventosonline\eventos\app\Views\cadevento.php(91): include('C:\\wamp\\www\\eve...')
#41 C:\wamp\www\eventosonline\eventos\app\Views\cadevento.php(91): include('C:\\wamp\\www\\eve...')
#42 C:\wamp\www\eventosonline\eventos\app\Views\cadevento.php(91): include('C:\\wamp\\www\\eve...')
#43 C:\wamp\www\eventosonline\eventos\app\Views\cadevento.php(91): include('C:\\wamp\\www\\eve...')
#44 C:\wamp\www\eventosonline\eventos\app\Views\cadevento.php(91): include('C:\\wamp\\www\\eve...')
#45 C:\wamp\www\eventosonline\eventos\app\Views\cadevento.php(91): include('C:\\wamp\\www\\eve...')
#46 C:\wamp\www\eventosonline\eventos\app\Views\cadevento.php(91): include('C:\\wamp\\www\\eve...')
#47 C:\wamp\www\eventosonline\eventos\app\Views\cadevento.php(91): include('C:\\wamp\\www\\eve...')
#48 C:\wamp\www\eventosonline\eventos\app\Views\cadevento.php(91): include('C:\\wamp\\www\\eve...')
#49 C:\wamp\www\eventosonline\eventos\app\Views\cadevento.php(91): include('C:\\wamp\\www\\eve...')
#50 C:\wamp\www\eventosonline\eventos\app\Views\cadevento.php(91): include('C:\\wamp\\www\\eve...')
#51 C:\wamp\www\eventosonline\eventos\app\Views\cadevento.php(91): include('C:\\wamp\\www\\eve...')
#52 C:\wamp\www\eventosonline\eventos\app\Views\cadevento.php(91): include('C:\\wamp\\www\\eve...')
#53 C:\wamp\www\eventosonline\eventos\app\Views\cadevento.php(91): include('C:\\wamp\\www\\eve...')
#54 C:\wamp\www\eventosonline\eventos\app\Views\cadevento.php(91): include('C:\\wamp\\www\\eve...')
#55 C:\wamp\www\eventosonline\eventos\app\Views\cadevento.php(91): include('C:\\wamp\\www\\eve...')
#56 C:\wamp\www\eventosonline\eventos\app\Views\cadevento.php(91): include('C:\\wamp\\www\\eve...')
#57 C:\wamp\www\eventosonline\eventos\app\Views\cadevento.php(91): include('C:\\wamp\\www\\eve...')
#58 C:\wamp\www\eventosonline\eventos\app\Views\cadevento.php(91): include('C:\\wamp\\www\\eve...')
#59 C:\wamp\www\eventosonline\eventos\app\Views\cadevento.php(91): include('C:\\wamp\\www\\eve...')
#60 C:\wamp\www\eventosonline\eventos\app\Views\cadevento.php(91): include('C:\\wamp\\www\\eve...')
#61 C:\wamp\www\eventosonline\eventos\app\Views\cadevento.php(91): include('C:\\wamp\\www\\eve...')
#62 C:\wamp\www\eventosonline\eventos\app\Views\cadevento.php(91): include('C:\\wamp\\www\\eve...')
#63 C:\wamp\www\eventosonline\eventos\app\Views\cadevento.php(91): include('C:\\wamp\\www\\eve...')
#64 C:\wamp\www\eventosonline\eventos\app\Views\cadevento.php(91): include('C:\\wamp\\www\\eve...')
#65 C:\wamp\www\eventosonline\eventos\app\Views\cadevento.php(91): include('C:\\wamp\\www\\eve...')
#66 C:\wamp\www\eventosonline\eventos\app\Views\cadevento.php(91): include('C:\\wamp\\www\\eve...')
#67 C:\wamp\www\eventosonline\eventos\app\Views\cadevento.php(91): include('C:\\wamp\\www\\eve...')
#68 C:\wamp\www\eventosonline\eventos\app\Views\cadevento.php(91): include('C:\\wamp\\www\\eve...')
#69 C:\wamp\www\eventosonline\eventos\app\Views\cadevento.php(91): include('C:\\wamp\\www\\eve...')
#70 C:\wamp\www\eventosonline\eventos\app\Views\cadevento.php(91): include('C:\\wamp\\www\\eve...')
#71 C:\wamp\www\eventosonline\eventos\app\Views\cadevento.php(91): include('C:\\wamp\\www\\eve...')
#72 C:\wamp\www\eventosonline\eventos\app\Views\cadevento.php(91): include('C:\\wamp\\www\\eve...')
#73 C:\wamp\www\eventosonline\eventos\app\Views\cadevento.php(91): include('C:\\wamp\\www\\eve...')
#74 C:\wamp\www\eventosonline\eventos\app\Views\cadevento.php(91): include('C:\\wamp\\www\\eve...')
#75 C:\wamp\www\eventosonline\eventos\app\Views\cadevento.php(91): include('C:\\wamp\\www\\eve...')
#76 C:\wamp\www\eventosonline\eventos\app\Views\cadevento.php(91): include('C:\\wamp\\www\\eve...')
#77 C:\wamp\www\eventosonline\eventos\app\Views\cadevento.php(91): include('C:\\wamp\\www\\eve...')
#78 C:\wamp\www\eventosonline\eventos\app\Views\cadevento.php(91): include('C:\\wamp\\www\\eve...')
#79 C:\wamp\www\eventosonline\eventos\app\Views\cadevento.php(91): include('C:\\wamp\\www\\eve...')
#80 C:\wamp\www\eventosonline\eventos\app\Views\cadevento.php(91): include('C:\\wamp\\www\\eve...')
#81 C:\wamp\www\eventosonline\eventos\app\Views\cadevento.php(91): include('C:\\wamp\\www\\eve...')
#82 C:\wamp\www\eventosonline\eventos\app\Views\cadevento.php(91): include('C:\\wamp\\www\\eve...')
#83 C:\wamp\www\eventosonline\eventos\app\Views\cadevento.php(91): include('C:\\wamp\\www\\eve...')
#84 C:\wamp\www\eventosonline\eventos\app\Views\cadevento.php(91): include('C:\\wamp\\www\\eve...')
#85 C:\wamp\www\eventosonline\eventos\app\Views\cadevento.php(91): include('C:\\wamp\\www\\eve...')
#86 C:\wamp\www\eventosonline\eventos\app\Views\cadevento.php(91): include('C:\\wamp\\www\\eve...')
#87 C:\wamp\www\eventosonline\eventos\app\Views\cadevento.php(91): include('C:\\wamp\\www\\eve...')
#88 C:\wamp\www\eventosonline\eventos\app\Views\cadevento.php(91): include('C:\\wamp\\www\\eve...')
#89 C:\wamp\www\eventosonline\eventos\app\Views\cadevento.php(91): include('C:\\wamp\\www\\eve...')
#90 C:\wamp\www\eventosonline\eventos\app\Views\cadevento.php(91): include('C:\\wamp\\www\\eve...')
#91 C:\wamp\www\eventosonline\eventos\app\Views\cadevento.php(91): include('C:\\wamp\\www\\eve...')
#92 C:\wamp\www\eventosonline\eventos\app\Views\cadevento.php(91): include('C:\\wamp\\www\\eve...')
#93 C:\wamp\www\eventosonline\eventos\app\Views\cadevento.php(91): include('C:\\wamp\\www\\eve...')
#94 C:\wamp\www\eventosonline\eventos\app\Views\cadevento.php(91): include('C:\\wamp\\www\\eve...')
#95 C:\wamp\www\eventosonline\eventos\app\Views\cadevento.php(91): include('C:\\wamp\\www\\eve...')
#96 C:\wamp\www\eventosonline\eventos\app\Views\cadevento.php(91): include('C:\\wamp\\www\\eve...')
#97 C:\wamp\www\eventosonline\eventos\app\Views\cadevento.php(91): include('C:\\wamp\\www\\eve...')
#98 C:\wamp\www\eventosonline\eventos\app\Views\cadevento.php(91): include('C:\\wamp\\www\\eve...')
#99 C:\wamp\www\eventosonline\eventos\app\Views\cadevento.php(91): include('C:\\wamp\\www\\eve...')
#100 C:\wamp\www\eventosonline\eventos\app\Views\cadevento.php(91): include('C:\\wamp\\www\\eve...')
#101 C:\wamp\www\eventosonline\eventos\app\Views\cadevento.php(91): include('C:\\wamp\\www\\eve...')
#102 C:\wamp\www\eventosonline\eventos\app\Views\cadevento.php(91): include('C:\\wamp\\www\\eve...')
#103 C:\wamp\www\eventosonline\eventos\app\Views\cadevento.php(91): include('C:\\wamp\\www\\eve...')
#104 C:\wamp\www\eventosonline\eventos\app\Views\cadevento.php(91): include('C:\\wamp\\www\\eve...')
#105 C:\wamp\www\eventosonline\eventos\app\Views\cadevento.php(91): include('C:\\wamp\\www\\eve...')
#106 C:\wamp\www\eventosonline\eventos\app\Views\cadevento.php(91): include('C:\\wamp\\www\\eve...')
#107 C:\wamp\www\eventosonline\eventos\app\Views\cadevento.php(91): include('C:\\wamp\\www\\eve...')
#108 C:\wamp\www\eventosonline\eventos\app\Views\cadevento.php(91): include('C:\\wamp\\www\\eve...')
#109 C:\wamp\www\eventosonline\eventos\app\Views\cadevento.php(91): include('C:\\wamp\\www\\eve...')
#110 C:\wamp\www\eventosonline\eventos\app\Views\cadevento.php(91): include('C:\\wamp\\www\\eve...')
#111 C:\wamp\www\eventosonline\eventos\app\Views\cadevento.php(91): include('C:\\wamp\\www\\eve...')
#112 C:\wamp\www\eventosonline\eventos\app\Views\cadevento.php(91): include('C:\\wamp\\www\\eve...')
#113 C:\wamp\www\eventosonline\eventos\app\Views\cadevento.php(91): include('C:\\wamp\\www\\eve...')
#114 C:\wamp\www\eventosonline\eventos\app\Views\cadevento.php(91): include('C:\\wamp\\www\\eve...')
#115 C:\wamp\www\eventosonline\eventos\app\Views\cadevento.php(91): include('C:\\wamp\\www\\eve...')
#116 C:\wamp\www\eventosonline\eventos\app\Views\cadevento.php(91): include('C:\\wamp\\www\\eve...')
#117 C:\wamp\www\eventosonline\eventos\app\Views\cadevento.php(91): include('C:\\wamp\\www\\eve...')
#118 C:\wamp\www\eventosonline\eventos\app\Views\cadevento.php(91): include('C:\\wamp\\www\\eve...')
#119 C:\wamp\www\eventosonline\eventos\app\Views\cadevento.php(91): include('C:\\wamp\\www\\eve...')
#120 C:\wamp\www\eventosonline\eventos\app\Views\cadevento.php(91): include('C:\\wamp\\www\\eve...')
#121 C:\wamp\www\eventosonline\eventos\app\Views\cadevento.php(91): include('C:\\wamp\\www\\eve...')
#122 C:\wamp\www\eventosonline\eventos\app\Views\cadevento.php(91): include('C:\\wamp\\www\\eve...')
#123 C:\wamp\www\eventosonline\eventos\app\Views\cadevento.php(91): include('C:\\wamp\\www\\eve...')
#124 C:\wamp\www\eventosonline\eventos\app\Views\cadevento.php(91): include('C:\\wamp\\www\\eve...')
#125 C:\wamp\www\eventosonline\eventos\app\Views\cadevento.php(91): include('C:\\wamp\\www\\eve...')
#126 C:\wamp\www\eventosonline\eventos\app\Views\cadevento.php(91): include('C:\\wamp\\www\\eve...')
#127 C:\wamp\www\eventosonline\eventos\app\Views\cadevento.php(91): include('C:\\wamp\\www\\eve...')
#128 C:\wamp\www\eventosonline\eventos\app\Views\cadevento.php(91): include('C:\\wamp\\www\\eve...')
#129 C:\wamp\www\eventosonline\eventos\app\Views\cadevento.php(91): include('C:\\wamp\\www\\eve...')
#130 C:\wamp\www\eventosonline\eventos\app\Views\cadevento.php(91): include('C:\\wamp\\www\\eve...')
#131 C:\wamp\www\eventosonline\eventos\app\Views\cadevento.php(91): include('C:\\wamp\\www\\eve...')
#132 C:\wamp\www\eventosonline\eventos\app\Views\cadevento.php(91): include('C:\\wamp\\www\\eve...')
#133 C:\wamp\www\eventosonline\eventos\app\Views\cadevento.php(91): include('C:\\wamp\\www\\eve...')
#134 C:\wamp\www\eventosonline\eventos\app\Views\cadevento.php(91): include('C:\\wamp\\www\\eve...')
#135 C:\wamp\www\eventosonline\eventos\app\Views\cadevento.php(91): include('C:\\wamp\\www\\eve...')
#136 C:\wamp\www\eventosonline\eventos\app\Views\cadevento.php(91): include('C:\\wamp\\www\\eve...')
#137 C:\wamp\www\eventosonline\eventos\app\Views\cadevento.php(91): include('C:\\wamp\\www\\eve...')
#138 C:\wamp\www\eventosonline\eventos\app\Views\cadevento.php(91): include('C:\\wamp\\www\\eve...')
#139 C:\wamp\www\eventosonline\eventos\app\Views\cadevento.php(91): include('C:\\wamp\\www\\eve...')
#140 C:\wamp\www\eventosonline\eventos\app\Views\cadevento.php(91): include('C:\\wamp\\www\\eve...')
#141 C:\wamp\www\eventosonline\eventos\app\Views\cadevento.php(91): include('C:\\wamp\\www\\eve...')
#142 C:\wamp\www\eventosonline\eventos\app\Views\cadevento.php(91): include('C:\\wamp\\www\\eve...')
#143 C:\wamp\www\eventosonline\eventos\app\Views\cadevento.php(91): include('C:\\wamp\\www\\eve...')
#144 C:\wamp\www\eventosonline\eventos\app\Views\cadevento.php(91): include('C:\\wamp\\www\\eve...')
#145 C:\wamp\www\eventosonline\eventos\app\Views\cadevento.php(91): include('C:\\wamp\\www\\eve...')
#146 C:\wamp\www\eventosonline\eventos\app\Views\cadevento.php(91): include('C:\\wamp\\www\\eve...')
#147 C:\wamp\www\eventosonline\eventos\app\Views\cadevento.php(91): include('C:\\wamp\\www\\eve...')
#148 C:\wamp\www\eventosonline\eventos\app\Views\cadevento.php(91): include('C:\\wamp\\www\\eve...')
#149 C:\wamp\www\eventosonline\eventos\app\Views\cadevento.php(91): include('C:\\wamp\\www\\eve...')
#150 C:\wamp\www\eventosonline\eventos\app\Views\cadevento.php(91): include('C:\\wamp\\www\\eve...')
#151 C:\wamp\www\eventosonline\eventos\app\Views\cadevento.php(91): include('C:\\wamp\\www\\eve...')
#152 C:\wamp\www\eventosonline\eventos\app\Views\cadevento.php(91): include('C:\\wamp\\www\\eve...')
#153 C:\wamp\www\eventosonline\eventos\app\Views\cadevento.php(91): include('C:\\wamp\\www\\eve...')
#154 C:\wamp\www\eventosonline\eventos\app\Views\cadevento.php(91): include('C:\\wamp\\www\\eve...')
#155 C:\wamp\www\eventosonline\eventos\app\Views\cadevento.php(91): include('C:\\wamp\\www\\eve...')
#156 C:\wamp\www\eventosonline\eventos\app\Views\cadevento.php(91): include('C:\\wamp\\www\\eve...')
#157 C:\wamp\www\eventosonline\eventos\app\Views\cadevento.php(91): include('C:\\wamp\\www\\eve...')
#158 C:\wamp\www\eventosonline\eventos\app\Views\cadevento.php(91): include('C:\\wamp\\www\\eve...')
#159 C:\wamp\www\eventosonline\eventos\app\Views\cadevento.php(91): include('C:\\wamp\\www\\eve...')
#160 C:\wamp\www\eventosonline\eventos\app\Views\cadevento.php(91): include('C:\\wamp\\www\\eve...')
#161 C:\wamp\www\eventosonline\eventos\app\Views\cadevento.php(91): include('C:\\wamp\\www\\eve...')
#162 C:\wamp\www\eventosonline\eventos\app\Views\cadevento.php(91): include('C:\\wamp\\www\\eve...')
#163 C:\wamp\www\eventosonline\eventos\app\Views\cadevento.php(91): include('C:\\wamp\\www\\eve...')
#164 C:\wamp\www\eventosonline\eventos\app\Views\cadevento.php(91): include('C:\\wamp\\www\\eve...')
#165 C:\wamp\www\eventosonline\eventos\app\Views\cadevento.php(91): include('C:\\wamp\\www\\eve...')
#166 C:\wamp\www\eventosonline\eventos\app\Views\cadevento.php(91): include('C:\\wamp\\www\\eve...')
#167 C:\wamp\www\eventosonline\eventos\app\Views\cadevento.php(91): include('C:\\wamp\\www\\eve...')
#168 C:\wamp\www\eventosonline\eventos\app\Views\cadevento.php(91): include('C:\\wamp\\www\\eve...')
#169 C:\wamp\www\eventosonline\eventos\app\Views\cadevento.php(91): include('C:\\wamp\\www\\eve...')
#170 C:\wamp\www\eventosonline\eventos\app\Views\cadevento.php(91): include('C:\\wamp\\www\\eve...')
#171 C:\wamp\www\eventosonline\eventos\app\Views\cadevento.php(91): include('C:\\wamp\\www\\eve...')
#172 C:\wamp\www\eventosonline\eventos\app\Views\cadevento.php(91): include('C:\\wamp\\www\\eve...')
#173 C:\wamp\www\eventosonline\eventos\app\Views\cadevento.php(91): include('C:\\wamp\\www\\eve...')
#174 C:\wamp\www\eventosonline\eventos\app\Views\cadevento.php(91): include('C:\\wamp\\www\\eve...')
#175 C:\wamp\www\eventosonline\eventos\app\Views\cadevento.php(91): include('C:\\wamp\\www\\eve...')
#176 C:\wamp\www\eventosonline\eventos\app\Views\cadevento.php(91): include('C:\\wamp\\www\\eve...')
#177 C:\wamp\www\eventosonline\eventos\app\Views\cadevento.php(91): include('C:\\wamp\\www\\eve...')
#178 C:\wamp\www\eventosonline\eventos\app\Views\cadevento.php(91): include('C:\\wamp\\www\\eve...')
#179 C:\wamp\www\eventosonline\eventos\app\Views\cadevento.php(91): include('C:\\wamp\\www\\eve...')
#180 C:\wamp\www\eventosonline\eventos\app\Views\cadevento.php(91): include('C:\\wamp\\www\\eve...')
#181 C:\wamp\www\eventosonline\eventos\app\Views\cadevento.php(91): include('C:\\wamp\\www\\eve...')
#182 C:\wamp\www\eventosonline\eventos\app\Views\cadevento.php(91): include('C:\\wamp\\www\\eve...')
#183 C:\wamp\www\eventosonline\eventos\app\Views\cadevento.php(91): include('C:\\wamp\\www\\eve...')
#184 C:\wamp\www\eventosonline\eventos\app\Views\cadevento.php(91): include('C:\\wamp\\www\\eve...')
#185 C:\wamp\www\eventosonline\eventos\app\Views\cadevento.php(91): include('C:\\wamp\\www\\eve...')
#186 C:\wamp\www\eventosonline\eventos\app\Views\cadevento.php(91): include('C:\\wamp\\www\\eve...')
#187 C:\wamp\www\eventosonline\eventos\app\Views\cadevento.php(91): include('C:\\wamp\\www\\eve...')
#188 C:\wamp\www\eventosonline\eventos\app\Views\cadevento.php(91): include('C:\\wamp\\www\\eve...')
#189 C:\wamp\www\eventosonline\eventos\app\Views\cadevento.php(91): include('C:\\wamp\\www\\eve...')
#190 C:\wamp\www\eventosonline\eventos\app\Views\cadevento.php(91): include('C:\\wamp\\www\\eve...')
#191 C:\wamp\www\eventosonline\eventos\app\Views\cadevento.php(91): include('C:\\wamp\\www\\eve...')
#192 C:\wamp\www\eventosonline\eventos\app\Views\cadevento.php(91): include('C:\\wamp\\www\\eve...')
#193 C:\wamp\www\eventosonline\eventos\app\Views\cadevento.php(91): include('C:\\wamp\\www\\eve...')
#194 C:\wamp\www\eventosonline\eventos\app\Views\cadevento.php(91): include('C:\\wamp\\www\\eve...')
#195 C:\wamp\www\eventosonline\eventos\app\Views\cadevento.php(91): include('C:\\wamp\\www\\eve...')
#196 C:\wamp\www\eventosonline\eventos\app\Views\cadevento.php(91): include('C:\\wamp\\www\\eve...')
#197 C:\wamp\www\eventosonline\eventos\app\Views\cadevento.php(91): include('C:\\wamp\\www\\eve...')
#198 C:\wamp\www\eventosonline\eventos\app\Views\cadevento.php(91): include('C:\\wamp\\www\\eve...')
#199 C:\wamp\www\eventosonline\eventos\app\Views\cadevento.php(91): include('C:\\wamp\\www\\eve...')
#200 C:\wamp\www\eventosonline\eventos\app\Views\cadevento.php(91): include('C:\\wamp\\www\\eve...')
#201 C:\wamp\www\eventosonline\eventos\app\Views\cadevento.php(91): include('C:\\wamp\\www\\eve...')
#202 C:\wamp\www\eventosonline\eventos\app\Views\cadevento.php(91): include('C:\\wamp\\www\\eve...')
#203 C:\wamp\www\eventosonline\eventos\app\Views\cadevento.php(91): include('C:\\wamp\\www\\eve...')
#204 C:\wamp\www\eventosonline\eventos\app\Views\cadevento.php(91): include('C:\\wamp\\www\\eve...')
#205 C:\wamp\www\eventosonline\eventos\app\Views\cadevento.php(91): include('C:\\wamp\\www\\eve...')
#206 C:\wamp\www\eventosonline\eventos\app\Views\cadevento.php(91): include('C:\\wamp\\www\\eve...')
#207 C:\wamp\www\eventosonline\eventos\app\Views\cadevento.php(91): include('C:\\wamp\\www\\eve...')
#208 C:\wamp\www\eventosonline\eventos\app\Views\cadevento.php(91): include('C:\\wamp\\www\\eve...')
#209 C:\wamp\www\eventosonline\eventos\app\Views\cadevento.php(91): include('C:\\wamp\\www\\eve...')
#210 C:\wamp\www\eventosonline\eventos\app\Views\cadevento.php(91): include('C:\\wamp\\www\\eve...')
#211 C:\wamp\www\eventosonline\eventos\app\Views\cadevento.php(91): include('C:\\wamp\\www\\eve...')
#212 C:\wamp\www\eventosonline\eventos\app\Views\cadevento.php(91): include('C:\\wamp\\www\\eve...')
#213 C:\wamp\www\eventosonline\eventos\app\Views\cadevento.php(91): include('C:\\wamp\\www\\eve...')
#214 C:\wamp\www\eventosonline\eventos\app\Views\cadevento.php(91): include('C:\\wamp\\www\\eve...')
#215 C:\wamp\www\eventosonline\eventos\app\Views\cadevento.php(91): include('C:\\wamp\\www\\eve...')
#216 C:\wamp\www\eventosonline\eventos\app\Views\cadevento.php(91): include('C:\\wamp\\www\\eve...')
#217 C:\wamp\www\eventosonline\eventos\app\Views\cadevento.php(91): include('C:\\wamp\\www\\eve...')
#218 C:\wamp\www\eventosonline\eventos\app\Views\cadevento.php(91): include('C:\\wamp\\www\\eve...')
#219 C:\wamp\www\eventosonline\eventos\app\Views\cadevento.php(91): include('C:\\wamp\\www\\eve...')
#220 C:\wamp\www\eventosonline\eventos\app\Views\cadevento.php(91): include('C:\\wamp\\www\\eve...')
#221 C:\wamp\www\eventosonline\eventos\app\Views\cadevento.php(91): include('C:\\wamp\\www\\eve...')
#222 C:\wamp\www\eventosonline\eventos\app\Views\cadevento.php(91): include('C:\\wamp\\www\\eve...')
#223 C:\wamp\www\eventosonline\eventos\app\Views\cadevento.php(91): include('C:\\wamp\\www\\eve...')
#224 C:\wamp\www\eventosonline\eventos\app\Views\cadevento.php(91): include('C:\\wamp\\www\\eve...')
#225 C:\wamp\www\eventosonline\eventos\app\Views\cadevento.php(91): include('C:\\wamp\\www\\eve...')
#226 C:\wamp\www\eventosonline\eventos\app\Views\cadevento.php(91): include('C:\\wamp\\www\\eve...')
#227 C:\wamp\www\eventosonline\eventos\app\Views\cadevento.php(91): include('C:\\wamp\\www\\eve...')
#228 C:\wamp\www\eventosonline\eventos\app\Views\cadevento.php(91): include('C:\\wamp\\www\\eve...')
#229 C:\wamp\www\eventosonline\eventos\app\Views\cadevento.php(91): include('C:\\wamp\\www\\eve...')
#230 C:\wamp\www\eventosonline\eventos\app\Views\cadevento.php(91): include('C:\\wamp\\www\\eve...')
#231 C:\wamp\www\eventosonline\eventos\app\Views\cadevento.php(91): include('C:\\wamp\\www\\eve...')
#232 C:\wamp\www\eventosonline\eventos\app\Views\cadevento.php(91): include('C:\\wamp\\www\\eve...')
#233 C:\wamp\www\eventosonline\eventos\app\Views\cadevento.php(91): include('C:\\wamp\\www\\eve...')
#234 C:\wamp\www\eventosonline\eventos\app\Views\cadevento.php(91): include('C:\\wamp\\www\\eve...')
#235 C:\wamp\www\eventosonline\eventos\app\Views\cadevento.php(91): include('C:\\wamp\\www\\eve...')
#236 C:\wamp\www\eventosonline\eventos\app\Views\cadevento.php(91): include('C:\\wamp\\www\\eve...')
#237 C:\wamp\www\eventosonline\eventos\app\Views\cadevento.php(91): include('C:\\wamp\\www\\eve...')
#238 C:\wamp\www\eventosonline\eventos\app\Views\cadevento.php(91): include('C:\\wamp\\www\\eve...')
#239 C:\wamp\www\eventosonline\eventos\app\Views\cadevento.php(91): include('C:\\wamp\\www\\eve...')
#240 C:\wamp\www\eventosonline\eventos\app\Views\cadevento.php(91): include('C:\\wamp\\www\\eve...')
#241 C:\wamp\www\eventosonline\eventos\app\Views\cadevento.php(91): include('C:\\wamp\\www\\eve...')
#242 C:\wamp\www\eventosonline\eventos\app\Views\cadevento.php(91): include('C:\\wamp\\www\\eve...')
#243 C:\wamp\www\eventosonline\eventos\app\Views\cadevento.php(91): include('C:\\wamp\\www\\eve...')
#244 C:\wamp\www\eventosonline\eventos\app\Views\cadevento.php(91): include('C:\\wamp\\www\\eve...')
#245 C:\wamp\www\eventosonline\eventos\app\Views\cadevento.php(91): include('C:\\wamp\\www\\eve...')
#246 C:\wamp\www\eventosonline\eventos\app\Views\cadevento.php(91): include('C:\\wamp\\www\\eve...')
#247 C:\wamp\www\eventosonline\eventos\app\Views\cadevento.php(91): include('C:\\wamp\\www\\eve...')
#248 C:\wamp\www\eventosonline\eventos\app\Views\cadevento.php(91): include('C:\\wamp\\www\\eve...')
#249 C:\wamp\www\eventosonline\eventos\system\View\View.php(246): include('C:\\wamp\\www\\eve...')
#250 C:\wamp\www\eventosonline\eventos\system\Common.php(1119): CodeIgniter\View\View->render('cadevento', Array, true)
#251 C:\wamp\www\eventosonline\eventos\app\Controllers\Eventos.php(117): view('cadevento')
#252 C:\wamp\www\eventosonline\eventos\system\CodeIgniter.php(918): App\Controllers\Eventos->cadeventos()
#253 C:\wamp\www\eventosonline\eventos\system\CodeIgniter.php(404): CodeIgniter\CodeIgniter->runController(Object(App\Controllers\Eventos))
#254 C:\wamp\www\eventosonline\eventos\system\CodeIgniter.php(312): CodeIgniter\CodeIgniter->handleRequest(NULL, Object(Config\Cache), false)
#255 C:\wamp\www\eventosonline\eventos\index.php(47): CodeIgniter\CodeIgniter->run()
#256 {main}
