ERROR - 2021-07-06 07:01:50 --> mysqli_sql_exception: Cannot add or update a child row: a foreign key constraint fails (`crfsp010_eventos`.`usuario_evento`, CONSTRAINT `FK_usuario_evento_eventos` FOREIGN KEY (`idEvento`) REFERENCES `eventos` (`id`)) in C:\wamp\www\eventosonline\eventos\system\Database\MySQLi\Connection.php:331
Stack trace:
#0 C:\wamp\www\eventosonline\eventos\system\Database\MySQLi\Connection.php(331): mysqli->query('INSERT INTO `us...')
#1 C:\wamp\www\eventosonline\eventos\system\Database\BaseConnection.php(741): CodeIgniter\Database\MySQLi\Connection->execute('INSERT INTO `us...')
#2 C:\wamp\www\eventosonline\eventos\system\Database\BaseConnection.php(669): CodeIgniter\Database\BaseConnection->simpleQuery('INSERT INTO `us...')
#3 C:\wamp\www\eventosonline\eventos\system\Database\BaseBuilder.php(2249): CodeIgniter\Database\BaseConnection->query('INSERT INTO `us...', Array, false)
#4 C:\wamp\www\eventosonline\eventos\app\Models\EventoModel.php(31): CodeIgniter\Database\BaseBuilder->insert(Array)
#5 C:\wamp\www\eventosonline\eventos\app\Controllers\Eventos.php(38): App\Models\EventoModel->inscricaoEvento('5114', '1515')
#6 C:\wamp\www\eventosonline\eventos\system\CodeIgniter.php(918): App\Controllers\Eventos->inscreverEvento('1515')
#7 C:\wamp\www\eventosonline\eventos\system\CodeIgniter.php(404): CodeIgniter\CodeIgniter->runController(Object(App\Controllers\Eventos))
#8 C:\wamp\www\eventosonline\eventos\system\CodeIgniter.php(312): CodeIgniter\CodeIgniter->handleRequest(NULL, Object(Config\Cache), false)
#9 C:\wamp\www\eventosonline\eventos\index.php(47): CodeIgniter\CodeIgniter->run()
#10 {main}
CRITICAL - 2021-07-06 07:01:50 --> Cannot add or update a child row: a foreign key constraint fails (`crfsp010_eventos`.`usuario_evento`, CONSTRAINT `FK_usuario_evento_eventos` FOREIGN KEY (`idEvento`) REFERENCES `eventos` (`id`))
#0 C:\wamp\www\eventosonline\eventos\system\Database\MySQLi\Connection.php(331): mysqli->query('INSERT INTO `us...')
#1 C:\wamp\www\eventosonline\eventos\system\Database\BaseConnection.php(741): CodeIgniter\Database\MySQLi\Connection->execute('INSERT INTO `us...')
#2 C:\wamp\www\eventosonline\eventos\system\Database\BaseConnection.php(669): CodeIgniter\Database\BaseConnection->simpleQuery('INSERT INTO `us...')
#3 C:\wamp\www\eventosonline\eventos\system\Database\BaseBuilder.php(2249): CodeIgniter\Database\BaseConnection->query('INSERT INTO `us...', Array, false)
#4 C:\wamp\www\eventosonline\eventos\app\Models\EventoModel.php(31): CodeIgniter\Database\BaseBuilder->insert(Array)
#5 C:\wamp\www\eventosonline\eventos\app\Controllers\Eventos.php(38): App\Models\EventoModel->inscricaoEvento('5114', '1515')
#6 C:\wamp\www\eventosonline\eventos\system\CodeIgniter.php(918): App\Controllers\Eventos->inscreverEvento('1515')
#7 C:\wamp\www\eventosonline\eventos\system\CodeIgniter.php(404): CodeIgniter\CodeIgniter->runController(Object(App\Controllers\Eventos))
#8 C:\wamp\www\eventosonline\eventos\system\CodeIgniter.php(312): CodeIgniter\CodeIgniter->handleRequest(NULL, Object(Config\Cache), false)
#9 C:\wamp\www\eventosonline\eventos\index.php(47): CodeIgniter\CodeIgniter->run()
#10 {main}
CRITICAL - 2021-07-06 07:14:34 --> Undefined variable: evento
#0 C:\wamp\www\eventosonline\eventos\app\Views\listativ.php(54): CodeIgniter\Debug\Exceptions->errorHandler(8, 'Undefined varia...', 'C:\\wamp\\www\\eve...', 54, Array)
#1 C:\wamp\www\eventosonline\eventos\system\View\View.php(246): include('C:\\wamp\\www\\eve...')
#2 C:\wamp\www\eventosonline\eventos\system\Common.php(1119): CodeIgniter\View\View->render('listativ', Array, true)
#3 C:\wamp\www\eventosonline\eventos\app\Controllers\Atividades.php(183): view('listativ')
#4 C:\wamp\www\eventosonline\eventos\system\CodeIgniter.php(918): App\Controllers\Atividades->listativ()
#5 C:\wamp\www\eventosonline\eventos\system\CodeIgniter.php(404): CodeIgniter\CodeIgniter->runController(Object(App\Controllers\Atividades))
#6 C:\wamp\www\eventosonline\eventos\system\CodeIgniter.php(312): CodeIgniter\CodeIgniter->handleRequest(NULL, Object(Config\Cache), false)
#7 C:\wamp\www\eventosonline\eventos\index.php(47): CodeIgniter\CodeIgniter->run()
#8 {main}
CRITICAL - 2021-07-06 07:14:44 --> Undefined variable: evento
#0 C:\wamp\www\eventosonline\eventos\app\Views\listativ.php(55): CodeIgniter\Debug\Exceptions->errorHandler(8, 'Undefined varia...', 'C:\\wamp\\www\\eve...', 55, Array)
#1 C:\wamp\www\eventosonline\eventos\system\View\View.php(246): include('C:\\wamp\\www\\eve...')
#2 C:\wamp\www\eventosonline\eventos\system\Common.php(1119): CodeIgniter\View\View->render('listativ', Array, true)
#3 C:\wamp\www\eventosonline\eventos\app\Controllers\Atividades.php(183): view('listativ')
#4 C:\wamp\www\eventosonline\eventos\system\CodeIgniter.php(918): App\Controllers\Atividades->listativ()
#5 C:\wamp\www\eventosonline\eventos\system\CodeIgniter.php(404): CodeIgniter\CodeIgniter->runController(Object(App\Controllers\Atividades))
#6 C:\wamp\www\eventosonline\eventos\system\CodeIgniter.php(312): CodeIgniter\CodeIgniter->handleRequest(NULL, Object(Config\Cache), false)
#7 C:\wamp\www\eventosonline\eventos\index.php(47): CodeIgniter\CodeIgniter->run()
#8 {main}
ERROR - 2021-07-06 08:12:01 --> mysqli_sql_exception: Column 'idUser' cannot be null in C:\wamp\www\eventosonline\eventos\system\Database\MySQLi\Connection.php:331
Stack trace:
#0 C:\wamp\www\eventosonline\eventos\system\Database\MySQLi\Connection.php(331): mysqli->query('INSERT INTO `us...')
#1 C:\wamp\www\eventosonline\eventos\system\Database\BaseConnection.php(741): CodeIgniter\Database\MySQLi\Connection->execute('INSERT INTO `us...')
#2 C:\wamp\www\eventosonline\eventos\system\Database\BaseConnection.php(669): CodeIgniter\Database\BaseConnection->simpleQuery('INSERT INTO `us...')
#3 C:\wamp\www\eventosonline\eventos\system\Database\BaseBuilder.php(2249): CodeIgniter\Database\BaseConnection->query('INSERT INTO `us...', Array, false)
#4 C:\wamp\www\eventosonline\eventos\app\Models\AtividadeModel.php(58): CodeIgniter\Database\BaseBuilder->insert(Array)
#5 C:\wamp\www\eventosonline\eventos\app\Controllers\Dashboard.php(45): App\Models\AtividadeModel->concluirAtividade(NULL, NULL)
#6 C:\wamp\www\eventosonline\eventos\system\CodeIgniter.php(918): App\Controllers\Dashboard->concluirAtividade()
#7 C:\wamp\www\eventosonline\eventos\system\CodeIgniter.php(404): CodeIgniter\CodeIgniter->runController(Object(App\Controllers\Dashboard))
#8 C:\wamp\www\eventosonline\eventos\system\CodeIgniter.php(312): CodeIgniter\CodeIgniter->handleRequest(NULL, Object(Config\Cache), false)
#9 C:\wamp\www\eventosonline\eventos\index.php(47): CodeIgniter\CodeIgniter->run()
#10 {main}
CRITICAL - 2021-07-06 08:12:01 --> Column 'idUser' cannot be null
#0 C:\wamp\www\eventosonline\eventos\system\Database\MySQLi\Connection.php(331): mysqli->query('INSERT INTO `us...')
#1 C:\wamp\www\eventosonline\eventos\system\Database\BaseConnection.php(741): CodeIgniter\Database\MySQLi\Connection->execute('INSERT INTO `us...')
#2 C:\wamp\www\eventosonline\eventos\system\Database\BaseConnection.php(669): CodeIgniter\Database\BaseConnection->simpleQuery('INSERT INTO `us...')
#3 C:\wamp\www\eventosonline\eventos\system\Database\BaseBuilder.php(2249): CodeIgniter\Database\BaseConnection->query('INSERT INTO `us...', Array, false)
#4 C:\wamp\www\eventosonline\eventos\app\Models\AtividadeModel.php(58): CodeIgniter\Database\BaseBuilder->insert(Array)
#5 C:\wamp\www\eventosonline\eventos\app\Controllers\Dashboard.php(45): App\Models\AtividadeModel->concluirAtividade(NULL, NULL)
#6 C:\wamp\www\eventosonline\eventos\system\CodeIgniter.php(918): App\Controllers\Dashboard->concluirAtividade()
#7 C:\wamp\www\eventosonline\eventos\system\CodeIgniter.php(404): CodeIgniter\CodeIgniter->runController(Object(App\Controllers\Dashboard))
#8 C:\wamp\www\eventosonline\eventos\system\CodeIgniter.php(312): CodeIgniter\CodeIgniter->handleRequest(NULL, Object(Config\Cache), false)
#9 C:\wamp\www\eventosonline\eventos\index.php(47): CodeIgniter\CodeIgniter->run()
#10 {main}
ERROR - 2021-07-06 09:34:27 --> mysqli_sql_exception: Cannot delete or update a parent row: a foreign key constraint fails (`crfsp010_eventos`.`usuario_atividade`, CONSTRAINT `FK_usuario_atividade_atividade_evento` FOREIGN KEY (`idAtividade`) REFERENCES `atividade_evento` (`id`)) in C:\wamp\www\eventosonline\eventos\system\Database\MySQLi\Connection.php:331
Stack trace:
#0 C:\wamp\www\eventosonline\eventos\system\Database\MySQLi\Connection.php(331): mysqli->query('DELETE FROM `at...')
#1 C:\wamp\www\eventosonline\eventos\system\Database\BaseConnection.php(741): CodeIgniter\Database\MySQLi\Connection->execute('DELETE FROM `at...')
#2 C:\wamp\www\eventosonline\eventos\system\Database\BaseConnection.php(669): CodeIgniter\Database\BaseConnection->simpleQuery('DELETE FROM `at...')
#3 C:\wamp\www\eventosonline\eventos\system\Database\BaseBuilder.php(2853): CodeIgniter\Database\BaseConnection->query('DELETE FROM `at...', Array, false)
#4 C:\wamp\www\eventosonline\eventos\system\Model.php(977): CodeIgniter\Database\BaseBuilder->delete()
#5 C:\wamp\www\eventosonline\eventos\app\Controllers\Atividades.php(224): CodeIgniter\Model->delete(Array)
#6 C:\wamp\www\eventosonline\eventos\system\CodeIgniter.php(918): App\Controllers\Atividades->deletar('1')
#7 C:\wamp\www\eventosonline\eventos\system\CodeIgniter.php(404): CodeIgniter\CodeIgniter->runController(Object(App\Controllers\Atividades))
#8 C:\wamp\www\eventosonline\eventos\system\CodeIgniter.php(312): CodeIgniter\CodeIgniter->handleRequest(NULL, Object(Config\Cache), false)
#9 C:\wamp\www\eventosonline\eventos\index.php(47): CodeIgniter\CodeIgniter->run()
#10 {main}
CRITICAL - 2021-07-06 11:48:00 --> Undefined variable: result
#0 C:\wamp\www\eventosonline\eventos\app\Views\listeventos.php(84): CodeIgniter\Debug\Exceptions->errorHandler(8, 'Undefined varia...', 'C:\\wamp\\www\\eve...', 84, Array)
#1 C:\wamp\www\eventosonline\eventos\system\View\View.php(246): include('C:\\wamp\\www\\eve...')
#2 C:\wamp\www\eventosonline\eventos\system\Common.php(1119): CodeIgniter\View\View->render('listeventos', Array, true)
#3 C:\wamp\www\eventosonline\eventos\app\Controllers\Eventos.php(82): view('listeventos')
#4 C:\wamp\www\eventosonline\eventos\system\CodeIgniter.php(918): App\Controllers\Eventos->listar()
#5 C:\wamp\www\eventosonline\eventos\system\CodeIgniter.php(404): CodeIgniter\CodeIgniter->runController(Object(App\Controllers\Eventos))
#6 C:\wamp\www\eventosonline\eventos\system\CodeIgniter.php(312): CodeIgniter\CodeIgniter->handleRequest(NULL, Object(Config\Cache), false)
#7 C:\wamp\www\eventosonline\eventos\index.php(47): CodeIgniter\CodeIgniter->run()
#8 {main}
CRITICAL - 2021-07-06 11:50:24 --> Undefined variable: result
#0 C:\wamp\www\eventosonline\eventos\app\Views\listeventos.php(84): CodeIgniter\Debug\Exceptions->errorHandler(8, 'Undefined varia...', 'C:\\wamp\\www\\eve...', 84, Array)
#1 C:\wamp\www\eventosonline\eventos\system\View\View.php(246): include('C:\\wamp\\www\\eve...')
#2 C:\wamp\www\eventosonline\eventos\system\Common.php(1119): CodeIgniter\View\View->render('listeventos', Array, true)
#3 C:\wamp\www\eventosonline\eventos\app\Controllers\Eventos.php(82): view('listeventos')
#4 C:\wamp\www\eventosonline\eventos\system\CodeIgniter.php(918): App\Controllers\Eventos->listar()
#5 C:\wamp\www\eventosonline\eventos\system\CodeIgniter.php(404): CodeIgniter\CodeIgniter->runController(Object(App\Controllers\Eventos))
#6 C:\wamp\www\eventosonline\eventos\system\CodeIgniter.php(312): CodeIgniter\CodeIgniter->handleRequest(NULL, Object(Config\Cache), false)
#7 C:\wamp\www\eventosonline\eventos\index.php(47): CodeIgniter\CodeIgniter->run()
#8 {main}
CRITICAL - 2021-07-06 11:52:17 --> Undefined variable: result
#0 C:\wamp\www\eventosonline\eventos\app\Views\listeventos.php(84): CodeIgniter\Debug\Exceptions->errorHandler(8, 'Undefined varia...', 'C:\\wamp\\www\\eve...', 84, Array)
#1 C:\wamp\www\eventosonline\eventos\system\View\View.php(246): include('C:\\wamp\\www\\eve...')
#2 C:\wamp\www\eventosonline\eventos\system\Common.php(1119): CodeIgniter\View\View->render('listeventos', Array, true)
#3 C:\wamp\www\eventosonline\eventos\app\Controllers\Eventos.php(82): view('listeventos')
#4 C:\wamp\www\eventosonline\eventos\system\CodeIgniter.php(918): App\Controllers\Eventos->listar()
#5 C:\wamp\www\eventosonline\eventos\system\CodeIgniter.php(404): CodeIgniter\CodeIgniter->runController(Object(App\Controllers\Eventos))
#6 C:\wamp\www\eventosonline\eventos\system\CodeIgniter.php(312): CodeIgniter\CodeIgniter->handleRequest(NULL, Object(Config\Cache), false)
#7 C:\wamp\www\eventosonline\eventos\index.php(47): CodeIgniter\CodeIgniter->run()
#8 {main}
CRITICAL - 2021-07-06 11:54:21 --> Cannot use object of type App\Models\AtividadeModel as array
#0 C:\wamp\www\eventosonline\eventos\app\Controllers\Atividades.php(250): App\Models\AtividadeModel->verificarConclusao(NULL, NULL)
#1 C:\wamp\www\eventosonline\eventos\system\CodeIgniter.php(918): App\Controllers\Atividades->verificarConclusao()
#2 C:\wamp\www\eventosonline\eventos\system\CodeIgniter.php(404): CodeIgniter\CodeIgniter->runController(Object(App\Controllers\Atividades))
#3 C:\wamp\www\eventosonline\eventos\system\CodeIgniter.php(312): CodeIgniter\CodeIgniter->handleRequest(NULL, Object(Config\Cache), false)
#4 C:\wamp\www\eventosonline\eventos\index.php(47): CodeIgniter\CodeIgniter->run()
#5 {main}
CRITICAL - 2021-07-06 11:54:46 --> Undefined variable: result
#0 C:\wamp\www\eventosonline\eventos\app\Views\listeventos.php(84): CodeIgniter\Debug\Exceptions->errorHandler(8, 'Undefined varia...', 'C:\\wamp\\www\\eve...', 84, Array)
#1 C:\wamp\www\eventosonline\eventos\system\View\View.php(246): include('C:\\wamp\\www\\eve...')
#2 C:\wamp\www\eventosonline\eventos\system\Common.php(1119): CodeIgniter\View\View->render('listeventos', Array, true)
#3 C:\wamp\www\eventosonline\eventos\app\Controllers\Eventos.php(82): view('listeventos')
#4 C:\wamp\www\eventosonline\eventos\system\CodeIgniter.php(918): App\Controllers\Eventos->listar()
#5 C:\wamp\www\eventosonline\eventos\system\CodeIgniter.php(404): CodeIgniter\CodeIgniter->runController(Object(App\Controllers\Eventos))
#6 C:\wamp\www\eventosonline\eventos\system\CodeIgniter.php(312): CodeIgniter\CodeIgniter->handleRequest(NULL, Object(Config\Cache), false)
#7 C:\wamp\www\eventosonline\eventos\index.php(47): CodeIgniter\CodeIgniter->run()
#8 {main}
CRITICAL - 2021-07-06 11:55:32 --> Undefined variable: result
#0 C:\wamp\www\eventosonline\eventos\app\Views\listeventos.php(84): CodeIgniter\Debug\Exceptions->errorHandler(8, 'Undefined varia...', 'C:\\wamp\\www\\eve...', 84, Array)
#1 C:\wamp\www\eventosonline\eventos\system\View\View.php(246): include('C:\\wamp\\www\\eve...')
#2 C:\wamp\www\eventosonline\eventos\system\Common.php(1119): CodeIgniter\View\View->render('listeventos', Array, true)
#3 C:\wamp\www\eventosonline\eventos\app\Controllers\Eventos.php(82): view('listeventos')
#4 C:\wamp\www\eventosonline\eventos\system\CodeIgniter.php(918): App\Controllers\Eventos->listar()
#5 C:\wamp\www\eventosonline\eventos\system\CodeIgniter.php(404): CodeIgniter\CodeIgniter->runController(Object(App\Controllers\Eventos))
#6 C:\wamp\www\eventosonline\eventos\system\CodeIgniter.php(312): CodeIgniter\CodeIgniter->handleRequest(NULL, Object(Config\Cache), false)
#7 C:\wamp\www\eventosonline\eventos\index.php(47): CodeIgniter\CodeIgniter->run()
#8 {main}
CRITICAL - 2021-07-06 11:56:23 --> Undefined variable: atividade
#0 C:\wamp\www\eventosonline\eventos\app\Views\listeventos.php(84): CodeIgniter\Debug\Exceptions->errorHandler(8, 'Undefined varia...', 'C:\\wamp\\www\\eve...', 84, Array)
#1 C:\wamp\www\eventosonline\eventos\system\View\View.php(246): include('C:\\wamp\\www\\eve...')
#2 C:\wamp\www\eventosonline\eventos\system\Common.php(1119): CodeIgniter\View\View->render('listeventos', Array, true)
#3 C:\wamp\www\eventosonline\eventos\app\Controllers\Eventos.php(82): view('listeventos')
#4 C:\wamp\www\eventosonline\eventos\system\CodeIgniter.php(918): App\Controllers\Eventos->listar()
#5 C:\wamp\www\eventosonline\eventos\system\CodeIgniter.php(404): CodeIgniter\CodeIgniter->runController(Object(App\Controllers\Eventos))
#6 C:\wamp\www\eventosonline\eventos\system\CodeIgniter.php(312): CodeIgniter\CodeIgniter->handleRequest(NULL, Object(Config\Cache), false)
#7 C:\wamp\www\eventosonline\eventos\index.php(47): CodeIgniter\CodeIgniter->run()
#8 {main}
CRITICAL - 2021-07-06 11:59:16 --> syntax error, unexpected ')'
#0 C:\wamp\www\eventosonline\eventos\system\Common.php(1119): CodeIgniter\View\View->render('listeventos', Array, true)
#1 C:\wamp\www\eventosonline\eventos\app\Controllers\Eventos.php(82): view('listeventos')
#2 C:\wamp\www\eventosonline\eventos\system\CodeIgniter.php(918): App\Controllers\Eventos->listar()
#3 C:\wamp\www\eventosonline\eventos\system\CodeIgniter.php(404): CodeIgniter\CodeIgniter->runController(Object(App\Controllers\Eventos))
#4 C:\wamp\www\eventosonline\eventos\system\CodeIgniter.php(312): CodeIgniter\CodeIgniter->handleRequest(NULL, Object(Config\Cache), false)
#5 C:\wamp\www\eventosonline\eventos\index.php(47): CodeIgniter\CodeIgniter->run()
#6 {main}
CRITICAL - 2021-07-06 11:59:30 --> Cannot use object of type App\Models\AtividadeModel as array
#0 C:\wamp\www\eventosonline\eventos\app\Controllers\Atividades.php(250): App\Models\AtividadeModel->verificarConclusao(NULL, NULL)
#1 C:\wamp\www\eventosonline\eventos\system\CodeIgniter.php(918): App\Controllers\Atividades->verificarConclusao()
#2 C:\wamp\www\eventosonline\eventos\system\CodeIgniter.php(404): CodeIgniter\CodeIgniter->runController(Object(App\Controllers\Atividades))
#3 C:\wamp\www\eventosonline\eventos\system\CodeIgniter.php(312): CodeIgniter\CodeIgniter->handleRequest(NULL, Object(Config\Cache), false)
#4 C:\wamp\www\eventosonline\eventos\index.php(47): CodeIgniter\CodeIgniter->run()
#5 {main}
CRITICAL - 2021-07-06 11:59:42 --> Cannot use object of type App\Models\AtividadeModel as array
#0 C:\wamp\www\eventosonline\eventos\app\Controllers\Atividades.php(250): App\Models\AtividadeModel->verificarConclusao(NULL, NULL)
#1 C:\wamp\www\eventosonline\eventos\system\CodeIgniter.php(918): App\Controllers\Atividades->verificarConclusao()
#2 C:\wamp\www\eventosonline\eventos\system\CodeIgniter.php(404): CodeIgniter\CodeIgniter->runController(Object(App\Controllers\Atividades))
#3 C:\wamp\www\eventosonline\eventos\system\CodeIgniter.php(312): CodeIgniter\CodeIgniter->handleRequest(NULL, Object(Config\Cache), false)
#4 C:\wamp\www\eventosonline\eventos\index.php(47): CodeIgniter\CodeIgniter->run()
#5 {main}
CRITICAL - 2021-07-06 12:01:02 --> Cannot use object of type App\Models\AtividadeModel as array
#0 C:\wamp\www\eventosonline\eventos\app\Controllers\Dashboard.php(54): App\Models\AtividadeModel->verificarConclusao(NULL, NULL)
#1 C:\wamp\www\eventosonline\eventos\system\CodeIgniter.php(918): App\Controllers\Dashboard->verificarConclusao()
#2 C:\wamp\www\eventosonline\eventos\system\CodeIgniter.php(404): CodeIgniter\CodeIgniter->runController(Object(App\Controllers\Dashboard))
#3 C:\wamp\www\eventosonline\eventos\system\CodeIgniter.php(312): CodeIgniter\CodeIgniter->handleRequest(NULL, Object(Config\Cache), false)
#4 C:\wamp\www\eventosonline\eventos\index.php(47): CodeIgniter\CodeIgniter->run()
#5 {main}
CRITICAL - 2021-07-06 12:01:16 --> Cannot use object of type App\Models\AtividadeModel as array
#0 C:\wamp\www\eventosonline\eventos\app\Controllers\Dashboard.php(54): App\Models\AtividadeModel->verificarConclusao(NULL, NULL)
#1 C:\wamp\www\eventosonline\eventos\system\CodeIgniter.php(918): App\Controllers\Dashboard->verificarConclusao()
#2 C:\wamp\www\eventosonline\eventos\system\CodeIgniter.php(404): CodeIgniter\CodeIgniter->runController(Object(App\Controllers\Dashboard))
#3 C:\wamp\www\eventosonline\eventos\system\CodeIgniter.php(312): CodeIgniter\CodeIgniter->handleRequest(NULL, Object(Config\Cache), false)
#4 C:\wamp\www\eventosonline\eventos\index.php(47): CodeIgniter\CodeIgniter->run()
#5 {main}
CRITICAL - 2021-07-06 12:03:20 --> syntax error, unexpected '<'
#0 C:\wamp\www\eventosonline\eventos\system\Common.php(1119): CodeIgniter\View\View->render('tdeventos', Array, true)
#1 C:\wamp\www\eventosonline\eventos\app\Controllers\Eventos.php(26): view('tdeventos')
#2 C:\wamp\www\eventosonline\eventos\system\CodeIgniter.php(918): App\Controllers\Eventos->index()
#3 C:\wamp\www\eventosonline\eventos\system\CodeIgniter.php(404): CodeIgniter\CodeIgniter->runController(Object(App\Controllers\Eventos))
#4 C:\wamp\www\eventosonline\eventos\system\CodeIgniter.php(312): CodeIgniter\CodeIgniter->handleRequest(NULL, Object(Config\Cache), false)
#5 C:\wamp\www\eventosonline\eventos\index.php(47): CodeIgniter\CodeIgniter->run()
#6 {main}
CRITICAL - 2021-07-06 12:03:24 --> syntax error, unexpected '<'
#0 C:\wamp\www\eventosonline\eventos\system\Common.php(1119): CodeIgniter\View\View->render('tdeventos', Array, true)
#1 C:\wamp\www\eventosonline\eventos\app\Controllers\Eventos.php(26): view('tdeventos')
#2 C:\wamp\www\eventosonline\eventos\system\CodeIgniter.php(918): App\Controllers\Eventos->index()
#3 C:\wamp\www\eventosonline\eventos\system\CodeIgniter.php(404): CodeIgniter\CodeIgniter->runController(Object(App\Controllers\Eventos))
#4 C:\wamp\www\eventosonline\eventos\system\CodeIgniter.php(312): CodeIgniter\CodeIgniter->handleRequest(NULL, Object(Config\Cache), false)
#5 C:\wamp\www\eventosonline\eventos\index.php(47): CodeIgniter\CodeIgniter->run()
#6 {main}
CRITICAL - 2021-07-06 12:04:47 --> syntax error, unexpected 'else' (T_ELSE)
#0 C:\wamp\www\eventosonline\eventos\system\Common.php(1119): CodeIgniter\View\View->render('tdeventos', Array, true)
#1 C:\wamp\www\eventosonline\eventos\app\Controllers\Eventos.php(26): view('tdeventos')
#2 C:\wamp\www\eventosonline\eventos\system\CodeIgniter.php(918): App\Controllers\Eventos->index()
#3 C:\wamp\www\eventosonline\eventos\system\CodeIgniter.php(404): CodeIgniter\CodeIgniter->runController(Object(App\Controllers\Eventos))
#4 C:\wamp\www\eventosonline\eventos\system\CodeIgniter.php(312): CodeIgniter\CodeIgniter->handleRequest(NULL, Object(Config\Cache), false)
#5 C:\wamp\www\eventosonline\eventos\index.php(47): CodeIgniter\CodeIgniter->run()
#6 {main}
CRITICAL - 2021-07-06 12:08:03 --> syntax error, unexpected '==' (T_IS_EQUAL), expecting variable (T_VARIABLE) or '{' or '$'
#0 C:\wamp\www\eventosonline\eventos\system\Common.php(1119): CodeIgniter\View\View->render('listeventos', Array, true)
#1 C:\wamp\www\eventosonline\eventos\app\Controllers\Eventos.php(82): view('listeventos')
#2 C:\wamp\www\eventosonline\eventos\system\CodeIgniter.php(918): App\Controllers\Eventos->listar()
#3 C:\wamp\www\eventosonline\eventos\system\CodeIgniter.php(404): CodeIgniter\CodeIgniter->runController(Object(App\Controllers\Eventos))
#4 C:\wamp\www\eventosonline\eventos\system\CodeIgniter.php(312): CodeIgniter\CodeIgniter->handleRequest(NULL, Object(Config\Cache), false)
#5 C:\wamp\www\eventosonline\eventos\index.php(47): CodeIgniter\CodeIgniter->run()
#6 {main}
CRITICAL - 2021-07-06 12:08:21 --> Cannot use object of type App\Models\AtividadeModel as array
#0 C:\wamp\www\eventosonline\eventos\app\Controllers\Atividades.php(250): App\Models\AtividadeModel->verificarConclusao(NULL, NULL)
#1 C:\wamp\www\eventosonline\eventos\system\CodeIgniter.php(918): App\Controllers\Atividades->verificarConclusao()
#2 C:\wamp\www\eventosonline\eventos\system\CodeIgniter.php(404): CodeIgniter\CodeIgniter->runController(Object(App\Controllers\Atividades))
#3 C:\wamp\www\eventosonline\eventos\system\CodeIgniter.php(312): CodeIgniter\CodeIgniter->handleRequest(NULL, Object(Config\Cache), false)
#4 C:\wamp\www\eventosonline\eventos\index.php(47): CodeIgniter\CodeIgniter->run()
#5 {main}
CRITICAL - 2021-07-06 12:08:54 --> Cannot use object of type App\Models\AtividadeModel as array
#0 C:\wamp\www\eventosonline\eventos\app\Controllers\Atividades.php(250): App\Models\AtividadeModel->verificarConclusao(NULL, NULL)
#1 C:\wamp\www\eventosonline\eventos\system\CodeIgniter.php(918): App\Controllers\Atividades->verificarConclusao()
#2 C:\wamp\www\eventosonline\eventos\system\CodeIgniter.php(404): CodeIgniter\CodeIgniter->runController(Object(App\Controllers\Atividades))
#3 C:\wamp\www\eventosonline\eventos\system\CodeIgniter.php(312): CodeIgniter\CodeIgniter->handleRequest(NULL, Object(Config\Cache), false)
#4 C:\wamp\www\eventosonline\eventos\index.php(47): CodeIgniter\CodeIgniter->run()
#5 {main}
CRITICAL - 2021-07-06 12:09:39 --> Cannot use object of type App\Models\AtividadeModel as array
#0 C:\wamp\www\eventosonline\eventos\app\Controllers\Atividades.php(250): App\Models\AtividadeModel->verificarConclusao(NULL, NULL)
#1 C:\wamp\www\eventosonline\eventos\system\CodeIgniter.php(918): App\Controllers\Atividades->verificarConclusao()
#2 C:\wamp\www\eventosonline\eventos\system\CodeIgniter.php(404): CodeIgniter\CodeIgniter->runController(Object(App\Controllers\Atividades))
#3 C:\wamp\www\eventosonline\eventos\system\CodeIgniter.php(312): CodeIgniter\CodeIgniter->handleRequest(NULL, Object(Config\Cache), false)
#4 C:\wamp\www\eventosonline\eventos\index.php(47): CodeIgniter\CodeIgniter->run()
#5 {main}
CRITICAL - 2021-07-06 12:09:48 --> Cannot use object of type App\Models\AtividadeModel as array
#0 C:\wamp\www\eventosonline\eventos\app\Controllers\Atividades.php(250): App\Models\AtividadeModel->verificarConclusao(NULL, NULL)
#1 C:\wamp\www\eventosonline\eventos\system\CodeIgniter.php(918): App\Controllers\Atividades->verificarConclusao()
#2 C:\wamp\www\eventosonline\eventos\system\CodeIgniter.php(404): CodeIgniter\CodeIgniter->runController(Object(App\Controllers\Atividades))
#3 C:\wamp\www\eventosonline\eventos\system\CodeIgniter.php(312): CodeIgniter\CodeIgniter->handleRequest(NULL, Object(Config\Cache), false)
#4 C:\wamp\www\eventosonline\eventos\index.php(47): CodeIgniter\CodeIgniter->run()
#5 {main}
