CRITICAL - 2022-02-02 17:40:01 --> Undefined variable: totalTime
#0 C:\wamp\www\portal\eventos\system\Debug\Toolbar\Views\toolbar.tpl.php(56): CodeIgniter\Debug\Exceptions->errorHandler(8, 'Undefined varia...', 'C:\\wamp\\www\\por...', 56, Array)
#1 C:\wamp\www\portal\eventos\system\Debug\Toolbar.php(498): include('C:\\wamp\\www\\por...')
#2 C:\wamp\www\portal\eventos\system\Debug\Toolbar.php(455): CodeIgniter\Debug\Toolbar->format(Array, 'html')
#3 C:\wamp\www\portal\eventos\app\Config\Events.php(50): CodeIgniter\Debug\Toolbar->respond()
#4 [internal function]: CodeIgniter\Events\Events::Config\{closure}()
#5 C:\wamp\www\portal\eventos\system\Events\Events.php(188): call_user_func(Object(Closure))
#6 C:\wamp\www\portal\eventos\system\CodeIgniter.php(293): CodeIgniter\Events\Events::trigger('pre_system')
#7 C:\wamp\www\portal\eventos\index.php(47): CodeIgniter\CodeIgniter->run()
#8 {main}
CRITICAL - 2022-02-02 17:58:39 --> unlink(C:\wamp\www\portal\eventos\writable\debugbar/debugbar_1643830874.json): No such file or directory
#0 [internal function]: CodeIgniter\Debug\Exceptions->errorHandler(2, 'unlink(C:\\wamp\\...', 'C:\\wamp\\www\\por...', 106, Array)
#1 C:\wamp\www\portal\eventos\system\Debug\Toolbar\Collectors\History.php(106): unlink('C:\\wamp\\www\\por...')
#2 C:\wamp\www\portal\eventos\system\Debug\Toolbar.php(483): CodeIgniter\Debug\Toolbar\Collectors\History->setFiles(1643831918, 20)
#3 C:\wamp\www\portal\eventos\system\Debug\Toolbar.php(455): CodeIgniter\Debug\Toolbar->format(Array, 'html')
#4 C:\wamp\www\portal\eventos\app\Config\Events.php(50): CodeIgniter\Debug\Toolbar->respond()
#5 [internal function]: CodeIgniter\Events\Events::Config\{closure}()
#6 C:\wamp\www\portal\eventos\system\Events\Events.php(188): call_user_func(Object(Closure))
#7 C:\wamp\www\portal\eventos\system\CodeIgniter.php(293): CodeIgniter\Events\Events::trigger('pre_system')
#8 C:\wamp\www\portal\eventos\index.php(47): CodeIgniter\CodeIgniter->run()
#9 {main}
CRITICAL - 2022-02-02 18:27:46 --> Call to undefined method CodeIgniter\Email\Email::addAttachment()
#0 C:\wamp\www\portal\eventos\app\Controllers\Campanhas.php(37): App\Controllers\PdfController->enviarCampanha()
#1 C:\wamp\www\portal\eventos\system\CodeIgniter.php(918): App\Controllers\Campanhas->enviar()
#2 C:\wamp\www\portal\eventos\system\CodeIgniter.php(404): CodeIgniter\CodeIgniter->runController(Object(App\Controllers\Campanhas))
#3 C:\wamp\www\portal\eventos\system\CodeIgniter.php(312): CodeIgniter\CodeIgniter->handleRequest(NULL, Object(Config\Cache), false)
#4 C:\wamp\www\portal\eventos\index.php(47): CodeIgniter\CodeIgniter->run()
#5 {main}
CRITICAL - 2022-02-02 18:27:48 --> Call to undefined method CodeIgniter\Email\Email::addAttachment()
#0 C:\wamp\www\portal\eventos\app\Controllers\Campanhas.php(37): App\Controllers\PdfController->enviarCampanha()
#1 C:\wamp\www\portal\eventos\system\CodeIgniter.php(918): App\Controllers\Campanhas->enviar()
#2 C:\wamp\www\portal\eventos\system\CodeIgniter.php(404): CodeIgniter\CodeIgniter->runController(Object(App\Controllers\Campanhas))
#3 C:\wamp\www\portal\eventos\system\CodeIgniter.php(312): CodeIgniter\CodeIgniter->handleRequest(NULL, Object(Config\Cache), false)
#4 C:\wamp\www\portal\eventos\index.php(47): CodeIgniter\CodeIgniter->run()
#5 {main}
CRITICAL - 2022-02-02 18:29:52 --> Call to undefined method CodeIgniter\Email\Email::addAttachment()
#0 C:\wamp\www\portal\eventos\app\Controllers\Campanhas.php(37): App\Controllers\PdfController->enviarCampanha()
#1 C:\wamp\www\portal\eventos\system\CodeIgniter.php(918): App\Controllers\Campanhas->enviar()
#2 C:\wamp\www\portal\eventos\system\CodeIgniter.php(404): CodeIgniter\CodeIgniter->runController(Object(App\Controllers\Campanhas))
#3 C:\wamp\www\portal\eventos\system\CodeIgniter.php(312): CodeIgniter\CodeIgniter->handleRequest(NULL, Object(Config\Cache), false)
#4 C:\wamp\www\portal\eventos\index.php(47): CodeIgniter\CodeIgniter->run()
#5 {main}
CRITICAL - 2022-02-02 18:30:05 --> Call to undefined method CodeIgniter\Email\Email::addAttachment()
#0 C:\wamp\www\portal\eventos\app\Controllers\Campanhas.php(37): App\Controllers\PdfController->enviarCampanha()
#1 C:\wamp\www\portal\eventos\system\CodeIgniter.php(918): App\Controllers\Campanhas->enviar()
#2 C:\wamp\www\portal\eventos\system\CodeIgniter.php(404): CodeIgniter\CodeIgniter->runController(Object(App\Controllers\Campanhas))
#3 C:\wamp\www\portal\eventos\system\CodeIgniter.php(312): CodeIgniter\CodeIgniter->handleRequest(NULL, Object(Config\Cache), false)
#4 C:\wamp\www\portal\eventos\index.php(47): CodeIgniter\CodeIgniter->run()
#5 {main}
CRITICAL - 2022-02-02 18:30:08 --> Call to undefined method CodeIgniter\Email\Email::addAttachment()
#0 C:\wamp\www\portal\eventos\app\Controllers\Campanhas.php(37): App\Controllers\PdfController->enviarCampanha()
#1 C:\wamp\www\portal\eventos\system\CodeIgniter.php(918): App\Controllers\Campanhas->enviar()
#2 C:\wamp\www\portal\eventos\system\CodeIgniter.php(404): CodeIgniter\CodeIgniter->runController(Object(App\Controllers\Campanhas))
#3 C:\wamp\www\portal\eventos\system\CodeIgniter.php(312): CodeIgniter\CodeIgniter->handleRequest(NULL, Object(Config\Cache), false)
#4 C:\wamp\www\portal\eventos\index.php(47): CodeIgniter\CodeIgniter->run()
#5 {main}
CRITICAL - 2022-02-02 18:30:18 --> Call to undefined method CodeIgniter\Email\Email::addAttachment()
#0 C:\wamp\www\portal\eventos\app\Controllers\Campanhas.php(37): App\Controllers\PdfController->enviarCampanha()
#1 C:\wamp\www\portal\eventos\system\CodeIgniter.php(918): App\Controllers\Campanhas->enviar()
#2 C:\wamp\www\portal\eventos\system\CodeIgniter.php(404): CodeIgniter\CodeIgniter->runController(Object(App\Controllers\Campanhas))
#3 C:\wamp\www\portal\eventos\system\CodeIgniter.php(312): CodeIgniter\CodeIgniter->handleRequest(NULL, Object(Config\Cache), false)
#4 C:\wamp\www\portal\eventos\index.php(47): CodeIgniter\CodeIgniter->run()
#5 {main}
CRITICAL - 2022-02-02 18:30:20 --> Call to undefined method CodeIgniter\Email\Email::addAttachment()
#0 C:\wamp\www\portal\eventos\app\Controllers\Campanhas.php(37): App\Controllers\PdfController->enviarCampanha()
#1 C:\wamp\www\portal\eventos\system\CodeIgniter.php(918): App\Controllers\Campanhas->enviar()
#2 C:\wamp\www\portal\eventos\system\CodeIgniter.php(404): CodeIgniter\CodeIgniter->runController(Object(App\Controllers\Campanhas))
#3 C:\wamp\www\portal\eventos\system\CodeIgniter.php(312): CodeIgniter\CodeIgniter->handleRequest(NULL, Object(Config\Cache), false)
#4 C:\wamp\www\portal\eventos\index.php(47): CodeIgniter\CodeIgniter->run()
#5 {main}
CRITICAL - 2022-02-02 18:30:32 --> Call to undefined method CodeIgniter\Email\Email::addAttachment()
#0 C:\wamp\www\portal\eventos\app\Controllers\Campanhas.php(37): App\Controllers\PdfController->enviarCampanha()
#1 C:\wamp\www\portal\eventos\system\CodeIgniter.php(918): App\Controllers\Campanhas->enviar()
#2 C:\wamp\www\portal\eventos\system\CodeIgniter.php(404): CodeIgniter\CodeIgniter->runController(Object(App\Controllers\Campanhas))
#3 C:\wamp\www\portal\eventos\system\CodeIgniter.php(312): CodeIgniter\CodeIgniter->handleRequest(NULL, Object(Config\Cache), false)
#4 C:\wamp\www\portal\eventos\index.php(47): CodeIgniter\CodeIgniter->run()
#5 {main}
CRITICAL - 2022-02-02 18:31:10 --> Call to undefined method CodeIgniter\Email\Email::AddAttachment()
#0 C:\wamp\www\portal\eventos\app\Controllers\Campanhas.php(37): App\Controllers\PdfController->enviarCampanha()
#1 C:\wamp\www\portal\eventos\system\CodeIgniter.php(918): App\Controllers\Campanhas->enviar()
#2 C:\wamp\www\portal\eventos\system\CodeIgniter.php(404): CodeIgniter\CodeIgniter->runController(Object(App\Controllers\Campanhas))
#3 C:\wamp\www\portal\eventos\system\CodeIgniter.php(312): CodeIgniter\CodeIgniter->handleRequest(NULL, Object(Config\Cache), false)
#4 C:\wamp\www\portal\eventos\index.php(47): CodeIgniter\CodeIgniter->run()
#5 {main}
ERROR - 2022-02-02 18:32:39 --> Email: sendWithMail throwed mail(): Failed to connect to mailserver at &quot;localhost&quot; port 25, verify your &quot;SMTP&quot; and &quot;smtp_port&quot; setting in php.ini or use ini_set()
ERROR - 2022-02-02 18:33:13 --> Email: sendWithMail throwed mail(): Failed to connect to mailserver at &quot;localhost&quot; port 25, verify your &quot;SMTP&quot; and &quot;smtp_port&quot; setting in php.ini or use ini_set()
