ERROR - 2021-07-12 08:43:05 --> mysqli_sql_exception: Unknown column 'verificarConclusao' in 'on clause' in C:\wamp\www\eventosonline\eventos\system\Database\MySQLi\Connection.php:331
Stack trace:
#0 C:\wamp\www\eventosonline\eventos\system\Database\MySQLi\Connection.php(331): mysqli->query('SELECT count(us...')
#1 C:\wamp\www\eventosonline\eventos\system\Database\BaseConnection.php(741): CodeIgniter\Database\MySQLi\Connection->execute('SELECT count(us...')
#2 C:\wamp\www\eventosonline\eventos\system\Database\BaseConnection.php(669): CodeIgniter\Database\BaseConnection->simpleQuery('SELECT count(us...')
#3 C:\wamp\www\eventosonline\eventos\system\Database\BaseBuilder.php(1860): CodeIgniter\Database\BaseConnection->query('SELECT count(us...', Array, false)
#4 C:\wamp\www\eventosonline\eventos\system\Model.php(506): CodeIgniter\Database\BaseBuilder->get()
#5 C:\wamp\www\eventosonline\eventos\app\Models\AtividadeModel.php(89): CodeIgniter\Model->first()
#6 C:\wamp\www\eventosonline\eventos\app\Controllers\Atividades.php(292): App\Models\AtividadeModel->verificarConclusao('5114', 'verificarConclu...')
#7 C:\wamp\www\eventosonline\eventos\system\CodeIgniter.php(918): App\Controllers\Atividades->verificarConclusao('1')
#8 C:\wamp\www\eventosonline\eventos\system\CodeIgniter.php(404): CodeIgniter\CodeIgniter->runController(Object(App\Controllers\Atividades))
#9 C:\wamp\www\eventosonline\eventos\system\CodeIgniter.php(312): CodeIgniter\CodeIgniter->handleRequest(NULL, Object(Config\Cache), false)
#10 C:\wamp\www\eventosonline\eventos\index.php(47): CodeIgniter\CodeIgniter->run()
#11 {main}
CRITICAL - 2021-07-12 08:43:05 --> Unknown column 'verificarConclusao' in 'on clause'
#0 C:\wamp\www\eventosonline\eventos\system\Database\MySQLi\Connection.php(331): mysqli->query('SELECT count(us...')
#1 C:\wamp\www\eventosonline\eventos\system\Database\BaseConnection.php(741): CodeIgniter\Database\MySQLi\Connection->execute('SELECT count(us...')
#2 C:\wamp\www\eventosonline\eventos\system\Database\BaseConnection.php(669): CodeIgniter\Database\BaseConnection->simpleQuery('SELECT count(us...')
#3 C:\wamp\www\eventosonline\eventos\system\Database\BaseBuilder.php(1860): CodeIgniter\Database\BaseConnection->query('SELECT count(us...', Array, false)
#4 C:\wamp\www\eventosonline\eventos\system\Model.php(506): CodeIgniter\Database\BaseBuilder->get()
#5 C:\wamp\www\eventosonline\eventos\app\Models\AtividadeModel.php(89): CodeIgniter\Model->first()
#6 C:\wamp\www\eventosonline\eventos\app\Controllers\Atividades.php(292): App\Models\AtividadeModel->verificarConclusao('5114', 'verificarConclu...')
#7 C:\wamp\www\eventosonline\eventos\system\CodeIgniter.php(918): App\Controllers\Atividades->verificarConclusao('1')
#8 C:\wamp\www\eventosonline\eventos\system\CodeIgniter.php(404): CodeIgniter\CodeIgniter->runController(Object(App\Controllers\Atividades))
#9 C:\wamp\www\eventosonline\eventos\system\CodeIgniter.php(312): CodeIgniter\CodeIgniter->handleRequest(NULL, Object(Config\Cache), false)
#10 C:\wamp\www\eventosonline\eventos\index.php(47): CodeIgniter\CodeIgniter->run()
#11 {main}
ERROR - 2021-07-12 08:54:50 --> mysqli_sql_exception: Unknown column 'verificarConclusao' in 'on clause' in C:\wamp\www\eventosonline\eventos\system\Database\MySQLi\Connection.php:331
Stack trace:
#0 C:\wamp\www\eventosonline\eventos\system\Database\MySQLi\Connection.php(331): mysqli->query('SELECT count(us...')
#1 C:\wamp\www\eventosonline\eventos\system\Database\BaseConnection.php(741): CodeIgniter\Database\MySQLi\Connection->execute('SELECT count(us...')
#2 C:\wamp\www\eventosonline\eventos\system\Database\BaseConnection.php(669): CodeIgniter\Database\BaseConnection->simpleQuery('SELECT count(us...')
#3 C:\wamp\www\eventosonline\eventos\system\Database\BaseBuilder.php(1860): CodeIgniter\Database\BaseConnection->query('SELECT count(us...', Array, false)
#4 C:\wamp\www\eventosonline\eventos\system\Model.php(506): CodeIgniter\Database\BaseBuilder->get()
#5 C:\wamp\www\eventosonline\eventos\app\Models\AtividadeModel.php(89): CodeIgniter\Model->first()
#6 C:\wamp\www\eventosonline\eventos\app\Controllers\Atividades.php(292): App\Models\AtividadeModel->verificarConclusao('5114', 'verificarConclu...')
#7 C:\wamp\www\eventosonline\eventos\system\CodeIgniter.php(918): App\Controllers\Atividades->verificarConclusao('1')
#8 C:\wamp\www\eventosonline\eventos\system\CodeIgniter.php(404): CodeIgniter\CodeIgniter->runController(Object(App\Controllers\Atividades))
#9 C:\wamp\www\eventosonline\eventos\system\CodeIgniter.php(312): CodeIgniter\CodeIgniter->handleRequest(NULL, Object(Config\Cache), false)
#10 C:\wamp\www\eventosonline\eventos\index.php(47): CodeIgniter\CodeIgniter->run()
#11 {main}
CRITICAL - 2021-07-12 08:54:50 --> Unknown column 'verificarConclusao' in 'on clause'
#0 C:\wamp\www\eventosonline\eventos\system\Database\MySQLi\Connection.php(331): mysqli->query('SELECT count(us...')
#1 C:\wamp\www\eventosonline\eventos\system\Database\BaseConnection.php(741): CodeIgniter\Database\MySQLi\Connection->execute('SELECT count(us...')
#2 C:\wamp\www\eventosonline\eventos\system\Database\BaseConnection.php(669): CodeIgniter\Database\BaseConnection->simpleQuery('SELECT count(us...')
#3 C:\wamp\www\eventosonline\eventos\system\Database\BaseBuilder.php(1860): CodeIgniter\Database\BaseConnection->query('SELECT count(us...', Array, false)
#4 C:\wamp\www\eventosonline\eventos\system\Model.php(506): CodeIgniter\Database\BaseBuilder->get()
#5 C:\wamp\www\eventosonline\eventos\app\Models\AtividadeModel.php(89): CodeIgniter\Model->first()
#6 C:\wamp\www\eventosonline\eventos\app\Controllers\Atividades.php(292): App\Models\AtividadeModel->verificarConclusao('5114', 'verificarConclu...')
#7 C:\wamp\www\eventosonline\eventos\system\CodeIgniter.php(918): App\Controllers\Atividades->verificarConclusao('1')
#8 C:\wamp\www\eventosonline\eventos\system\CodeIgniter.php(404): CodeIgniter\CodeIgniter->runController(Object(App\Controllers\Atividades))
#9 C:\wamp\www\eventosonline\eventos\system\CodeIgniter.php(312): CodeIgniter\CodeIgniter->handleRequest(NULL, Object(Config\Cache), false)
#10 C:\wamp\www\eventosonline\eventos\index.php(47): CodeIgniter\CodeIgniter->run()
#11 {main}
CRITICAL - 2021-07-12 11:33:46 --> count(): Parameter must be an array or an object that implements Countable
#0 C:\wamp\www\eventosonline\eventos\app\Views\atividades.php(19): CodeIgniter\Debug\Exceptions->errorHandler(2, 'count(): Parame...', 'C:\\wamp\\www\\eve...', 19, Array)
#1 C:\wamp\www\eventosonline\eventos\system\View\View.php(246): include('C:\\wamp\\www\\eve...')
#2 C:\wamp\www\eventosonline\eventos\system\Common.php(1119): CodeIgniter\View\View->render('atividades', Array, true)
#3 C:\wamp\www\eventosonline\eventos\app\Controllers\Atividades.php(32): view('atividades')
#4 C:\wamp\www\eventosonline\eventos\system\CodeIgniter.php(918): App\Controllers\Atividades->index()
#5 C:\wamp\www\eventosonline\eventos\system\CodeIgniter.php(404): CodeIgniter\CodeIgniter->runController(Object(App\Controllers\Atividades))
#6 C:\wamp\www\eventosonline\eventos\system\CodeIgniter.php(312): CodeIgniter\CodeIgniter->handleRequest(NULL, Object(Config\Cache), false)
#7 C:\wamp\www\eventosonline\eventos\index.php(47): CodeIgniter\CodeIgniter->run()
#8 {main}
CRITICAL - 2021-07-12 11:34:23 --> count(): Parameter must be an array or an object that implements Countable
#0 C:\wamp\www\eventosonline\eventos\app\Views\atividades.php(19): CodeIgniter\Debug\Exceptions->errorHandler(2, 'count(): Parame...', 'C:\\wamp\\www\\eve...', 19, Array)
#1 C:\wamp\www\eventosonline\eventos\system\View\View.php(246): include('C:\\wamp\\www\\eve...')
#2 C:\wamp\www\eventosonline\eventos\system\Common.php(1119): CodeIgniter\View\View->render('atividades', Array, true)
#3 C:\wamp\www\eventosonline\eventos\app\Controllers\Atividades.php(32): view('atividades')
#4 C:\wamp\www\eventosonline\eventos\system\CodeIgniter.php(918): App\Controllers\Atividades->index()
#5 C:\wamp\www\eventosonline\eventos\system\CodeIgniter.php(404): CodeIgniter\CodeIgniter->runController(Object(App\Controllers\Atividades))
#6 C:\wamp\www\eventosonline\eventos\system\CodeIgniter.php(312): CodeIgniter\CodeIgniter->handleRequest(NULL, Object(Config\Cache), false)
#7 C:\wamp\www\eventosonline\eventos\index.php(47): CodeIgniter\CodeIgniter->run()
#8 {main}
CRITICAL - 2021-07-12 11:34:40 --> count(): Parameter must be an array or an object that implements Countable
#0 C:\wamp\www\eventosonline\eventos\app\Views\atividades.php(19): CodeIgniter\Debug\Exceptions->errorHandler(2, 'count(): Parame...', 'C:\\wamp\\www\\eve...', 19, Array)
#1 C:\wamp\www\eventosonline\eventos\system\View\View.php(246): include('C:\\wamp\\www\\eve...')
#2 C:\wamp\www\eventosonline\eventos\system\Common.php(1119): CodeIgniter\View\View->render('atividades', Array, true)
#3 C:\wamp\www\eventosonline\eventos\app\Controllers\Atividades.php(32): view('atividades')
#4 C:\wamp\www\eventosonline\eventos\system\CodeIgniter.php(918): App\Controllers\Atividades->index()
#5 C:\wamp\www\eventosonline\eventos\system\CodeIgniter.php(404): CodeIgniter\CodeIgniter->runController(Object(App\Controllers\Atividades))
#6 C:\wamp\www\eventosonline\eventos\system\CodeIgniter.php(312): CodeIgniter\CodeIgniter->handleRequest(NULL, Object(Config\Cache), false)
#7 C:\wamp\www\eventosonline\eventos\index.php(47): CodeIgniter\CodeIgniter->run()
#8 {main}
ERROR - 2021-07-12 11:36:09 --> mysqli_sql_exception: Cannot add or update a child row: a foreign key constraint fails (`crfsp010_eventos`.`usuario_atividade`, CONSTRAINT `FK_usuario_atividade_atividade_evento` FOREIGN KEY (`idAtividade`) REFERENCES `atividade_evento` (`id`)) in C:\wamp\www\eventosonline\eventos\system\Database\MySQLi\Connection.php:331
Stack trace:
#0 C:\wamp\www\eventosonline\eventos\system\Database\MySQLi\Connection.php(331): mysqli->query('INSERT INTO `us...')
#1 C:\wamp\www\eventosonline\eventos\system\Database\BaseConnection.php(741): CodeIgniter\Database\MySQLi\Connection->execute('INSERT INTO `us...')
#2 C:\wamp\www\eventosonline\eventos\system\Database\BaseConnection.php(669): CodeIgniter\Database\BaseConnection->simpleQuery('INSERT INTO `us...')
#3 C:\wamp\www\eventosonline\eventos\system\Database\BaseBuilder.php(2249): CodeIgniter\Database\BaseConnection->query('INSERT INTO `us...', Array, false)
#4 C:\wamp\www\eventosonline\eventos\app\Models\AtividadeModel.php(32): CodeIgniter\Database\BaseBuilder->insert(Array)
#5 C:\wamp\www\eventosonline\eventos\app\Controllers\Atividades.php(48): App\Models\AtividadeModel->inscricaoAtividade('5114', 'inscreverAtivid...')
#6 C:\wamp\www\eventosonline\eventos\system\CodeIgniter.php(918): App\Controllers\Atividades->inscreverAtividade('44')
#7 C:\wamp\www\eventosonline\eventos\system\CodeIgniter.php(404): CodeIgniter\CodeIgniter->runController(Object(App\Controllers\Atividades))
#8 C:\wamp\www\eventosonline\eventos\system\CodeIgniter.php(312): CodeIgniter\CodeIgniter->handleRequest(NULL, Object(Config\Cache), false)
#9 C:\wamp\www\eventosonline\eventos\index.php(47): CodeIgniter\CodeIgniter->run()
#10 {main}
CRITICAL - 2021-07-12 11:36:09 --> Cannot add or update a child row: a foreign key constraint fails (`crfsp010_eventos`.`usuario_atividade`, CONSTRAINT `FK_usuario_atividade_atividade_evento` FOREIGN KEY (`idAtividade`) REFERENCES `atividade_evento` (`id`))
#0 C:\wamp\www\eventosonline\eventos\system\Database\MySQLi\Connection.php(331): mysqli->query('INSERT INTO `us...')
#1 C:\wamp\www\eventosonline\eventos\system\Database\BaseConnection.php(741): CodeIgniter\Database\MySQLi\Connection->execute('INSERT INTO `us...')
#2 C:\wamp\www\eventosonline\eventos\system\Database\BaseConnection.php(669): CodeIgniter\Database\BaseConnection->simpleQuery('INSERT INTO `us...')
#3 C:\wamp\www\eventosonline\eventos\system\Database\BaseBuilder.php(2249): CodeIgniter\Database\BaseConnection->query('INSERT INTO `us...', Array, false)
#4 C:\wamp\www\eventosonline\eventos\app\Models\AtividadeModel.php(32): CodeIgniter\Database\BaseBuilder->insert(Array)
#5 C:\wamp\www\eventosonline\eventos\app\Controllers\Atividades.php(48): App\Models\AtividadeModel->inscricaoAtividade('5114', 'inscreverAtivid...')
#6 C:\wamp\www\eventosonline\eventos\system\CodeIgniter.php(918): App\Controllers\Atividades->inscreverAtividade('44')
#7 C:\wamp\www\eventosonline\eventos\system\CodeIgniter.php(404): CodeIgniter\CodeIgniter->runController(Object(App\Controllers\Atividades))
#8 C:\wamp\www\eventosonline\eventos\system\CodeIgniter.php(312): CodeIgniter\CodeIgniter->handleRequest(NULL, Object(Config\Cache), false)
#9 C:\wamp\www\eventosonline\eventos\index.php(47): CodeIgniter\CodeIgniter->run()
#10 {main}
ERROR - 2021-07-12 11:41:51 --> mysqli_sql_exception: Cannot add or update a child row: a foreign key constraint fails (`crfsp010_eventos`.`usuario_atividade`, CONSTRAINT `FK_usuario_atividade_atividade_evento` FOREIGN KEY (`idAtividade`) REFERENCES `atividade_evento` (`id`)) in C:\wamp\www\eventosonline\eventos\system\Database\MySQLi\Connection.php:331
Stack trace:
#0 C:\wamp\www\eventosonline\eventos\system\Database\MySQLi\Connection.php(331): mysqli->query('INSERT INTO `us...')
#1 C:\wamp\www\eventosonline\eventos\system\Database\BaseConnection.php(741): CodeIgniter\Database\MySQLi\Connection->execute('INSERT INTO `us...')
#2 C:\wamp\www\eventosonline\eventos\system\Database\BaseConnection.php(669): CodeIgniter\Database\BaseConnection->simpleQuery('INSERT INTO `us...')
#3 C:\wamp\www\eventosonline\eventos\system\Database\BaseBuilder.php(2249): CodeIgniter\Database\BaseConnection->query('INSERT INTO `us...', Array, false)
#4 C:\wamp\www\eventosonline\eventos\app\Models\AtividadeModel.php(32): CodeIgniter\Database\BaseBuilder->insert(Array)
#5 C:\wamp\www\eventosonline\eventos\app\Controllers\Atividades.php(48): App\Models\AtividadeModel->inscricaoAtividade('5114', 'inscreverAtivid...')
#6 C:\wamp\www\eventosonline\eventos\system\CodeIgniter.php(918): App\Controllers\Atividades->inscreverAtividade('4444')
#7 C:\wamp\www\eventosonline\eventos\system\CodeIgniter.php(404): CodeIgniter\CodeIgniter->runController(Object(App\Controllers\Atividades))
#8 C:\wamp\www\eventosonline\eventos\system\CodeIgniter.php(312): CodeIgniter\CodeIgniter->handleRequest(NULL, Object(Config\Cache), false)
#9 C:\wamp\www\eventosonline\eventos\index.php(47): CodeIgniter\CodeIgniter->run()
#10 {main}
CRITICAL - 2021-07-12 11:41:51 --> Cannot add or update a child row: a foreign key constraint fails (`crfsp010_eventos`.`usuario_atividade`, CONSTRAINT `FK_usuario_atividade_atividade_evento` FOREIGN KEY (`idAtividade`) REFERENCES `atividade_evento` (`id`))
#0 C:\wamp\www\eventosonline\eventos\system\Database\MySQLi\Connection.php(331): mysqli->query('INSERT INTO `us...')
#1 C:\wamp\www\eventosonline\eventos\system\Database\BaseConnection.php(741): CodeIgniter\Database\MySQLi\Connection->execute('INSERT INTO `us...')
#2 C:\wamp\www\eventosonline\eventos\system\Database\BaseConnection.php(669): CodeIgniter\Database\BaseConnection->simpleQuery('INSERT INTO `us...')
#3 C:\wamp\www\eventosonline\eventos\system\Database\BaseBuilder.php(2249): CodeIgniter\Database\BaseConnection->query('INSERT INTO `us...', Array, false)
#4 C:\wamp\www\eventosonline\eventos\app\Models\AtividadeModel.php(32): CodeIgniter\Database\BaseBuilder->insert(Array)
#5 C:\wamp\www\eventosonline\eventos\app\Controllers\Atividades.php(48): App\Models\AtividadeModel->inscricaoAtividade('5114', 'inscreverAtivid...')
#6 C:\wamp\www\eventosonline\eventos\system\CodeIgniter.php(918): App\Controllers\Atividades->inscreverAtividade('4444')
#7 C:\wamp\www\eventosonline\eventos\system\CodeIgniter.php(404): CodeIgniter\CodeIgniter->runController(Object(App\Controllers\Atividades))
#8 C:\wamp\www\eventosonline\eventos\system\CodeIgniter.php(312): CodeIgniter\CodeIgniter->handleRequest(NULL, Object(Config\Cache), false)
#9 C:\wamp\www\eventosonline\eventos\index.php(47): CodeIgniter\CodeIgniter->run()
#10 {main}
ERROR - 2021-07-12 11:41:58 --> mysqli_sql_exception: Cannot add or update a child row: a foreign key constraint fails (`crfsp010_eventos`.`usuario_atividade`, CONSTRAINT `FK_usuario_atividade_atividade_evento` FOREIGN KEY (`idAtividade`) REFERENCES `atividade_evento` (`id`)) in C:\wamp\www\eventosonline\eventos\system\Database\MySQLi\Connection.php:331
Stack trace:
#0 C:\wamp\www\eventosonline\eventos\system\Database\MySQLi\Connection.php(331): mysqli->query('INSERT INTO `us...')
#1 C:\wamp\www\eventosonline\eventos\system\Database\BaseConnection.php(741): CodeIgniter\Database\MySQLi\Connection->execute('INSERT INTO `us...')
#2 C:\wamp\www\eventosonline\eventos\system\Database\BaseConnection.php(669): CodeIgniter\Database\BaseConnection->simpleQuery('INSERT INTO `us...')
#3 C:\wamp\www\eventosonline\eventos\system\Database\BaseBuilder.php(2249): CodeIgniter\Database\BaseConnection->query('INSERT INTO `us...', Array, false)
#4 C:\wamp\www\eventosonline\eventos\app\Models\AtividadeModel.php(32): CodeIgniter\Database\BaseBuilder->insert(Array)
#5 C:\wamp\www\eventosonline\eventos\app\Controllers\Atividades.php(48): App\Models\AtividadeModel->inscricaoAtividade('5114', 'inscreverAtivid...')
#6 C:\wamp\www\eventosonline\eventos\system\CodeIgniter.php(918): App\Controllers\Atividades->inscreverAtividade('45')
#7 C:\wamp\www\eventosonline\eventos\system\CodeIgniter.php(404): CodeIgniter\CodeIgniter->runController(Object(App\Controllers\Atividades))
#8 C:\wamp\www\eventosonline\eventos\system\CodeIgniter.php(312): CodeIgniter\CodeIgniter->handleRequest(NULL, Object(Config\Cache), false)
#9 C:\wamp\www\eventosonline\eventos\index.php(47): CodeIgniter\CodeIgniter->run()
#10 {main}
CRITICAL - 2021-07-12 11:41:58 --> Cannot add or update a child row: a foreign key constraint fails (`crfsp010_eventos`.`usuario_atividade`, CONSTRAINT `FK_usuario_atividade_atividade_evento` FOREIGN KEY (`idAtividade`) REFERENCES `atividade_evento` (`id`))
#0 C:\wamp\www\eventosonline\eventos\system\Database\MySQLi\Connection.php(331): mysqli->query('INSERT INTO `us...')
#1 C:\wamp\www\eventosonline\eventos\system\Database\BaseConnection.php(741): CodeIgniter\Database\MySQLi\Connection->execute('INSERT INTO `us...')
#2 C:\wamp\www\eventosonline\eventos\system\Database\BaseConnection.php(669): CodeIgniter\Database\BaseConnection->simpleQuery('INSERT INTO `us...')
#3 C:\wamp\www\eventosonline\eventos\system\Database\BaseBuilder.php(2249): CodeIgniter\Database\BaseConnection->query('INSERT INTO `us...', Array, false)
#4 C:\wamp\www\eventosonline\eventos\app\Models\AtividadeModel.php(32): CodeIgniter\Database\BaseBuilder->insert(Array)
#5 C:\wamp\www\eventosonline\eventos\app\Controllers\Atividades.php(48): App\Models\AtividadeModel->inscricaoAtividade('5114', 'inscreverAtivid...')
#6 C:\wamp\www\eventosonline\eventos\system\CodeIgniter.php(918): App\Controllers\Atividades->inscreverAtividade('45')
#7 C:\wamp\www\eventosonline\eventos\system\CodeIgniter.php(404): CodeIgniter\CodeIgniter->runController(Object(App\Controllers\Atividades))
#8 C:\wamp\www\eventosonline\eventos\system\CodeIgniter.php(312): CodeIgniter\CodeIgniter->handleRequest(NULL, Object(Config\Cache), false)
#9 C:\wamp\www\eventosonline\eventos\index.php(47): CodeIgniter\CodeIgniter->run()
#10 {main}
ERROR - 2021-07-12 11:44:38 --> mysqli_sql_exception: Cannot add or update a child row: a foreign key constraint fails (`crfsp010_eventos`.`usuario_atividade`, CONSTRAINT `FK_usuario_atividade_atividade_evento` FOREIGN KEY (`idAtividade`) REFERENCES `atividade_evento` (`id`)) in C:\wamp\www\eventosonline\eventos\system\Database\MySQLi\Connection.php:331
Stack trace:
#0 C:\wamp\www\eventosonline\eventos\system\Database\MySQLi\Connection.php(331): mysqli->query('INSERT INTO `us...')
#1 C:\wamp\www\eventosonline\eventos\system\Database\BaseConnection.php(741): CodeIgniter\Database\MySQLi\Connection->execute('INSERT INTO `us...')
#2 C:\wamp\www\eventosonline\eventos\system\Database\BaseConnection.php(669): CodeIgniter\Database\BaseConnection->simpleQuery('INSERT INTO `us...')
#3 C:\wamp\www\eventosonline\eventos\system\Database\BaseBuilder.php(2249): CodeIgniter\Database\BaseConnection->query('INSERT INTO `us...', Array, false)
#4 C:\wamp\www\eventosonline\eventos\app\Models\AtividadeModel.php(32): CodeIgniter\Database\BaseBuilder->insert(Array)
#5 C:\wamp\www\eventosonline\eventos\app\Controllers\Atividades.php(48): App\Models\AtividadeModel->inscricaoAtividade('5114', 'inscreverAtivid...')
#6 C:\wamp\www\eventosonline\eventos\system\CodeIgniter.php(918): App\Controllers\Atividades->inscreverAtividade('45')
#7 C:\wamp\www\eventosonline\eventos\system\CodeIgniter.php(404): CodeIgniter\CodeIgniter->runController(Object(App\Controllers\Atividades))
#8 C:\wamp\www\eventosonline\eventos\system\CodeIgniter.php(312): CodeIgniter\CodeIgniter->handleRequest(NULL, Object(Config\Cache), false)
#9 C:\wamp\www\eventosonline\eventos\index.php(47): CodeIgniter\CodeIgniter->run()
#10 {main}
CRITICAL - 2021-07-12 11:44:38 --> Cannot add or update a child row: a foreign key constraint fails (`crfsp010_eventos`.`usuario_atividade`, CONSTRAINT `FK_usuario_atividade_atividade_evento` FOREIGN KEY (`idAtividade`) REFERENCES `atividade_evento` (`id`))
#0 C:\wamp\www\eventosonline\eventos\system\Database\MySQLi\Connection.php(331): mysqli->query('INSERT INTO `us...')
#1 C:\wamp\www\eventosonline\eventos\system\Database\BaseConnection.php(741): CodeIgniter\Database\MySQLi\Connection->execute('INSERT INTO `us...')
#2 C:\wamp\www\eventosonline\eventos\system\Database\BaseConnection.php(669): CodeIgniter\Database\BaseConnection->simpleQuery('INSERT INTO `us...')
#3 C:\wamp\www\eventosonline\eventos\system\Database\BaseBuilder.php(2249): CodeIgniter\Database\BaseConnection->query('INSERT INTO `us...', Array, false)
#4 C:\wamp\www\eventosonline\eventos\app\Models\AtividadeModel.php(32): CodeIgniter\Database\BaseBuilder->insert(Array)
#5 C:\wamp\www\eventosonline\eventos\app\Controllers\Atividades.php(48): App\Models\AtividadeModel->inscricaoAtividade('5114', 'inscreverAtivid...')
#6 C:\wamp\www\eventosonline\eventos\system\CodeIgniter.php(918): App\Controllers\Atividades->inscreverAtividade('45')
#7 C:\wamp\www\eventosonline\eventos\system\CodeIgniter.php(404): CodeIgniter\CodeIgniter->runController(Object(App\Controllers\Atividades))
#8 C:\wamp\www\eventosonline\eventos\system\CodeIgniter.php(312): CodeIgniter\CodeIgniter->handleRequest(NULL, Object(Config\Cache), false)
#9 C:\wamp\www\eventosonline\eventos\index.php(47): CodeIgniter\CodeIgniter->run()
#10 {main}
ERROR - 2021-07-12 11:57:13 --> mysqli_sql_exception: Cannot add or update a child row: a foreign key constraint fails (`crfsp010_eventos`.`usuario_atividade`, CONSTRAINT `FK_usuario_atividade_atividade_evento` FOREIGN KEY (`idAtividade`) REFERENCES `atividade_evento` (`id`)) in C:\wamp\www\eventosonline\eventos\system\Database\MySQLi\Connection.php:331
Stack trace:
#0 C:\wamp\www\eventosonline\eventos\system\Database\MySQLi\Connection.php(331): mysqli->query('INSERT INTO `us...')
#1 C:\wamp\www\eventosonline\eventos\system\Database\BaseConnection.php(741): CodeIgniter\Database\MySQLi\Connection->execute('INSERT INTO `us...')
#2 C:\wamp\www\eventosonline\eventos\system\Database\BaseConnection.php(669): CodeIgniter\Database\BaseConnection->simpleQuery('INSERT INTO `us...')
#3 C:\wamp\www\eventosonline\eventos\system\Database\BaseBuilder.php(2249): CodeIgniter\Database\BaseConnection->query('INSERT INTO `us...', Array, false)
#4 C:\wamp\www\eventosonline\eventos\app\Models\AtividadeModel.php(32): CodeIgniter\Database\BaseBuilder->insert(Array)
#5 C:\wamp\www\eventosonline\eventos\app\Controllers\Atividades.php(47): App\Models\AtividadeModel->inscricaoAtividade('5114', 'inscreverAtivid...')
#6 C:\wamp\www\eventosonline\eventos\system\CodeIgniter.php(918): App\Controllers\Atividades->inscreverAtividade('45')
#7 C:\wamp\www\eventosonline\eventos\system\CodeIgniter.php(404): CodeIgniter\CodeIgniter->runController(Object(App\Controllers\Atividades))
#8 C:\wamp\www\eventosonline\eventos\system\CodeIgniter.php(312): CodeIgniter\CodeIgniter->handleRequest(NULL, Object(Config\Cache), false)
#9 C:\wamp\www\eventosonline\eventos\index.php(47): CodeIgniter\CodeIgniter->run()
#10 {main}
CRITICAL - 2021-07-12 11:57:13 --> Cannot add or update a child row: a foreign key constraint fails (`crfsp010_eventos`.`usuario_atividade`, CONSTRAINT `FK_usuario_atividade_atividade_evento` FOREIGN KEY (`idAtividade`) REFERENCES `atividade_evento` (`id`))
#0 C:\wamp\www\eventosonline\eventos\system\Database\MySQLi\Connection.php(331): mysqli->query('INSERT INTO `us...')
#1 C:\wamp\www\eventosonline\eventos\system\Database\BaseConnection.php(741): CodeIgniter\Database\MySQLi\Connection->execute('INSERT INTO `us...')
#2 C:\wamp\www\eventosonline\eventos\system\Database\BaseConnection.php(669): CodeIgniter\Database\BaseConnection->simpleQuery('INSERT INTO `us...')
#3 C:\wamp\www\eventosonline\eventos\system\Database\BaseBuilder.php(2249): CodeIgniter\Database\BaseConnection->query('INSERT INTO `us...', Array, false)
#4 C:\wamp\www\eventosonline\eventos\app\Models\AtividadeModel.php(32): CodeIgniter\Database\BaseBuilder->insert(Array)
#5 C:\wamp\www\eventosonline\eventos\app\Controllers\Atividades.php(47): App\Models\AtividadeModel->inscricaoAtividade('5114', 'inscreverAtivid...')
#6 C:\wamp\www\eventosonline\eventos\system\CodeIgniter.php(918): App\Controllers\Atividades->inscreverAtividade('45')
#7 C:\wamp\www\eventosonline\eventos\system\CodeIgniter.php(404): CodeIgniter\CodeIgniter->runController(Object(App\Controllers\Atividades))
#8 C:\wamp\www\eventosonline\eventos\system\CodeIgniter.php(312): CodeIgniter\CodeIgniter->handleRequest(NULL, Object(Config\Cache), false)
#9 C:\wamp\www\eventosonline\eventos\index.php(47): CodeIgniter\CodeIgniter->run()
#10 {main}
ERROR - 2021-07-12 11:57:20 --> mysqli_sql_exception: Cannot add or update a child row: a foreign key constraint fails (`crfsp010_eventos`.`usuario_atividade`, CONSTRAINT `FK_usuario_atividade_atividade_evento` FOREIGN KEY (`idAtividade`) REFERENCES `atividade_evento` (`id`)) in C:\wamp\www\eventosonline\eventos\system\Database\MySQLi\Connection.php:331
Stack trace:
#0 C:\wamp\www\eventosonline\eventos\system\Database\MySQLi\Connection.php(331): mysqli->query('INSERT INTO `us...')
#1 C:\wamp\www\eventosonline\eventos\system\Database\BaseConnection.php(741): CodeIgniter\Database\MySQLi\Connection->execute('INSERT INTO `us...')
#2 C:\wamp\www\eventosonline\eventos\system\Database\BaseConnection.php(669): CodeIgniter\Database\BaseConnection->simpleQuery('INSERT INTO `us...')
#3 C:\wamp\www\eventosonline\eventos\system\Database\BaseBuilder.php(2249): CodeIgniter\Database\BaseConnection->query('INSERT INTO `us...', Array, false)
#4 C:\wamp\www\eventosonline\eventos\app\Models\AtividadeModel.php(32): CodeIgniter\Database\BaseBuilder->insert(Array)
#5 C:\wamp\www\eventosonline\eventos\app\Controllers\Atividades.php(47): App\Models\AtividadeModel->inscricaoAtividade('5114', 'inscreverAtivid...')
#6 C:\wamp\www\eventosonline\eventos\system\CodeIgniter.php(918): App\Controllers\Atividades->inscreverAtividade('4444')
#7 C:\wamp\www\eventosonline\eventos\system\CodeIgniter.php(404): CodeIgniter\CodeIgniter->runController(Object(App\Controllers\Atividades))
#8 C:\wamp\www\eventosonline\eventos\system\CodeIgniter.php(312): CodeIgniter\CodeIgniter->handleRequest(NULL, Object(Config\Cache), false)
#9 C:\wamp\www\eventosonline\eventos\index.php(47): CodeIgniter\CodeIgniter->run()
#10 {main}
CRITICAL - 2021-07-12 11:57:20 --> Cannot add or update a child row: a foreign key constraint fails (`crfsp010_eventos`.`usuario_atividade`, CONSTRAINT `FK_usuario_atividade_atividade_evento` FOREIGN KEY (`idAtividade`) REFERENCES `atividade_evento` (`id`))
#0 C:\wamp\www\eventosonline\eventos\system\Database\MySQLi\Connection.php(331): mysqli->query('INSERT INTO `us...')
#1 C:\wamp\www\eventosonline\eventos\system\Database\BaseConnection.php(741): CodeIgniter\Database\MySQLi\Connection->execute('INSERT INTO `us...')
#2 C:\wamp\www\eventosonline\eventos\system\Database\BaseConnection.php(669): CodeIgniter\Database\BaseConnection->simpleQuery('INSERT INTO `us...')
#3 C:\wamp\www\eventosonline\eventos\system\Database\BaseBuilder.php(2249): CodeIgniter\Database\BaseConnection->query('INSERT INTO `us...', Array, false)
#4 C:\wamp\www\eventosonline\eventos\app\Models\AtividadeModel.php(32): CodeIgniter\Database\BaseBuilder->insert(Array)
#5 C:\wamp\www\eventosonline\eventos\app\Controllers\Atividades.php(47): App\Models\AtividadeModel->inscricaoAtividade('5114', 'inscreverAtivid...')
#6 C:\wamp\www\eventosonline\eventos\system\CodeIgniter.php(918): App\Controllers\Atividades->inscreverAtividade('4444')
#7 C:\wamp\www\eventosonline\eventos\system\CodeIgniter.php(404): CodeIgniter\CodeIgniter->runController(Object(App\Controllers\Atividades))
#8 C:\wamp\www\eventosonline\eventos\system\CodeIgniter.php(312): CodeIgniter\CodeIgniter->handleRequest(NULL, Object(Config\Cache), false)
#9 C:\wamp\www\eventosonline\eventos\index.php(47): CodeIgniter\CodeIgniter->run()
#10 {main}
ERROR - 2021-07-12 11:57:26 --> mysqli_sql_exception: Cannot add or update a child row: a foreign key constraint fails (`crfsp010_eventos`.`usuario_atividade`, CONSTRAINT `FK_usuario_atividade_atividade_evento` FOREIGN KEY (`idAtividade`) REFERENCES `atividade_evento` (`id`)) in C:\wamp\www\eventosonline\eventos\system\Database\MySQLi\Connection.php:331
Stack trace:
#0 C:\wamp\www\eventosonline\eventos\system\Database\MySQLi\Connection.php(331): mysqli->query('INSERT INTO `us...')
#1 C:\wamp\www\eventosonline\eventos\system\Database\BaseConnection.php(741): CodeIgniter\Database\MySQLi\Connection->execute('INSERT INTO `us...')
#2 C:\wamp\www\eventosonline\eventos\system\Database\BaseConnection.php(669): CodeIgniter\Database\BaseConnection->simpleQuery('INSERT INTO `us...')
#3 C:\wamp\www\eventosonline\eventos\system\Database\BaseBuilder.php(2249): CodeIgniter\Database\BaseConnection->query('INSERT INTO `us...', Array, false)
#4 C:\wamp\www\eventosonline\eventos\app\Models\AtividadeModel.php(32): CodeIgniter\Database\BaseBuilder->insert(Array)
#5 C:\wamp\www\eventosonline\eventos\app\Controllers\Atividades.php(47): App\Models\AtividadeModel->inscricaoAtividade('5114', 'inscreverAtivid...')
#6 C:\wamp\www\eventosonline\eventos\system\CodeIgniter.php(918): App\Controllers\Atividades->inscreverAtividade('44')
#7 C:\wamp\www\eventosonline\eventos\system\CodeIgniter.php(404): CodeIgniter\CodeIgniter->runController(Object(App\Controllers\Atividades))
#8 C:\wamp\www\eventosonline\eventos\system\CodeIgniter.php(312): CodeIgniter\CodeIgniter->handleRequest(NULL, Object(Config\Cache), false)
#9 C:\wamp\www\eventosonline\eventos\index.php(47): CodeIgniter\CodeIgniter->run()
#10 {main}
CRITICAL - 2021-07-12 11:57:26 --> Cannot add or update a child row: a foreign key constraint fails (`crfsp010_eventos`.`usuario_atividade`, CONSTRAINT `FK_usuario_atividade_atividade_evento` FOREIGN KEY (`idAtividade`) REFERENCES `atividade_evento` (`id`))
#0 C:\wamp\www\eventosonline\eventos\system\Database\MySQLi\Connection.php(331): mysqli->query('INSERT INTO `us...')
#1 C:\wamp\www\eventosonline\eventos\system\Database\BaseConnection.php(741): CodeIgniter\Database\MySQLi\Connection->execute('INSERT INTO `us...')
#2 C:\wamp\www\eventosonline\eventos\system\Database\BaseConnection.php(669): CodeIgniter\Database\BaseConnection->simpleQuery('INSERT INTO `us...')
#3 C:\wamp\www\eventosonline\eventos\system\Database\BaseBuilder.php(2249): CodeIgniter\Database\BaseConnection->query('INSERT INTO `us...', Array, false)
#4 C:\wamp\www\eventosonline\eventos\app\Models\AtividadeModel.php(32): CodeIgniter\Database\BaseBuilder->insert(Array)
#5 C:\wamp\www\eventosonline\eventos\app\Controllers\Atividades.php(47): App\Models\AtividadeModel->inscricaoAtividade('5114', 'inscreverAtivid...')
#6 C:\wamp\www\eventosonline\eventos\system\CodeIgniter.php(918): App\Controllers\Atividades->inscreverAtividade('44')
#7 C:\wamp\www\eventosonline\eventos\system\CodeIgniter.php(404): CodeIgniter\CodeIgniter->runController(Object(App\Controllers\Atividades))
#8 C:\wamp\www\eventosonline\eventos\system\CodeIgniter.php(312): CodeIgniter\CodeIgniter->handleRequest(NULL, Object(Config\Cache), false)
#9 C:\wamp\www\eventosonline\eventos\index.php(47): CodeIgniter\CodeIgniter->run()
#10 {main}
ERROR - 2021-07-12 11:58:14 --> mysqli_sql_exception: Cannot add or update a child row: a foreign key constraint fails (`crfsp010_eventos`.`usuario_atividade`, CONSTRAINT `FK_usuario_atividade_atividade_evento` FOREIGN KEY (`idAtividade`) REFERENCES `atividade_evento` (`id`)) in C:\wamp\www\eventosonline\eventos\system\Database\MySQLi\Connection.php:331
Stack trace:
#0 C:\wamp\www\eventosonline\eventos\system\Database\MySQLi\Connection.php(331): mysqli->query('INSERT INTO `us...')
#1 C:\wamp\www\eventosonline\eventos\system\Database\BaseConnection.php(741): CodeIgniter\Database\MySQLi\Connection->execute('INSERT INTO `us...')
#2 C:\wamp\www\eventosonline\eventos\system\Database\BaseConnection.php(669): CodeIgniter\Database\BaseConnection->simpleQuery('INSERT INTO `us...')
#3 C:\wamp\www\eventosonline\eventos\system\Database\BaseBuilder.php(2249): CodeIgniter\Database\BaseConnection->query('INSERT INTO `us...', Array, false)
#4 C:\wamp\www\eventosonline\eventos\app\Models\AtividadeModel.php(32): CodeIgniter\Database\BaseBuilder->insert(Array)
#5 C:\wamp\www\eventosonline\eventos\app\Controllers\Atividades.php(47): App\Models\AtividadeModel->inscricaoAtividade('5114', 'inscreverAtivid...')
#6 C:\wamp\www\eventosonline\eventos\system\CodeIgniter.php(918): App\Controllers\Atividades->inscreverAtividade('44')
#7 C:\wamp\www\eventosonline\eventos\system\CodeIgniter.php(404): CodeIgniter\CodeIgniter->runController(Object(App\Controllers\Atividades))
#8 C:\wamp\www\eventosonline\eventos\system\CodeIgniter.php(312): CodeIgniter\CodeIgniter->handleRequest(NULL, Object(Config\Cache), false)
#9 C:\wamp\www\eventosonline\eventos\index.php(47): CodeIgniter\CodeIgniter->run()
#10 {main}
CRITICAL - 2021-07-12 11:58:14 --> Cannot add or update a child row: a foreign key constraint fails (`crfsp010_eventos`.`usuario_atividade`, CONSTRAINT `FK_usuario_atividade_atividade_evento` FOREIGN KEY (`idAtividade`) REFERENCES `atividade_evento` (`id`))
#0 C:\wamp\www\eventosonline\eventos\system\Database\MySQLi\Connection.php(331): mysqli->query('INSERT INTO `us...')
#1 C:\wamp\www\eventosonline\eventos\system\Database\BaseConnection.php(741): CodeIgniter\Database\MySQLi\Connection->execute('INSERT INTO `us...')
#2 C:\wamp\www\eventosonline\eventos\system\Database\BaseConnection.php(669): CodeIgniter\Database\BaseConnection->simpleQuery('INSERT INTO `us...')
#3 C:\wamp\www\eventosonline\eventos\system\Database\BaseBuilder.php(2249): CodeIgniter\Database\BaseConnection->query('INSERT INTO `us...', Array, false)
#4 C:\wamp\www\eventosonline\eventos\app\Models\AtividadeModel.php(32): CodeIgniter\Database\BaseBuilder->insert(Array)
#5 C:\wamp\www\eventosonline\eventos\app\Controllers\Atividades.php(47): App\Models\AtividadeModel->inscricaoAtividade('5114', 'inscreverAtivid...')
#6 C:\wamp\www\eventosonline\eventos\system\CodeIgniter.php(918): App\Controllers\Atividades->inscreverAtividade('44')
#7 C:\wamp\www\eventosonline\eventos\system\CodeIgniter.php(404): CodeIgniter\CodeIgniter->runController(Object(App\Controllers\Atividades))
#8 C:\wamp\www\eventosonline\eventos\system\CodeIgniter.php(312): CodeIgniter\CodeIgniter->handleRequest(NULL, Object(Config\Cache), false)
#9 C:\wamp\www\eventosonline\eventos\index.php(47): CodeIgniter\CodeIgniter->run()
#10 {main}
ERROR - 2021-07-12 11:58:15 --> mysqli_sql_exception: Cannot add or update a child row: a foreign key constraint fails (`crfsp010_eventos`.`usuario_atividade`, CONSTRAINT `FK_usuario_atividade_atividade_evento` FOREIGN KEY (`idAtividade`) REFERENCES `atividade_evento` (`id`)) in C:\wamp\www\eventosonline\eventos\system\Database\MySQLi\Connection.php:331
Stack trace:
#0 C:\wamp\www\eventosonline\eventos\system\Database\MySQLi\Connection.php(331): mysqli->query('INSERT INTO `us...')
#1 C:\wamp\www\eventosonline\eventos\system\Database\BaseConnection.php(741): CodeIgniter\Database\MySQLi\Connection->execute('INSERT INTO `us...')
#2 C:\wamp\www\eventosonline\eventos\system\Database\BaseConnection.php(669): CodeIgniter\Database\BaseConnection->simpleQuery('INSERT INTO `us...')
#3 C:\wamp\www\eventosonline\eventos\system\Database\BaseBuilder.php(2249): CodeIgniter\Database\BaseConnection->query('INSERT INTO `us...', Array, false)
#4 C:\wamp\www\eventosonline\eventos\app\Models\AtividadeModel.php(32): CodeIgniter\Database\BaseBuilder->insert(Array)
#5 C:\wamp\www\eventosonline\eventos\app\Controllers\Atividades.php(47): App\Models\AtividadeModel->inscricaoAtividade('5114', 'inscreverAtivid...')
#6 C:\wamp\www\eventosonline\eventos\system\CodeIgniter.php(918): App\Controllers\Atividades->inscreverAtividade('4444')
#7 C:\wamp\www\eventosonline\eventos\system\CodeIgniter.php(404): CodeIgniter\CodeIgniter->runController(Object(App\Controllers\Atividades))
#8 C:\wamp\www\eventosonline\eventos\system\CodeIgniter.php(312): CodeIgniter\CodeIgniter->handleRequest(NULL, Object(Config\Cache), false)
#9 C:\wamp\www\eventosonline\eventos\index.php(47): CodeIgniter\CodeIgniter->run()
#10 {main}
CRITICAL - 2021-07-12 11:58:15 --> Cannot add or update a child row: a foreign key constraint fails (`crfsp010_eventos`.`usuario_atividade`, CONSTRAINT `FK_usuario_atividade_atividade_evento` FOREIGN KEY (`idAtividade`) REFERENCES `atividade_evento` (`id`))
#0 C:\wamp\www\eventosonline\eventos\system\Database\MySQLi\Connection.php(331): mysqli->query('INSERT INTO `us...')
#1 C:\wamp\www\eventosonline\eventos\system\Database\BaseConnection.php(741): CodeIgniter\Database\MySQLi\Connection->execute('INSERT INTO `us...')
#2 C:\wamp\www\eventosonline\eventos\system\Database\BaseConnection.php(669): CodeIgniter\Database\BaseConnection->simpleQuery('INSERT INTO `us...')
#3 C:\wamp\www\eventosonline\eventos\system\Database\BaseBuilder.php(2249): CodeIgniter\Database\BaseConnection->query('INSERT INTO `us...', Array, false)
#4 C:\wamp\www\eventosonline\eventos\app\Models\AtividadeModel.php(32): CodeIgniter\Database\BaseBuilder->insert(Array)
#5 C:\wamp\www\eventosonline\eventos\app\Controllers\Atividades.php(47): App\Models\AtividadeModel->inscricaoAtividade('5114', 'inscreverAtivid...')
#6 C:\wamp\www\eventosonline\eventos\system\CodeIgniter.php(918): App\Controllers\Atividades->inscreverAtividade('4444')
#7 C:\wamp\www\eventosonline\eventos\system\CodeIgniter.php(404): CodeIgniter\CodeIgniter->runController(Object(App\Controllers\Atividades))
#8 C:\wamp\www\eventosonline\eventos\system\CodeIgniter.php(312): CodeIgniter\CodeIgniter->handleRequest(NULL, Object(Config\Cache), false)
#9 C:\wamp\www\eventosonline\eventos\index.php(47): CodeIgniter\CodeIgniter->run()
#10 {main}
ERROR - 2021-07-12 11:58:40 --> mysqli_sql_exception: Cannot add or update a child row: a foreign key constraint fails (`crfsp010_eventos`.`usuario_atividade`, CONSTRAINT `FK_usuario_atividade_atividade_evento` FOREIGN KEY (`idAtividade`) REFERENCES `atividade_evento` (`id`)) in C:\wamp\www\eventosonline\eventos\system\Database\MySQLi\Connection.php:331
Stack trace:
#0 C:\wamp\www\eventosonline\eventos\system\Database\MySQLi\Connection.php(331): mysqli->query('INSERT INTO `us...')
#1 C:\wamp\www\eventosonline\eventos\system\Database\BaseConnection.php(741): CodeIgniter\Database\MySQLi\Connection->execute('INSERT INTO `us...')
#2 C:\wamp\www\eventosonline\eventos\system\Database\BaseConnection.php(669): CodeIgniter\Database\BaseConnection->simpleQuery('INSERT INTO `us...')
#3 C:\wamp\www\eventosonline\eventos\system\Database\BaseBuilder.php(2249): CodeIgniter\Database\BaseConnection->query('INSERT INTO `us...', Array, false)
#4 C:\wamp\www\eventosonline\eventos\app\Models\AtividadeModel.php(32): CodeIgniter\Database\BaseBuilder->insert(Array)
#5 C:\wamp\www\eventosonline\eventos\app\Controllers\Atividades.php(47): App\Models\AtividadeModel->inscricaoAtividade('5114', 'inscreverAtivid...')
#6 C:\wamp\www\eventosonline\eventos\system\CodeIgniter.php(918): App\Controllers\Atividades->inscreverAtividade('44')
#7 C:\wamp\www\eventosonline\eventos\system\CodeIgniter.php(404): CodeIgniter\CodeIgniter->runController(Object(App\Controllers\Atividades))
#8 C:\wamp\www\eventosonline\eventos\system\CodeIgniter.php(312): CodeIgniter\CodeIgniter->handleRequest(NULL, Object(Config\Cache), false)
#9 C:\wamp\www\eventosonline\eventos\index.php(47): CodeIgniter\CodeIgniter->run()
#10 {main}
CRITICAL - 2021-07-12 11:58:40 --> Cannot add or update a child row: a foreign key constraint fails (`crfsp010_eventos`.`usuario_atividade`, CONSTRAINT `FK_usuario_atividade_atividade_evento` FOREIGN KEY (`idAtividade`) REFERENCES `atividade_evento` (`id`))
#0 C:\wamp\www\eventosonline\eventos\system\Database\MySQLi\Connection.php(331): mysqli->query('INSERT INTO `us...')
#1 C:\wamp\www\eventosonline\eventos\system\Database\BaseConnection.php(741): CodeIgniter\Database\MySQLi\Connection->execute('INSERT INTO `us...')
#2 C:\wamp\www\eventosonline\eventos\system\Database\BaseConnection.php(669): CodeIgniter\Database\BaseConnection->simpleQuery('INSERT INTO `us...')
#3 C:\wamp\www\eventosonline\eventos\system\Database\BaseBuilder.php(2249): CodeIgniter\Database\BaseConnection->query('INSERT INTO `us...', Array, false)
#4 C:\wamp\www\eventosonline\eventos\app\Models\AtividadeModel.php(32): CodeIgniter\Database\BaseBuilder->insert(Array)
#5 C:\wamp\www\eventosonline\eventos\app\Controllers\Atividades.php(47): App\Models\AtividadeModel->inscricaoAtividade('5114', 'inscreverAtivid...')
#6 C:\wamp\www\eventosonline\eventos\system\CodeIgniter.php(918): App\Controllers\Atividades->inscreverAtividade('44')
#7 C:\wamp\www\eventosonline\eventos\system\CodeIgniter.php(404): CodeIgniter\CodeIgniter->runController(Object(App\Controllers\Atividades))
#8 C:\wamp\www\eventosonline\eventos\system\CodeIgniter.php(312): CodeIgniter\CodeIgniter->handleRequest(NULL, Object(Config\Cache), false)
#9 C:\wamp\www\eventosonline\eventos\index.php(47): CodeIgniter\CodeIgniter->run()
#10 {main}
ERROR - 2021-07-12 12:00:20 --> mysqli_sql_exception: Cannot add or update a child row: a foreign key constraint fails (`crfsp010_eventos`.`usuario_atividade`, CONSTRAINT `FK_usuario_atividade_atividade_evento` FOREIGN KEY (`idAtividade`) REFERENCES `atividade_evento` (`id`)) in C:\wamp\www\eventosonline\eventos\system\Database\MySQLi\Connection.php:331
Stack trace:
#0 C:\wamp\www\eventosonline\eventos\system\Database\MySQLi\Connection.php(331): mysqli->query('INSERT INTO `us...')
#1 C:\wamp\www\eventosonline\eventos\system\Database\BaseConnection.php(741): CodeIgniter\Database\MySQLi\Connection->execute('INSERT INTO `us...')
#2 C:\wamp\www\eventosonline\eventos\system\Database\BaseConnection.php(669): CodeIgniter\Database\BaseConnection->simpleQuery('INSERT INTO `us...')
#3 C:\wamp\www\eventosonline\eventos\system\Database\BaseBuilder.php(2249): CodeIgniter\Database\BaseConnection->query('INSERT INTO `us...', Array, false)
#4 C:\wamp\www\eventosonline\eventos\app\Models\AtividadeModel.php(32): CodeIgniter\Database\BaseBuilder->insert(Array)
#5 C:\wamp\www\eventosonline\eventos\app\Controllers\Atividades.php(47): App\Models\AtividadeModel->inscricaoAtividade('5114', 'inscreverAtivid...')
#6 C:\wamp\www\eventosonline\eventos\system\CodeIgniter.php(918): App\Controllers\Atividades->inscreverAtividade('44')
#7 C:\wamp\www\eventosonline\eventos\system\CodeIgniter.php(404): CodeIgniter\CodeIgniter->runController(Object(App\Controllers\Atividades))
#8 C:\wamp\www\eventosonline\eventos\system\CodeIgniter.php(312): CodeIgniter\CodeIgniter->handleRequest(NULL, Object(Config\Cache), false)
#9 C:\wamp\www\eventosonline\eventos\index.php(47): CodeIgniter\CodeIgniter->run()
#10 {main}
CRITICAL - 2021-07-12 12:00:20 --> Cannot add or update a child row: a foreign key constraint fails (`crfsp010_eventos`.`usuario_atividade`, CONSTRAINT `FK_usuario_atividade_atividade_evento` FOREIGN KEY (`idAtividade`) REFERENCES `atividade_evento` (`id`))
#0 C:\wamp\www\eventosonline\eventos\system\Database\MySQLi\Connection.php(331): mysqli->query('INSERT INTO `us...')
#1 C:\wamp\www\eventosonline\eventos\system\Database\BaseConnection.php(741): CodeIgniter\Database\MySQLi\Connection->execute('INSERT INTO `us...')
#2 C:\wamp\www\eventosonline\eventos\system\Database\BaseConnection.php(669): CodeIgniter\Database\BaseConnection->simpleQuery('INSERT INTO `us...')
#3 C:\wamp\www\eventosonline\eventos\system\Database\BaseBuilder.php(2249): CodeIgniter\Database\BaseConnection->query('INSERT INTO `us...', Array, false)
#4 C:\wamp\www\eventosonline\eventos\app\Models\AtividadeModel.php(32): CodeIgniter\Database\BaseBuilder->insert(Array)
#5 C:\wamp\www\eventosonline\eventos\app\Controllers\Atividades.php(47): App\Models\AtividadeModel->inscricaoAtividade('5114', 'inscreverAtivid...')
#6 C:\wamp\www\eventosonline\eventos\system\CodeIgniter.php(918): App\Controllers\Atividades->inscreverAtividade('44')
#7 C:\wamp\www\eventosonline\eventos\system\CodeIgniter.php(404): CodeIgniter\CodeIgniter->runController(Object(App\Controllers\Atividades))
#8 C:\wamp\www\eventosonline\eventos\system\CodeIgniter.php(312): CodeIgniter\CodeIgniter->handleRequest(NULL, Object(Config\Cache), false)
#9 C:\wamp\www\eventosonline\eventos\index.php(47): CodeIgniter\CodeIgniter->run()
#10 {main}
ERROR - 2021-07-12 12:01:24 --> mysqli_sql_exception: Cannot add or update a child row: a foreign key constraint fails (`crfsp010_eventos`.`usuario_atividade`, CONSTRAINT `FK_usuario_atividade_atividade_evento` FOREIGN KEY (`idAtividade`) REFERENCES `atividade_evento` (`id`)) in C:\wamp\www\eventosonline\eventos\system\Database\MySQLi\Connection.php:331
Stack trace:
#0 C:\wamp\www\eventosonline\eventos\system\Database\MySQLi\Connection.php(331): mysqli->query('INSERT INTO `us...')
#1 C:\wamp\www\eventosonline\eventos\system\Database\BaseConnection.php(741): CodeIgniter\Database\MySQLi\Connection->execute('INSERT INTO `us...')
#2 C:\wamp\www\eventosonline\eventos\system\Database\BaseConnection.php(669): CodeIgniter\Database\BaseConnection->simpleQuery('INSERT INTO `us...')
#3 C:\wamp\www\eventosonline\eventos\system\Database\BaseBuilder.php(2249): CodeIgniter\Database\BaseConnection->query('INSERT INTO `us...', Array, false)
#4 C:\wamp\www\eventosonline\eventos\app\Models\AtividadeModel.php(32): CodeIgniter\Database\BaseBuilder->insert(Array)
#5 C:\wamp\www\eventosonline\eventos\app\Controllers\Atividades.php(47): App\Models\AtividadeModel->inscricaoAtividade('5114', 'inscreverAtivid...')
#6 C:\wamp\www\eventosonline\eventos\system\CodeIgniter.php(918): App\Controllers\Atividades->inscreverAtividade('45')
#7 C:\wamp\www\eventosonline\eventos\system\CodeIgniter.php(404): CodeIgniter\CodeIgniter->runController(Object(App\Controllers\Atividades))
#8 C:\wamp\www\eventosonline\eventos\system\CodeIgniter.php(312): CodeIgniter\CodeIgniter->handleRequest(NULL, Object(Config\Cache), false)
#9 C:\wamp\www\eventosonline\eventos\index.php(47): CodeIgniter\CodeIgniter->run()
#10 {main}
CRITICAL - 2021-07-12 12:01:24 --> Cannot add or update a child row: a foreign key constraint fails (`crfsp010_eventos`.`usuario_atividade`, CONSTRAINT `FK_usuario_atividade_atividade_evento` FOREIGN KEY (`idAtividade`) REFERENCES `atividade_evento` (`id`))
#0 C:\wamp\www\eventosonline\eventos\system\Database\MySQLi\Connection.php(331): mysqli->query('INSERT INTO `us...')
#1 C:\wamp\www\eventosonline\eventos\system\Database\BaseConnection.php(741): CodeIgniter\Database\MySQLi\Connection->execute('INSERT INTO `us...')
#2 C:\wamp\www\eventosonline\eventos\system\Database\BaseConnection.php(669): CodeIgniter\Database\BaseConnection->simpleQuery('INSERT INTO `us...')
#3 C:\wamp\www\eventosonline\eventos\system\Database\BaseBuilder.php(2249): CodeIgniter\Database\BaseConnection->query('INSERT INTO `us...', Array, false)
#4 C:\wamp\www\eventosonline\eventos\app\Models\AtividadeModel.php(32): CodeIgniter\Database\BaseBuilder->insert(Array)
#5 C:\wamp\www\eventosonline\eventos\app\Controllers\Atividades.php(47): App\Models\AtividadeModel->inscricaoAtividade('5114', 'inscreverAtivid...')
#6 C:\wamp\www\eventosonline\eventos\system\CodeIgniter.php(918): App\Controllers\Atividades->inscreverAtividade('45')
#7 C:\wamp\www\eventosonline\eventos\system\CodeIgniter.php(404): CodeIgniter\CodeIgniter->runController(Object(App\Controllers\Atividades))
#8 C:\wamp\www\eventosonline\eventos\system\CodeIgniter.php(312): CodeIgniter\CodeIgniter->handleRequest(NULL, Object(Config\Cache), false)
#9 C:\wamp\www\eventosonline\eventos\index.php(47): CodeIgniter\CodeIgniter->run()
#10 {main}
ERROR - 2021-07-12 12:57:56 --> mysqli_sql_exception: Unknown column 'verificarConclusao' in 'on clause' in C:\wamp\www\eventosonline\eventos\system\Database\MySQLi\Connection.php:331
Stack trace:
#0 C:\wamp\www\eventosonline\eventos\system\Database\MySQLi\Connection.php(331): mysqli->query('SELECT count(us...')
#1 C:\wamp\www\eventosonline\eventos\system\Database\BaseConnection.php(741): CodeIgniter\Database\MySQLi\Connection->execute('SELECT count(us...')
#2 C:\wamp\www\eventosonline\eventos\system\Database\BaseConnection.php(669): CodeIgniter\Database\BaseConnection->simpleQuery('SELECT count(us...')
#3 C:\wamp\www\eventosonline\eventos\system\Database\BaseBuilder.php(1860): CodeIgniter\Database\BaseConnection->query('SELECT count(us...', Array, false)
#4 C:\wamp\www\eventosonline\eventos\system\Model.php(506): CodeIgniter\Database\BaseBuilder->get()
#5 C:\wamp\www\eventosonline\eventos\app\Models\AtividadeModel.php(89): CodeIgniter\Model->first()
#6 C:\wamp\www\eventosonline\eventos\app\Controllers\Atividades.php(291): App\Models\AtividadeModel->verificarConclusao('5114', 'verificarConclu...')
#7 C:\wamp\www\eventosonline\eventos\system\CodeIgniter.php(918): App\Controllers\Atividades->verificarConclusao('18')
#8 C:\wamp\www\eventosonline\eventos\system\CodeIgniter.php(404): CodeIgniter\CodeIgniter->runController(Object(App\Controllers\Atividades))
#9 C:\wamp\www\eventosonline\eventos\system\CodeIgniter.php(312): CodeIgniter\CodeIgniter->handleRequest(NULL, Object(Config\Cache), false)
#10 C:\wamp\www\eventosonline\eventos\index.php(47): CodeIgniter\CodeIgniter->run()
#11 {main}
CRITICAL - 2021-07-12 12:57:56 --> Unknown column 'verificarConclusao' in 'on clause'
#0 C:\wamp\www\eventosonline\eventos\system\Database\MySQLi\Connection.php(331): mysqli->query('SELECT count(us...')
#1 C:\wamp\www\eventosonline\eventos\system\Database\BaseConnection.php(741): CodeIgniter\Database\MySQLi\Connection->execute('SELECT count(us...')
#2 C:\wamp\www\eventosonline\eventos\system\Database\BaseConnection.php(669): CodeIgniter\Database\BaseConnection->simpleQuery('SELECT count(us...')
#3 C:\wamp\www\eventosonline\eventos\system\Database\BaseBuilder.php(1860): CodeIgniter\Database\BaseConnection->query('SELECT count(us...', Array, false)
#4 C:\wamp\www\eventosonline\eventos\system\Model.php(506): CodeIgniter\Database\BaseBuilder->get()
#5 C:\wamp\www\eventosonline\eventos\app\Models\AtividadeModel.php(89): CodeIgniter\Model->first()
#6 C:\wamp\www\eventosonline\eventos\app\Controllers\Atividades.php(291): App\Models\AtividadeModel->verificarConclusao('5114', 'verificarConclu...')
#7 C:\wamp\www\eventosonline\eventos\system\CodeIgniter.php(918): App\Controllers\Atividades->verificarConclusao('18')
#8 C:\wamp\www\eventosonline\eventos\system\CodeIgniter.php(404): CodeIgniter\CodeIgniter->runController(Object(App\Controllers\Atividades))
#9 C:\wamp\www\eventosonline\eventos\system\CodeIgniter.php(312): CodeIgniter\CodeIgniter->handleRequest(NULL, Object(Config\Cache), false)
#10 C:\wamp\www\eventosonline\eventos\index.php(47): CodeIgniter\CodeIgniter->run()
#11 {main}
ERROR - 2021-07-12 12:59:07 --> mysqli_sql_exception: Unknown column 'verificarConclusao' in 'on clause' in C:\wamp\www\eventosonline\eventos\system\Database\MySQLi\Connection.php:331
Stack trace:
#0 C:\wamp\www\eventosonline\eventos\system\Database\MySQLi\Connection.php(331): mysqli->query('SELECT count(us...')
#1 C:\wamp\www\eventosonline\eventos\system\Database\BaseConnection.php(741): CodeIgniter\Database\MySQLi\Connection->execute('SELECT count(us...')
#2 C:\wamp\www\eventosonline\eventos\system\Database\BaseConnection.php(669): CodeIgniter\Database\BaseConnection->simpleQuery('SELECT count(us...')
#3 C:\wamp\www\eventosonline\eventos\system\Database\BaseBuilder.php(1860): CodeIgniter\Database\BaseConnection->query('SELECT count(us...', Array, false)
#4 C:\wamp\www\eventosonline\eventos\system\Model.php(506): CodeIgniter\Database\BaseBuilder->get()
#5 C:\wamp\www\eventosonline\eventos\app\Models\AtividadeModel.php(89): CodeIgniter\Model->first()
#6 C:\wamp\www\eventosonline\eventos\app\Controllers\Atividades.php(291): App\Models\AtividadeModel->verificarConclusao('5114', 'verificarConclu...')
#7 C:\wamp\www\eventosonline\eventos\system\CodeIgniter.php(918): App\Controllers\Atividades->verificarConclusao('19')
#8 C:\wamp\www\eventosonline\eventos\system\CodeIgniter.php(404): CodeIgniter\CodeIgniter->runController(Object(App\Controllers\Atividades))
#9 C:\wamp\www\eventosonline\eventos\system\CodeIgniter.php(312): CodeIgniter\CodeIgniter->handleRequest(NULL, Object(Config\Cache), false)
#10 C:\wamp\www\eventosonline\eventos\index.php(47): CodeIgniter\CodeIgniter->run()
#11 {main}
CRITICAL - 2021-07-12 12:59:07 --> Unknown column 'verificarConclusao' in 'on clause'
#0 C:\wamp\www\eventosonline\eventos\system\Database\MySQLi\Connection.php(331): mysqli->query('SELECT count(us...')
#1 C:\wamp\www\eventosonline\eventos\system\Database\BaseConnection.php(741): CodeIgniter\Database\MySQLi\Connection->execute('SELECT count(us...')
#2 C:\wamp\www\eventosonline\eventos\system\Database\BaseConnection.php(669): CodeIgniter\Database\BaseConnection->simpleQuery('SELECT count(us...')
#3 C:\wamp\www\eventosonline\eventos\system\Database\BaseBuilder.php(1860): CodeIgniter\Database\BaseConnection->query('SELECT count(us...', Array, false)
#4 C:\wamp\www\eventosonline\eventos\system\Model.php(506): CodeIgniter\Database\BaseBuilder->get()
#5 C:\wamp\www\eventosonline\eventos\app\Models\AtividadeModel.php(89): CodeIgniter\Model->first()
#6 C:\wamp\www\eventosonline\eventos\app\Controllers\Atividades.php(291): App\Models\AtividadeModel->verificarConclusao('5114', 'verificarConclu...')
#7 C:\wamp\www\eventosonline\eventos\system\CodeIgniter.php(918): App\Controllers\Atividades->verificarConclusao('19')
#8 C:\wamp\www\eventosonline\eventos\system\CodeIgniter.php(404): CodeIgniter\CodeIgniter->runController(Object(App\Controllers\Atividades))
#9 C:\wamp\www\eventosonline\eventos\system\CodeIgniter.php(312): CodeIgniter\CodeIgniter->handleRequest(NULL, Object(Config\Cache), false)
#10 C:\wamp\www\eventosonline\eventos\index.php(47): CodeIgniter\CodeIgniter->run()
#11 {main}
ERROR - 2021-07-12 12:59:10 --> mysqli_sql_exception: Unknown column 'verificarConclusao' in 'on clause' in C:\wamp\www\eventosonline\eventos\system\Database\MySQLi\Connection.php:331
Stack trace:
#0 C:\wamp\www\eventosonline\eventos\system\Database\MySQLi\Connection.php(331): mysqli->query('SELECT count(us...')
#1 C:\wamp\www\eventosonline\eventos\system\Database\BaseConnection.php(741): CodeIgniter\Database\MySQLi\Connection->execute('SELECT count(us...')
#2 C:\wamp\www\eventosonline\eventos\system\Database\BaseConnection.php(669): CodeIgniter\Database\BaseConnection->simpleQuery('SELECT count(us...')
#3 C:\wamp\www\eventosonline\eventos\system\Database\BaseBuilder.php(1860): CodeIgniter\Database\BaseConnection->query('SELECT count(us...', Array, false)
#4 C:\wamp\www\eventosonline\eventos\system\Model.php(506): CodeIgniter\Database\BaseBuilder->get()
#5 C:\wamp\www\eventosonline\eventos\app\Models\AtividadeModel.php(89): CodeIgniter\Model->first()
#6 C:\wamp\www\eventosonline\eventos\app\Controllers\Atividades.php(291): App\Models\AtividadeModel->verificarConclusao('5114', 'verificarConclu...')
#7 C:\wamp\www\eventosonline\eventos\system\CodeIgniter.php(918): App\Controllers\Atividades->verificarConclusao('18')
#8 C:\wamp\www\eventosonline\eventos\system\CodeIgniter.php(404): CodeIgniter\CodeIgniter->runController(Object(App\Controllers\Atividades))
#9 C:\wamp\www\eventosonline\eventos\system\CodeIgniter.php(312): CodeIgniter\CodeIgniter->handleRequest(NULL, Object(Config\Cache), false)
#10 C:\wamp\www\eventosonline\eventos\index.php(47): CodeIgniter\CodeIgniter->run()
#11 {main}
CRITICAL - 2021-07-12 12:59:10 --> Unknown column 'verificarConclusao' in 'on clause'
#0 C:\wamp\www\eventosonline\eventos\system\Database\MySQLi\Connection.php(331): mysqli->query('SELECT count(us...')
#1 C:\wamp\www\eventosonline\eventos\system\Database\BaseConnection.php(741): CodeIgniter\Database\MySQLi\Connection->execute('SELECT count(us...')
#2 C:\wamp\www\eventosonline\eventos\system\Database\BaseConnection.php(669): CodeIgniter\Database\BaseConnection->simpleQuery('SELECT count(us...')
#3 C:\wamp\www\eventosonline\eventos\system\Database\BaseBuilder.php(1860): CodeIgniter\Database\BaseConnection->query('SELECT count(us...', Array, false)
#4 C:\wamp\www\eventosonline\eventos\system\Model.php(506): CodeIgniter\Database\BaseBuilder->get()
#5 C:\wamp\www\eventosonline\eventos\app\Models\AtividadeModel.php(89): CodeIgniter\Model->first()
#6 C:\wamp\www\eventosonline\eventos\app\Controllers\Atividades.php(291): App\Models\AtividadeModel->verificarConclusao('5114', 'verificarConclu...')
#7 C:\wamp\www\eventosonline\eventos\system\CodeIgniter.php(918): App\Controllers\Atividades->verificarConclusao('18')
#8 C:\wamp\www\eventosonline\eventos\system\CodeIgniter.php(404): CodeIgniter\CodeIgniter->runController(Object(App\Controllers\Atividades))
#9 C:\wamp\www\eventosonline\eventos\system\CodeIgniter.php(312): CodeIgniter\CodeIgniter->handleRequest(NULL, Object(Config\Cache), false)
#10 C:\wamp\www\eventosonline\eventos\index.php(47): CodeIgniter\CodeIgniter->run()
#11 {main}
ERROR - 2021-07-12 12:59:17 --> mysqli_sql_exception: Unknown column 'verificarConclusao' in 'on clause' in C:\wamp\www\eventosonline\eventos\system\Database\MySQLi\Connection.php:331
Stack trace:
#0 C:\wamp\www\eventosonline\eventos\system\Database\MySQLi\Connection.php(331): mysqli->query('SELECT count(us...')
#1 C:\wamp\www\eventosonline\eventos\system\Database\BaseConnection.php(741): CodeIgniter\Database\MySQLi\Connection->execute('SELECT count(us...')
#2 C:\wamp\www\eventosonline\eventos\system\Database\BaseConnection.php(669): CodeIgniter\Database\BaseConnection->simpleQuery('SELECT count(us...')
#3 C:\wamp\www\eventosonline\eventos\system\Database\BaseBuilder.php(1860): CodeIgniter\Database\BaseConnection->query('SELECT count(us...', Array, false)
#4 C:\wamp\www\eventosonline\eventos\system\Model.php(506): CodeIgniter\Database\BaseBuilder->get()
#5 C:\wamp\www\eventosonline\eventos\app\Models\AtividadeModel.php(89): CodeIgniter\Model->first()
#6 C:\wamp\www\eventosonline\eventos\app\Controllers\Atividades.php(291): App\Models\AtividadeModel->verificarConclusao('5114', 'verificarConclu...')
#7 C:\wamp\www\eventosonline\eventos\system\CodeIgniter.php(918): App\Controllers\Atividades->verificarConclusao('18')
#8 C:\wamp\www\eventosonline\eventos\system\CodeIgniter.php(404): CodeIgniter\CodeIgniter->runController(Object(App\Controllers\Atividades))
#9 C:\wamp\www\eventosonline\eventos\system\CodeIgniter.php(312): CodeIgniter\CodeIgniter->handleRequest(NULL, Object(Config\Cache), false)
#10 C:\wamp\www\eventosonline\eventos\index.php(47): CodeIgniter\CodeIgniter->run()
#11 {main}
CRITICAL - 2021-07-12 12:59:17 --> Unknown column 'verificarConclusao' in 'on clause'
#0 C:\wamp\www\eventosonline\eventos\system\Database\MySQLi\Connection.php(331): mysqli->query('SELECT count(us...')
#1 C:\wamp\www\eventosonline\eventos\system\Database\BaseConnection.php(741): CodeIgniter\Database\MySQLi\Connection->execute('SELECT count(us...')
#2 C:\wamp\www\eventosonline\eventos\system\Database\BaseConnection.php(669): CodeIgniter\Database\BaseConnection->simpleQuery('SELECT count(us...')
#3 C:\wamp\www\eventosonline\eventos\system\Database\BaseBuilder.php(1860): CodeIgniter\Database\BaseConnection->query('SELECT count(us...', Array, false)
#4 C:\wamp\www\eventosonline\eventos\system\Model.php(506): CodeIgniter\Database\BaseBuilder->get()
#5 C:\wamp\www\eventosonline\eventos\app\Models\AtividadeModel.php(89): CodeIgniter\Model->first()
#6 C:\wamp\www\eventosonline\eventos\app\Controllers\Atividades.php(291): App\Models\AtividadeModel->verificarConclusao('5114', 'verificarConclu...')
#7 C:\wamp\www\eventosonline\eventos\system\CodeIgniter.php(918): App\Controllers\Atividades->verificarConclusao('18')
#8 C:\wamp\www\eventosonline\eventos\system\CodeIgniter.php(404): CodeIgniter\CodeIgniter->runController(Object(App\Controllers\Atividades))
#9 C:\wamp\www\eventosonline\eventos\system\CodeIgniter.php(312): CodeIgniter\CodeIgniter->handleRequest(NULL, Object(Config\Cache), false)
#10 C:\wamp\www\eventosonline\eventos\index.php(47): CodeIgniter\CodeIgniter->run()
#11 {main}
ERROR - 2021-07-12 12:59:18 --> mysqli_sql_exception: Unknown column 'verificarConclusao' in 'on clause' in C:\wamp\www\eventosonline\eventos\system\Database\MySQLi\Connection.php:331
Stack trace:
#0 C:\wamp\www\eventosonline\eventos\system\Database\MySQLi\Connection.php(331): mysqli->query('SELECT count(us...')
#1 C:\wamp\www\eventosonline\eventos\system\Database\BaseConnection.php(741): CodeIgniter\Database\MySQLi\Connection->execute('SELECT count(us...')
#2 C:\wamp\www\eventosonline\eventos\system\Database\BaseConnection.php(669): CodeIgniter\Database\BaseConnection->simpleQuery('SELECT count(us...')
#3 C:\wamp\www\eventosonline\eventos\system\Database\BaseBuilder.php(1860): CodeIgniter\Database\BaseConnection->query('SELECT count(us...', Array, false)
#4 C:\wamp\www\eventosonline\eventos\system\Model.php(506): CodeIgniter\Database\BaseBuilder->get()
#5 C:\wamp\www\eventosonline\eventos\app\Models\AtividadeModel.php(89): CodeIgniter\Model->first()
#6 C:\wamp\www\eventosonline\eventos\app\Controllers\Atividades.php(291): App\Models\AtividadeModel->verificarConclusao('5114', 'verificarConclu...')
#7 C:\wamp\www\eventosonline\eventos\system\CodeIgniter.php(918): App\Controllers\Atividades->verificarConclusao('19')
#8 C:\wamp\www\eventosonline\eventos\system\CodeIgniter.php(404): CodeIgniter\CodeIgniter->runController(Object(App\Controllers\Atividades))
#9 C:\wamp\www\eventosonline\eventos\system\CodeIgniter.php(312): CodeIgniter\CodeIgniter->handleRequest(NULL, Object(Config\Cache), false)
#10 C:\wamp\www\eventosonline\eventos\index.php(47): CodeIgniter\CodeIgniter->run()
#11 {main}
CRITICAL - 2021-07-12 12:59:18 --> Unknown column 'verificarConclusao' in 'on clause'
#0 C:\wamp\www\eventosonline\eventos\system\Database\MySQLi\Connection.php(331): mysqli->query('SELECT count(us...')
#1 C:\wamp\www\eventosonline\eventos\system\Database\BaseConnection.php(741): CodeIgniter\Database\MySQLi\Connection->execute('SELECT count(us...')
#2 C:\wamp\www\eventosonline\eventos\system\Database\BaseConnection.php(669): CodeIgniter\Database\BaseConnection->simpleQuery('SELECT count(us...')
#3 C:\wamp\www\eventosonline\eventos\system\Database\BaseBuilder.php(1860): CodeIgniter\Database\BaseConnection->query('SELECT count(us...', Array, false)
#4 C:\wamp\www\eventosonline\eventos\system\Model.php(506): CodeIgniter\Database\BaseBuilder->get()
#5 C:\wamp\www\eventosonline\eventos\app\Models\AtividadeModel.php(89): CodeIgniter\Model->first()
#6 C:\wamp\www\eventosonline\eventos\app\Controllers\Atividades.php(291): App\Models\AtividadeModel->verificarConclusao('5114', 'verificarConclu...')
#7 C:\wamp\www\eventosonline\eventos\system\CodeIgniter.php(918): App\Controllers\Atividades->verificarConclusao('19')
#8 C:\wamp\www\eventosonline\eventos\system\CodeIgniter.php(404): CodeIgniter\CodeIgniter->runController(Object(App\Controllers\Atividades))
#9 C:\wamp\www\eventosonline\eventos\system\CodeIgniter.php(312): CodeIgniter\CodeIgniter->handleRequest(NULL, Object(Config\Cache), false)
#10 C:\wamp\www\eventosonline\eventos\index.php(47): CodeIgniter\CodeIgniter->run()
#11 {main}
ERROR - 2021-07-12 13:14:07 --> mysqli_sql_exception: Unknown column 'verificarConclusao' in 'on clause' in C:\wamp\www\eventosonline\eventos\system\Database\MySQLi\Connection.php:331
Stack trace:
#0 C:\wamp\www\eventosonline\eventos\system\Database\MySQLi\Connection.php(331): mysqli->query('SELECT count(us...')
#1 C:\wamp\www\eventosonline\eventos\system\Database\BaseConnection.php(741): CodeIgniter\Database\MySQLi\Connection->execute('SELECT count(us...')
#2 C:\wamp\www\eventosonline\eventos\system\Database\BaseConnection.php(669): CodeIgniter\Database\BaseConnection->simpleQuery('SELECT count(us...')
#3 C:\wamp\www\eventosonline\eventos\system\Database\BaseBuilder.php(1860): CodeIgniter\Database\BaseConnection->query('SELECT count(us...', Array, false)
#4 C:\wamp\www\eventosonline\eventos\system\Model.php(506): CodeIgniter\Database\BaseBuilder->get()
#5 C:\wamp\www\eventosonline\eventos\app\Models\AtividadeModel.php(89): CodeIgniter\Model->first()
#6 C:\wamp\www\eventosonline\eventos\app\Controllers\Atividades.php(291): App\Models\AtividadeModel->verificarConclusao('5114', 'verificarConclu...')
#7 C:\wamp\www\eventosonline\eventos\system\CodeIgniter.php(918): App\Controllers\Atividades->verificarConclusao('19')
#8 C:\wamp\www\eventosonline\eventos\system\CodeIgniter.php(404): CodeIgniter\CodeIgniter->runController(Object(App\Controllers\Atividades))
#9 C:\wamp\www\eventosonline\eventos\system\CodeIgniter.php(312): CodeIgniter\CodeIgniter->handleRequest(NULL, Object(Config\Cache), false)
#10 C:\wamp\www\eventosonline\eventos\index.php(47): CodeIgniter\CodeIgniter->run()
#11 {main}
CRITICAL - 2021-07-12 13:14:07 --> Unknown column 'verificarConclusao' in 'on clause'
#0 C:\wamp\www\eventosonline\eventos\system\Database\MySQLi\Connection.php(331): mysqli->query('SELECT count(us...')
#1 C:\wamp\www\eventosonline\eventos\system\Database\BaseConnection.php(741): CodeIgniter\Database\MySQLi\Connection->execute('SELECT count(us...')
#2 C:\wamp\www\eventosonline\eventos\system\Database\BaseConnection.php(669): CodeIgniter\Database\BaseConnection->simpleQuery('SELECT count(us...')
#3 C:\wamp\www\eventosonline\eventos\system\Database\BaseBuilder.php(1860): CodeIgniter\Database\BaseConnection->query('SELECT count(us...', Array, false)
#4 C:\wamp\www\eventosonline\eventos\system\Model.php(506): CodeIgniter\Database\BaseBuilder->get()
#5 C:\wamp\www\eventosonline\eventos\app\Models\AtividadeModel.php(89): CodeIgniter\Model->first()
#6 C:\wamp\www\eventosonline\eventos\app\Controllers\Atividades.php(291): App\Models\AtividadeModel->verificarConclusao('5114', 'verificarConclu...')
#7 C:\wamp\www\eventosonline\eventos\system\CodeIgniter.php(918): App\Controllers\Atividades->verificarConclusao('19')
#8 C:\wamp\www\eventosonline\eventos\system\CodeIgniter.php(404): CodeIgniter\CodeIgniter->runController(Object(App\Controllers\Atividades))
#9 C:\wamp\www\eventosonline\eventos\system\CodeIgniter.php(312): CodeIgniter\CodeIgniter->handleRequest(NULL, Object(Config\Cache), false)
#10 C:\wamp\www\eventosonline\eventos\index.php(47): CodeIgniter\CodeIgniter->run()
#11 {main}
ERROR - 2021-07-12 13:20:14 --> mysqli_sql_exception: Unknown column 'verificarConclusao' in 'on clause' in C:\wamp\www\eventosonline\eventos\system\Database\MySQLi\Connection.php:331
Stack trace:
#0 C:\wamp\www\eventosonline\eventos\system\Database\MySQLi\Connection.php(331): mysqli->query('SELECT count(us...')
#1 C:\wamp\www\eventosonline\eventos\system\Database\BaseConnection.php(741): CodeIgniter\Database\MySQLi\Connection->execute('SELECT count(us...')
#2 C:\wamp\www\eventosonline\eventos\system\Database\BaseConnection.php(669): CodeIgniter\Database\BaseConnection->simpleQuery('SELECT count(us...')
#3 C:\wamp\www\eventosonline\eventos\system\Database\BaseBuilder.php(1860): CodeIgniter\Database\BaseConnection->query('SELECT count(us...', Array, false)
#4 C:\wamp\www\eventosonline\eventos\system\Model.php(506): CodeIgniter\Database\BaseBuilder->get()
#5 C:\wamp\www\eventosonline\eventos\app\Models\AtividadeModel.php(89): CodeIgniter\Model->first()
#6 C:\wamp\www\eventosonline\eventos\app\Controllers\Atividades.php(291): App\Models\AtividadeModel->verificarConclusao('5114', 'verificarConclu...')
#7 C:\wamp\www\eventosonline\eventos\system\CodeIgniter.php(918): App\Controllers\Atividades->verificarConclusao('18')
#8 C:\wamp\www\eventosonline\eventos\system\CodeIgniter.php(404): CodeIgniter\CodeIgniter->runController(Object(App\Controllers\Atividades))
#9 C:\wamp\www\eventosonline\eventos\system\CodeIgniter.php(312): CodeIgniter\CodeIgniter->handleRequest(NULL, Object(Config\Cache), false)
#10 C:\wamp\www\eventosonline\eventos\index.php(47): CodeIgniter\CodeIgniter->run()
#11 {main}
CRITICAL - 2021-07-12 13:20:14 --> Unknown column 'verificarConclusao' in 'on clause'
#0 C:\wamp\www\eventosonline\eventos\system\Database\MySQLi\Connection.php(331): mysqli->query('SELECT count(us...')
#1 C:\wamp\www\eventosonline\eventos\system\Database\BaseConnection.php(741): CodeIgniter\Database\MySQLi\Connection->execute('SELECT count(us...')
#2 C:\wamp\www\eventosonline\eventos\system\Database\BaseConnection.php(669): CodeIgniter\Database\BaseConnection->simpleQuery('SELECT count(us...')
#3 C:\wamp\www\eventosonline\eventos\system\Database\BaseBuilder.php(1860): CodeIgniter\Database\BaseConnection->query('SELECT count(us...', Array, false)
#4 C:\wamp\www\eventosonline\eventos\system\Model.php(506): CodeIgniter\Database\BaseBuilder->get()
#5 C:\wamp\www\eventosonline\eventos\app\Models\AtividadeModel.php(89): CodeIgniter\Model->first()
#6 C:\wamp\www\eventosonline\eventos\app\Controllers\Atividades.php(291): App\Models\AtividadeModel->verificarConclusao('5114', 'verificarConclu...')
#7 C:\wamp\www\eventosonline\eventos\system\CodeIgniter.php(918): App\Controllers\Atividades->verificarConclusao('18')
#8 C:\wamp\www\eventosonline\eventos\system\CodeIgniter.php(404): CodeIgniter\CodeIgniter->runController(Object(App\Controllers\Atividades))
#9 C:\wamp\www\eventosonline\eventos\system\CodeIgniter.php(312): CodeIgniter\CodeIgniter->handleRequest(NULL, Object(Config\Cache), false)
#10 C:\wamp\www\eventosonline\eventos\index.php(47): CodeIgniter\CodeIgniter->run()
#11 {main}
ERROR - 2021-07-12 13:20:38 --> mysqli_sql_exception: Unknown column 'verificarConclusao' in 'on clause' in C:\wamp\www\eventosonline\eventos\system\Database\MySQLi\Connection.php:331
Stack trace:
#0 C:\wamp\www\eventosonline\eventos\system\Database\MySQLi\Connection.php(331): mysqli->query('SELECT count(us...')
#1 C:\wamp\www\eventosonline\eventos\system\Database\BaseConnection.php(741): CodeIgniter\Database\MySQLi\Connection->execute('SELECT count(us...')
#2 C:\wamp\www\eventosonline\eventos\system\Database\BaseConnection.php(669): CodeIgniter\Database\BaseConnection->simpleQuery('SELECT count(us...')
#3 C:\wamp\www\eventosonline\eventos\system\Database\BaseBuilder.php(1860): CodeIgniter\Database\BaseConnection->query('SELECT count(us...', Array, false)
#4 C:\wamp\www\eventosonline\eventos\system\Model.php(506): CodeIgniter\Database\BaseBuilder->get()
#5 C:\wamp\www\eventosonline\eventos\app\Models\AtividadeModel.php(89): CodeIgniter\Model->first()
#6 C:\wamp\www\eventosonline\eventos\app\Controllers\Atividades.php(291): App\Models\AtividadeModel->verificarConclusao('5114', 'verificarConclu...')
#7 C:\wamp\www\eventosonline\eventos\system\CodeIgniter.php(918): App\Controllers\Atividades->verificarConclusao('18')
#8 C:\wamp\www\eventosonline\eventos\system\CodeIgniter.php(404): CodeIgniter\CodeIgniter->runController(Object(App\Controllers\Atividades))
#9 C:\wamp\www\eventosonline\eventos\system\CodeIgniter.php(312): CodeIgniter\CodeIgniter->handleRequest(NULL, Object(Config\Cache), false)
#10 C:\wamp\www\eventosonline\eventos\index.php(47): CodeIgniter\CodeIgniter->run()
#11 {main}
CRITICAL - 2021-07-12 13:20:38 --> Unknown column 'verificarConclusao' in 'on clause'
#0 C:\wamp\www\eventosonline\eventos\system\Database\MySQLi\Connection.php(331): mysqli->query('SELECT count(us...')
#1 C:\wamp\www\eventosonline\eventos\system\Database\BaseConnection.php(741): CodeIgniter\Database\MySQLi\Connection->execute('SELECT count(us...')
#2 C:\wamp\www\eventosonline\eventos\system\Database\BaseConnection.php(669): CodeIgniter\Database\BaseConnection->simpleQuery('SELECT count(us...')
#3 C:\wamp\www\eventosonline\eventos\system\Database\BaseBuilder.php(1860): CodeIgniter\Database\BaseConnection->query('SELECT count(us...', Array, false)
#4 C:\wamp\www\eventosonline\eventos\system\Model.php(506): CodeIgniter\Database\BaseBuilder->get()
#5 C:\wamp\www\eventosonline\eventos\app\Models\AtividadeModel.php(89): CodeIgniter\Model->first()
#6 C:\wamp\www\eventosonline\eventos\app\Controllers\Atividades.php(291): App\Models\AtividadeModel->verificarConclusao('5114', 'verificarConclu...')
#7 C:\wamp\www\eventosonline\eventos\system\CodeIgniter.php(918): App\Controllers\Atividades->verificarConclusao('18')
#8 C:\wamp\www\eventosonline\eventos\system\CodeIgniter.php(404): CodeIgniter\CodeIgniter->runController(Object(App\Controllers\Atividades))
#9 C:\wamp\www\eventosonline\eventos\system\CodeIgniter.php(312): CodeIgniter\CodeIgniter->handleRequest(NULL, Object(Config\Cache), false)
#10 C:\wamp\www\eventosonline\eventos\index.php(47): CodeIgniter\CodeIgniter->run()
#11 {main}
ERROR - 2021-07-12 13:20:40 --> mysqli_sql_exception: Unknown column 'verificarConclusao' in 'on clause' in C:\wamp\www\eventosonline\eventos\system\Database\MySQLi\Connection.php:331
Stack trace:
#0 C:\wamp\www\eventosonline\eventos\system\Database\MySQLi\Connection.php(331): mysqli->query('SELECT count(us...')
#1 C:\wamp\www\eventosonline\eventos\system\Database\BaseConnection.php(741): CodeIgniter\Database\MySQLi\Connection->execute('SELECT count(us...')
#2 C:\wamp\www\eventosonline\eventos\system\Database\BaseConnection.php(669): CodeIgniter\Database\BaseConnection->simpleQuery('SELECT count(us...')
#3 C:\wamp\www\eventosonline\eventos\system\Database\BaseBuilder.php(1860): CodeIgniter\Database\BaseConnection->query('SELECT count(us...', Array, false)
#4 C:\wamp\www\eventosonline\eventos\system\Model.php(506): CodeIgniter\Database\BaseBuilder->get()
#5 C:\wamp\www\eventosonline\eventos\app\Models\AtividadeModel.php(89): CodeIgniter\Model->first()
#6 C:\wamp\www\eventosonline\eventos\app\Controllers\Atividades.php(291): App\Models\AtividadeModel->verificarConclusao('5114', 'verificarConclu...')
#7 C:\wamp\www\eventosonline\eventos\system\CodeIgniter.php(918): App\Controllers\Atividades->verificarConclusao('19')
#8 C:\wamp\www\eventosonline\eventos\system\CodeIgniter.php(404): CodeIgniter\CodeIgniter->runController(Object(App\Controllers\Atividades))
#9 C:\wamp\www\eventosonline\eventos\system\CodeIgniter.php(312): CodeIgniter\CodeIgniter->handleRequest(NULL, Object(Config\Cache), false)
#10 C:\wamp\www\eventosonline\eventos\index.php(47): CodeIgniter\CodeIgniter->run()
#11 {main}
CRITICAL - 2021-07-12 13:20:40 --> Unknown column 'verificarConclusao' in 'on clause'
#0 C:\wamp\www\eventosonline\eventos\system\Database\MySQLi\Connection.php(331): mysqli->query('SELECT count(us...')
#1 C:\wamp\www\eventosonline\eventos\system\Database\BaseConnection.php(741): CodeIgniter\Database\MySQLi\Connection->execute('SELECT count(us...')
#2 C:\wamp\www\eventosonline\eventos\system\Database\BaseConnection.php(669): CodeIgniter\Database\BaseConnection->simpleQuery('SELECT count(us...')
#3 C:\wamp\www\eventosonline\eventos\system\Database\BaseBuilder.php(1860): CodeIgniter\Database\BaseConnection->query('SELECT count(us...', Array, false)
#4 C:\wamp\www\eventosonline\eventos\system\Model.php(506): CodeIgniter\Database\BaseBuilder->get()
#5 C:\wamp\www\eventosonline\eventos\app\Models\AtividadeModel.php(89): CodeIgniter\Model->first()
#6 C:\wamp\www\eventosonline\eventos\app\Controllers\Atividades.php(291): App\Models\AtividadeModel->verificarConclusao('5114', 'verificarConclu...')
#7 C:\wamp\www\eventosonline\eventos\system\CodeIgniter.php(918): App\Controllers\Atividades->verificarConclusao('19')
#8 C:\wamp\www\eventosonline\eventos\system\CodeIgniter.php(404): CodeIgniter\CodeIgniter->runController(Object(App\Controllers\Atividades))
#9 C:\wamp\www\eventosonline\eventos\system\CodeIgniter.php(312): CodeIgniter\CodeIgniter->handleRequest(NULL, Object(Config\Cache), false)
#10 C:\wamp\www\eventosonline\eventos\index.php(47): CodeIgniter\CodeIgniter->run()
#11 {main}
ERROR - 2021-07-12 13:21:08 --> mysqli_sql_exception: Unknown column 'verificarConclusao' in 'on clause' in C:\wamp\www\eventosonline\eventos\system\Database\MySQLi\Connection.php:331
Stack trace:
#0 C:\wamp\www\eventosonline\eventos\system\Database\MySQLi\Connection.php(331): mysqli->query('SELECT count(us...')
#1 C:\wamp\www\eventosonline\eventos\system\Database\BaseConnection.php(741): CodeIgniter\Database\MySQLi\Connection->execute('SELECT count(us...')
#2 C:\wamp\www\eventosonline\eventos\system\Database\BaseConnection.php(669): CodeIgniter\Database\BaseConnection->simpleQuery('SELECT count(us...')
#3 C:\wamp\www\eventosonline\eventos\system\Database\BaseBuilder.php(1860): CodeIgniter\Database\BaseConnection->query('SELECT count(us...', Array, false)
#4 C:\wamp\www\eventosonline\eventos\system\Model.php(506): CodeIgniter\Database\BaseBuilder->get()
#5 C:\wamp\www\eventosonline\eventos\app\Models\AtividadeModel.php(89): CodeIgniter\Model->first()
#6 C:\wamp\www\eventosonline\eventos\app\Controllers\Atividades.php(291): App\Models\AtividadeModel->verificarConclusao('5114', 'verificarConclu...')
#7 C:\wamp\www\eventosonline\eventos\system\CodeIgniter.php(918): App\Controllers\Atividades->verificarConclusao('19')
#8 C:\wamp\www\eventosonline\eventos\system\CodeIgniter.php(404): CodeIgniter\CodeIgniter->runController(Object(App\Controllers\Atividades))
#9 C:\wamp\www\eventosonline\eventos\system\CodeIgniter.php(312): CodeIgniter\CodeIgniter->handleRequest(NULL, Object(Config\Cache), false)
#10 C:\wamp\www\eventosonline\eventos\index.php(47): CodeIgniter\CodeIgniter->run()
#11 {main}
CRITICAL - 2021-07-12 13:21:08 --> Unknown column 'verificarConclusao' in 'on clause'
#0 C:\wamp\www\eventosonline\eventos\system\Database\MySQLi\Connection.php(331): mysqli->query('SELECT count(us...')
#1 C:\wamp\www\eventosonline\eventos\system\Database\BaseConnection.php(741): CodeIgniter\Database\MySQLi\Connection->execute('SELECT count(us...')
#2 C:\wamp\www\eventosonline\eventos\system\Database\BaseConnection.php(669): CodeIgniter\Database\BaseConnection->simpleQuery('SELECT count(us...')
#3 C:\wamp\www\eventosonline\eventos\system\Database\BaseBuilder.php(1860): CodeIgniter\Database\BaseConnection->query('SELECT count(us...', Array, false)
#4 C:\wamp\www\eventosonline\eventos\system\Model.php(506): CodeIgniter\Database\BaseBuilder->get()
#5 C:\wamp\www\eventosonline\eventos\app\Models\AtividadeModel.php(89): CodeIgniter\Model->first()
#6 C:\wamp\www\eventosonline\eventos\app\Controllers\Atividades.php(291): App\Models\AtividadeModel->verificarConclusao('5114', 'verificarConclu...')
#7 C:\wamp\www\eventosonline\eventos\system\CodeIgniter.php(918): App\Controllers\Atividades->verificarConclusao('19')
#8 C:\wamp\www\eventosonline\eventos\system\CodeIgniter.php(404): CodeIgniter\CodeIgniter->runController(Object(App\Controllers\Atividades))
#9 C:\wamp\www\eventosonline\eventos\system\CodeIgniter.php(312): CodeIgniter\CodeIgniter->handleRequest(NULL, Object(Config\Cache), false)
#10 C:\wamp\www\eventosonline\eventos\index.php(47): CodeIgniter\CodeIgniter->run()
#11 {main}
ERROR - 2021-07-12 13:21:10 --> mysqli_sql_exception: Unknown column 'verificarConclusao' in 'on clause' in C:\wamp\www\eventosonline\eventos\system\Database\MySQLi\Connection.php:331
Stack trace:
#0 C:\wamp\www\eventosonline\eventos\system\Database\MySQLi\Connection.php(331): mysqli->query('SELECT count(us...')
#1 C:\wamp\www\eventosonline\eventos\system\Database\BaseConnection.php(741): CodeIgniter\Database\MySQLi\Connection->execute('SELECT count(us...')
#2 C:\wamp\www\eventosonline\eventos\system\Database\BaseConnection.php(669): CodeIgniter\Database\BaseConnection->simpleQuery('SELECT count(us...')
#3 C:\wamp\www\eventosonline\eventos\system\Database\BaseBuilder.php(1860): CodeIgniter\Database\BaseConnection->query('SELECT count(us...', Array, false)
#4 C:\wamp\www\eventosonline\eventos\system\Model.php(506): CodeIgniter\Database\BaseBuilder->get()
#5 C:\wamp\www\eventosonline\eventos\app\Models\AtividadeModel.php(89): CodeIgniter\Model->first()
#6 C:\wamp\www\eventosonline\eventos\app\Controllers\Atividades.php(291): App\Models\AtividadeModel->verificarConclusao('5114', 'verificarConclu...')
#7 C:\wamp\www\eventosonline\eventos\system\CodeIgniter.php(918): App\Controllers\Atividades->verificarConclusao('18')
#8 C:\wamp\www\eventosonline\eventos\system\CodeIgniter.php(404): CodeIgniter\CodeIgniter->runController(Object(App\Controllers\Atividades))
#9 C:\wamp\www\eventosonline\eventos\system\CodeIgniter.php(312): CodeIgniter\CodeIgniter->handleRequest(NULL, Object(Config\Cache), false)
#10 C:\wamp\www\eventosonline\eventos\index.php(47): CodeIgniter\CodeIgniter->run()
#11 {main}
CRITICAL - 2021-07-12 13:21:10 --> Unknown column 'verificarConclusao' in 'on clause'
#0 C:\wamp\www\eventosonline\eventos\system\Database\MySQLi\Connection.php(331): mysqli->query('SELECT count(us...')
#1 C:\wamp\www\eventosonline\eventos\system\Database\BaseConnection.php(741): CodeIgniter\Database\MySQLi\Connection->execute('SELECT count(us...')
#2 C:\wamp\www\eventosonline\eventos\system\Database\BaseConnection.php(669): CodeIgniter\Database\BaseConnection->simpleQuery('SELECT count(us...')
#3 C:\wamp\www\eventosonline\eventos\system\Database\BaseBuilder.php(1860): CodeIgniter\Database\BaseConnection->query('SELECT count(us...', Array, false)
#4 C:\wamp\www\eventosonline\eventos\system\Model.php(506): CodeIgniter\Database\BaseBuilder->get()
#5 C:\wamp\www\eventosonline\eventos\app\Models\AtividadeModel.php(89): CodeIgniter\Model->first()
#6 C:\wamp\www\eventosonline\eventos\app\Controllers\Atividades.php(291): App\Models\AtividadeModel->verificarConclusao('5114', 'verificarConclu...')
#7 C:\wamp\www\eventosonline\eventos\system\CodeIgniter.php(918): App\Controllers\Atividades->verificarConclusao('18')
#8 C:\wamp\www\eventosonline\eventos\system\CodeIgniter.php(404): CodeIgniter\CodeIgniter->runController(Object(App\Controllers\Atividades))
#9 C:\wamp\www\eventosonline\eventos\system\CodeIgniter.php(312): CodeIgniter\CodeIgniter->handleRequest(NULL, Object(Config\Cache), false)
#10 C:\wamp\www\eventosonline\eventos\index.php(47): CodeIgniter\CodeIgniter->run()
#11 {main}
