ERROR - 2021-08-19 11:34:47 --> Error connecting to the database: Connection refused
CRITICAL - 2021-08-19 11:34:47 --> Unable to connect to the database.
#0 /home/crfsp010/public_html/eventosonline/eventos/system/Database/BaseConnection.php(646): CodeIgniter\Database\BaseConnection->initialize()
#1 /home/crfsp010/public_html/eventosonline/eventos/system/Database/BaseBuilder.php(1860): CodeIgniter\Database\BaseConnection->query('SELECT *\nFROM `...', Array, false)
#2 /home/crfsp010/public_html/eventosonline/eventos/system/Model.php(506): CodeIgniter\Database\BaseBuilder->get()
#3 /home/crfsp010/public_html/eventosonline/eventos/app/Validation/UserRules.php(12): CodeIgniter\Model->first()
#4 /home/crfsp010/public_html/eventosonline/eventos/system/Validation/Validation.php(325): App\Validation\UserRules->validateUser('24862486', 'email,senha', Array, NULL)
#5 /home/crfsp010/public_html/eventosonline/eventos/system/Validation/Validation.php(189): CodeIgniter\Validation\Validation->processRules('senha', 'senha', '24862486', Array, Array)
#6 /home/crfsp010/public_html/eventosonline/eventos/system/Controller.php(219): CodeIgniter\Validation\Validation->run()
#7 /home/crfsp010/public_html/eventosonline/eventos/app/Controllers/Users.php(37): CodeIgniter\Controller->validate(Array, Array)
#8 /home/crfsp010/public_html/eventosonline/eventos/system/CodeIgniter.php(918): App\Controllers\Users->index()
#9 /home/crfsp010/public_html/eventosonline/eventos/system/CodeIgniter.php(404): CodeIgniter\CodeIgniter->runController(Object(App\Controllers\Users))
#10 /home/crfsp010/public_html/eventosonline/eventos/system/CodeIgniter.php(312): CodeIgniter\CodeIgniter->handleRequest(NULL, Object(Config\Cache), false)
#11 /home/crfsp010/public_html/eventosonline/eventos/index.php(47): CodeIgniter\CodeIgniter->run()
#12 {main}
CRITICAL - 2021-08-19 11:37:05 --> Argument 2 passed to view() must be of the type array, null given, called in /home/crfsp010/public_html/eventosonline/eventos/app/Controllers/Atividades.php on line 195
#0 /home/crfsp010/public_html/eventosonline/eventos/app/Controllers/Atividades.php(195): view('editarAtividade...', NULL)
#1 /home/crfsp010/public_html/eventosonline/eventos/system/CodeIgniter.php(918): App\Controllers\Atividades->editarAtividades()
#2 /home/crfsp010/public_html/eventosonline/eventos/system/CodeIgniter.php(404): CodeIgniter\CodeIgniter->runController(Object(App\Controllers\Atividades))
#3 /home/crfsp010/public_html/eventosonline/eventos/system/CodeIgniter.php(312): CodeIgniter\CodeIgniter->handleRequest(NULL, Object(Config\Cache), false)
#4 /home/crfsp010/public_html/eventosonline/eventos/index.php(47): CodeIgniter\CodeIgniter->run()
#5 {main}
CRITICAL - 2021-08-19 11:39:06 --> Argument 2 passed to view() must be of the type array, null given, called in /home/crfsp010/public_html/eventos/app/Controllers/Atividades.php on line 195
#0 /home/crfsp010/public_html/eventos/app/Controllers/Atividades.php(195): view('editarAtividade...', NULL)
#1 /home/crfsp010/public_html/eventos/system/CodeIgniter.php(918): App\Controllers\Atividades->editarAtividades()
#2 /home/crfsp010/public_html/eventos/system/CodeIgniter.php(404): CodeIgniter\CodeIgniter->runController(Object(App\Controllers\Atividades))
#3 /home/crfsp010/public_html/eventos/system/CodeIgniter.php(312): CodeIgniter\CodeIgniter->handleRequest(NULL, Object(Config\Cache), false)
#4 /home/crfsp010/public_html/eventos/index.php(47): CodeIgniter\CodeIgniter->run()
#5 {main}
CRITICAL - 2021-08-19 16:13:16 --> syntax error, unexpected end of file
#0 /home/crfsp010/public_html/eventos/system/Common.php(1119): CodeIgniter\View\View->render('tdeventos', Array, true)
#1 /home/crfsp010/public_html/eventos/app/Controllers/Eventos.php(50): view('tdeventos')
#2 /home/crfsp010/public_html/eventos/system/CodeIgniter.php(918): App\Controllers\Eventos->index()
#3 /home/crfsp010/public_html/eventos/system/CodeIgniter.php(404): CodeIgniter\CodeIgniter->runController(Object(App\Controllers\Eventos))
#4 /home/crfsp010/public_html/eventos/system/CodeIgniter.php(312): CodeIgniter\CodeIgniter->handleRequest(NULL, Object(Config\Cache), false)
#5 /home/crfsp010/public_html/eventos/index.php(47): CodeIgniter\CodeIgniter->run()
#6 {main}
