ERROR - 2021-09-28 08:07:25 --> Email: sendWithSmtp throwed fsockopen(): unable to connect to ssl://cloud.farmaceuticosp.com.br:587 (Connection timed out)
ERROR - 2021-09-28 08:16:56 --> mysqli_sql_exception: In aggregated query without GROUP BY, expression #1 of SELECT list contains nonaggregated column 'crfsp010_eventos.atividade_evento.id'; this is incompatible with sql_mode=only_full_group_by in /home/crfsp010/public_html/eventos/system/Database/MySQLi/Connection.php:331
Stack trace:
#0 /home/crfsp010/public_html/eventos/system/Database/MySQLi/Connection.php(331): mysqli->query('SELECT *, SUM(H...')
#1 /home/crfsp010/public_html/eventos/system/Database/BaseConnection.php(741): CodeIgniter\Database\MySQLi\Connection->execute('SELECT *, SUM(H...')
#2 /home/crfsp010/public_html/eventos/system/Database/BaseConnection.php(669): CodeIgniter\Database\BaseConnection->simpleQuery('SELECT *, SUM(H...')
#3 /home/crfsp010/public_html/eventos/system/Database/BaseBuilder.php(1860): CodeIgniter\Database\BaseConnection->query('SELECT *, SUM(H...', Array, false)
#4 /home/crfsp010/public_html/eventos/system/Model.php(506): CodeIgniter\Database\BaseBuilder->get()
#5 /home/crfsp010/public_html/eventos/app/Models/AtividadeModel.php(89): CodeIgniter\Model->first()
#6 /home/crfsp010/public_html/eventos/app/Controllers/PdfController.php(31): App\Models\AtividadeModel->horasEvento('8')
#7 /home/crfsp010/public_html/eventos/system/CodeIgniter.php(918): App\Controllers\PdfController->index()
#8 /home/crfsp010/public_html/eventos/system/CodeIgniter.php(404): CodeIgniter\CodeIgniter->runController(Object(App\Controllers\PdfController))
#9 /home/crfsp010/public_html/eventos/system/CodeIgniter.php(312): CodeIgniter\CodeIgniter->handleRequest(NULL, Object(Config\Cache), false)
#10 /home/crfsp010/public_html/eventos/index.php(47): CodeIgniter\CodeIgniter->run()
#11 {main}
ERROR - 2021-09-28 08:17:18 --> mysqli_sql_exception: In aggregated query without GROUP BY, expression #1 of SELECT list contains nonaggregated column 'crfsp010_eventos.atividade_evento.id'; this is incompatible with sql_mode=only_full_group_by in /home/crfsp010/public_html/eventos/system/Database/MySQLi/Connection.php:331
Stack trace:
#0 /home/crfsp010/public_html/eventos/system/Database/MySQLi/Connection.php(331): mysqli->query('SELECT *, SUM(H...')
#1 /home/crfsp010/public_html/eventos/system/Database/BaseConnection.php(741): CodeIgniter\Database\MySQLi\Connection->execute('SELECT *, SUM(H...')
#2 /home/crfsp010/public_html/eventos/system/Database/BaseConnection.php(669): CodeIgniter\Database\BaseConnection->simpleQuery('SELECT *, SUM(H...')
#3 /home/crfsp010/public_html/eventos/system/Database/BaseBuilder.php(1860): CodeIgniter\Database\BaseConnection->query('SELECT *, SUM(H...', Array, false)
#4 /home/crfsp010/public_html/eventos/system/Model.php(506): CodeIgniter\Database\BaseBuilder->get()
#5 /home/crfsp010/public_html/eventos/app/Models/AtividadeModel.php(89): CodeIgniter\Model->first()
#6 /home/crfsp010/public_html/eventos/app/Controllers/PdfController.php(79): App\Models\AtividadeModel->horasEvento('8')
#7 /home/crfsp010/public_html/eventos/app/Controllers/Eventos.php(111): App\Controllers\PdfController->gerarCertificado(Array)
#8 /home/crfsp010/public_html/eventos/system/CodeIgniter.php(918): App\Controllers\Eventos->gerarCertificado('8')
#9 /home/crfsp010/public_html/eventos/system/CodeIgniter.php(404): CodeIgniter\CodeIgniter->runController(Object(App\Controllers\Eventos))
#10 /home/crfsp010/public_html/eventos/system/CodeIgniter.php(312): CodeIgniter\CodeIgniter->handleRequest(NULL, Object(Config\Cache), false)
#11 /home/crfsp010/public_html/eventos/index.php(47): CodeIgniter\CodeIgniter->run()
#12 {main}
ERROR - 2021-09-28 12:11:38 --> Email: sendWithSmtp throwed fsockopen(): unable to connect to ssl://cloud.farmaceuticosp.com.br:587 (Connection timed out)
ERROR - 2021-09-28 12:12:09 --> Email: sendWithSmtp throwed fsockopen(): unable to connect to ssl://cloud.farmaceuticosp.com.br:587 (Connection timed out)
ERROR - 2021-09-28 12:12:24 --> Email: sendWithSmtp throwed fsockopen(): unable to connect to ssl://cloud.farmaceuticosp.com.br:587 (Connection timed out)
ERROR - 2021-09-28 14:37:04 --> Email: sendWithSmtp throwed fsockopen(): unable to connect to ssl://cloud.farmaceuticosp.com.br:587 (Connection timed out)
ERROR - 2021-09-28 14:37:54 --> Email: sendWithSmtp throwed fsockopen(): unable to connect to ssl://cloud.farmaceuticosp.com.br:587 (Connection timed out)
ERROR - 2021-09-28 14:41:38 --> Email: sendWithSmtp throwed fsockopen(): unable to connect to ssl://cloud.farmaceuticosp.com.br:587 (Connection timed out)
ERROR - 2021-09-28 14:41:47 --> Email: sendWithSmtp throwed fsockopen(): unable to connect to ssl://cloud.farmaceuticosp.com.br:587 (Connection timed out)
ERROR - 2021-09-28 14:48:53 --> mysqli_sql_exception: In aggregated query without GROUP BY, expression #1 of SELECT list contains nonaggregated column 'crfsp010_eventos.atividade_evento.id'; this is incompatible with sql_mode=only_full_group_by in /home/crfsp010/public_html/eventos/system/Database/MySQLi/Connection.php:331
Stack trace:
#0 /home/crfsp010/public_html/eventos/system/Database/MySQLi/Connection.php(331): mysqli->query('SELECT *, SUM(H...')
#1 /home/crfsp010/public_html/eventos/system/Database/BaseConnection.php(741): CodeIgniter\Database\MySQLi\Connection->execute('SELECT *, SUM(H...')
#2 /home/crfsp010/public_html/eventos/system/Database/BaseConnection.php(669): CodeIgniter\Database\BaseConnection->simpleQuery('SELECT *, SUM(H...')
#3 /home/crfsp010/public_html/eventos/system/Database/BaseBuilder.php(1860): CodeIgniter\Database\BaseConnection->query('SELECT *, SUM(H...', Array, false)
#4 /home/crfsp010/public_html/eventos/system/Model.php(506): CodeIgniter\Database\BaseBuilder->get()
#5 /home/crfsp010/public_html/eventos/app/Models/AtividadeModel.php(89): CodeIgniter\Model->first()
#6 /home/crfsp010/public_html/eventos/app/Controllers/PdfController.php(79): App\Models\AtividadeModel->horasEvento('8')
#7 /home/crfsp010/public_html/eventos/app/Controllers/Eventos.php(111): App\Controllers\PdfController->gerarCertificado(Array)
#8 /home/crfsp010/public_html/eventos/system/CodeIgniter.php(918): App\Controllers\Eventos->gerarCertificado('8')
#9 /home/crfsp010/public_html/eventos/system/CodeIgniter.php(404): CodeIgniter\CodeIgniter->runController(Object(App\Controllers\Eventos))
#10 /home/crfsp010/public_html/eventos/system/CodeIgniter.php(312): CodeIgniter\CodeIgniter->handleRequest(NULL, Object(Config\Cache), false)
#11 /home/crfsp010/public_html/eventos/index.php(47): CodeIgniter\CodeIgniter->run()
#12 {main}
ERROR - 2021-09-28 16:53:19 --> Email: sendWithSmtp throwed fsockopen(): unable to connect to ssl://cloud.farmaceuticosp.com.br:587 (Connection timed out)
ERROR - 2021-09-28 16:53:24 --> Email: sendWithSmtp throwed fsockopen(): unable to connect to ssl://cloud.farmaceuticosp.com.br:587 (Connection timed out)
ERROR - 2021-09-28 16:53:34 --> Email: sendWithSmtp throwed fsockopen(): unable to connect to ssl://cloud.farmaceuticosp.com.br:587 (Connection timed out)
ERROR - 2021-09-28 17:02:23 --> Email: sendWithSmtp throwed fsockopen(): unable to connect to ssl://cloud.farmaceuticosp.com.br:587 (Connection timed out)
ERROR - 2021-09-28 17:48:48 --> mysqli_sql_exception: In aggregated query without GROUP BY, expression #1 of SELECT list contains nonaggregated column 'crfsp010_eventos.atividade_evento.id'; this is incompatible with sql_mode=only_full_group_by in /home/crfsp010/public_html/eventos/system/Database/MySQLi/Connection.php:331
Stack trace:
#0 /home/crfsp010/public_html/eventos/system/Database/MySQLi/Connection.php(331): mysqli->query('SELECT *, SUM(H...')
#1 /home/crfsp010/public_html/eventos/system/Database/BaseConnection.php(741): CodeIgniter\Database\MySQLi\Connection->execute('SELECT *, SUM(H...')
#2 /home/crfsp010/public_html/eventos/system/Database/BaseConnection.php(669): CodeIgniter\Database\BaseConnection->simpleQuery('SELECT *, SUM(H...')
#3 /home/crfsp010/public_html/eventos/system/Database/BaseBuilder.php(1860): CodeIgniter\Database\BaseConnection->query('SELECT *, SUM(H...', Array, false)
#4 /home/crfsp010/public_html/eventos/system/Model.php(506): CodeIgniter\Database\BaseBuilder->get()
#5 /home/crfsp010/public_html/eventos/app/Models/AtividadeModel.php(89): CodeIgniter\Model->first()
#6 /home/crfsp010/public_html/eventos/app/Controllers/PdfController.php(79): App\Models\AtividadeModel->horasEvento('8')
#7 /home/crfsp010/public_html/eventos/app/Controllers/Eventos.php(111): App\Controllers\PdfController->gerarCertificado(Array)
#8 /home/crfsp010/public_html/eventos/system/CodeIgniter.php(918): App\Controllers\Eventos->gerarCertificado('8')
#9 /home/crfsp010/public_html/eventos/system/CodeIgniter.php(404): CodeIgniter\CodeIgniter->runController(Object(App\Controllers\Eventos))
#10 /home/crfsp010/public_html/eventos/system/CodeIgniter.php(312): CodeIgniter\CodeIgniter->handleRequest(NULL, Object(Config\Cache), false)
#11 /home/crfsp010/public_html/eventos/index.php(47): CodeIgniter\CodeIgniter->run()
#12 {main}
ERROR - 2021-09-28 17:49:19 --> mysqli_sql_exception: In aggregated query without GROUP BY, expression #1 of SELECT list contains nonaggregated column 'crfsp010_eventos.atividade_evento.id'; this is incompatible with sql_mode=only_full_group_by in /home/crfsp010/public_html/eventos/system/Database/MySQLi/Connection.php:331
Stack trace:
#0 /home/crfsp010/public_html/eventos/system/Database/MySQLi/Connection.php(331): mysqli->query('SELECT *, SUM(H...')
#1 /home/crfsp010/public_html/eventos/system/Database/BaseConnection.php(741): CodeIgniter\Database\MySQLi\Connection->execute('SELECT *, SUM(H...')
#2 /home/crfsp010/public_html/eventos/system/Database/BaseConnection.php(669): CodeIgniter\Database\BaseConnection->simpleQuery('SELECT *, SUM(H...')
#3 /home/crfsp010/public_html/eventos/system/Database/BaseBuilder.php(1860): CodeIgniter\Database\BaseConnection->query('SELECT *, SUM(H...', Array, false)
#4 /home/crfsp010/public_html/eventos/system/Model.php(506): CodeIgniter\Database\BaseBuilder->get()
#5 /home/crfsp010/public_html/eventos/app/Models/AtividadeModel.php(89): CodeIgniter\Model->first()
#6 /home/crfsp010/public_html/eventos/app/Controllers/PdfController.php(79): App\Models\AtividadeModel->horasEvento('8')
#7 /home/crfsp010/public_html/eventos/app/Controllers/Eventos.php(111): App\Controllers\PdfController->gerarCertificado(Array)
#8 /home/crfsp010/public_html/eventos/system/CodeIgniter.php(918): App\Controllers\Eventos->gerarCertificado('8')
#9 /home/crfsp010/public_html/eventos/system/CodeIgniter.php(404): CodeIgniter\CodeIgniter->runController(Object(App\Controllers\Eventos))
#10 /home/crfsp010/public_html/eventos/system/CodeIgniter.php(312): CodeIgniter\CodeIgniter->handleRequest(NULL, Object(Config\Cache), false)
#11 /home/crfsp010/public_html/eventos/index.php(47): CodeIgniter\CodeIgniter->run()
#12 {main}
ERROR - 2021-09-28 18:04:35 --> mysqli_sql_exception: In aggregated query without GROUP BY, expression #1 of SELECT list contains nonaggregated column 'crfsp010_eventos.atividade_evento.id'; this is incompatible with sql_mode=only_full_group_by in /home/crfsp010/public_html/eventos/system/Database/MySQLi/Connection.php:331
Stack trace:
#0 /home/crfsp010/public_html/eventos/system/Database/MySQLi/Connection.php(331): mysqli->query('SELECT *, SUM(H...')
#1 /home/crfsp010/public_html/eventos/system/Database/BaseConnection.php(741): CodeIgniter\Database\MySQLi\Connection->execute('SELECT *, SUM(H...')
#2 /home/crfsp010/public_html/eventos/system/Database/BaseConnection.php(669): CodeIgniter\Database\BaseConnection->simpleQuery('SELECT *, SUM(H...')
#3 /home/crfsp010/public_html/eventos/system/Database/BaseBuilder.php(1860): CodeIgniter\Database\BaseConnection->query('SELECT *, SUM(H...', Array, false)
#4 /home/crfsp010/public_html/eventos/system/Model.php(506): CodeIgniter\Database\BaseBuilder->get()
#5 /home/crfsp010/public_html/eventos/app/Models/AtividadeModel.php(89): CodeIgniter\Model->first()
#6 /home/crfsp010/public_html/eventos/app/Controllers/PdfController.php(79): App\Models\AtividadeModel->horasEvento('1')
#7 /home/crfsp010/public_html/eventos/app/Controllers/Eventos.php(111): App\Controllers\PdfController->gerarCertificado(Array)
#8 /home/crfsp010/public_html/eventos/system/CodeIgniter.php(918): App\Controllers\Eventos->gerarCertificado('1')
#9 /home/crfsp010/public_html/eventos/system/CodeIgniter.php(404): CodeIgniter\CodeIgniter->runController(Object(App\Controllers\Eventos))
#10 /home/crfsp010/public_html/eventos/system/CodeIgniter.php(312): CodeIgniter\CodeIgniter->handleRequest(NULL, Object(Config\Cache), false)
#11 /home/crfsp010/public_html/eventos/index.php(47): CodeIgniter\CodeIgniter->run()
#12 {main}
ERROR - 2021-09-28 18:23:32 --> Email: sendWithSmtp throwed fsockopen(): unable to connect to ssl://cloud.farmaceuticosp.com.br:587 (Connection timed out)
ERROR - 2021-09-28 18:48:58 --> Email: sendWithSmtp throwed fsockopen(): unable to connect to ssl://cloud.farmaceuticosp.com.br:587 (Connection timed out)
ERROR - 2021-09-28 18:50:57 --> Email: sendWithSmtp throwed fsockopen(): unable to connect to ssl://cloud.farmaceuticosp.com.br:587 (Connection timed out)
ERROR - 2021-09-28 18:51:53 --> Email: sendWithSmtp throwed fsockopen(): unable to connect to ssl://cloud.farmaceuticosp.com.br:587 (Connection timed out)
ERROR - 2021-09-28 18:52:45 --> Email: sendWithSmtp throwed fsockopen(): unable to connect to ssl://cloud.farmaceuticosp.com.br:587 (Connection timed out)
ERROR - 2021-09-28 18:59:24 --> Email: sendWithSmtp throwed fsockopen(): unable to connect to ssl://cloud.farmaceuticosp.com.br:587 (Connection timed out)
ERROR - 2021-09-28 19:00:27 --> Email: sendWithSmtp throwed fsockopen(): unable to connect to ssl://cloud.farmaceuticosp.com.br:587 (Connection timed out)
ERROR - 2021-09-28 19:18:18 --> Email: sendWithSmtp throwed fsockopen(): unable to connect to ssl://cloud.farmaceuticosp.com.br:587 (Connection timed out)
ERROR - 2021-09-28 19:23:43 --> Email: sendWithSmtp throwed fsockopen(): unable to connect to ssl://cloud.farmaceuticosp.com.br:587 (Connection timed out)
ERROR - 2021-09-28 19:26:40 --> Email: sendWithSmtp throwed fsockopen(): unable to connect to ssl://cloud.farmaceuticosp.com.br:587 (Connection timed out)
ERROR - 2021-09-28 19:31:45 --> Email: sendWithSmtp throwed fsockopen(): unable to connect to ssl://cloud.farmaceuticosp.com.br:587 (Connection timed out)
ERROR - 2021-09-28 19:32:10 --> Email: sendWithSmtp throwed fsockopen(): unable to connect to ssl://cloud.farmaceuticosp.com.br:587 (Connection timed out)
ERROR - 2021-09-28 19:32:38 --> Email: sendWithSmtp throwed fsockopen(): unable to connect to ssl://cloud.farmaceuticosp.com.br:587 (Connection timed out)
ERROR - 2021-09-28 19:33:24 --> Email: sendWithSmtp throwed fsockopen(): unable to connect to ssl://cloud.farmaceuticosp.com.br:587 (Connection timed out)
ERROR - 2021-09-28 19:33:59 --> Email: sendWithSmtp throwed fsockopen(): unable to connect to ssl://cloud.farmaceuticosp.com.br:587 (Connection timed out)
ERROR - 2021-09-28 19:40:18 --> Email: sendWithSmtp throwed fsockopen(): unable to connect to ssl://cloud.farmaceuticosp.com.br:587 (Connection timed out)
ERROR - 2021-09-28 20:15:19 --> mysqli_sql_exception: In aggregated query without GROUP BY, expression #1 of SELECT list contains nonaggregated column 'crfsp010_eventos.atividade_evento.id'; this is incompatible with sql_mode=only_full_group_by in /home/crfsp010/public_html/eventos/system/Database/MySQLi/Connection.php:331
Stack trace:
#0 /home/crfsp010/public_html/eventos/system/Database/MySQLi/Connection.php(331): mysqli->query('SELECT *, SUM(H...')
#1 /home/crfsp010/public_html/eventos/system/Database/BaseConnection.php(741): CodeIgniter\Database\MySQLi\Connection->execute('SELECT *, SUM(H...')
#2 /home/crfsp010/public_html/eventos/system/Database/BaseConnection.php(669): CodeIgniter\Database\BaseConnection->simpleQuery('SELECT *, SUM(H...')
#3 /home/crfsp010/public_html/eventos/system/Database/BaseBuilder.php(1860): CodeIgniter\Database\BaseConnection->query('SELECT *, SUM(H...', Array, false)
#4 /home/crfsp010/public_html/eventos/system/Model.php(506): CodeIgniter\Database\BaseBuilder->get()
#5 /home/crfsp010/public_html/eventos/app/Models/AtividadeModel.php(89): CodeIgniter\Model->first()
#6 /home/crfsp010/public_html/eventos/app/Controllers/PdfController.php(79): App\Models\AtividadeModel->horasEvento('8')
#7 /home/crfsp010/public_html/eventos/app/Controllers/Eventos.php(111): App\Controllers\PdfController->gerarCertificado(Array)
#8 /home/crfsp010/public_html/eventos/system/CodeIgniter.php(918): App\Controllers\Eventos->gerarCertificado('8')
#9 /home/crfsp010/public_html/eventos/system/CodeIgniter.php(404): CodeIgniter\CodeIgniter->runController(Object(App\Controllers\Eventos))
#10 /home/crfsp010/public_html/eventos/system/CodeIgniter.php(312): CodeIgniter\CodeIgniter->handleRequest(NULL, Object(Config\Cache), false)
#11 /home/crfsp010/public_html/eventos/index.php(47): CodeIgniter\CodeIgniter->run()
#12 {main}
ERROR - 2021-09-28 20:55:48 --> Email: sendWithSmtp throwed fsockopen(): unable to connect to ssl://cloud.farmaceuticosp.com.br:587 (Connection timed out)
ERROR - 2021-09-28 20:56:04 --> Email: sendWithSmtp throwed fsockopen(): unable to connect to ssl://cloud.farmaceuticosp.com.br:587 (Connection timed out)
ERROR - 2021-09-28 21:06:38 --> mysqli_sql_exception: In aggregated query without GROUP BY, expression #1 of SELECT list contains nonaggregated column 'crfsp010_eventos.atividade_evento.id'; this is incompatible with sql_mode=only_full_group_by in /home/crfsp010/public_html/eventos/system/Database/MySQLi/Connection.php:331
Stack trace:
#0 /home/crfsp010/public_html/eventos/system/Database/MySQLi/Connection.php(331): mysqli->query('SELECT *, SUM(H...')
#1 /home/crfsp010/public_html/eventos/system/Database/BaseConnection.php(741): CodeIgniter\Database\MySQLi\Connection->execute('SELECT *, SUM(H...')
#2 /home/crfsp010/public_html/eventos/system/Database/BaseConnection.php(669): CodeIgniter\Database\BaseConnection->simpleQuery('SELECT *, SUM(H...')
#3 /home/crfsp010/public_html/eventos/system/Database/BaseBuilder.php(1860): CodeIgniter\Database\BaseConnection->query('SELECT *, SUM(H...', Array, false)
#4 /home/crfsp010/public_html/eventos/system/Model.php(506): CodeIgniter\Database\BaseBuilder->get()
#5 /home/crfsp010/public_html/eventos/app/Models/AtividadeModel.php(89): CodeIgniter\Model->first()
#6 /home/crfsp010/public_html/eventos/app/Controllers/PdfController.php(31): App\Models\AtividadeModel->horasEvento('8')
#7 /home/crfsp010/public_html/eventos/system/CodeIgniter.php(918): App\Controllers\PdfController->index()
#8 /home/crfsp010/public_html/eventos/system/CodeIgniter.php(404): CodeIgniter\CodeIgniter->runController(Object(App\Controllers\PdfController))
#9 /home/crfsp010/public_html/eventos/system/CodeIgniter.php(312): CodeIgniter\CodeIgniter->handleRequest(NULL, Object(Config\Cache), false)
#10 /home/crfsp010/public_html/eventos/index.php(47): CodeIgniter\CodeIgniter->run()
#11 {main}
ERROR - 2021-09-28 21:06:49 --> mysqli_sql_exception: In aggregated query without GROUP BY, expression #1 of SELECT list contains nonaggregated column 'crfsp010_eventos.atividade_evento.id'; this is incompatible with sql_mode=only_full_group_by in /home/crfsp010/public_html/eventos/system/Database/MySQLi/Connection.php:331
Stack trace:
#0 /home/crfsp010/public_html/eventos/system/Database/MySQLi/Connection.php(331): mysqli->query('SELECT *, SUM(H...')
#1 /home/crfsp010/public_html/eventos/system/Database/BaseConnection.php(741): CodeIgniter\Database\MySQLi\Connection->execute('SELECT *, SUM(H...')
#2 /home/crfsp010/public_html/eventos/system/Database/BaseConnection.php(669): CodeIgniter\Database\BaseConnection->simpleQuery('SELECT *, SUM(H...')
#3 /home/crfsp010/public_html/eventos/system/Database/BaseBuilder.php(1860): CodeIgniter\Database\BaseConnection->query('SELECT *, SUM(H...', Array, false)
#4 /home/crfsp010/public_html/eventos/system/Model.php(506): CodeIgniter\Database\BaseBuilder->get()
#5 /home/crfsp010/public_html/eventos/app/Models/AtividadeModel.php(89): CodeIgniter\Model->first()
#6 /home/crfsp010/public_html/eventos/app/Controllers/PdfController.php(79): App\Models\AtividadeModel->horasEvento('8')
#7 /home/crfsp010/public_html/eventos/app/Controllers/Eventos.php(111): App\Controllers\PdfController->gerarCertificado(Array)
#8 /home/crfsp010/public_html/eventos/system/CodeIgniter.php(918): App\Controllers\Eventos->gerarCertificado('8')
#9 /home/crfsp010/public_html/eventos/system/CodeIgniter.php(404): CodeIgniter\CodeIgniter->runController(Object(App\Controllers\Eventos))
#10 /home/crfsp010/public_html/eventos/system/CodeIgniter.php(312): CodeIgniter\CodeIgniter->handleRequest(NULL, Object(Config\Cache), false)
#11 /home/crfsp010/public_html/eventos/index.php(47): CodeIgniter\CodeIgniter->run()
#12 {main}
ERROR - 2021-09-28 21:44:16 --> Email: sendWithSmtp throwed fsockopen(): unable to connect to ssl://cloud.farmaceuticosp.com.br:587 (Connection timed out)
ERROR - 2021-09-28 21:44:41 --> Email: sendWithSmtp throwed fsockopen(): unable to connect to ssl://cloud.farmaceuticosp.com.br:587 (Connection timed out)
ERROR - 2021-09-28 22:06:21 --> mysqli_sql_exception: In aggregated query without GROUP BY, expression #1 of SELECT list contains nonaggregated column 'crfsp010_eventos.atividade_evento.id'; this is incompatible with sql_mode=only_full_group_by in /home/crfsp010/public_html/eventos/system/Database/MySQLi/Connection.php:331
Stack trace:
#0 /home/crfsp010/public_html/eventos/system/Database/MySQLi/Connection.php(331): mysqli->query('SELECT *, SUM(H...')
#1 /home/crfsp010/public_html/eventos/system/Database/BaseConnection.php(741): CodeIgniter\Database\MySQLi\Connection->execute('SELECT *, SUM(H...')
#2 /home/crfsp010/public_html/eventos/system/Database/BaseConnection.php(669): CodeIgniter\Database\BaseConnection->simpleQuery('SELECT *, SUM(H...')
#3 /home/crfsp010/public_html/eventos/system/Database/BaseBuilder.php(1860): CodeIgniter\Database\BaseConnection->query('SELECT *, SUM(H...', Array, false)
#4 /home/crfsp010/public_html/eventos/system/Model.php(506): CodeIgniter\Database\BaseBuilder->get()
#5 /home/crfsp010/public_html/eventos/app/Models/AtividadeModel.php(89): CodeIgniter\Model->first()
#6 /home/crfsp010/public_html/eventos/app/Controllers/PdfController.php(79): App\Models\AtividadeModel->horasEvento('8')
#7 /home/crfsp010/public_html/eventos/app/Controllers/Eventos.php(111): App\Controllers\PdfController->gerarCertificado(Array)
#8 /home/crfsp010/public_html/eventos/system/CodeIgniter.php(918): App\Controllers\Eventos->gerarCertificado('8')
#9 /home/crfsp010/public_html/eventos/system/CodeIgniter.php(404): CodeIgniter\CodeIgniter->runController(Object(App\Controllers\Eventos))
#10 /home/crfsp010/public_html/eventos/system/CodeIgniter.php(312): CodeIgniter\CodeIgniter->handleRequest(NULL, Object(Config\Cache), false)
#11 /home/crfsp010/public_html/eventos/index.php(47): CodeIgniter\CodeIgniter->run()
#12 {main}
ERROR - 2021-09-28 22:06:40 --> mysqli_sql_exception: In aggregated query without GROUP BY, expression #1 of SELECT list contains nonaggregated column 'crfsp010_eventos.atividade_evento.id'; this is incompatible with sql_mode=only_full_group_by in /home/crfsp010/public_html/eventos/system/Database/MySQLi/Connection.php:331
Stack trace:
#0 /home/crfsp010/public_html/eventos/system/Database/MySQLi/Connection.php(331): mysqli->query('SELECT *, SUM(H...')
#1 /home/crfsp010/public_html/eventos/system/Database/BaseConnection.php(741): CodeIgniter\Database\MySQLi\Connection->execute('SELECT *, SUM(H...')
#2 /home/crfsp010/public_html/eventos/system/Database/BaseConnection.php(669): CodeIgniter\Database\BaseConnection->simpleQuery('SELECT *, SUM(H...')
#3 /home/crfsp010/public_html/eventos/system/Database/BaseBuilder.php(1860): CodeIgniter\Database\BaseConnection->query('SELECT *, SUM(H...', Array, false)
#4 /home/crfsp010/public_html/eventos/system/Model.php(506): CodeIgniter\Database\BaseBuilder->get()
#5 /home/crfsp010/public_html/eventos/app/Models/AtividadeModel.php(89): CodeIgniter\Model->first()
#6 /home/crfsp010/public_html/eventos/app/Controllers/PdfController.php(79): App\Models\AtividadeModel->horasEvento('8')
#7 /home/crfsp010/public_html/eventos/app/Controllers/Eventos.php(111): App\Controllers\PdfController->gerarCertificado(Array)
#8 /home/crfsp010/public_html/eventos/system/CodeIgniter.php(918): App\Controllers\Eventos->gerarCertificado('8')
#9 /home/crfsp010/public_html/eventos/system/CodeIgniter.php(404): CodeIgniter\CodeIgniter->runController(Object(App\Controllers\Eventos))
#10 /home/crfsp010/public_html/eventos/system/CodeIgniter.php(312): CodeIgniter\CodeIgniter->handleRequest(NULL, Object(Config\Cache), false)
#11 /home/crfsp010/public_html/eventos/index.php(47): CodeIgniter\CodeIgniter->run()
#12 {main}
ERROR - 2021-09-28 22:06:43 --> mysqli_sql_exception: In aggregated query without GROUP BY, expression #1 of SELECT list contains nonaggregated column 'crfsp010_eventos.atividade_evento.id'; this is incompatible with sql_mode=only_full_group_by in /home/crfsp010/public_html/eventos/system/Database/MySQLi/Connection.php:331
Stack trace:
#0 /home/crfsp010/public_html/eventos/system/Database/MySQLi/Connection.php(331): mysqli->query('SELECT *, SUM(H...')
#1 /home/crfsp010/public_html/eventos/system/Database/BaseConnection.php(741): CodeIgniter\Database\MySQLi\Connection->execute('SELECT *, SUM(H...')
#2 /home/crfsp010/public_html/eventos/system/Database/BaseConnection.php(669): CodeIgniter\Database\BaseConnection->simpleQuery('SELECT *, SUM(H...')
#3 /home/crfsp010/public_html/eventos/system/Database/BaseBuilder.php(1860): CodeIgniter\Database\BaseConnection->query('SELECT *, SUM(H...', Array, false)
#4 /home/crfsp010/public_html/eventos/system/Model.php(506): CodeIgniter\Database\BaseBuilder->get()
#5 /home/crfsp010/public_html/eventos/app/Models/AtividadeModel.php(89): CodeIgniter\Model->first()
#6 /home/crfsp010/public_html/eventos/app/Controllers/PdfController.php(31): App\Models\AtividadeModel->horasEvento('8')
#7 /home/crfsp010/public_html/eventos/system/CodeIgniter.php(918): App\Controllers\PdfController->index()
#8 /home/crfsp010/public_html/eventos/system/CodeIgniter.php(404): CodeIgniter\CodeIgniter->runController(Object(App\Controllers\PdfController))
#9 /home/crfsp010/public_html/eventos/system/CodeIgniter.php(312): CodeIgniter\CodeIgniter->handleRequest(NULL, Object(Config\Cache), false)
#10 /home/crfsp010/public_html/eventos/index.php(47): CodeIgniter\CodeIgniter->run()
#11 {main}
ERROR - 2021-09-28 22:06:55 --> mysqli_sql_exception: In aggregated query without GROUP BY, expression #1 of SELECT list contains nonaggregated column 'crfsp010_eventos.atividade_evento.id'; this is incompatible with sql_mode=only_full_group_by in /home/crfsp010/public_html/eventos/system/Database/MySQLi/Connection.php:331
Stack trace:
#0 /home/crfsp010/public_html/eventos/system/Database/MySQLi/Connection.php(331): mysqli->query('SELECT *, SUM(H...')
#1 /home/crfsp010/public_html/eventos/system/Database/BaseConnection.php(741): CodeIgniter\Database\MySQLi\Connection->execute('SELECT *, SUM(H...')
#2 /home/crfsp010/public_html/eventos/system/Database/BaseConnection.php(669): CodeIgniter\Database\BaseConnection->simpleQuery('SELECT *, SUM(H...')
#3 /home/crfsp010/public_html/eventos/system/Database/BaseBuilder.php(1860): CodeIgniter\Database\BaseConnection->query('SELECT *, SUM(H...', Array, false)
#4 /home/crfsp010/public_html/eventos/system/Model.php(506): CodeIgniter\Database\BaseBuilder->get()
#5 /home/crfsp010/public_html/eventos/app/Models/AtividadeModel.php(89): CodeIgniter\Model->first()
#6 /home/crfsp010/public_html/eventos/app/Controllers/PdfController.php(31): App\Models\AtividadeModel->horasEvento('10')
#7 /home/crfsp010/public_html/eventos/system/CodeIgniter.php(918): App\Controllers\PdfController->index()
#8 /home/crfsp010/public_html/eventos/system/CodeIgniter.php(404): CodeIgniter\CodeIgniter->runController(Object(App\Controllers\PdfController))
#9 /home/crfsp010/public_html/eventos/system/CodeIgniter.php(312): CodeIgniter\CodeIgniter->handleRequest(NULL, Object(Config\Cache), false)
#10 /home/crfsp010/public_html/eventos/index.php(47): CodeIgniter\CodeIgniter->run()
#11 {main}
ERROR - 2021-09-28 22:07:03 --> mysqli_sql_exception: In aggregated query without GROUP BY, expression #1 of SELECT list contains nonaggregated column 'crfsp010_eventos.atividade_evento.id'; this is incompatible with sql_mode=only_full_group_by in /home/crfsp010/public_html/eventos/system/Database/MySQLi/Connection.php:331
Stack trace:
#0 /home/crfsp010/public_html/eventos/system/Database/MySQLi/Connection.php(331): mysqli->query('SELECT *, SUM(H...')
#1 /home/crfsp010/public_html/eventos/system/Database/BaseConnection.php(741): CodeIgniter\Database\MySQLi\Connection->execute('SELECT *, SUM(H...')
#2 /home/crfsp010/public_html/eventos/system/Database/BaseConnection.php(669): CodeIgniter\Database\BaseConnection->simpleQuery('SELECT *, SUM(H...')
#3 /home/crfsp010/public_html/eventos/system/Database/BaseBuilder.php(1860): CodeIgniter\Database\BaseConnection->query('SELECT *, SUM(H...', Array, false)
#4 /home/crfsp010/public_html/eventos/system/Model.php(506): CodeIgniter\Database\BaseBuilder->get()
#5 /home/crfsp010/public_html/eventos/app/Models/AtividadeModel.php(89): CodeIgniter\Model->first()
#6 /home/crfsp010/public_html/eventos/app/Controllers/PdfController.php(79): App\Models\AtividadeModel->horasEvento('10')
#7 /home/crfsp010/public_html/eventos/app/Controllers/Eventos.php(111): App\Controllers\PdfController->gerarCertificado(Array)
#8 /home/crfsp010/public_html/eventos/system/CodeIgniter.php(918): App\Controllers\Eventos->gerarCertificado('10')
#9 /home/crfsp010/public_html/eventos/system/CodeIgniter.php(404): CodeIgniter\CodeIgniter->runController(Object(App\Controllers\Eventos))
#10 /home/crfsp010/public_html/eventos/system/CodeIgniter.php(312): CodeIgniter\CodeIgniter->handleRequest(NULL, Object(Config\Cache), false)
#11 /home/crfsp010/public_html/eventos/index.php(47): CodeIgniter\CodeIgniter->run()
#12 {main}
ERROR - 2021-09-28 22:07:10 --> mysqli_sql_exception: In aggregated query without GROUP BY, expression #1 of SELECT list contains nonaggregated column 'crfsp010_eventos.atividade_evento.id'; this is incompatible with sql_mode=only_full_group_by in /home/crfsp010/public_html/eventos/system/Database/MySQLi/Connection.php:331
Stack trace:
#0 /home/crfsp010/public_html/eventos/system/Database/MySQLi/Connection.php(331): mysqli->query('SELECT *, SUM(H...')
#1 /home/crfsp010/public_html/eventos/system/Database/BaseConnection.php(741): CodeIgniter\Database\MySQLi\Connection->execute('SELECT *, SUM(H...')
#2 /home/crfsp010/public_html/eventos/system/Database/BaseConnection.php(669): CodeIgniter\Database\BaseConnection->simpleQuery('SELECT *, SUM(H...')
#3 /home/crfsp010/public_html/eventos/system/Database/BaseBuilder.php(1860): CodeIgniter\Database\BaseConnection->query('SELECT *, SUM(H...', Array, false)
#4 /home/crfsp010/public_html/eventos/system/Model.php(506): CodeIgniter\Database\BaseBuilder->get()
#5 /home/crfsp010/public_html/eventos/app/Models/AtividadeModel.php(89): CodeIgniter\Model->first()
#6 /home/crfsp010/public_html/eventos/app/Controllers/PdfController.php(31): App\Models\AtividadeModel->horasEvento('10')
#7 /home/crfsp010/public_html/eventos/system/CodeIgniter.php(918): App\Controllers\PdfController->index()
#8 /home/crfsp010/public_html/eventos/system/CodeIgniter.php(404): CodeIgniter\CodeIgniter->runController(Object(App\Controllers\PdfController))
#9 /home/crfsp010/public_html/eventos/system/CodeIgniter.php(312): CodeIgniter\CodeIgniter->handleRequest(NULL, Object(Config\Cache), false)
#10 /home/crfsp010/public_html/eventos/index.php(47): CodeIgniter\CodeIgniter->run()
#11 {main}
ERROR - 2021-09-28 22:07:18 --> mysqli_sql_exception: In aggregated query without GROUP BY, expression #1 of SELECT list contains nonaggregated column 'crfsp010_eventos.atividade_evento.id'; this is incompatible with sql_mode=only_full_group_by in /home/crfsp010/public_html/eventos/system/Database/MySQLi/Connection.php:331
Stack trace:
#0 /home/crfsp010/public_html/eventos/system/Database/MySQLi/Connection.php(331): mysqli->query('SELECT *, SUM(H...')
#1 /home/crfsp010/public_html/eventos/system/Database/BaseConnection.php(741): CodeIgniter\Database\MySQLi\Connection->execute('SELECT *, SUM(H...')
#2 /home/crfsp010/public_html/eventos/system/Database/BaseConnection.php(669): CodeIgniter\Database\BaseConnection->simpleQuery('SELECT *, SUM(H...')
#3 /home/crfsp010/public_html/eventos/system/Database/BaseBuilder.php(1860): CodeIgniter\Database\BaseConnection->query('SELECT *, SUM(H...', Array, false)
#4 /home/crfsp010/public_html/eventos/system/Model.php(506): CodeIgniter\Database\BaseBuilder->get()
#5 /home/crfsp010/public_html/eventos/app/Models/AtividadeModel.php(89): CodeIgniter\Model->first()
#6 /home/crfsp010/public_html/eventos/app/Controllers/PdfController.php(79): App\Models\AtividadeModel->horasEvento('10')
#7 /home/crfsp010/public_html/eventos/app/Controllers/Eventos.php(111): App\Controllers\PdfController->gerarCertificado(Array)
#8 /home/crfsp010/public_html/eventos/system/CodeIgniter.php(918): App\Controllers\Eventos->gerarCertificado('10')
#9 /home/crfsp010/public_html/eventos/system/CodeIgniter.php(404): CodeIgniter\CodeIgniter->runController(Object(App\Controllers\Eventos))
#10 /home/crfsp010/public_html/eventos/system/CodeIgniter.php(312): CodeIgniter\CodeIgniter->handleRequest(NULL, Object(Config\Cache), false)
#11 /home/crfsp010/public_html/eventos/index.php(47): CodeIgniter\CodeIgniter->run()
#12 {main}
ERROR - 2021-09-28 22:07:47 --> mysqli_sql_exception: In aggregated query without GROUP BY, expression #1 of SELECT list contains nonaggregated column 'crfsp010_eventos.atividade_evento.id'; this is incompatible with sql_mode=only_full_group_by in /home/crfsp010/public_html/eventos/system/Database/MySQLi/Connection.php:331
Stack trace:
#0 /home/crfsp010/public_html/eventos/system/Database/MySQLi/Connection.php(331): mysqli->query('SELECT *, SUM(H...')
#1 /home/crfsp010/public_html/eventos/system/Database/BaseConnection.php(741): CodeIgniter\Database\MySQLi\Connection->execute('SELECT *, SUM(H...')
#2 /home/crfsp010/public_html/eventos/system/Database/BaseConnection.php(669): CodeIgniter\Database\BaseConnection->simpleQuery('SELECT *, SUM(H...')
#3 /home/crfsp010/public_html/eventos/system/Database/BaseBuilder.php(1860): CodeIgniter\Database\BaseConnection->query('SELECT *, SUM(H...', Array, false)
#4 /home/crfsp010/public_html/eventos/system/Model.php(506): CodeIgniter\Database\BaseBuilder->get()
#5 /home/crfsp010/public_html/eventos/app/Models/AtividadeModel.php(89): CodeIgniter\Model->first()
#6 /home/crfsp010/public_html/eventos/app/Controllers/PdfController.php(31): App\Models\AtividadeModel->horasEvento('10')
#7 /home/crfsp010/public_html/eventos/system/CodeIgniter.php(918): App\Controllers\PdfController->index()
#8 /home/crfsp010/public_html/eventos/system/CodeIgniter.php(404): CodeIgniter\CodeIgniter->runController(Object(App\Controllers\PdfController))
#9 /home/crfsp010/public_html/eventos/system/CodeIgniter.php(312): CodeIgniter\CodeIgniter->handleRequest(NULL, Object(Config\Cache), false)
#10 /home/crfsp010/public_html/eventos/index.php(47): CodeIgniter\CodeIgniter->run()
#11 {main}
ERROR - 2021-09-28 22:08:37 --> mysqli_sql_exception: In aggregated query without GROUP BY, expression #1 of SELECT list contains nonaggregated column 'crfsp010_eventos.atividade_evento.id'; this is incompatible with sql_mode=only_full_group_by in /home/crfsp010/public_html/eventos/system/Database/MySQLi/Connection.php:331
Stack trace:
#0 /home/crfsp010/public_html/eventos/system/Database/MySQLi/Connection.php(331): mysqli->query('SELECT *, SUM(H...')
#1 /home/crfsp010/public_html/eventos/system/Database/BaseConnection.php(741): CodeIgniter\Database\MySQLi\Connection->execute('SELECT *, SUM(H...')
#2 /home/crfsp010/public_html/eventos/system/Database/BaseConnection.php(669): CodeIgniter\Database\BaseConnection->simpleQuery('SELECT *, SUM(H...')
#3 /home/crfsp010/public_html/eventos/system/Database/BaseBuilder.php(1860): CodeIgniter\Database\BaseConnection->query('SELECT *, SUM(H...', Array, false)
#4 /home/crfsp010/public_html/eventos/system/Model.php(506): CodeIgniter\Database\BaseBuilder->get()
#5 /home/crfsp010/public_html/eventos/app/Models/AtividadeModel.php(89): CodeIgniter\Model->first()
#6 /home/crfsp010/public_html/eventos/app/Controllers/PdfController.php(31): App\Models\AtividadeModel->horasEvento('8')
#7 /home/crfsp010/public_html/eventos/system/CodeIgniter.php(918): App\Controllers\PdfController->index()
#8 /home/crfsp010/public_html/eventos/system/CodeIgniter.php(404): CodeIgniter\CodeIgniter->runController(Object(App\Controllers\PdfController))
#9 /home/crfsp010/public_html/eventos/system/CodeIgniter.php(312): CodeIgniter\CodeIgniter->handleRequest(NULL, Object(Config\Cache), false)
#10 /home/crfsp010/public_html/eventos/index.php(47): CodeIgniter\CodeIgniter->run()
#11 {main}
ERROR - 2021-09-28 22:08:39 --> mysqli_sql_exception: In aggregated query without GROUP BY, expression #1 of SELECT list contains nonaggregated column 'crfsp010_eventos.atividade_evento.id'; this is incompatible with sql_mode=only_full_group_by in /home/crfsp010/public_html/eventos/system/Database/MySQLi/Connection.php:331
Stack trace:
#0 /home/crfsp010/public_html/eventos/system/Database/MySQLi/Connection.php(331): mysqli->query('SELECT *, SUM(H...')
#1 /home/crfsp010/public_html/eventos/system/Database/BaseConnection.php(741): CodeIgniter\Database\MySQLi\Connection->execute('SELECT *, SUM(H...')
#2 /home/crfsp010/public_html/eventos/system/Database/BaseConnection.php(669): CodeIgniter\Database\BaseConnection->simpleQuery('SELECT *, SUM(H...')
#3 /home/crfsp010/public_html/eventos/system/Database/BaseBuilder.php(1860): CodeIgniter\Database\BaseConnection->query('SELECT *, SUM(H...', Array, false)
#4 /home/crfsp010/public_html/eventos/system/Model.php(506): CodeIgniter\Database\BaseBuilder->get()
#5 /home/crfsp010/public_html/eventos/app/Models/AtividadeModel.php(89): CodeIgniter\Model->first()
#6 /home/crfsp010/public_html/eventos/app/Controllers/PdfController.php(31): App\Models\AtividadeModel->horasEvento('10')
#7 /home/crfsp010/public_html/eventos/system/CodeIgniter.php(918): App\Controllers\PdfController->index()
#8 /home/crfsp010/public_html/eventos/system/CodeIgniter.php(404): CodeIgniter\CodeIgniter->runController(Object(App\Controllers\PdfController))
#9 /home/crfsp010/public_html/eventos/system/CodeIgniter.php(312): CodeIgniter\CodeIgniter->handleRequest(NULL, Object(Config\Cache), false)
#10 /home/crfsp010/public_html/eventos/index.php(47): CodeIgniter\CodeIgniter->run()
#11 {main}
ERROR - 2021-09-28 22:09:38 --> mysqli_sql_exception: In aggregated query without GROUP BY, expression #1 of SELECT list contains nonaggregated column 'crfsp010_eventos.atividade_evento.id'; this is incompatible with sql_mode=only_full_group_by in /home/crfsp010/public_html/eventos/system/Database/MySQLi/Connection.php:331
Stack trace:
#0 /home/crfsp010/public_html/eventos/system/Database/MySQLi/Connection.php(331): mysqli->query('SELECT *, SUM(H...')
#1 /home/crfsp010/public_html/eventos/system/Database/BaseConnection.php(741): CodeIgniter\Database\MySQLi\Connection->execute('SELECT *, SUM(H...')
#2 /home/crfsp010/public_html/eventos/system/Database/BaseConnection.php(669): CodeIgniter\Database\BaseConnection->simpleQuery('SELECT *, SUM(H...')
#3 /home/crfsp010/public_html/eventos/system/Database/BaseBuilder.php(1860): CodeIgniter\Database\BaseConnection->query('SELECT *, SUM(H...', Array, false)
#4 /home/crfsp010/public_html/eventos/system/Model.php(506): CodeIgniter\Database\BaseBuilder->get()
#5 /home/crfsp010/public_html/eventos/app/Models/AtividadeModel.php(89): CodeIgniter\Model->first()
#6 /home/crfsp010/public_html/eventos/app/Controllers/PdfController.php(79): App\Models\AtividadeModel->horasEvento('10')
#7 /home/crfsp010/public_html/eventos/app/Controllers/Eventos.php(111): App\Controllers\PdfController->gerarCertificado(Array)
#8 /home/crfsp010/public_html/eventos/system/CodeIgniter.php(918): App\Controllers\Eventos->gerarCertificado('10')
#9 /home/crfsp010/public_html/eventos/system/CodeIgniter.php(404): CodeIgniter\CodeIgniter->runController(Object(App\Controllers\Eventos))
#10 /home/crfsp010/public_html/eventos/system/CodeIgniter.php(312): CodeIgniter\CodeIgniter->handleRequest(NULL, Object(Config\Cache), false)
#11 /home/crfsp010/public_html/eventos/index.php(47): CodeIgniter\CodeIgniter->run()
#12 {main}
ERROR - 2021-09-28 22:10:18 --> mysqli_sql_exception: In aggregated query without GROUP BY, expression #1 of SELECT list contains nonaggregated column 'crfsp010_eventos.atividade_evento.id'; this is incompatible with sql_mode=only_full_group_by in /home/crfsp010/public_html/eventos/system/Database/MySQLi/Connection.php:331
Stack trace:
#0 /home/crfsp010/public_html/eventos/system/Database/MySQLi/Connection.php(331): mysqli->query('SELECT *, SUM(H...')
#1 /home/crfsp010/public_html/eventos/system/Database/BaseConnection.php(741): CodeIgniter\Database\MySQLi\Connection->execute('SELECT *, SUM(H...')
#2 /home/crfsp010/public_html/eventos/system/Database/BaseConnection.php(669): CodeIgniter\Database\BaseConnection->simpleQuery('SELECT *, SUM(H...')
#3 /home/crfsp010/public_html/eventos/system/Database/BaseBuilder.php(1860): CodeIgniter\Database\BaseConnection->query('SELECT *, SUM(H...', Array, false)
#4 /home/crfsp010/public_html/eventos/system/Model.php(506): CodeIgniter\Database\BaseBuilder->get()
#5 /home/crfsp010/public_html/eventos/app/Models/AtividadeModel.php(89): CodeIgniter\Model->first()
#6 /home/crfsp010/public_html/eventos/app/Controllers/PdfController.php(79): App\Models\AtividadeModel->horasEvento('8')
#7 /home/crfsp010/public_html/eventos/app/Controllers/Eventos.php(111): App\Controllers\PdfController->gerarCertificado(Array)
#8 /home/crfsp010/public_html/eventos/system/CodeIgniter.php(918): App\Controllers\Eventos->gerarCertificado('8')
#9 /home/crfsp010/public_html/eventos/system/CodeIgniter.php(404): CodeIgniter\CodeIgniter->runController(Object(App\Controllers\Eventos))
#10 /home/crfsp010/public_html/eventos/system/CodeIgniter.php(312): CodeIgniter\CodeIgniter->handleRequest(NULL, Object(Config\Cache), false)
#11 /home/crfsp010/public_html/eventos/index.php(47): CodeIgniter\CodeIgniter->run()
#12 {main}
ERROR - 2021-09-28 22:10:37 --> mysqli_sql_exception: In aggregated query without GROUP BY, expression #1 of SELECT list contains nonaggregated column 'crfsp010_eventos.atividade_evento.id'; this is incompatible with sql_mode=only_full_group_by in /home/crfsp010/public_html/eventos/system/Database/MySQLi/Connection.php:331
Stack trace:
#0 /home/crfsp010/public_html/eventos/system/Database/MySQLi/Connection.php(331): mysqli->query('SELECT *, SUM(H...')
#1 /home/crfsp010/public_html/eventos/system/Database/BaseConnection.php(741): CodeIgniter\Database\MySQLi\Connection->execute('SELECT *, SUM(H...')
#2 /home/crfsp010/public_html/eventos/system/Database/BaseConnection.php(669): CodeIgniter\Database\BaseConnection->simpleQuery('SELECT *, SUM(H...')
#3 /home/crfsp010/public_html/eventos/system/Database/BaseBuilder.php(1860): CodeIgniter\Database\BaseConnection->query('SELECT *, SUM(H...', Array, false)
#4 /home/crfsp010/public_html/eventos/system/Model.php(506): CodeIgniter\Database\BaseBuilder->get()
#5 /home/crfsp010/public_html/eventos/app/Models/AtividadeModel.php(89): CodeIgniter\Model->first()
#6 /home/crfsp010/public_html/eventos/app/Controllers/PdfController.php(31): App\Models\AtividadeModel->horasEvento('10')
#7 /home/crfsp010/public_html/eventos/system/CodeIgniter.php(918): App\Controllers\PdfController->index()
#8 /home/crfsp010/public_html/eventos/system/CodeIgniter.php(404): CodeIgniter\CodeIgniter->runController(Object(App\Controllers\PdfController))
#9 /home/crfsp010/public_html/eventos/system/CodeIgniter.php(312): CodeIgniter\CodeIgniter->handleRequest(NULL, Object(Config\Cache), false)
#10 /home/crfsp010/public_html/eventos/index.php(47): CodeIgniter\CodeIgniter->run()
#11 {main}
ERROR - 2021-09-28 22:10:39 --> mysqli_sql_exception: In aggregated query without GROUP BY, expression #1 of SELECT list contains nonaggregated column 'crfsp010_eventos.atividade_evento.id'; this is incompatible with sql_mode=only_full_group_by in /home/crfsp010/public_html/eventos/system/Database/MySQLi/Connection.php:331
Stack trace:
#0 /home/crfsp010/public_html/eventos/system/Database/MySQLi/Connection.php(331): mysqli->query('SELECT *, SUM(H...')
#1 /home/crfsp010/public_html/eventos/system/Database/BaseConnection.php(741): CodeIgniter\Database\MySQLi\Connection->execute('SELECT *, SUM(H...')
#2 /home/crfsp010/public_html/eventos/system/Database/BaseConnection.php(669): CodeIgniter\Database\BaseConnection->simpleQuery('SELECT *, SUM(H...')
#3 /home/crfsp010/public_html/eventos/system/Database/BaseBuilder.php(1860): CodeIgniter\Database\BaseConnection->query('SELECT *, SUM(H...', Array, false)
#4 /home/crfsp010/public_html/eventos/system/Model.php(506): CodeIgniter\Database\BaseBuilder->get()
#5 /home/crfsp010/public_html/eventos/app/Models/AtividadeModel.php(89): CodeIgniter\Model->first()
#6 /home/crfsp010/public_html/eventos/app/Controllers/PdfController.php(31): App\Models\AtividadeModel->horasEvento('10')
#7 /home/crfsp010/public_html/eventos/system/CodeIgniter.php(918): App\Controllers\PdfController->index()
#8 /home/crfsp010/public_html/eventos/system/CodeIgniter.php(404): CodeIgniter\CodeIgniter->runController(Object(App\Controllers\PdfController))
#9 /home/crfsp010/public_html/eventos/system/CodeIgniter.php(312): CodeIgniter\CodeIgniter->handleRequest(NULL, Object(Config\Cache), false)
#10 /home/crfsp010/public_html/eventos/index.php(47): CodeIgniter\CodeIgniter->run()
#11 {main}
ERROR - 2021-09-28 22:11:00 --> mysqli_sql_exception: In aggregated query without GROUP BY, expression #1 of SELECT list contains nonaggregated column 'crfsp010_eventos.atividade_evento.id'; this is incompatible with sql_mode=only_full_group_by in /home/crfsp010/public_html/eventos/system/Database/MySQLi/Connection.php:331
Stack trace:
#0 /home/crfsp010/public_html/eventos/system/Database/MySQLi/Connection.php(331): mysqli->query('SELECT *, SUM(H...')
#1 /home/crfsp010/public_html/eventos/system/Database/BaseConnection.php(741): CodeIgniter\Database\MySQLi\Connection->execute('SELECT *, SUM(H...')
#2 /home/crfsp010/public_html/eventos/system/Database/BaseConnection.php(669): CodeIgniter\Database\BaseConnection->simpleQuery('SELECT *, SUM(H...')
#3 /home/crfsp010/public_html/eventos/system/Database/BaseBuilder.php(1860): CodeIgniter\Database\BaseConnection->query('SELECT *, SUM(H...', Array, false)
#4 /home/crfsp010/public_html/eventos/system/Model.php(506): CodeIgniter\Database\BaseBuilder->get()
#5 /home/crfsp010/public_html/eventos/app/Models/AtividadeModel.php(89): CodeIgniter\Model->first()
#6 /home/crfsp010/public_html/eventos/app/Controllers/PdfController.php(31): App\Models\AtividadeModel->horasEvento('10')
#7 /home/crfsp010/public_html/eventos/system/CodeIgniter.php(918): App\Controllers\PdfController->index()
#8 /home/crfsp010/public_html/eventos/system/CodeIgniter.php(404): CodeIgniter\CodeIgniter->runController(Object(App\Controllers\PdfController))
#9 /home/crfsp010/public_html/eventos/system/CodeIgniter.php(312): CodeIgniter\CodeIgniter->handleRequest(NULL, Object(Config\Cache), false)
#10 /home/crfsp010/public_html/eventos/index.php(47): CodeIgniter\CodeIgniter->run()
#11 {main}
ERROR - 2021-09-28 22:11:48 --> mysqli_sql_exception: In aggregated query without GROUP BY, expression #1 of SELECT list contains nonaggregated column 'crfsp010_eventos.atividade_evento.id'; this is incompatible with sql_mode=only_full_group_by in /home/crfsp010/public_html/eventos/system/Database/MySQLi/Connection.php:331
Stack trace:
#0 /home/crfsp010/public_html/eventos/system/Database/MySQLi/Connection.php(331): mysqli->query('SELECT *, SUM(H...')
#1 /home/crfsp010/public_html/eventos/system/Database/BaseConnection.php(741): CodeIgniter\Database\MySQLi\Connection->execute('SELECT *, SUM(H...')
#2 /home/crfsp010/public_html/eventos/system/Database/BaseConnection.php(669): CodeIgniter\Database\BaseConnection->simpleQuery('SELECT *, SUM(H...')
#3 /home/crfsp010/public_html/eventos/system/Database/BaseBuilder.php(1860): CodeIgniter\Database\BaseConnection->query('SELECT *, SUM(H...', Array, false)
#4 /home/crfsp010/public_html/eventos/system/Model.php(506): CodeIgniter\Database\BaseBuilder->get()
#5 /home/crfsp010/public_html/eventos/app/Models/AtividadeModel.php(89): CodeIgniter\Model->first()
#6 /home/crfsp010/public_html/eventos/app/Controllers/PdfController.php(31): App\Models\AtividadeModel->horasEvento('10')
#7 /home/crfsp010/public_html/eventos/system/CodeIgniter.php(918): App\Controllers\PdfController->index()
#8 /home/crfsp010/public_html/eventos/system/CodeIgniter.php(404): CodeIgniter\CodeIgniter->runController(Object(App\Controllers\PdfController))
#9 /home/crfsp010/public_html/eventos/system/CodeIgniter.php(312): CodeIgniter\CodeIgniter->handleRequest(NULL, Object(Config\Cache), false)
#10 /home/crfsp010/public_html/eventos/index.php(47): CodeIgniter\CodeIgniter->run()
#11 {main}
ERROR - 2021-09-28 22:13:14 --> mysqli_sql_exception: In aggregated query without GROUP BY, expression #1 of SELECT list contains nonaggregated column 'crfsp010_eventos.atividade_evento.id'; this is incompatible with sql_mode=only_full_group_by in /home/crfsp010/public_html/eventos/system/Database/MySQLi/Connection.php:331
Stack trace:
#0 /home/crfsp010/public_html/eventos/system/Database/MySQLi/Connection.php(331): mysqli->query('SELECT *, SUM(H...')
#1 /home/crfsp010/public_html/eventos/system/Database/BaseConnection.php(741): CodeIgniter\Database\MySQLi\Connection->execute('SELECT *, SUM(H...')
#2 /home/crfsp010/public_html/eventos/system/Database/BaseConnection.php(669): CodeIgniter\Database\BaseConnection->simpleQuery('SELECT *, SUM(H...')
#3 /home/crfsp010/public_html/eventos/system/Database/BaseBuilder.php(1860): CodeIgniter\Database\BaseConnection->query('SELECT *, SUM(H...', Array, false)
#4 /home/crfsp010/public_html/eventos/system/Model.php(506): CodeIgniter\Database\BaseBuilder->get()
#5 /home/crfsp010/public_html/eventos/app/Models/AtividadeModel.php(89): CodeIgniter\Model->first()
#6 /home/crfsp010/public_html/eventos/app/Controllers/PdfController.php(79): App\Models\AtividadeModel->horasEvento('8')
#7 /home/crfsp010/public_html/eventos/app/Controllers/Eventos.php(111): App\Controllers\PdfController->gerarCertificado(Array)
#8 /home/crfsp010/public_html/eventos/system/CodeIgniter.php(918): App\Controllers\Eventos->gerarCertificado('8')
#9 /home/crfsp010/public_html/eventos/system/CodeIgniter.php(404): CodeIgniter\CodeIgniter->runController(Object(App\Controllers\Eventos))
#10 /home/crfsp010/public_html/eventos/system/CodeIgniter.php(312): CodeIgniter\CodeIgniter->handleRequest(NULL, Object(Config\Cache), false)
#11 /home/crfsp010/public_html/eventos/index.php(47): CodeIgniter\CodeIgniter->run()
#12 {main}
ERROR - 2021-09-28 22:13:25 --> mysqli_sql_exception: In aggregated query without GROUP BY, expression #1 of SELECT list contains nonaggregated column 'crfsp010_eventos.atividade_evento.id'; this is incompatible with sql_mode=only_full_group_by in /home/crfsp010/public_html/eventos/system/Database/MySQLi/Connection.php:331
Stack trace:
#0 /home/crfsp010/public_html/eventos/system/Database/MySQLi/Connection.php(331): mysqli->query('SELECT *, SUM(H...')
#1 /home/crfsp010/public_html/eventos/system/Database/BaseConnection.php(741): CodeIgniter\Database\MySQLi\Connection->execute('SELECT *, SUM(H...')
#2 /home/crfsp010/public_html/eventos/system/Database/BaseConnection.php(669): CodeIgniter\Database\BaseConnection->simpleQuery('SELECT *, SUM(H...')
#3 /home/crfsp010/public_html/eventos/system/Database/BaseBuilder.php(1860): CodeIgniter\Database\BaseConnection->query('SELECT *, SUM(H...', Array, false)
#4 /home/crfsp010/public_html/eventos/system/Model.php(506): CodeIgniter\Database\BaseBuilder->get()
#5 /home/crfsp010/public_html/eventos/app/Models/AtividadeModel.php(89): CodeIgniter\Model->first()
#6 /home/crfsp010/public_html/eventos/app/Controllers/PdfController.php(79): App\Models\AtividadeModel->horasEvento('10')
#7 /home/crfsp010/public_html/eventos/app/Controllers/Eventos.php(111): App\Controllers\PdfController->gerarCertificado(Array)
#8 /home/crfsp010/public_html/eventos/system/CodeIgniter.php(918): App\Controllers\Eventos->gerarCertificado('10')
#9 /home/crfsp010/public_html/eventos/system/CodeIgniter.php(404): CodeIgniter\CodeIgniter->runController(Object(App\Controllers\Eventos))
#10 /home/crfsp010/public_html/eventos/system/CodeIgniter.php(312): CodeIgniter\CodeIgniter->handleRequest(NULL, Object(Config\Cache), false)
#11 /home/crfsp010/public_html/eventos/index.php(47): CodeIgniter\CodeIgniter->run()
#12 {main}
ERROR - 2021-09-28 22:13:53 --> mysqli_sql_exception: In aggregated query without GROUP BY, expression #1 of SELECT list contains nonaggregated column 'crfsp010_eventos.atividade_evento.id'; this is incompatible with sql_mode=only_full_group_by in /home/crfsp010/public_html/eventos/system/Database/MySQLi/Connection.php:331
Stack trace:
#0 /home/crfsp010/public_html/eventos/system/Database/MySQLi/Connection.php(331): mysqli->query('SELECT *, SUM(H...')
#1 /home/crfsp010/public_html/eventos/system/Database/BaseConnection.php(741): CodeIgniter\Database\MySQLi\Connection->execute('SELECT *, SUM(H...')
#2 /home/crfsp010/public_html/eventos/system/Database/BaseConnection.php(669): CodeIgniter\Database\BaseConnection->simpleQuery('SELECT *, SUM(H...')
#3 /home/crfsp010/public_html/eventos/system/Database/BaseBuilder.php(1860): CodeIgniter\Database\BaseConnection->query('SELECT *, SUM(H...', Array, false)
#4 /home/crfsp010/public_html/eventos/system/Model.php(506): CodeIgniter\Database\BaseBuilder->get()
#5 /home/crfsp010/public_html/eventos/app/Models/AtividadeModel.php(89): CodeIgniter\Model->first()
#6 /home/crfsp010/public_html/eventos/app/Controllers/PdfController.php(79): App\Models\AtividadeModel->horasEvento('8')
#7 /home/crfsp010/public_html/eventos/app/Controllers/Eventos.php(111): App\Controllers\PdfController->gerarCertificado(Array)
#8 /home/crfsp010/public_html/eventos/system/CodeIgniter.php(918): App\Controllers\Eventos->gerarCertificado('8')
#9 /home/crfsp010/public_html/eventos/system/CodeIgniter.php(404): CodeIgniter\CodeIgniter->runController(Object(App\Controllers\Eventos))
#10 /home/crfsp010/public_html/eventos/system/CodeIgniter.php(312): CodeIgniter\CodeIgniter->handleRequest(NULL, Object(Config\Cache), false)
#11 /home/crfsp010/public_html/eventos/index.php(47): CodeIgniter\CodeIgniter->run()
#12 {main}
ERROR - 2021-09-28 22:14:05 --> mysqli_sql_exception: In aggregated query without GROUP BY, expression #1 of SELECT list contains nonaggregated column 'crfsp010_eventos.atividade_evento.id'; this is incompatible with sql_mode=only_full_group_by in /home/crfsp010/public_html/eventos/system/Database/MySQLi/Connection.php:331
Stack trace:
#0 /home/crfsp010/public_html/eventos/system/Database/MySQLi/Connection.php(331): mysqli->query('SELECT *, SUM(H...')
#1 /home/crfsp010/public_html/eventos/system/Database/BaseConnection.php(741): CodeIgniter\Database\MySQLi\Connection->execute('SELECT *, SUM(H...')
#2 /home/crfsp010/public_html/eventos/system/Database/BaseConnection.php(669): CodeIgniter\Database\BaseConnection->simpleQuery('SELECT *, SUM(H...')
#3 /home/crfsp010/public_html/eventos/system/Database/BaseBuilder.php(1860): CodeIgniter\Database\BaseConnection->query('SELECT *, SUM(H...', Array, false)
#4 /home/crfsp010/public_html/eventos/system/Model.php(506): CodeIgniter\Database\BaseBuilder->get()
#5 /home/crfsp010/public_html/eventos/app/Models/AtividadeModel.php(89): CodeIgniter\Model->first()
#6 /home/crfsp010/public_html/eventos/app/Controllers/PdfController.php(79): App\Models\AtividadeModel->horasEvento('8')
#7 /home/crfsp010/public_html/eventos/app/Controllers/Eventos.php(111): App\Controllers\PdfController->gerarCertificado(Array)
#8 /home/crfsp010/public_html/eventos/system/CodeIgniter.php(918): App\Controllers\Eventos->gerarCertificado('8')
#9 /home/crfsp010/public_html/eventos/system/CodeIgniter.php(404): CodeIgniter\CodeIgniter->runController(Object(App\Controllers\Eventos))
#10 /home/crfsp010/public_html/eventos/system/CodeIgniter.php(312): CodeIgniter\CodeIgniter->handleRequest(NULL, Object(Config\Cache), false)
#11 /home/crfsp010/public_html/eventos/index.php(47): CodeIgniter\CodeIgniter->run()
#12 {main}
ERROR - 2021-09-28 22:14:55 --> mysqli_sql_exception: In aggregated query without GROUP BY, expression #1 of SELECT list contains nonaggregated column 'crfsp010_eventos.atividade_evento.id'; this is incompatible with sql_mode=only_full_group_by in /home/crfsp010/public_html/eventos/system/Database/MySQLi/Connection.php:331
Stack trace:
#0 /home/crfsp010/public_html/eventos/system/Database/MySQLi/Connection.php(331): mysqli->query('SELECT *, SUM(H...')
#1 /home/crfsp010/public_html/eventos/system/Database/BaseConnection.php(741): CodeIgniter\Database\MySQLi\Connection->execute('SELECT *, SUM(H...')
#2 /home/crfsp010/public_html/eventos/system/Database/BaseConnection.php(669): CodeIgniter\Database\BaseConnection->simpleQuery('SELECT *, SUM(H...')
#3 /home/crfsp010/public_html/eventos/system/Database/BaseBuilder.php(1860): CodeIgniter\Database\BaseConnection->query('SELECT *, SUM(H...', Array, false)
#4 /home/crfsp010/public_html/eventos/system/Model.php(506): CodeIgniter\Database\BaseBuilder->get()
#5 /home/crfsp010/public_html/eventos/app/Models/AtividadeModel.php(89): CodeIgniter\Model->first()
#6 /home/crfsp010/public_html/eventos/app/Controllers/PdfController.php(31): App\Models\AtividadeModel->horasEvento('10')
#7 /home/crfsp010/public_html/eventos/system/CodeIgniter.php(918): App\Controllers\PdfController->index()
#8 /home/crfsp010/public_html/eventos/system/CodeIgniter.php(404): CodeIgniter\CodeIgniter->runController(Object(App\Controllers\PdfController))
#9 /home/crfsp010/public_html/eventos/system/CodeIgniter.php(312): CodeIgniter\CodeIgniter->handleRequest(NULL, Object(Config\Cache), false)
#10 /home/crfsp010/public_html/eventos/index.php(47): CodeIgniter\CodeIgniter->run()
#11 {main}
ERROR - 2021-09-28 22:15:17 --> mysqli_sql_exception: In aggregated query without GROUP BY, expression #1 of SELECT list contains nonaggregated column 'crfsp010_eventos.atividade_evento.id'; this is incompatible with sql_mode=only_full_group_by in /home/crfsp010/public_html/eventos/system/Database/MySQLi/Connection.php:331
Stack trace:
#0 /home/crfsp010/public_html/eventos/system/Database/MySQLi/Connection.php(331): mysqli->query('SELECT *, SUM(H...')
#1 /home/crfsp010/public_html/eventos/system/Database/BaseConnection.php(741): CodeIgniter\Database\MySQLi\Connection->execute('SELECT *, SUM(H...')
#2 /home/crfsp010/public_html/eventos/system/Database/BaseConnection.php(669): CodeIgniter\Database\BaseConnection->simpleQuery('SELECT *, SUM(H...')
#3 /home/crfsp010/public_html/eventos/system/Database/BaseBuilder.php(1860): CodeIgniter\Database\BaseConnection->query('SELECT *, SUM(H...', Array, false)
#4 /home/crfsp010/public_html/eventos/system/Model.php(506): CodeIgniter\Database\BaseBuilder->get()
#5 /home/crfsp010/public_html/eventos/app/Models/AtividadeModel.php(89): CodeIgniter\Model->first()
#6 /home/crfsp010/public_html/eventos/app/Controllers/PdfController.php(31): App\Models\AtividadeModel->horasEvento('10')
#7 /home/crfsp010/public_html/eventos/system/CodeIgniter.php(918): App\Controllers\PdfController->index()
#8 /home/crfsp010/public_html/eventos/system/CodeIgniter.php(404): CodeIgniter\CodeIgniter->runController(Object(App\Controllers\PdfController))
#9 /home/crfsp010/public_html/eventos/system/CodeIgniter.php(312): CodeIgniter\CodeIgniter->handleRequest(NULL, Object(Config\Cache), false)
#10 /home/crfsp010/public_html/eventos/index.php(47): CodeIgniter\CodeIgniter->run()
#11 {main}
ERROR - 2021-09-28 22:15:20 --> mysqli_sql_exception: In aggregated query without GROUP BY, expression #1 of SELECT list contains nonaggregated column 'crfsp010_eventos.atividade_evento.id'; this is incompatible with sql_mode=only_full_group_by in /home/crfsp010/public_html/eventos/system/Database/MySQLi/Connection.php:331
Stack trace:
#0 /home/crfsp010/public_html/eventos/system/Database/MySQLi/Connection.php(331): mysqli->query('SELECT *, SUM(H...')
#1 /home/crfsp010/public_html/eventos/system/Database/BaseConnection.php(741): CodeIgniter\Database\MySQLi\Connection->execute('SELECT *, SUM(H...')
#2 /home/crfsp010/public_html/eventos/system/Database/BaseConnection.php(669): CodeIgniter\Database\BaseConnection->simpleQuery('SELECT *, SUM(H...')
#3 /home/crfsp010/public_html/eventos/system/Database/BaseBuilder.php(1860): CodeIgniter\Database\BaseConnection->query('SELECT *, SUM(H...', Array, false)
#4 /home/crfsp010/public_html/eventos/system/Model.php(506): CodeIgniter\Database\BaseBuilder->get()
#5 /home/crfsp010/public_html/eventos/app/Models/AtividadeModel.php(89): CodeIgniter\Model->first()
#6 /home/crfsp010/public_html/eventos/app/Controllers/PdfController.php(79): App\Models\AtividadeModel->horasEvento('10')
#7 /home/crfsp010/public_html/eventos/app/Controllers/Eventos.php(111): App\Controllers\PdfController->gerarCertificado(Array)
#8 /home/crfsp010/public_html/eventos/system/CodeIgniter.php(918): App\Controllers\Eventos->gerarCertificado('10')
#9 /home/crfsp010/public_html/eventos/system/CodeIgniter.php(404): CodeIgniter\CodeIgniter->runController(Object(App\Controllers\Eventos))
#10 /home/crfsp010/public_html/eventos/system/CodeIgniter.php(312): CodeIgniter\CodeIgniter->handleRequest(NULL, Object(Config\Cache), false)
#11 /home/crfsp010/public_html/eventos/index.php(47): CodeIgniter\CodeIgniter->run()
#12 {main}
ERROR - 2021-09-28 22:16:03 --> mysqli_sql_exception: In aggregated query without GROUP BY, expression #1 of SELECT list contains nonaggregated column 'crfsp010_eventos.atividade_evento.id'; this is incompatible with sql_mode=only_full_group_by in /home/crfsp010/public_html/eventos/system/Database/MySQLi/Connection.php:331
Stack trace:
#0 /home/crfsp010/public_html/eventos/system/Database/MySQLi/Connection.php(331): mysqli->query('SELECT *, SUM(H...')
#1 /home/crfsp010/public_html/eventos/system/Database/BaseConnection.php(741): CodeIgniter\Database\MySQLi\Connection->execute('SELECT *, SUM(H...')
#2 /home/crfsp010/public_html/eventos/system/Database/BaseConnection.php(669): CodeIgniter\Database\BaseConnection->simpleQuery('SELECT *, SUM(H...')
#3 /home/crfsp010/public_html/eventos/system/Database/BaseBuilder.php(1860): CodeIgniter\Database\BaseConnection->query('SELECT *, SUM(H...', Array, false)
#4 /home/crfsp010/public_html/eventos/system/Model.php(506): CodeIgniter\Database\BaseBuilder->get()
#5 /home/crfsp010/public_html/eventos/app/Models/AtividadeModel.php(89): CodeIgniter\Model->first()
#6 /home/crfsp010/public_html/eventos/app/Controllers/PdfController.php(31): App\Models\AtividadeModel->horasEvento('10')
#7 /home/crfsp010/public_html/eventos/system/CodeIgniter.php(918): App\Controllers\PdfController->index()
#8 /home/crfsp010/public_html/eventos/system/CodeIgniter.php(404): CodeIgniter\CodeIgniter->runController(Object(App\Controllers\PdfController))
#9 /home/crfsp010/public_html/eventos/system/CodeIgniter.php(312): CodeIgniter\CodeIgniter->handleRequest(NULL, Object(Config\Cache), false)
#10 /home/crfsp010/public_html/eventos/index.php(47): CodeIgniter\CodeIgniter->run()
#11 {main}
ERROR - 2021-09-28 22:17:23 --> mysqli_sql_exception: In aggregated query without GROUP BY, expression #1 of SELECT list contains nonaggregated column 'crfsp010_eventos.atividade_evento.id'; this is incompatible with sql_mode=only_full_group_by in /home/crfsp010/public_html/eventos/system/Database/MySQLi/Connection.php:331
Stack trace:
#0 /home/crfsp010/public_html/eventos/system/Database/MySQLi/Connection.php(331): mysqli->query('SELECT *, SUM(H...')
#1 /home/crfsp010/public_html/eventos/system/Database/BaseConnection.php(741): CodeIgniter\Database\MySQLi\Connection->execute('SELECT *, SUM(H...')
#2 /home/crfsp010/public_html/eventos/system/Database/BaseConnection.php(669): CodeIgniter\Database\BaseConnection->simpleQuery('SELECT *, SUM(H...')
#3 /home/crfsp010/public_html/eventos/system/Database/BaseBuilder.php(1860): CodeIgniter\Database\BaseConnection->query('SELECT *, SUM(H...', Array, false)
#4 /home/crfsp010/public_html/eventos/system/Model.php(506): CodeIgniter\Database\BaseBuilder->get()
#5 /home/crfsp010/public_html/eventos/app/Models/AtividadeModel.php(89): CodeIgniter\Model->first()
#6 /home/crfsp010/public_html/eventos/app/Controllers/PdfController.php(31): App\Models\AtividadeModel->horasEvento('10')
#7 /home/crfsp010/public_html/eventos/system/CodeIgniter.php(918): App\Controllers\PdfController->index()
#8 /home/crfsp010/public_html/eventos/system/CodeIgniter.php(404): CodeIgniter\CodeIgniter->runController(Object(App\Controllers\PdfController))
#9 /home/crfsp010/public_html/eventos/system/CodeIgniter.php(312): CodeIgniter\CodeIgniter->handleRequest(NULL, Object(Config\Cache), false)
#10 /home/crfsp010/public_html/eventos/index.php(47): CodeIgniter\CodeIgniter->run()
#11 {main}
ERROR - 2021-09-28 22:17:46 --> mysqli_sql_exception: In aggregated query without GROUP BY, expression #1 of SELECT list contains nonaggregated column 'crfsp010_eventos.atividade_evento.id'; this is incompatible with sql_mode=only_full_group_by in /home/crfsp010/public_html/eventos/system/Database/MySQLi/Connection.php:331
Stack trace:
#0 /home/crfsp010/public_html/eventos/system/Database/MySQLi/Connection.php(331): mysqli->query('SELECT *, SUM(H...')
#1 /home/crfsp010/public_html/eventos/system/Database/BaseConnection.php(741): CodeIgniter\Database\MySQLi\Connection->execute('SELECT *, SUM(H...')
#2 /home/crfsp010/public_html/eventos/system/Database/BaseConnection.php(669): CodeIgniter\Database\BaseConnection->simpleQuery('SELECT *, SUM(H...')
#3 /home/crfsp010/public_html/eventos/system/Database/BaseBuilder.php(1860): CodeIgniter\Database\BaseConnection->query('SELECT *, SUM(H...', Array, false)
#4 /home/crfsp010/public_html/eventos/system/Model.php(506): CodeIgniter\Database\BaseBuilder->get()
#5 /home/crfsp010/public_html/eventos/app/Models/AtividadeModel.php(89): CodeIgniter\Model->first()
#6 /home/crfsp010/public_html/eventos/app/Controllers/PdfController.php(31): App\Models\AtividadeModel->horasEvento('10')
#7 /home/crfsp010/public_html/eventos/system/CodeIgniter.php(918): App\Controllers\PdfController->index()
#8 /home/crfsp010/public_html/eventos/system/CodeIgniter.php(404): CodeIgniter\CodeIgniter->runController(Object(App\Controllers\PdfController))
#9 /home/crfsp010/public_html/eventos/system/CodeIgniter.php(312): CodeIgniter\CodeIgniter->handleRequest(NULL, Object(Config\Cache), false)
#10 /home/crfsp010/public_html/eventos/index.php(47): CodeIgniter\CodeIgniter->run()
#11 {main}
ERROR - 2021-09-28 22:19:25 --> mysqli_sql_exception: In aggregated query without GROUP BY, expression #1 of SELECT list contains nonaggregated column 'crfsp010_eventos.atividade_evento.id'; this is incompatible with sql_mode=only_full_group_by in /home/crfsp010/public_html/eventos/system/Database/MySQLi/Connection.php:331
Stack trace:
#0 /home/crfsp010/public_html/eventos/system/Database/MySQLi/Connection.php(331): mysqli->query('SELECT *, SUM(H...')
#1 /home/crfsp010/public_html/eventos/system/Database/BaseConnection.php(741): CodeIgniter\Database\MySQLi\Connection->execute('SELECT *, SUM(H...')
#2 /home/crfsp010/public_html/eventos/system/Database/BaseConnection.php(669): CodeIgniter\Database\BaseConnection->simpleQuery('SELECT *, SUM(H...')
#3 /home/crfsp010/public_html/eventos/system/Database/BaseBuilder.php(1860): CodeIgniter\Database\BaseConnection->query('SELECT *, SUM(H...', Array, false)
#4 /home/crfsp010/public_html/eventos/system/Model.php(506): CodeIgniter\Database\BaseBuilder->get()
#5 /home/crfsp010/public_html/eventos/app/Models/AtividadeModel.php(89): CodeIgniter\Model->first()
#6 /home/crfsp010/public_html/eventos/app/Controllers/PdfController.php(31): App\Models\AtividadeModel->horasEvento('10')
#7 /home/crfsp010/public_html/eventos/system/CodeIgniter.php(918): App\Controllers\PdfController->index()
#8 /home/crfsp010/public_html/eventos/system/CodeIgniter.php(404): CodeIgniter\CodeIgniter->runController(Object(App\Controllers\PdfController))
#9 /home/crfsp010/public_html/eventos/system/CodeIgniter.php(312): CodeIgniter\CodeIgniter->handleRequest(NULL, Object(Config\Cache), false)
#10 /home/crfsp010/public_html/eventos/index.php(47): CodeIgniter\CodeIgniter->run()
#11 {main}
ERROR - 2021-09-28 22:19:43 --> mysqli_sql_exception: In aggregated query without GROUP BY, expression #1 of SELECT list contains nonaggregated column 'crfsp010_eventos.atividade_evento.id'; this is incompatible with sql_mode=only_full_group_by in /home/crfsp010/public_html/eventos/system/Database/MySQLi/Connection.php:331
Stack trace:
#0 /home/crfsp010/public_html/eventos/system/Database/MySQLi/Connection.php(331): mysqli->query('SELECT *, SUM(H...')
#1 /home/crfsp010/public_html/eventos/system/Database/BaseConnection.php(741): CodeIgniter\Database\MySQLi\Connection->execute('SELECT *, SUM(H...')
#2 /home/crfsp010/public_html/eventos/system/Database/BaseConnection.php(669): CodeIgniter\Database\BaseConnection->simpleQuery('SELECT *, SUM(H...')
#3 /home/crfsp010/public_html/eventos/system/Database/BaseBuilder.php(1860): CodeIgniter\Database\BaseConnection->query('SELECT *, SUM(H...', Array, false)
#4 /home/crfsp010/public_html/eventos/system/Model.php(506): CodeIgniter\Database\BaseBuilder->get()
#5 /home/crfsp010/public_html/eventos/app/Models/AtividadeModel.php(89): CodeIgniter\Model->first()
#6 /home/crfsp010/public_html/eventos/app/Controllers/PdfController.php(31): App\Models\AtividadeModel->horasEvento('10')
#7 /home/crfsp010/public_html/eventos/system/CodeIgniter.php(918): App\Controllers\PdfController->index()
#8 /home/crfsp010/public_html/eventos/system/CodeIgniter.php(404): CodeIgniter\CodeIgniter->runController(Object(App\Controllers\PdfController))
#9 /home/crfsp010/public_html/eventos/system/CodeIgniter.php(312): CodeIgniter\CodeIgniter->handleRequest(NULL, Object(Config\Cache), false)
#10 /home/crfsp010/public_html/eventos/index.php(47): CodeIgniter\CodeIgniter->run()
#11 {main}
ERROR - 2021-09-28 22:20:23 --> mysqli_sql_exception: In aggregated query without GROUP BY, expression #1 of SELECT list contains nonaggregated column 'crfsp010_eventos.atividade_evento.id'; this is incompatible with sql_mode=only_full_group_by in /home/crfsp010/public_html/eventos/system/Database/MySQLi/Connection.php:331
Stack trace:
#0 /home/crfsp010/public_html/eventos/system/Database/MySQLi/Connection.php(331): mysqli->query('SELECT *, SUM(H...')
#1 /home/crfsp010/public_html/eventos/system/Database/BaseConnection.php(741): CodeIgniter\Database\MySQLi\Connection->execute('SELECT *, SUM(H...')
#2 /home/crfsp010/public_html/eventos/system/Database/BaseConnection.php(669): CodeIgniter\Database\BaseConnection->simpleQuery('SELECT *, SUM(H...')
#3 /home/crfsp010/public_html/eventos/system/Database/BaseBuilder.php(1860): CodeIgniter\Database\BaseConnection->query('SELECT *, SUM(H...', Array, false)
#4 /home/crfsp010/public_html/eventos/system/Model.php(506): CodeIgniter\Database\BaseBuilder->get()
#5 /home/crfsp010/public_html/eventos/app/Models/AtividadeModel.php(89): CodeIgniter\Model->first()
#6 /home/crfsp010/public_html/eventos/app/Controllers/PdfController.php(31): App\Models\AtividadeModel->horasEvento('10')
#7 /home/crfsp010/public_html/eventos/system/CodeIgniter.php(918): App\Controllers\PdfController->index()
#8 /home/crfsp010/public_html/eventos/system/CodeIgniter.php(404): CodeIgniter\CodeIgniter->runController(Object(App\Controllers\PdfController))
#9 /home/crfsp010/public_html/eventos/system/CodeIgniter.php(312): CodeIgniter\CodeIgniter->handleRequest(NULL, Object(Config\Cache), false)
#10 /home/crfsp010/public_html/eventos/index.php(47): CodeIgniter\CodeIgniter->run()
#11 {main}
ERROR - 2021-09-28 22:20:34 --> mysqli_sql_exception: In aggregated query without GROUP BY, expression #1 of SELECT list contains nonaggregated column 'crfsp010_eventos.atividade_evento.id'; this is incompatible with sql_mode=only_full_group_by in /home/crfsp010/public_html/eventos/system/Database/MySQLi/Connection.php:331
Stack trace:
#0 /home/crfsp010/public_html/eventos/system/Database/MySQLi/Connection.php(331): mysqli->query('SELECT *, SUM(H...')
#1 /home/crfsp010/public_html/eventos/system/Database/BaseConnection.php(741): CodeIgniter\Database\MySQLi\Connection->execute('SELECT *, SUM(H...')
#2 /home/crfsp010/public_html/eventos/system/Database/BaseConnection.php(669): CodeIgniter\Database\BaseConnection->simpleQuery('SELECT *, SUM(H...')
#3 /home/crfsp010/public_html/eventos/system/Database/BaseBuilder.php(1860): CodeIgniter\Database\BaseConnection->query('SELECT *, SUM(H...', Array, false)
#4 /home/crfsp010/public_html/eventos/system/Model.php(506): CodeIgniter\Database\BaseBuilder->get()
#5 /home/crfsp010/public_html/eventos/app/Models/AtividadeModel.php(89): CodeIgniter\Model->first()
#6 /home/crfsp010/public_html/eventos/app/Controllers/PdfController.php(79): App\Models\AtividadeModel->horasEvento('8')
#7 /home/crfsp010/public_html/eventos/app/Controllers/Eventos.php(111): App\Controllers\PdfController->gerarCertificado(Array)
#8 /home/crfsp010/public_html/eventos/system/CodeIgniter.php(918): App\Controllers\Eventos->gerarCertificado('8')
#9 /home/crfsp010/public_html/eventos/system/CodeIgniter.php(404): CodeIgniter\CodeIgniter->runController(Object(App\Controllers\Eventos))
#10 /home/crfsp010/public_html/eventos/system/CodeIgniter.php(312): CodeIgniter\CodeIgniter->handleRequest(NULL, Object(Config\Cache), false)
#11 /home/crfsp010/public_html/eventos/index.php(47): CodeIgniter\CodeIgniter->run()
#12 {main}
ERROR - 2021-09-28 22:22:03 --> mysqli_sql_exception: In aggregated query without GROUP BY, expression #1 of SELECT list contains nonaggregated column 'crfsp010_eventos.atividade_evento.id'; this is incompatible with sql_mode=only_full_group_by in /home/crfsp010/public_html/eventos/system/Database/MySQLi/Connection.php:331
Stack trace:
#0 /home/crfsp010/public_html/eventos/system/Database/MySQLi/Connection.php(331): mysqli->query('SELECT *, SUM(H...')
#1 /home/crfsp010/public_html/eventos/system/Database/BaseConnection.php(741): CodeIgniter\Database\MySQLi\Connection->execute('SELECT *, SUM(H...')
#2 /home/crfsp010/public_html/eventos/system/Database/BaseConnection.php(669): CodeIgniter\Database\BaseConnection->simpleQuery('SELECT *, SUM(H...')
#3 /home/crfsp010/public_html/eventos/system/Database/BaseBuilder.php(1860): CodeIgniter\Database\BaseConnection->query('SELECT *, SUM(H...', Array, false)
#4 /home/crfsp010/public_html/eventos/system/Model.php(506): CodeIgniter\Database\BaseBuilder->get()
#5 /home/crfsp010/public_html/eventos/app/Models/AtividadeModel.php(89): CodeIgniter\Model->first()
#6 /home/crfsp010/public_html/eventos/app/Controllers/PdfController.php(79): App\Models\AtividadeModel->horasEvento('10')
#7 /home/crfsp010/public_html/eventos/app/Controllers/Eventos.php(111): App\Controllers\PdfController->gerarCertificado(Array)
#8 /home/crfsp010/public_html/eventos/system/CodeIgniter.php(918): App\Controllers\Eventos->gerarCertificado('10')
#9 /home/crfsp010/public_html/eventos/system/CodeIgniter.php(404): CodeIgniter\CodeIgniter->runController(Object(App\Controllers\Eventos))
#10 /home/crfsp010/public_html/eventos/system/CodeIgniter.php(312): CodeIgniter\CodeIgniter->handleRequest(NULL, Object(Config\Cache), false)
#11 /home/crfsp010/public_html/eventos/index.php(47): CodeIgniter\CodeIgniter->run()
#12 {main}
ERROR - 2021-09-28 22:22:08 --> mysqli_sql_exception: In aggregated query without GROUP BY, expression #1 of SELECT list contains nonaggregated column 'crfsp010_eventos.atividade_evento.id'; this is incompatible with sql_mode=only_full_group_by in /home/crfsp010/public_html/eventos/system/Database/MySQLi/Connection.php:331
Stack trace:
#0 /home/crfsp010/public_html/eventos/system/Database/MySQLi/Connection.php(331): mysqli->query('SELECT *, SUM(H...')
#1 /home/crfsp010/public_html/eventos/system/Database/BaseConnection.php(741): CodeIgniter\Database\MySQLi\Connection->execute('SELECT *, SUM(H...')
#2 /home/crfsp010/public_html/eventos/system/Database/BaseConnection.php(669): CodeIgniter\Database\BaseConnection->simpleQuery('SELECT *, SUM(H...')
#3 /home/crfsp010/public_html/eventos/system/Database/BaseBuilder.php(1860): CodeIgniter\Database\BaseConnection->query('SELECT *, SUM(H...', Array, false)
#4 /home/crfsp010/public_html/eventos/system/Model.php(506): CodeIgniter\Database\BaseBuilder->get()
#5 /home/crfsp010/public_html/eventos/app/Models/AtividadeModel.php(89): CodeIgniter\Model->first()
#6 /home/crfsp010/public_html/eventos/app/Controllers/PdfController.php(31): App\Models\AtividadeModel->horasEvento('10')
#7 /home/crfsp010/public_html/eventos/system/CodeIgniter.php(918): App\Controllers\PdfController->index()
#8 /home/crfsp010/public_html/eventos/system/CodeIgniter.php(404): CodeIgniter\CodeIgniter->runController(Object(App\Controllers\PdfController))
#9 /home/crfsp010/public_html/eventos/system/CodeIgniter.php(312): CodeIgniter\CodeIgniter->handleRequest(NULL, Object(Config\Cache), false)
#10 /home/crfsp010/public_html/eventos/index.php(47): CodeIgniter\CodeIgniter->run()
#11 {main}
ERROR - 2021-09-28 22:23:54 --> mysqli_sql_exception: In aggregated query without GROUP BY, expression #1 of SELECT list contains nonaggregated column 'crfsp010_eventos.atividade_evento.id'; this is incompatible with sql_mode=only_full_group_by in /home/crfsp010/public_html/eventos/system/Database/MySQLi/Connection.php:331
Stack trace:
#0 /home/crfsp010/public_html/eventos/system/Database/MySQLi/Connection.php(331): mysqli->query('SELECT *, SUM(H...')
#1 /home/crfsp010/public_html/eventos/system/Database/BaseConnection.php(741): CodeIgniter\Database\MySQLi\Connection->execute('SELECT *, SUM(H...')
#2 /home/crfsp010/public_html/eventos/system/Database/BaseConnection.php(669): CodeIgniter\Database\BaseConnection->simpleQuery('SELECT *, SUM(H...')
#3 /home/crfsp010/public_html/eventos/system/Database/BaseBuilder.php(1860): CodeIgniter\Database\BaseConnection->query('SELECT *, SUM(H...', Array, false)
#4 /home/crfsp010/public_html/eventos/system/Model.php(506): CodeIgniter\Database\BaseBuilder->get()
#5 /home/crfsp010/public_html/eventos/app/Models/AtividadeModel.php(89): CodeIgniter\Model->first()
#6 /home/crfsp010/public_html/eventos/app/Controllers/PdfController.php(31): App\Models\AtividadeModel->horasEvento('10')
#7 /home/crfsp010/public_html/eventos/system/CodeIgniter.php(918): App\Controllers\PdfController->index()
#8 /home/crfsp010/public_html/eventos/system/CodeIgniter.php(404): CodeIgniter\CodeIgniter->runController(Object(App\Controllers\PdfController))
#9 /home/crfsp010/public_html/eventos/system/CodeIgniter.php(312): CodeIgniter\CodeIgniter->handleRequest(NULL, Object(Config\Cache), false)
#10 /home/crfsp010/public_html/eventos/index.php(47): CodeIgniter\CodeIgniter->run()
#11 {main}
ERROR - 2021-09-28 22:25:38 --> mysqli_sql_exception: In aggregated query without GROUP BY, expression #1 of SELECT list contains nonaggregated column 'crfsp010_eventos.atividade_evento.id'; this is incompatible with sql_mode=only_full_group_by in /home/crfsp010/public_html/eventos/system/Database/MySQLi/Connection.php:331
Stack trace:
#0 /home/crfsp010/public_html/eventos/system/Database/MySQLi/Connection.php(331): mysqli->query('SELECT *, SUM(H...')
#1 /home/crfsp010/public_html/eventos/system/Database/BaseConnection.php(741): CodeIgniter\Database\MySQLi\Connection->execute('SELECT *, SUM(H...')
#2 /home/crfsp010/public_html/eventos/system/Database/BaseConnection.php(669): CodeIgniter\Database\BaseConnection->simpleQuery('SELECT *, SUM(H...')
#3 /home/crfsp010/public_html/eventos/system/Database/BaseBuilder.php(1860): CodeIgniter\Database\BaseConnection->query('SELECT *, SUM(H...', Array, false)
#4 /home/crfsp010/public_html/eventos/system/Model.php(506): CodeIgniter\Database\BaseBuilder->get()
#5 /home/crfsp010/public_html/eventos/app/Models/AtividadeModel.php(89): CodeIgniter\Model->first()
#6 /home/crfsp010/public_html/eventos/app/Controllers/PdfController.php(79): App\Models\AtividadeModel->horasEvento('10')
#7 /home/crfsp010/public_html/eventos/app/Controllers/Eventos.php(111): App\Controllers\PdfController->gerarCertificado(Array)
#8 /home/crfsp010/public_html/eventos/system/CodeIgniter.php(918): App\Controllers\Eventos->gerarCertificado('10')
#9 /home/crfsp010/public_html/eventos/system/CodeIgniter.php(404): CodeIgniter\CodeIgniter->runController(Object(App\Controllers\Eventos))
#10 /home/crfsp010/public_html/eventos/system/CodeIgniter.php(312): CodeIgniter\CodeIgniter->handleRequest(NULL, Object(Config\Cache), false)
#11 /home/crfsp010/public_html/eventos/index.php(47): CodeIgniter\CodeIgniter->run()
#12 {main}
ERROR - 2021-09-28 22:26:27 --> mysqli_sql_exception: In aggregated query without GROUP BY, expression #1 of SELECT list contains nonaggregated column 'crfsp010_eventos.atividade_evento.id'; this is incompatible with sql_mode=only_full_group_by in /home/crfsp010/public_html/eventos/system/Database/MySQLi/Connection.php:331
Stack trace:
#0 /home/crfsp010/public_html/eventos/system/Database/MySQLi/Connection.php(331): mysqli->query('SELECT *, SUM(H...')
#1 /home/crfsp010/public_html/eventos/system/Database/BaseConnection.php(741): CodeIgniter\Database\MySQLi\Connection->execute('SELECT *, SUM(H...')
#2 /home/crfsp010/public_html/eventos/system/Database/BaseConnection.php(669): CodeIgniter\Database\BaseConnection->simpleQuery('SELECT *, SUM(H...')
#3 /home/crfsp010/public_html/eventos/system/Database/BaseBuilder.php(1860): CodeIgniter\Database\BaseConnection->query('SELECT *, SUM(H...', Array, false)
#4 /home/crfsp010/public_html/eventos/system/Model.php(506): CodeIgniter\Database\BaseBuilder->get()
#5 /home/crfsp010/public_html/eventos/app/Models/AtividadeModel.php(89): CodeIgniter\Model->first()
#6 /home/crfsp010/public_html/eventos/app/Controllers/PdfController.php(79): App\Models\AtividadeModel->horasEvento('10')
#7 /home/crfsp010/public_html/eventos/app/Controllers/Eventos.php(111): App\Controllers\PdfController->gerarCertificado(Array)
#8 /home/crfsp010/public_html/eventos/system/CodeIgniter.php(918): App\Controllers\Eventos->gerarCertificado('10')
#9 /home/crfsp010/public_html/eventos/system/CodeIgniter.php(404): CodeIgniter\CodeIgniter->runController(Object(App\Controllers\Eventos))
#10 /home/crfsp010/public_html/eventos/system/CodeIgniter.php(312): CodeIgniter\CodeIgniter->handleRequest(NULL, Object(Config\Cache), false)
#11 /home/crfsp010/public_html/eventos/index.php(47): CodeIgniter\CodeIgniter->run()
#12 {main}
ERROR - 2021-09-28 22:46:30 --> mysqli_sql_exception: In aggregated query without GROUP BY, expression #1 of SELECT list contains nonaggregated column 'crfsp010_eventos.atividade_evento.id'; this is incompatible with sql_mode=only_full_group_by in /home/crfsp010/public_html/eventos/system/Database/MySQLi/Connection.php:331
Stack trace:
#0 /home/crfsp010/public_html/eventos/system/Database/MySQLi/Connection.php(331): mysqli->query('SELECT *, SUM(H...')
#1 /home/crfsp010/public_html/eventos/system/Database/BaseConnection.php(741): CodeIgniter\Database\MySQLi\Connection->execute('SELECT *, SUM(H...')
#2 /home/crfsp010/public_html/eventos/system/Database/BaseConnection.php(669): CodeIgniter\Database\BaseConnection->simpleQuery('SELECT *, SUM(H...')
#3 /home/crfsp010/public_html/eventos/system/Database/BaseBuilder.php(1860): CodeIgniter\Database\BaseConnection->query('SELECT *, SUM(H...', Array, false)
#4 /home/crfsp010/public_html/eventos/system/Model.php(506): CodeIgniter\Database\BaseBuilder->get()
#5 /home/crfsp010/public_html/eventos/app/Models/AtividadeModel.php(89): CodeIgniter\Model->first()
#6 /home/crfsp010/public_html/eventos/app/Controllers/PdfController.php(79): App\Models\AtividadeModel->horasEvento('10')
#7 /home/crfsp010/public_html/eventos/app/Controllers/Eventos.php(111): App\Controllers\PdfController->gerarCertificado(Array)
#8 /home/crfsp010/public_html/eventos/system/CodeIgniter.php(918): App\Controllers\Eventos->gerarCertificado('10')
#9 /home/crfsp010/public_html/eventos/system/CodeIgniter.php(404): CodeIgniter\CodeIgniter->runController(Object(App\Controllers\Eventos))
#10 /home/crfsp010/public_html/eventos/system/CodeIgniter.php(312): CodeIgniter\CodeIgniter->handleRequest(NULL, Object(Config\Cache), false)
#11 /home/crfsp010/public_html/eventos/index.php(47): CodeIgniter\CodeIgniter->run()
#12 {main}
