ERROR - 2022-02-23 09:39:55 --> mysqli_sql_exception: Cannot delete or update a parent row: a foreign key constraint fails (`crfsp010_eventos`.`usuario_atividade`, CONSTRAINT `FK_usuario_atividade_users` FOREIGN KEY (`idUser`) REFERENCES `users` (`id`)) in /home/crfsp010/public_html/eventos/system/Database/MySQLi/Connection.php:331
Stack trace:
#0 /home/crfsp010/public_html/eventos/system/Database/MySQLi/Connection.php(331): mysqli->query('DELETE FROM `us...')
#1 /home/crfsp010/public_html/eventos/system/Database/BaseConnection.php(741): CodeIgniter\Database\MySQLi\Connection->execute('DELETE FROM `us...')
#2 /home/crfsp010/public_html/eventos/system/Database/BaseConnection.php(669): CodeIgniter\Database\BaseConnection->simpleQuery('DELETE FROM `us...')
#3 /home/crfsp010/public_html/eventos/system/Database/BaseBuilder.php(2853): CodeIgniter\Database\BaseConnection->query('DELETE FROM `us...', Array, false)
#4 /home/crfsp010/public_html/eventos/system/Model.php(977): CodeIgniter\Database\BaseBuilder->delete()
#5 /home/crfsp010/public_html/eventos/app/Controllers/Users.php(598): CodeIgniter\Model->delete(Array)
#6 /home/crfsp010/public_html/eventos/system/CodeIgniter.php(918): App\Controllers\Users->deletar('1423')
#7 /home/crfsp010/public_html/eventos/system/CodeIgniter.php(404): CodeIgniter\CodeIgniter->runController(Object(App\Controllers\Users))
#8 /home/crfsp010/public_html/eventos/system/CodeIgniter.php(312): CodeIgniter\CodeIgniter->handleRequest(NULL, Object(Config\Cache), false)
#9 /home/crfsp010/public_html/eventos/index.php(47): CodeIgniter\CodeIgniter->run()
#10 {main}
ERROR - 2022-02-23 09:58:06 --> mysqli_sql_exception: Cannot delete or update a parent row: a foreign key constraint fails (`crfsp010_eventos`.`usuario_atividade`, CONSTRAINT `FK_usuario_atividade_users` FOREIGN KEY (`idUser`) REFERENCES `users` (`id`)) in /home/crfsp010/public_html/eventos/system/Database/MySQLi/Connection.php:331
Stack trace:
#0 /home/crfsp010/public_html/eventos/system/Database/MySQLi/Connection.php(331): mysqli->query('DELETE FROM `us...')
#1 /home/crfsp010/public_html/eventos/system/Database/BaseConnection.php(741): CodeIgniter\Database\MySQLi\Connection->execute('DELETE FROM `us...')
#2 /home/crfsp010/public_html/eventos/system/Database/BaseConnection.php(669): CodeIgniter\Database\BaseConnection->simpleQuery('DELETE FROM `us...')
#3 /home/crfsp010/public_html/eventos/system/Database/BaseBuilder.php(2853): CodeIgniter\Database\BaseConnection->query('DELETE FROM `us...', Array, false)
#4 /home/crfsp010/public_html/eventos/system/Model.php(977): CodeIgniter\Database\BaseBuilder->delete()
#5 /home/crfsp010/public_html/eventos/app/Controllers/Users.php(598): CodeIgniter\Model->delete(Array)
#6 /home/crfsp010/public_html/eventos/system/CodeIgniter.php(918): App\Controllers\Users->deletar('1423')
#7 /home/crfsp010/public_html/eventos/system/CodeIgniter.php(404): CodeIgniter\CodeIgniter->runController(Object(App\Controllers\Users))
#8 /home/crfsp010/public_html/eventos/system/CodeIgniter.php(312): CodeIgniter\CodeIgniter->handleRequest(NULL, Object(Config\Cache), false)
#9 /home/crfsp010/public_html/eventos/index.php(47): CodeIgniter\CodeIgniter->run()
#10 {main}
ERROR - 2022-02-23 09:59:48 --> mysqli_sql_exception: Cannot delete or update a parent row: a foreign key constraint fails (`crfsp010_eventos`.`certificado`, CONSTRAINT `FK_certificado_users` FOREIGN KEY (`idUser`) REFERENCES `users` (`id`)) in /home/crfsp010/public_html/eventos/system/Database/MySQLi/Connection.php:331
Stack trace:
#0 /home/crfsp010/public_html/eventos/system/Database/MySQLi/Connection.php(331): mysqli->query('DELETE FROM `us...')
#1 /home/crfsp010/public_html/eventos/system/Database/BaseConnection.php(741): CodeIgniter\Database\MySQLi\Connection->execute('DELETE FROM `us...')
#2 /home/crfsp010/public_html/eventos/system/Database/BaseConnection.php(669): CodeIgniter\Database\BaseConnection->simpleQuery('DELETE FROM `us...')
#3 /home/crfsp010/public_html/eventos/system/Database/BaseBuilder.php(2853): CodeIgniter\Database\BaseConnection->query('DELETE FROM `us...', Array, false)
#4 /home/crfsp010/public_html/eventos/system/Model.php(977): CodeIgniter\Database\BaseBuilder->delete()
#5 /home/crfsp010/public_html/eventos/app/Controllers/Users.php(598): CodeIgniter\Model->delete(Array)
#6 /home/crfsp010/public_html/eventos/system/CodeIgniter.php(918): App\Controllers\Users->deletar('296')
#7 /home/crfsp010/public_html/eventos/system/CodeIgniter.php(404): CodeIgniter\CodeIgniter->runController(Object(App\Controllers\Users))
#8 /home/crfsp010/public_html/eventos/system/CodeIgniter.php(312): CodeIgniter\CodeIgniter->handleRequest(NULL, Object(Config\Cache), false)
#9 /home/crfsp010/public_html/eventos/index.php(47): CodeIgniter\CodeIgniter->run()
#10 {main}
