CRITICAL - 2022-01-18 00:55:54 --> Undefined offset: 0
#0 /home/crfsp010/public_html/eventos/app/Controllers/Users.php(369): CodeIgniter\Debug\Exceptions->errorHandler(8, 'Undefined offse...', '/home/crfsp010/...', 369, Array)
#1 /home/crfsp010/public_html/eventos/system/CodeIgniter.php(918): App\Controllers\Users->recuperacaoSenha()
#2 /home/crfsp010/public_html/eventos/system/CodeIgniter.php(404): CodeIgniter\CodeIgniter->runController(Object(App\Controllers\Users))
#3 /home/crfsp010/public_html/eventos/system/CodeIgniter.php(312): CodeIgniter\CodeIgniter->handleRequest(NULL, Object(Config\Cache), false)
#4 /home/crfsp010/public_html/eventos/index.php(47): CodeIgniter\CodeIgniter->run()
#5 {main}
CRITICAL - 2022-01-18 01:15:55 --> Undefined offset: 0
#0 /home/crfsp010/public_html/eventos/app/Controllers/Users.php(369): CodeIgniter\Debug\Exceptions->errorHandler(8, 'Undefined offse...', '/home/crfsp010/...', 369, Array)
#1 /home/crfsp010/public_html/eventos/system/CodeIgniter.php(918): App\Controllers\Users->recuperacaoSenha()
#2 /home/crfsp010/public_html/eventos/system/CodeIgniter.php(404): CodeIgniter\CodeIgniter->runController(Object(App\Controllers\Users))
#3 /home/crfsp010/public_html/eventos/system/CodeIgniter.php(312): CodeIgniter\CodeIgniter->handleRequest(NULL, Object(Config\Cache), false)
#4 /home/crfsp010/public_html/eventos/index.php(47): CodeIgniter\CodeIgniter->run()
#5 {main}
CRITICAL - 2022-01-18 03:34:16 --> Undefined offset: 0
#0 /home/crfsp010/public_html/eventos/app/Controllers/Users.php(369): CodeIgniter\Debug\Exceptions->errorHandler(8, 'Undefined offse...', '/home/crfsp010/...', 369, Array)
#1 /home/crfsp010/public_html/eventos/system/CodeIgniter.php(918): App\Controllers\Users->recuperacaoSenha()
#2 /home/crfsp010/public_html/eventos/system/CodeIgniter.php(404): CodeIgniter\CodeIgniter->runController(Object(App\Controllers\Users))
#3 /home/crfsp010/public_html/eventos/system/CodeIgniter.php(312): CodeIgniter\CodeIgniter->handleRequest(NULL, Object(Config\Cache), false)
#4 /home/crfsp010/public_html/eventos/index.php(47): CodeIgniter\CodeIgniter->run()
#5 {main}
CRITICAL - 2022-01-18 03:34:32 --> Undefined offset: 0
#0 /home/crfsp010/public_html/eventos/app/Controllers/Users.php(369): CodeIgniter\Debug\Exceptions->errorHandler(8, 'Undefined offse...', '/home/crfsp010/...', 369, Array)
#1 /home/crfsp010/public_html/eventos/system/CodeIgniter.php(918): App\Controllers\Users->recuperacaoSenha()
#2 /home/crfsp010/public_html/eventos/system/CodeIgniter.php(404): CodeIgniter\CodeIgniter->runController(Object(App\Controllers\Users))
#3 /home/crfsp010/public_html/eventos/system/CodeIgniter.php(312): CodeIgniter\CodeIgniter->handleRequest(NULL, Object(Config\Cache), false)
#4 /home/crfsp010/public_html/eventos/index.php(47): CodeIgniter\CodeIgniter->run()
#5 {main}
CRITICAL - 2022-01-18 06:09:48 --> Undefined offset: 0
#0 /home/crfsp010/public_html/eventos/app/Controllers/Users.php(369): CodeIgniter\Debug\Exceptions->errorHandler(8, 'Undefined offse...', '/home/crfsp010/...', 369, Array)
#1 /home/crfsp010/public_html/eventos/system/CodeIgniter.php(918): App\Controllers\Users->recuperacaoSenha()
#2 /home/crfsp010/public_html/eventos/system/CodeIgniter.php(404): CodeIgniter\CodeIgniter->runController(Object(App\Controllers\Users))
#3 /home/crfsp010/public_html/eventos/system/CodeIgniter.php(312): CodeIgniter\CodeIgniter->handleRequest(NULL, Object(Config\Cache), false)
#4 /home/crfsp010/public_html/eventos/index.php(47): CodeIgniter\CodeIgniter->run()
#5 {main}
CRITICAL - 2022-01-18 06:59:39 --> Undefined offset: 0
#0 /home/crfsp010/public_html/eventos/app/Controllers/Users.php(369): CodeIgniter\Debug\Exceptions->errorHandler(8, 'Undefined offse...', '/home/crfsp010/...', 369, Array)
#1 /home/crfsp010/public_html/eventos/system/CodeIgniter.php(918): App\Controllers\Users->recuperacaoSenha()
#2 /home/crfsp010/public_html/eventos/system/CodeIgniter.php(404): CodeIgniter\CodeIgniter->runController(Object(App\Controllers\Users))
#3 /home/crfsp010/public_html/eventos/system/CodeIgniter.php(312): CodeIgniter\CodeIgniter->handleRequest(NULL, Object(Config\Cache), false)
#4 /home/crfsp010/public_html/eventos/index.php(47): CodeIgniter\CodeIgniter->run()
#5 {main}
CRITICAL - 2022-01-18 07:29:20 --> Undefined offset: 0
#0 /home/crfsp010/public_html/eventos/app/Controllers/Users.php(369): CodeIgniter\Debug\Exceptions->errorHandler(8, 'Undefined offse...', '/home/crfsp010/...', 369, Array)
#1 /home/crfsp010/public_html/eventos/system/CodeIgniter.php(918): App\Controllers\Users->recuperacaoSenha()
#2 /home/crfsp010/public_html/eventos/system/CodeIgniter.php(404): CodeIgniter\CodeIgniter->runController(Object(App\Controllers\Users))
#3 /home/crfsp010/public_html/eventos/system/CodeIgniter.php(312): CodeIgniter\CodeIgniter->handleRequest(NULL, Object(Config\Cache), false)
#4 /home/crfsp010/public_html/eventos/index.php(47): CodeIgniter\CodeIgniter->run()
#5 {main}
CRITICAL - 2022-01-18 07:29:24 --> Undefined offset: 0
#0 /home/crfsp010/public_html/eventos/app/Controllers/Users.php(369): CodeIgniter\Debug\Exceptions->errorHandler(8, 'Undefined offse...', '/home/crfsp010/...', 369, Array)
#1 /home/crfsp010/public_html/eventos/system/CodeIgniter.php(918): App\Controllers\Users->recuperacaoSenha()
#2 /home/crfsp010/public_html/eventos/system/CodeIgniter.php(404): CodeIgniter\CodeIgniter->runController(Object(App\Controllers\Users))
#3 /home/crfsp010/public_html/eventos/system/CodeIgniter.php(312): CodeIgniter\CodeIgniter->handleRequest(NULL, Object(Config\Cache), false)
#4 /home/crfsp010/public_html/eventos/index.php(47): CodeIgniter\CodeIgniter->run()
#5 {main}
CRITICAL - 2022-01-18 07:44:23 --> unlink(/home/crfsp010/public_html/eventos/writable/debugbar/debugbar_1642501728.json): No such file or directory
#0 [internal function]: CodeIgniter\Debug\Exceptions->errorHandler(2, 'unlink(/home/cr...', '/home/crfsp010/...', 106, Array)
#1 /home/crfsp010/public_html/eventos/system/Debug/Toolbar/Collectors/History.php(106): unlink('/home/crfsp010/...')
#2 /home/crfsp010/public_html/eventos/system/Debug/Toolbar.php(483): CodeIgniter\Debug\Toolbar\Collectors\History->setFiles(1642502662, 20)
#3 /home/crfsp010/public_html/eventos/system/Debug/Toolbar.php(455): CodeIgniter\Debug\Toolbar->format(Array, 'html')
#4 /home/crfsp010/public_html/eventos/app/Config/Events.php(50): CodeIgniter\Debug\Toolbar->respond()
#5 [internal function]: CodeIgniter\Events\Events::Config\{closure}()
#6 /home/crfsp010/public_html/eventos/system/Events/Events.php(188): call_user_func(Object(Closure))
#7 /home/crfsp010/public_html/eventos/system/CodeIgniter.php(293): CodeIgniter\Events\Events::trigger('pre_system')
#8 /home/crfsp010/public_html/eventos/index.php(47): CodeIgniter\CodeIgniter->run()
#9 {main}
CRITICAL - 2022-01-18 08:29:30 --> Undefined offset: 0
#0 /home/crfsp010/public_html/eventos/app/Controllers/Users.php(369): CodeIgniter\Debug\Exceptions->errorHandler(8, 'Undefined offse...', '/home/crfsp010/...', 369, Array)
#1 /home/crfsp010/public_html/eventos/system/CodeIgniter.php(918): App\Controllers\Users->recuperacaoSenha()
#2 /home/crfsp010/public_html/eventos/system/CodeIgniter.php(404): CodeIgniter\CodeIgniter->runController(Object(App\Controllers\Users))
#3 /home/crfsp010/public_html/eventos/system/CodeIgniter.php(312): CodeIgniter\CodeIgniter->handleRequest(NULL, Object(Config\Cache), false)
#4 /home/crfsp010/public_html/eventos/index.php(47): CodeIgniter\CodeIgniter->run()
#5 {main}
CRITICAL - 2022-01-18 08:29:43 --> Undefined offset: 0
#0 /home/crfsp010/public_html/eventos/app/Controllers/Users.php(369): CodeIgniter\Debug\Exceptions->errorHandler(8, 'Undefined offse...', '/home/crfsp010/...', 369, Array)
#1 /home/crfsp010/public_html/eventos/system/CodeIgniter.php(918): App\Controllers\Users->recuperacaoSenha()
#2 /home/crfsp010/public_html/eventos/system/CodeIgniter.php(404): CodeIgniter\CodeIgniter->runController(Object(App\Controllers\Users))
#3 /home/crfsp010/public_html/eventos/system/CodeIgniter.php(312): CodeIgniter\CodeIgniter->handleRequest(NULL, Object(Config\Cache), false)
#4 /home/crfsp010/public_html/eventos/index.php(47): CodeIgniter\CodeIgniter->run()
#5 {main}
CRITICAL - 2022-01-18 08:40:55 --> Undefined offset: 0
#0 /home/crfsp010/public_html/eventos/app/Controllers/Users.php(369): CodeIgniter\Debug\Exceptions->errorHandler(8, 'Undefined offse...', '/home/crfsp010/...', 369, Array)
#1 /home/crfsp010/public_html/eventos/system/CodeIgniter.php(918): App\Controllers\Users->recuperacaoSenha()
#2 /home/crfsp010/public_html/eventos/system/CodeIgniter.php(404): CodeIgniter\CodeIgniter->runController(Object(App\Controllers\Users))
#3 /home/crfsp010/public_html/eventos/system/CodeIgniter.php(312): CodeIgniter\CodeIgniter->handleRequest(NULL, Object(Config\Cache), false)
#4 /home/crfsp010/public_html/eventos/index.php(47): CodeIgniter\CodeIgniter->run()
#5 {main}
CRITICAL - 2022-01-18 08:41:06 --> Undefined offset: 0
#0 /home/crfsp010/public_html/eventos/app/Controllers/Users.php(369): CodeIgniter\Debug\Exceptions->errorHandler(8, 'Undefined offse...', '/home/crfsp010/...', 369, Array)
#1 /home/crfsp010/public_html/eventos/system/CodeIgniter.php(918): App\Controllers\Users->recuperacaoSenha()
#2 /home/crfsp010/public_html/eventos/system/CodeIgniter.php(404): CodeIgniter\CodeIgniter->runController(Object(App\Controllers\Users))
#3 /home/crfsp010/public_html/eventos/system/CodeIgniter.php(312): CodeIgniter\CodeIgniter->handleRequest(NULL, Object(Config\Cache), false)
#4 /home/crfsp010/public_html/eventos/index.php(47): CodeIgniter\CodeIgniter->run()
#5 {main}
CRITICAL - 2022-01-18 09:49:10 --> Undefined offset: 0
#0 /home/crfsp010/public_html/eventos/app/Controllers/Users.php(369): CodeIgniter\Debug\Exceptions->errorHandler(8, 'Undefined offse...', '/home/crfsp010/...', 369, Array)
#1 /home/crfsp010/public_html/eventos/system/CodeIgniter.php(918): App\Controllers\Users->recuperacaoSenha()
#2 /home/crfsp010/public_html/eventos/system/CodeIgniter.php(404): CodeIgniter\CodeIgniter->runController(Object(App\Controllers\Users))
#3 /home/crfsp010/public_html/eventos/system/CodeIgniter.php(312): CodeIgniter\CodeIgniter->handleRequest(NULL, Object(Config\Cache), false)
#4 /home/crfsp010/public_html/eventos/index.php(47): CodeIgniter\CodeIgniter->run()
#5 {main}
CRITICAL - 2022-01-18 09:49:15 --> Undefined offset: 0
#0 /home/crfsp010/public_html/eventos/app/Controllers/Users.php(369): CodeIgniter\Debug\Exceptions->errorHandler(8, 'Undefined offse...', '/home/crfsp010/...', 369, Array)
#1 /home/crfsp010/public_html/eventos/system/CodeIgniter.php(918): App\Controllers\Users->recuperacaoSenha()
#2 /home/crfsp010/public_html/eventos/system/CodeIgniter.php(404): CodeIgniter\CodeIgniter->runController(Object(App\Controllers\Users))
#3 /home/crfsp010/public_html/eventos/system/CodeIgniter.php(312): CodeIgniter\CodeIgniter->handleRequest(NULL, Object(Config\Cache), false)
#4 /home/crfsp010/public_html/eventos/index.php(47): CodeIgniter\CodeIgniter->run()
#5 {main}
CRITICAL - 2022-01-18 09:57:11 --> Undefined offset: 0
#0 /home/crfsp010/public_html/eventos/app/Controllers/Users.php(369): CodeIgniter\Debug\Exceptions->errorHandler(8, 'Undefined offse...', '/home/crfsp010/...', 369, Array)
#1 /home/crfsp010/public_html/eventos/system/CodeIgniter.php(918): App\Controllers\Users->recuperacaoSenha()
#2 /home/crfsp010/public_html/eventos/system/CodeIgniter.php(404): CodeIgniter\CodeIgniter->runController(Object(App\Controllers\Users))
#3 /home/crfsp010/public_html/eventos/system/CodeIgniter.php(312): CodeIgniter\CodeIgniter->handleRequest(NULL, Object(Config\Cache), false)
#4 /home/crfsp010/public_html/eventos/index.php(47): CodeIgniter\CodeIgniter->run()
#5 {main}
CRITICAL - 2022-01-18 10:02:04 --> Undefined offset: 0
#0 /home/crfsp010/public_html/eventos/app/Controllers/Users.php(369): CodeIgniter\Debug\Exceptions->errorHandler(8, 'Undefined offse...', '/home/crfsp010/...', 369, Array)
#1 /home/crfsp010/public_html/eventos/system/CodeIgniter.php(918): App\Controllers\Users->recuperacaoSenha()
#2 /home/crfsp010/public_html/eventos/system/CodeIgniter.php(404): CodeIgniter\CodeIgniter->runController(Object(App\Controllers\Users))
#3 /home/crfsp010/public_html/eventos/system/CodeIgniter.php(312): CodeIgniter\CodeIgniter->handleRequest(NULL, Object(Config\Cache), false)
#4 /home/crfsp010/public_html/eventos/index.php(47): CodeIgniter\CodeIgniter->run()
#5 {main}
CRITICAL - 2022-01-18 10:11:46 --> Undefined offset: 0
#0 /home/crfsp010/public_html/eventos/app/Controllers/Users.php(369): CodeIgniter\Debug\Exceptions->errorHandler(8, 'Undefined offse...', '/home/crfsp010/...', 369, Array)
#1 /home/crfsp010/public_html/eventos/system/CodeIgniter.php(918): App\Controllers\Users->recuperacaoSenha()
#2 /home/crfsp010/public_html/eventos/system/CodeIgniter.php(404): CodeIgniter\CodeIgniter->runController(Object(App\Controllers\Users))
#3 /home/crfsp010/public_html/eventos/system/CodeIgniter.php(312): CodeIgniter\CodeIgniter->handleRequest(NULL, Object(Config\Cache), false)
#4 /home/crfsp010/public_html/eventos/index.php(47): CodeIgniter\CodeIgniter->run()
#5 {main}
CRITICAL - 2022-01-18 10:11:51 --> Undefined offset: 0
#0 /home/crfsp010/public_html/eventos/app/Controllers/Users.php(369): CodeIgniter\Debug\Exceptions->errorHandler(8, 'Undefined offse...', '/home/crfsp010/...', 369, Array)
#1 /home/crfsp010/public_html/eventos/system/CodeIgniter.php(918): App\Controllers\Users->recuperacaoSenha()
#2 /home/crfsp010/public_html/eventos/system/CodeIgniter.php(404): CodeIgniter\CodeIgniter->runController(Object(App\Controllers\Users))
#3 /home/crfsp010/public_html/eventos/system/CodeIgniter.php(312): CodeIgniter\CodeIgniter->handleRequest(NULL, Object(Config\Cache), false)
#4 /home/crfsp010/public_html/eventos/index.php(47): CodeIgniter\CodeIgniter->run()
#5 {main}
CRITICAL - 2022-01-18 10:21:02 --> Undefined offset: 0
#0 /home/crfsp010/public_html/eventos/app/Controllers/Users.php(369): CodeIgniter\Debug\Exceptions->errorHandler(8, 'Undefined offse...', '/home/crfsp010/...', 369, Array)
#1 /home/crfsp010/public_html/eventos/system/CodeIgniter.php(918): App\Controllers\Users->recuperacaoSenha()
#2 /home/crfsp010/public_html/eventos/system/CodeIgniter.php(404): CodeIgniter\CodeIgniter->runController(Object(App\Controllers\Users))
#3 /home/crfsp010/public_html/eventos/system/CodeIgniter.php(312): CodeIgniter\CodeIgniter->handleRequest(NULL, Object(Config\Cache), false)
#4 /home/crfsp010/public_html/eventos/index.php(47): CodeIgniter\CodeIgniter->run()
#5 {main}
CRITICAL - 2022-01-18 11:34:35 --> Undefined offset: 0
#0 /home/crfsp010/public_html/eventos/app/Controllers/Users.php(369): CodeIgniter\Debug\Exceptions->errorHandler(8, 'Undefined offse...', '/home/crfsp010/...', 369, Array)
#1 /home/crfsp010/public_html/eventos/system/CodeIgniter.php(918): App\Controllers\Users->recuperacaoSenha()
#2 /home/crfsp010/public_html/eventos/system/CodeIgniter.php(404): CodeIgniter\CodeIgniter->runController(Object(App\Controllers\Users))
#3 /home/crfsp010/public_html/eventos/system/CodeIgniter.php(312): CodeIgniter\CodeIgniter->handleRequest(NULL, Object(Config\Cache), false)
#4 /home/crfsp010/public_html/eventos/index.php(47): CodeIgniter\CodeIgniter->run()
#5 {main}
CRITICAL - 2022-01-18 11:34:43 --> Undefined offset: 0
#0 /home/crfsp010/public_html/eventos/app/Controllers/Users.php(369): CodeIgniter\Debug\Exceptions->errorHandler(8, 'Undefined offse...', '/home/crfsp010/...', 369, Array)
#1 /home/crfsp010/public_html/eventos/system/CodeIgniter.php(918): App\Controllers\Users->recuperacaoSenha()
#2 /home/crfsp010/public_html/eventos/system/CodeIgniter.php(404): CodeIgniter\CodeIgniter->runController(Object(App\Controllers\Users))
#3 /home/crfsp010/public_html/eventos/system/CodeIgniter.php(312): CodeIgniter\CodeIgniter->handleRequest(NULL, Object(Config\Cache), false)
#4 /home/crfsp010/public_html/eventos/index.php(47): CodeIgniter\CodeIgniter->run()
#5 {main}
CRITICAL - 2022-01-18 11:34:50 --> Undefined offset: 0
#0 /home/crfsp010/public_html/eventos/app/Controllers/Users.php(369): CodeIgniter\Debug\Exceptions->errorHandler(8, 'Undefined offse...', '/home/crfsp010/...', 369, Array)
#1 /home/crfsp010/public_html/eventos/system/CodeIgniter.php(918): App\Controllers\Users->recuperacaoSenha()
#2 /home/crfsp010/public_html/eventos/system/CodeIgniter.php(404): CodeIgniter\CodeIgniter->runController(Object(App\Controllers\Users))
#3 /home/crfsp010/public_html/eventos/system/CodeIgniter.php(312): CodeIgniter\CodeIgniter->handleRequest(NULL, Object(Config\Cache), false)
#4 /home/crfsp010/public_html/eventos/index.php(47): CodeIgniter\CodeIgniter->run()
#5 {main}
CRITICAL - 2022-01-18 12:22:15 --> Undefined offset: 0
#0 /home/crfsp010/public_html/eventos/app/Controllers/Users.php(369): CodeIgniter\Debug\Exceptions->errorHandler(8, 'Undefined offse...', '/home/crfsp010/...', 369, Array)
#1 /home/crfsp010/public_html/eventos/system/CodeIgniter.php(918): App\Controllers\Users->recuperacaoSenha()
#2 /home/crfsp010/public_html/eventos/system/CodeIgniter.php(404): CodeIgniter\CodeIgniter->runController(Object(App\Controllers\Users))
#3 /home/crfsp010/public_html/eventos/system/CodeIgniter.php(312): CodeIgniter\CodeIgniter->handleRequest(NULL, Object(Config\Cache), false)
#4 /home/crfsp010/public_html/eventos/index.php(47): CodeIgniter\CodeIgniter->run()
#5 {main}
CRITICAL - 2022-01-18 12:22:22 --> Undefined offset: 0
#0 /home/crfsp010/public_html/eventos/app/Controllers/Users.php(369): CodeIgniter\Debug\Exceptions->errorHandler(8, 'Undefined offse...', '/home/crfsp010/...', 369, Array)
#1 /home/crfsp010/public_html/eventos/system/CodeIgniter.php(918): App\Controllers\Users->recuperacaoSenha()
#2 /home/crfsp010/public_html/eventos/system/CodeIgniter.php(404): CodeIgniter\CodeIgniter->runController(Object(App\Controllers\Users))
#3 /home/crfsp010/public_html/eventos/system/CodeIgniter.php(312): CodeIgniter\CodeIgniter->handleRequest(NULL, Object(Config\Cache), false)
#4 /home/crfsp010/public_html/eventos/index.php(47): CodeIgniter\CodeIgniter->run()
#5 {main}
CRITICAL - 2022-01-18 12:22:40 --> Undefined offset: 0
#0 /home/crfsp010/public_html/eventos/app/Controllers/Users.php(369): CodeIgniter\Debug\Exceptions->errorHandler(8, 'Undefined offse...', '/home/crfsp010/...', 369, Array)
#1 /home/crfsp010/public_html/eventos/system/CodeIgniter.php(918): App\Controllers\Users->recuperacaoSenha()
#2 /home/crfsp010/public_html/eventos/system/CodeIgniter.php(404): CodeIgniter\CodeIgniter->runController(Object(App\Controllers\Users))
#3 /home/crfsp010/public_html/eventos/system/CodeIgniter.php(312): CodeIgniter\CodeIgniter->handleRequest(NULL, Object(Config\Cache), false)
#4 /home/crfsp010/public_html/eventos/index.php(47): CodeIgniter\CodeIgniter->run()
#5 {main}
CRITICAL - 2022-01-18 12:30:21 --> Undefined offset: 0
#0 /home/crfsp010/public_html/eventos/app/Controllers/Users.php(369): CodeIgniter\Debug\Exceptions->errorHandler(8, 'Undefined offse...', '/home/crfsp010/...', 369, Array)
#1 /home/crfsp010/public_html/eventos/system/CodeIgniter.php(918): App\Controllers\Users->recuperacaoSenha()
#2 /home/crfsp010/public_html/eventos/system/CodeIgniter.php(404): CodeIgniter\CodeIgniter->runController(Object(App\Controllers\Users))
#3 /home/crfsp010/public_html/eventos/system/CodeIgniter.php(312): CodeIgniter\CodeIgniter->handleRequest(NULL, Object(Config\Cache), false)
#4 /home/crfsp010/public_html/eventos/index.php(47): CodeIgniter\CodeIgniter->run()
#5 {main}
CRITICAL - 2022-01-18 12:32:29 --> Undefined offset: 0
#0 /home/crfsp010/public_html/eventos/app/Controllers/Users.php(369): CodeIgniter\Debug\Exceptions->errorHandler(8, 'Undefined offse...', '/home/crfsp010/...', 369, Array)
#1 /home/crfsp010/public_html/eventos/system/CodeIgniter.php(918): App\Controllers\Users->recuperacaoSenha()
#2 /home/crfsp010/public_html/eventos/system/CodeIgniter.php(404): CodeIgniter\CodeIgniter->runController(Object(App\Controllers\Users))
#3 /home/crfsp010/public_html/eventos/system/CodeIgniter.php(312): CodeIgniter\CodeIgniter->handleRequest(NULL, Object(Config\Cache), false)
#4 /home/crfsp010/public_html/eventos/index.php(47): CodeIgniter\CodeIgniter->run()
#5 {main}
CRITICAL - 2022-01-18 12:32:37 --> Undefined offset: 0
#0 /home/crfsp010/public_html/eventos/app/Controllers/Users.php(369): CodeIgniter\Debug\Exceptions->errorHandler(8, 'Undefined offse...', '/home/crfsp010/...', 369, Array)
#1 /home/crfsp010/public_html/eventos/system/CodeIgniter.php(918): App\Controllers\Users->recuperacaoSenha()
#2 /home/crfsp010/public_html/eventos/system/CodeIgniter.php(404): CodeIgniter\CodeIgniter->runController(Object(App\Controllers\Users))
#3 /home/crfsp010/public_html/eventos/system/CodeIgniter.php(312): CodeIgniter\CodeIgniter->handleRequest(NULL, Object(Config\Cache), false)
#4 /home/crfsp010/public_html/eventos/index.php(47): CodeIgniter\CodeIgniter->run()
#5 {main}
CRITICAL - 2022-01-18 13:06:54 --> Undefined offset: 0
#0 /home/crfsp010/public_html/eventos/app/Controllers/Users.php(369): CodeIgniter\Debug\Exceptions->errorHandler(8, 'Undefined offse...', '/home/crfsp010/...', 369, Array)
#1 /home/crfsp010/public_html/eventos/system/CodeIgniter.php(918): App\Controllers\Users->recuperacaoSenha()
#2 /home/crfsp010/public_html/eventos/system/CodeIgniter.php(404): CodeIgniter\CodeIgniter->runController(Object(App\Controllers\Users))
#3 /home/crfsp010/public_html/eventos/system/CodeIgniter.php(312): CodeIgniter\CodeIgniter->handleRequest(NULL, Object(Config\Cache), false)
#4 /home/crfsp010/public_html/eventos/index.php(47): CodeIgniter\CodeIgniter->run()
#5 {main}
CRITICAL - 2022-01-18 13:25:43 --> Undefined offset: 0
#0 /home/crfsp010/public_html/eventos/app/Controllers/Users.php(369): CodeIgniter\Debug\Exceptions->errorHandler(8, 'Undefined offse...', '/home/crfsp010/...', 369, Array)
#1 /home/crfsp010/public_html/eventos/system/CodeIgniter.php(918): App\Controllers\Users->recuperacaoSenha()
#2 /home/crfsp010/public_html/eventos/system/CodeIgniter.php(404): CodeIgniter\CodeIgniter->runController(Object(App\Controllers\Users))
#3 /home/crfsp010/public_html/eventos/system/CodeIgniter.php(312): CodeIgniter\CodeIgniter->handleRequest(NULL, Object(Config\Cache), false)
#4 /home/crfsp010/public_html/eventos/index.php(47): CodeIgniter\CodeIgniter->run()
#5 {main}
CRITICAL - 2022-01-18 13:46:09 --> unlink(/home/crfsp010/public_html/eventos/writable/debugbar/debugbar_1642523952.json): No such file or directory
#0 [internal function]: CodeIgniter\Debug\Exceptions->errorHandler(2, 'unlink(/home/cr...', '/home/crfsp010/...', 106, Array)
#1 /home/crfsp010/public_html/eventos/system/Debug/Toolbar/Collectors/History.php(106): unlink('/home/crfsp010/...')
#2 /home/crfsp010/public_html/eventos/system/Debug/Toolbar.php(483): CodeIgniter\Debug\Toolbar\Collectors\History->setFiles(1642524368, 20)
#3 /home/crfsp010/public_html/eventos/system/Debug/Toolbar.php(455): CodeIgniter\Debug\Toolbar->format(Array, 'html')
#4 /home/crfsp010/public_html/eventos/app/Config/Events.php(50): CodeIgniter\Debug\Toolbar->respond()
#5 [internal function]: CodeIgniter\Events\Events::Config\{closure}()
#6 /home/crfsp010/public_html/eventos/system/Events/Events.php(188): call_user_func(Object(Closure))
#7 /home/crfsp010/public_html/eventos/system/CodeIgniter.php(293): CodeIgniter\Events\Events::trigger('pre_system')
#8 /home/crfsp010/public_html/eventos/index.php(47): CodeIgniter\CodeIgniter->run()
#9 {main}
CRITICAL - 2022-01-18 15:26:53 --> Undefined offset: 0
#0 /home/crfsp010/public_html/eventos/app/Controllers/Users.php(369): CodeIgniter\Debug\Exceptions->errorHandler(8, 'Undefined offse...', '/home/crfsp010/...', 369, Array)
#1 /home/crfsp010/public_html/eventos/system/CodeIgniter.php(918): App\Controllers\Users->recuperacaoSenha()
#2 /home/crfsp010/public_html/eventos/system/CodeIgniter.php(404): CodeIgniter\CodeIgniter->runController(Object(App\Controllers\Users))
#3 /home/crfsp010/public_html/eventos/system/CodeIgniter.php(312): CodeIgniter\CodeIgniter->handleRequest(NULL, Object(Config\Cache), false)
#4 /home/crfsp010/public_html/eventos/index.php(47): CodeIgniter\CodeIgniter->run()
#5 {main}
CRITICAL - 2022-01-18 15:27:05 --> Undefined offset: 0
#0 /home/crfsp010/public_html/eventos/app/Controllers/Users.php(369): CodeIgniter\Debug\Exceptions->errorHandler(8, 'Undefined offse...', '/home/crfsp010/...', 369, Array)
#1 /home/crfsp010/public_html/eventos/system/CodeIgniter.php(918): App\Controllers\Users->recuperacaoSenha()
#2 /home/crfsp010/public_html/eventos/system/CodeIgniter.php(404): CodeIgniter\CodeIgniter->runController(Object(App\Controllers\Users))
#3 /home/crfsp010/public_html/eventos/system/CodeIgniter.php(312): CodeIgniter\CodeIgniter->handleRequest(NULL, Object(Config\Cache), false)
#4 /home/crfsp010/public_html/eventos/index.php(47): CodeIgniter\CodeIgniter->run()
#5 {main}
CRITICAL - 2022-01-18 15:27:11 --> Undefined offset: 0
#0 /home/crfsp010/public_html/eventos/app/Controllers/Users.php(369): CodeIgniter\Debug\Exceptions->errorHandler(8, 'Undefined offse...', '/home/crfsp010/...', 369, Array)
#1 /home/crfsp010/public_html/eventos/system/CodeIgniter.php(918): App\Controllers\Users->recuperacaoSenha()
#2 /home/crfsp010/public_html/eventos/system/CodeIgniter.php(404): CodeIgniter\CodeIgniter->runController(Object(App\Controllers\Users))
#3 /home/crfsp010/public_html/eventos/system/CodeIgniter.php(312): CodeIgniter\CodeIgniter->handleRequest(NULL, Object(Config\Cache), false)
#4 /home/crfsp010/public_html/eventos/index.php(47): CodeIgniter\CodeIgniter->run()
#5 {main}
CRITICAL - 2022-01-18 16:37:27 --> Undefined offset: 0
#0 /home/crfsp010/public_html/eventos/app/Controllers/Users.php(369): CodeIgniter\Debug\Exceptions->errorHandler(8, 'Undefined offse...', '/home/crfsp010/...', 369, Array)
#1 /home/crfsp010/public_html/eventos/system/CodeIgniter.php(918): App\Controllers\Users->recuperacaoSenha()
#2 /home/crfsp010/public_html/eventos/system/CodeIgniter.php(404): CodeIgniter\CodeIgniter->runController(Object(App\Controllers\Users))
#3 /home/crfsp010/public_html/eventos/system/CodeIgniter.php(312): CodeIgniter\CodeIgniter->handleRequest(NULL, Object(Config\Cache), false)
#4 /home/crfsp010/public_html/eventos/index.php(47): CodeIgniter\CodeIgniter->run()
#5 {main}
CRITICAL - 2022-01-18 17:26:16 --> Undefined offset: 0
#0 /home/crfsp010/public_html/eventos/app/Controllers/Users.php(369): CodeIgniter\Debug\Exceptions->errorHandler(8, 'Undefined offse...', '/home/crfsp010/...', 369, Array)
#1 /home/crfsp010/public_html/eventos/system/CodeIgniter.php(918): App\Controllers\Users->recuperacaoSenha()
#2 /home/crfsp010/public_html/eventos/system/CodeIgniter.php(404): CodeIgniter\CodeIgniter->runController(Object(App\Controllers\Users))
#3 /home/crfsp010/public_html/eventos/system/CodeIgniter.php(312): CodeIgniter\CodeIgniter->handleRequest(NULL, Object(Config\Cache), false)
#4 /home/crfsp010/public_html/eventos/index.php(47): CodeIgniter\CodeIgniter->run()
#5 {main}
CRITICAL - 2022-01-18 17:52:25 --> Undefined offset: 0
#0 /home/crfsp010/public_html/eventos/app/Controllers/Users.php(369): CodeIgniter\Debug\Exceptions->errorHandler(8, 'Undefined offse...', '/home/crfsp010/...', 369, Array)
#1 /home/crfsp010/public_html/eventos/system/CodeIgniter.php(918): App\Controllers\Users->recuperacaoSenha()
#2 /home/crfsp010/public_html/eventos/system/CodeIgniter.php(404): CodeIgniter\CodeIgniter->runController(Object(App\Controllers\Users))
#3 /home/crfsp010/public_html/eventos/system/CodeIgniter.php(312): CodeIgniter\CodeIgniter->handleRequest(NULL, Object(Config\Cache), false)
#4 /home/crfsp010/public_html/eventos/index.php(47): CodeIgniter\CodeIgniter->run()
#5 {main}
CRITICAL - 2022-01-18 18:01:25 --> Undefined offset: 0
#0 /home/crfsp010/public_html/eventos/app/Controllers/Users.php(369): CodeIgniter\Debug\Exceptions->errorHandler(8, 'Undefined offse...', '/home/crfsp010/...', 369, Array)
#1 /home/crfsp010/public_html/eventos/system/CodeIgniter.php(918): App\Controllers\Users->recuperacaoSenha()
#2 /home/crfsp010/public_html/eventos/system/CodeIgniter.php(404): CodeIgniter\CodeIgniter->runController(Object(App\Controllers\Users))
#3 /home/crfsp010/public_html/eventos/system/CodeIgniter.php(312): CodeIgniter\CodeIgniter->handleRequest(NULL, Object(Config\Cache), false)
#4 /home/crfsp010/public_html/eventos/index.php(47): CodeIgniter\CodeIgniter->run()
#5 {main}
CRITICAL - 2022-01-18 18:41:04 --> Undefined offset: 0
#0 /home/crfsp010/public_html/eventos/app/Controllers/Users.php(369): CodeIgniter\Debug\Exceptions->errorHandler(8, 'Undefined offse...', '/home/crfsp010/...', 369, Array)
#1 /home/crfsp010/public_html/eventos/system/CodeIgniter.php(918): App\Controllers\Users->recuperacaoSenha()
#2 /home/crfsp010/public_html/eventos/system/CodeIgniter.php(404): CodeIgniter\CodeIgniter->runController(Object(App\Controllers\Users))
#3 /home/crfsp010/public_html/eventos/system/CodeIgniter.php(312): CodeIgniter\CodeIgniter->handleRequest(NULL, Object(Config\Cache), false)
#4 /home/crfsp010/public_html/eventos/index.php(47): CodeIgniter\CodeIgniter->run()
#5 {main}
CRITICAL - 2022-01-18 18:41:16 --> Undefined offset: 0
#0 /home/crfsp010/public_html/eventos/app/Controllers/Users.php(369): CodeIgniter\Debug\Exceptions->errorHandler(8, 'Undefined offse...', '/home/crfsp010/...', 369, Array)
#1 /home/crfsp010/public_html/eventos/system/CodeIgniter.php(918): App\Controllers\Users->recuperacaoSenha()
#2 /home/crfsp010/public_html/eventos/system/CodeIgniter.php(404): CodeIgniter\CodeIgniter->runController(Object(App\Controllers\Users))
#3 /home/crfsp010/public_html/eventos/system/CodeIgniter.php(312): CodeIgniter\CodeIgniter->handleRequest(NULL, Object(Config\Cache), false)
#4 /home/crfsp010/public_html/eventos/index.php(47): CodeIgniter\CodeIgniter->run()
#5 {main}
CRITICAL - 2022-01-18 18:43:48 --> Undefined offset: 0
#0 /home/crfsp010/public_html/eventos/app/Controllers/Users.php(369): CodeIgniter\Debug\Exceptions->errorHandler(8, 'Undefined offse...', '/home/crfsp010/...', 369, Array)
#1 /home/crfsp010/public_html/eventos/system/CodeIgniter.php(918): App\Controllers\Users->recuperacaoSenha()
#2 /home/crfsp010/public_html/eventos/system/CodeIgniter.php(404): CodeIgniter\CodeIgniter->runController(Object(App\Controllers\Users))
#3 /home/crfsp010/public_html/eventos/system/CodeIgniter.php(312): CodeIgniter\CodeIgniter->handleRequest(NULL, Object(Config\Cache), false)
#4 /home/crfsp010/public_html/eventos/index.php(47): CodeIgniter\CodeIgniter->run()
#5 {main}
CRITICAL - 2022-01-18 18:46:01 --> Undefined offset: 0
#0 /home/crfsp010/public_html/eventos/app/Controllers/Users.php(369): CodeIgniter\Debug\Exceptions->errorHandler(8, 'Undefined offse...', '/home/crfsp010/...', 369, Array)
#1 /home/crfsp010/public_html/eventos/system/CodeIgniter.php(918): App\Controllers\Users->recuperacaoSenha()
#2 /home/crfsp010/public_html/eventos/system/CodeIgniter.php(404): CodeIgniter\CodeIgniter->runController(Object(App\Controllers\Users))
#3 /home/crfsp010/public_html/eventos/system/CodeIgniter.php(312): CodeIgniter\CodeIgniter->handleRequest(NULL, Object(Config\Cache), false)
#4 /home/crfsp010/public_html/eventos/index.php(47): CodeIgniter\CodeIgniter->run()
#5 {main}
CRITICAL - 2022-01-18 19:04:45 --> Undefined offset: 0
#0 /home/crfsp010/public_html/eventos/app/Controllers/Users.php(369): CodeIgniter\Debug\Exceptions->errorHandler(8, 'Undefined offse...', '/home/crfsp010/...', 369, Array)
#1 /home/crfsp010/public_html/eventos/system/CodeIgniter.php(918): App\Controllers\Users->recuperacaoSenha()
#2 /home/crfsp010/public_html/eventos/system/CodeIgniter.php(404): CodeIgniter\CodeIgniter->runController(Object(App\Controllers\Users))
#3 /home/crfsp010/public_html/eventos/system/CodeIgniter.php(312): CodeIgniter\CodeIgniter->handleRequest(NULL, Object(Config\Cache), false)
#4 /home/crfsp010/public_html/eventos/index.php(47): CodeIgniter\CodeIgniter->run()
#5 {main}
CRITICAL - 2022-01-18 19:04:51 --> Undefined offset: 0
#0 /home/crfsp010/public_html/eventos/app/Controllers/Users.php(369): CodeIgniter\Debug\Exceptions->errorHandler(8, 'Undefined offse...', '/home/crfsp010/...', 369, Array)
#1 /home/crfsp010/public_html/eventos/system/CodeIgniter.php(918): App\Controllers\Users->recuperacaoSenha()
#2 /home/crfsp010/public_html/eventos/system/CodeIgniter.php(404): CodeIgniter\CodeIgniter->runController(Object(App\Controllers\Users))
#3 /home/crfsp010/public_html/eventos/system/CodeIgniter.php(312): CodeIgniter\CodeIgniter->handleRequest(NULL, Object(Config\Cache), false)
#4 /home/crfsp010/public_html/eventos/index.php(47): CodeIgniter\CodeIgniter->run()
#5 {main}
CRITICAL - 2022-01-18 19:05:01 --> Undefined offset: 0
#0 /home/crfsp010/public_html/eventos/app/Controllers/Users.php(369): CodeIgniter\Debug\Exceptions->errorHandler(8, 'Undefined offse...', '/home/crfsp010/...', 369, Array)
#1 /home/crfsp010/public_html/eventos/system/CodeIgniter.php(918): App\Controllers\Users->recuperacaoSenha()
#2 /home/crfsp010/public_html/eventos/system/CodeIgniter.php(404): CodeIgniter\CodeIgniter->runController(Object(App\Controllers\Users))
#3 /home/crfsp010/public_html/eventos/system/CodeIgniter.php(312): CodeIgniter\CodeIgniter->handleRequest(NULL, Object(Config\Cache), false)
#4 /home/crfsp010/public_html/eventos/index.php(47): CodeIgniter\CodeIgniter->run()
#5 {main}
CRITICAL - 2022-01-18 21:26:46 --> Undefined offset: 0
#0 /home/crfsp010/public_html/eventos/app/Controllers/Users.php(369): CodeIgniter\Debug\Exceptions->errorHandler(8, 'Undefined offse...', '/home/crfsp010/...', 369, Array)
#1 /home/crfsp010/public_html/eventos/system/CodeIgniter.php(918): App\Controllers\Users->recuperacaoSenha()
#2 /home/crfsp010/public_html/eventos/system/CodeIgniter.php(404): CodeIgniter\CodeIgniter->runController(Object(App\Controllers\Users))
#3 /home/crfsp010/public_html/eventos/system/CodeIgniter.php(312): CodeIgniter\CodeIgniter->handleRequest(NULL, Object(Config\Cache), false)
#4 /home/crfsp010/public_html/eventos/index.php(47): CodeIgniter\CodeIgniter->run()
#5 {main}
CRITICAL - 2022-01-18 21:44:10 --> Undefined offset: 0
#0 /home/crfsp010/public_html/eventos/app/Controllers/Users.php(369): CodeIgniter\Debug\Exceptions->errorHandler(8, 'Undefined offse...', '/home/crfsp010/...', 369, Array)
#1 /home/crfsp010/public_html/eventos/system/CodeIgniter.php(918): App\Controllers\Users->recuperacaoSenha()
#2 /home/crfsp010/public_html/eventos/system/CodeIgniter.php(404): CodeIgniter\CodeIgniter->runController(Object(App\Controllers\Users))
#3 /home/crfsp010/public_html/eventos/system/CodeIgniter.php(312): CodeIgniter\CodeIgniter->handleRequest(NULL, Object(Config\Cache), false)
#4 /home/crfsp010/public_html/eventos/index.php(47): CodeIgniter\CodeIgniter->run()
#5 {main}
CRITICAL - 2022-01-18 21:45:57 --> Undefined offset: 0
#0 /home/crfsp010/public_html/eventos/app/Controllers/Users.php(369): CodeIgniter\Debug\Exceptions->errorHandler(8, 'Undefined offse...', '/home/crfsp010/...', 369, Array)
#1 /home/crfsp010/public_html/eventos/system/CodeIgniter.php(918): App\Controllers\Users->recuperacaoSenha()
#2 /home/crfsp010/public_html/eventos/system/CodeIgniter.php(404): CodeIgniter\CodeIgniter->runController(Object(App\Controllers\Users))
#3 /home/crfsp010/public_html/eventos/system/CodeIgniter.php(312): CodeIgniter\CodeIgniter->handleRequest(NULL, Object(Config\Cache), false)
#4 /home/crfsp010/public_html/eventos/index.php(47): CodeIgniter\CodeIgniter->run()
#5 {main}
CRITICAL - 2022-01-18 21:46:09 --> Undefined offset: 0
#0 /home/crfsp010/public_html/eventos/app/Controllers/Users.php(369): CodeIgniter\Debug\Exceptions->errorHandler(8, 'Undefined offse...', '/home/crfsp010/...', 369, Array)
#1 /home/crfsp010/public_html/eventos/system/CodeIgniter.php(918): App\Controllers\Users->recuperacaoSenha()
#2 /home/crfsp010/public_html/eventos/system/CodeIgniter.php(404): CodeIgniter\CodeIgniter->runController(Object(App\Controllers\Users))
#3 /home/crfsp010/public_html/eventos/system/CodeIgniter.php(312): CodeIgniter\CodeIgniter->handleRequest(NULL, Object(Config\Cache), false)
#4 /home/crfsp010/public_html/eventos/index.php(47): CodeIgniter\CodeIgniter->run()
#5 {main}
CRITICAL - 2022-01-18 21:46:38 --> Undefined offset: 0
#0 /home/crfsp010/public_html/eventos/app/Controllers/Users.php(369): CodeIgniter\Debug\Exceptions->errorHandler(8, 'Undefined offse...', '/home/crfsp010/...', 369, Array)
#1 /home/crfsp010/public_html/eventos/system/CodeIgniter.php(918): App\Controllers\Users->recuperacaoSenha()
#2 /home/crfsp010/public_html/eventos/system/CodeIgniter.php(404): CodeIgniter\CodeIgniter->runController(Object(App\Controllers\Users))
#3 /home/crfsp010/public_html/eventos/system/CodeIgniter.php(312): CodeIgniter\CodeIgniter->handleRequest(NULL, Object(Config\Cache), false)
#4 /home/crfsp010/public_html/eventos/index.php(47): CodeIgniter\CodeIgniter->run()
#5 {main}
