CRITICAL - 2022-02-04 14:50:16 --> unlink(/home/crfsp010/public_html/eventos/writable/debugbar/debugbar_1642767523.json): No such file or directory
#0 [internal function]: CodeIgniter\Debug\Exceptions->errorHandler(2, 'unlink(/home/cr...', '/home/crfsp010/...', 106, Array)
#1 /home/crfsp010/public_html/eventos/system/Debug/Toolbar/Collectors/History.php(106): unlink('/home/crfsp010/...')
#2 /home/crfsp010/public_html/eventos/system/Debug/Toolbar.php(483): CodeIgniter\Debug\Toolbar\Collectors\History->setFiles(1643997014, 20)
#3 /home/crfsp010/public_html/eventos/system/Debug/Toolbar.php(455): CodeIgniter\Debug\Toolbar->format(Array, 'html')
#4 /home/crfsp010/public_html/eventos/app/Config/Events.php(50): CodeIgniter\Debug\Toolbar->respond()
#5 [internal function]: CodeIgniter\Events\Events::Config\{closure}()
#6 /home/crfsp010/public_html/eventos/system/Events/Events.php(188): call_user_func(Object(Closure))
#7 /home/crfsp010/public_html/eventos/system/CodeIgniter.php(293): CodeIgniter\Events\Events::trigger('pre_system')
#8 /home/crfsp010/public_html/eventos/index.php(47): CodeIgniter\CodeIgniter->run()
#9 {main}
CRITICAL - 2022-02-04 14:51:40 --> Class 'App\Models\CampanhaModel' not found
#0 /home/crfsp010/public_html/eventos/system/CodeIgniter.php(918): App\Controllers\Campanhas->listar()
#1 /home/crfsp010/public_html/eventos/system/CodeIgniter.php(404): CodeIgniter\CodeIgniter->runController(Object(App\Controllers\Campanhas))
#2 /home/crfsp010/public_html/eventos/system/CodeIgniter.php(312): CodeIgniter\CodeIgniter->handleRequest(NULL, Object(Config\Cache), false)
#3 /home/crfsp010/public_html/eventos/index.php(47): CodeIgniter\CodeIgniter->run()
#4 {main}
ERROR - 2022-02-04 14:51:52 --> mysqli_sql_exception: Table 'crfsp010_eventos.campanhas' doesn't exist in /home/crfsp010/public_html/eventos/system/Database/MySQLi/Connection.php:331
Stack trace:
#0 /home/crfsp010/public_html/eventos/system/Database/MySQLi/Connection.php(331): mysqli->query('SELECT *\nFROM `...')
#1 /home/crfsp010/public_html/eventos/system/Database/BaseConnection.php(741): CodeIgniter\Database\MySQLi\Connection->execute('SELECT *\nFROM `...')
#2 /home/crfsp010/public_html/eventos/system/Database/BaseConnection.php(669): CodeIgniter\Database\BaseConnection->simpleQuery('SELECT *\nFROM `...')
#3 /home/crfsp010/public_html/eventos/system/Database/BaseBuilder.php(1860): CodeIgniter\Database\BaseConnection->query('SELECT *\nFROM `...', Array, false)
#4 /home/crfsp010/public_html/eventos/system/Model.php(462): CodeIgniter\Database\BaseBuilder->get()
#5 /home/crfsp010/public_html/eventos/app/Controllers/Campanhas.php(27): CodeIgniter\Model->findAll()
#6 /home/crfsp010/public_html/eventos/system/CodeIgniter.php(918): App\Controllers\Campanhas->listar()
#7 /home/crfsp010/public_html/eventos/system/CodeIgniter.php(404): CodeIgniter\CodeIgniter->runController(Object(App\Controllers\Campanhas))
#8 /home/crfsp010/public_html/eventos/system/CodeIgniter.php(312): CodeIgniter\CodeIgniter->handleRequest(NULL, Object(Config\Cache), false)
#9 /home/crfsp010/public_html/eventos/index.php(47): CodeIgniter\CodeIgniter->run()
#10 {main}
CRITICAL - 2022-02-04 14:51:52 --> Table 'crfsp010_eventos.campanhas' doesn't exist
#0 /home/crfsp010/public_html/eventos/system/Database/MySQLi/Connection.php(331): mysqli->query('SELECT *\nFROM `...')
#1 /home/crfsp010/public_html/eventos/system/Database/BaseConnection.php(741): CodeIgniter\Database\MySQLi\Connection->execute('SELECT *\nFROM `...')
#2 /home/crfsp010/public_html/eventos/system/Database/BaseConnection.php(669): CodeIgniter\Database\BaseConnection->simpleQuery('SELECT *\nFROM `...')
#3 /home/crfsp010/public_html/eventos/system/Database/BaseBuilder.php(1860): CodeIgniter\Database\BaseConnection->query('SELECT *\nFROM `...', Array, false)
#4 /home/crfsp010/public_html/eventos/system/Model.php(462): CodeIgniter\Database\BaseBuilder->get()
#5 /home/crfsp010/public_html/eventos/app/Controllers/Campanhas.php(27): CodeIgniter\Model->findAll()
#6 /home/crfsp010/public_html/eventos/system/CodeIgniter.php(918): App\Controllers\Campanhas->listar()
#7 /home/crfsp010/public_html/eventos/system/CodeIgniter.php(404): CodeIgniter\CodeIgniter->runController(Object(App\Controllers\Campanhas))
#8 /home/crfsp010/public_html/eventos/system/CodeIgniter.php(312): CodeIgniter\CodeIgniter->handleRequest(NULL, Object(Config\Cache), false)
#9 /home/crfsp010/public_html/eventos/index.php(47): CodeIgniter\CodeIgniter->run()
#10 {main}
CRITICAL - 2022-02-04 14:54:21 --> Trying to access array offset on value of type null
#0 /home/crfsp010/public_html/eventos/app/Controllers/Campanhas.php(234): CodeIgniter\Debug\Exceptions->errorHandler(8, 'Trying to acces...', '/home/crfsp010/...', 234, Array)
#1 /home/crfsp010/public_html/eventos/system/CodeIgniter.php(918): App\Controllers\Campanhas->visualizar()
#2 /home/crfsp010/public_html/eventos/system/CodeIgniter.php(404): CodeIgniter\CodeIgniter->runController(Object(App\Controllers\Campanhas))
#3 /home/crfsp010/public_html/eventos/system/CodeIgniter.php(312): CodeIgniter\CodeIgniter->handleRequest(NULL, Object(Config\Cache), false)
#4 /home/crfsp010/public_html/eventos/index.php(47): CodeIgniter\CodeIgniter->run()
#5 {main}
CRITICAL - 2022-02-04 14:58:48 --> Object of class stdClass could not be converted to string
#0 /home/crfsp010/public_html/eventos/app/Controllers/PdfController.php(287): str_replace('[@0]', Object(stdClass), '<p>Prezado(a) [...')
#1 /home/crfsp010/public_html/eventos/app/Controllers/Campanhas.php(267): App\Controllers\PdfController->enviarCampanha(Array)
#2 /home/crfsp010/public_html/eventos/system/CodeIgniter.php(918): App\Controllers\Campanhas->enviar()
#3 /home/crfsp010/public_html/eventos/system/CodeIgniter.php(404): CodeIgniter\CodeIgniter->runController(Object(App\Controllers\Campanhas))
#4 /home/crfsp010/public_html/eventos/system/CodeIgniter.php(312): CodeIgniter\CodeIgniter->handleRequest(NULL, Object(Config\Cache), false)
#5 /home/crfsp010/public_html/eventos/index.php(47): CodeIgniter\CodeIgniter->run()
#6 {main}
CRITICAL - 2022-02-04 16:12:49 --> syntax error, unexpected '->' (T_OBJECT_OPERATOR), expecting identifier (T_STRING) or variable (T_VARIABLE) or '{' or '$'
#0 /home/crfsp010/public_html/eventos/system/Autoloader/Autoloader.php(296): CodeIgniter\Autoloader\Autoloader->requireFile('/home/crfsp010/...')
#1 /home/crfsp010/public_html/eventos/system/Autoloader/Autoloader.php(258): CodeIgniter\Autoloader\Autoloader->loadInNamespace('App\\Controllers...')
#2 [internal function]: CodeIgniter\Autoloader\Autoloader->loadClass('App\\Controllers...')
#3 /home/crfsp010/public_html/eventos/app/Controllers/Campanhas.php(265): spl_autoload_call('App\\Controllers...')
#4 /home/crfsp010/public_html/eventos/system/CodeIgniter.php(918): App\Controllers\Campanhas->enviar()
#5 /home/crfsp010/public_html/eventos/system/CodeIgniter.php(404): CodeIgniter\CodeIgniter->runController(Object(App\Controllers\Campanhas))
#6 /home/crfsp010/public_html/eventos/system/CodeIgniter.php(312): CodeIgniter\CodeIgniter->handleRequest(NULL, Object(Config\Cache), false)
#7 /home/crfsp010/public_html/eventos/index.php(47): CodeIgniter\CodeIgniter->run()
#8 {main}
CRITICAL - 2022-02-04 16:13:12 --> Call to undefined method CodeIgniter\Email\Email::clearAttachments()
#0 /home/crfsp010/public_html/eventos/app/Controllers/Campanhas.php(267): App\Controllers\PdfController->enviarCampanha(Array)
#1 /home/crfsp010/public_html/eventos/system/CodeIgniter.php(918): App\Controllers\Campanhas->enviar()
#2 /home/crfsp010/public_html/eventos/system/CodeIgniter.php(404): CodeIgniter\CodeIgniter->runController(Object(App\Controllers\Campanhas))
#3 /home/crfsp010/public_html/eventos/system/CodeIgniter.php(312): CodeIgniter\CodeIgniter->handleRequest(NULL, Object(Config\Cache), false)
#4 /home/crfsp010/public_html/eventos/index.php(47): CodeIgniter\CodeIgniter->run()
#5 {main}
