CRITICAL - 2021-08-23 09:19:05 --> Illegal string offset 'tipo'
#0 /home/crfsp010/public_html/eventos/app/Views/editarAtividades.php(158): CodeIgniter\Debug\Exceptions->errorHandler(2, 'Illegal string ...', '/home/crfsp010/...', 158, Array)
#1 /home/crfsp010/public_html/eventos/system/View/View.php(246): include('/home/crfsp010/...')
#2 /home/crfsp010/public_html/eventos/system/Common.php(1119): CodeIgniter\View\View->render('editarAtividade...', Array, true)
#3 /home/crfsp010/public_html/eventos/app/Controllers/Atividades.php(195): view('editarAtividade...', Array)
#4 /home/crfsp010/public_html/eventos/system/CodeIgniter.php(918): App\Controllers\Atividades->editarAtividades()
#5 /home/crfsp010/public_html/eventos/system/CodeIgniter.php(404): CodeIgniter\CodeIgniter->runController(Object(App\Controllers\Atividades))
#6 /home/crfsp010/public_html/eventos/system/CodeIgniter.php(312): CodeIgniter\CodeIgniter->handleRequest(NULL, Object(Config\Cache), false)
#7 /home/crfsp010/public_html/eventos/index.php(47): CodeIgniter\CodeIgniter->run()
#8 {main}
CRITICAL - 2021-08-23 09:19:32 --> Illegal string offset 'type'
#0 /home/crfsp010/public_html/eventos/app/Views/editarUser.php(216): CodeIgniter\Debug\Exceptions->errorHandler(2, 'Illegal string ...', '/home/crfsp010/...', 216, Array)
#1 /home/crfsp010/public_html/eventos/system/View/View.php(246): include('/home/crfsp010/...')
#2 /home/crfsp010/public_html/eventos/system/Common.php(1119): CodeIgniter\View\View->render('editarUser', Array, true)
#3 /home/crfsp010/public_html/eventos/app/Controllers/Users.php(464): view('editarUser', Array)
#4 /home/crfsp010/public_html/eventos/system/CodeIgniter.php(918): App\Controllers\Users->editarUser()
#5 /home/crfsp010/public_html/eventos/system/CodeIgniter.php(404): CodeIgniter\CodeIgniter->runController(Object(App\Controllers\Users))
#6 /home/crfsp010/public_html/eventos/system/CodeIgniter.php(312): CodeIgniter\CodeIgniter->handleRequest(NULL, Object(Config\Cache), false)
#7 /home/crfsp010/public_html/eventos/index.php(47): CodeIgniter\CodeIgniter->run()
#8 {main}
CRITICAL - 2021-08-23 09:20:08 --> Illegal string offset 'type'
#0 /home/crfsp010/public_html/eventos/app/Views/editarUser.php(216): CodeIgniter\Debug\Exceptions->errorHandler(2, 'Illegal string ...', '/home/crfsp010/...', 216, Array)
#1 /home/crfsp010/public_html/eventos/system/View/View.php(246): include('/home/crfsp010/...')
#2 /home/crfsp010/public_html/eventos/system/Common.php(1119): CodeIgniter\View\View->render('editarUser', Array, true)
#3 /home/crfsp010/public_html/eventos/app/Controllers/Users.php(464): view('editarUser', Array)
#4 /home/crfsp010/public_html/eventos/system/CodeIgniter.php(918): App\Controllers\Users->editarUser()
#5 /home/crfsp010/public_html/eventos/system/CodeIgniter.php(404): CodeIgniter\CodeIgniter->runController(Object(App\Controllers\Users))
#6 /home/crfsp010/public_html/eventos/system/CodeIgniter.php(312): CodeIgniter\CodeIgniter->handleRequest(NULL, Object(Config\Cache), false)
#7 /home/crfsp010/public_html/eventos/index.php(47): CodeIgniter\CodeIgniter->run()
#8 {main}
CRITICAL - 2021-08-23 09:20:17 --> Illegal string offset 'tipo'
#0 /home/crfsp010/public_html/eventos/app/Views/editarAtividades.php(158): CodeIgniter\Debug\Exceptions->errorHandler(2, 'Illegal string ...', '/home/crfsp010/...', 158, Array)
#1 /home/crfsp010/public_html/eventos/system/View/View.php(246): include('/home/crfsp010/...')
#2 /home/crfsp010/public_html/eventos/system/Common.php(1119): CodeIgniter\View\View->render('editarAtividade...', Array, true)
#3 /home/crfsp010/public_html/eventos/app/Controllers/Atividades.php(195): view('editarAtividade...', Array)
#4 /home/crfsp010/public_html/eventos/system/CodeIgniter.php(918): App\Controllers\Atividades->editarAtividades()
#5 /home/crfsp010/public_html/eventos/system/CodeIgniter.php(404): CodeIgniter\CodeIgniter->runController(Object(App\Controllers\Atividades))
#6 /home/crfsp010/public_html/eventos/system/CodeIgniter.php(312): CodeIgniter\CodeIgniter->handleRequest(NULL, Object(Config\Cache), false)
#7 /home/crfsp010/public_html/eventos/index.php(47): CodeIgniter\CodeIgniter->run()
#8 {main}
CRITICAL - 2021-08-23 09:21:00 --> Illegal string offset 'type'
#0 /home/crfsp010/public_html/eventos/app/Views/editarUser.php(216): CodeIgniter\Debug\Exceptions->errorHandler(2, 'Illegal string ...', '/home/crfsp010/...', 216, Array)
#1 /home/crfsp010/public_html/eventos/system/View/View.php(246): include('/home/crfsp010/...')
#2 /home/crfsp010/public_html/eventos/system/Common.php(1119): CodeIgniter\View\View->render('editarUser', Array, true)
#3 /home/crfsp010/public_html/eventos/app/Controllers/Users.php(464): view('editarUser', Array)
#4 /home/crfsp010/public_html/eventos/system/CodeIgniter.php(918): App\Controllers\Users->editarUser()
#5 /home/crfsp010/public_html/eventos/system/CodeIgniter.php(404): CodeIgniter\CodeIgniter->runController(Object(App\Controllers\Users))
#6 /home/crfsp010/public_html/eventos/system/CodeIgniter.php(312): CodeIgniter\CodeIgniter->handleRequest(NULL, Object(Config\Cache), false)
#7 /home/crfsp010/public_html/eventos/index.php(47): CodeIgniter\CodeIgniter->run()
#8 {main}
CRITICAL - 2021-08-23 09:32:58 --> Illegal string offset 'type'
#0 /home/crfsp010/public_html/eventos/app/Views/editarUser.php(216): CodeIgniter\Debug\Exceptions->errorHandler(2, 'Illegal string ...', '/home/crfsp010/...', 216, Array)
#1 /home/crfsp010/public_html/eventos/system/View/View.php(246): include('/home/crfsp010/...')
#2 /home/crfsp010/public_html/eventos/system/Common.php(1119): CodeIgniter\View\View->render('editarUser', Array, true)
#3 /home/crfsp010/public_html/eventos/app/Controllers/Users.php(464): view('editarUser', Array)
#4 /home/crfsp010/public_html/eventos/system/CodeIgniter.php(918): App\Controllers\Users->editarUser()
#5 /home/crfsp010/public_html/eventos/system/CodeIgniter.php(404): CodeIgniter\CodeIgniter->runController(Object(App\Controllers\Users))
#6 /home/crfsp010/public_html/eventos/system/CodeIgniter.php(312): CodeIgniter\CodeIgniter->handleRequest(NULL, Object(Config\Cache), false)
#7 /home/crfsp010/public_html/eventos/index.php(47): CodeIgniter\CodeIgniter->run()
#8 {main}
CRITICAL - 2021-08-23 09:33:11 --> Illegal string offset 'type'
#0 /home/crfsp010/public_html/eventos/app/Views/editarUser.php(216): CodeIgniter\Debug\Exceptions->errorHandler(2, 'Illegal string ...', '/home/crfsp010/...', 216, Array)
#1 /home/crfsp010/public_html/eventos/system/View/View.php(246): include('/home/crfsp010/...')
#2 /home/crfsp010/public_html/eventos/system/Common.php(1119): CodeIgniter\View\View->render('editarUser', Array, true)
#3 /home/crfsp010/public_html/eventos/app/Controllers/Users.php(464): view('editarUser', Array)
#4 /home/crfsp010/public_html/eventos/system/CodeIgniter.php(918): App\Controllers\Users->editarUser()
#5 /home/crfsp010/public_html/eventos/system/CodeIgniter.php(404): CodeIgniter\CodeIgniter->runController(Object(App\Controllers\Users))
#6 /home/crfsp010/public_html/eventos/system/CodeIgniter.php(312): CodeIgniter\CodeIgniter->handleRequest(NULL, Object(Config\Cache), false)
#7 /home/crfsp010/public_html/eventos/index.php(47): CodeIgniter\CodeIgniter->run()
#8 {main}
CRITICAL - 2021-08-23 09:36:28 --> Illegal string offset 'type'
#0 /home/crfsp010/public_html/eventos/app/Views/editarUser.php(216): CodeIgniter\Debug\Exceptions->errorHandler(2, 'Illegal string ...', '/home/crfsp010/...', 216, Array)
#1 /home/crfsp010/public_html/eventos/system/View/View.php(246): include('/home/crfsp010/...')
#2 /home/crfsp010/public_html/eventos/system/Common.php(1119): CodeIgniter\View\View->render('editarUser', Array, true)
#3 /home/crfsp010/public_html/eventos/app/Controllers/Users.php(464): view('editarUser', Array)
#4 /home/crfsp010/public_html/eventos/system/CodeIgniter.php(918): App\Controllers\Users->editarUser()
#5 /home/crfsp010/public_html/eventos/system/CodeIgniter.php(404): CodeIgniter\CodeIgniter->runController(Object(App\Controllers\Users))
#6 /home/crfsp010/public_html/eventos/system/CodeIgniter.php(312): CodeIgniter\CodeIgniter->handleRequest(NULL, Object(Config\Cache), false)
#7 /home/crfsp010/public_html/eventos/index.php(47): CodeIgniter\CodeIgniter->run()
#8 {main}
CRITICAL - 2021-08-23 09:37:12 --> Illegal string offset 'tipo'
#0 /home/crfsp010/public_html/eventos/app/Views/editarAtividades.php(158): CodeIgniter\Debug\Exceptions->errorHandler(2, 'Illegal string ...', '/home/crfsp010/...', 158, Array)
#1 /home/crfsp010/public_html/eventos/system/View/View.php(246): include('/home/crfsp010/...')
#2 /home/crfsp010/public_html/eventos/system/Common.php(1119): CodeIgniter\View\View->render('editarAtividade...', Array, true)
#3 /home/crfsp010/public_html/eventos/app/Controllers/Atividades.php(195): view('editarAtividade...', Array)
#4 /home/crfsp010/public_html/eventos/system/CodeIgniter.php(918): App\Controllers\Atividades->editarAtividades()
#5 /home/crfsp010/public_html/eventos/system/CodeIgniter.php(404): CodeIgniter\CodeIgniter->runController(Object(App\Controllers\Atividades))
#6 /home/crfsp010/public_html/eventos/system/CodeIgniter.php(312): CodeIgniter\CodeIgniter->handleRequest(NULL, Object(Config\Cache), false)
#7 /home/crfsp010/public_html/eventos/index.php(47): CodeIgniter\CodeIgniter->run()
#8 {main}
CRITICAL - 2021-08-23 09:44:18 --> Illegal string offset 'type'
#0 /home/crfsp010/public_html/eventos/app/Views/editarUser.php(216): CodeIgniter\Debug\Exceptions->errorHandler(2, 'Illegal string ...', '/home/crfsp010/...', 216, Array)
#1 /home/crfsp010/public_html/eventos/system/View/View.php(246): include('/home/crfsp010/...')
#2 /home/crfsp010/public_html/eventos/system/Common.php(1119): CodeIgniter\View\View->render('editarUser', Array, true)
#3 /home/crfsp010/public_html/eventos/app/Controllers/Users.php(464): view('editarUser', Array)
#4 /home/crfsp010/public_html/eventos/system/CodeIgniter.php(918): App\Controllers\Users->editarUser()
#5 /home/crfsp010/public_html/eventos/system/CodeIgniter.php(404): CodeIgniter\CodeIgniter->runController(Object(App\Controllers\Users))
#6 /home/crfsp010/public_html/eventos/system/CodeIgniter.php(312): CodeIgniter\CodeIgniter->handleRequest(NULL, Object(Config\Cache), false)
#7 /home/crfsp010/public_html/eventos/index.php(47): CodeIgniter\CodeIgniter->run()
#8 {main}
CRITICAL - 2021-08-23 09:44:48 --> Illegal string offset 'type'
#0 /home/crfsp010/public_html/eventos/app/Views/editarUser.php(216): CodeIgniter\Debug\Exceptions->errorHandler(2, 'Illegal string ...', '/home/crfsp010/...', 216, Array)
#1 /home/crfsp010/public_html/eventos/system/View/View.php(246): include('/home/crfsp010/...')
#2 /home/crfsp010/public_html/eventos/system/Common.php(1119): CodeIgniter\View\View->render('editarUser', Array, true)
#3 /home/crfsp010/public_html/eventos/app/Controllers/Users.php(464): view('editarUser', Array)
#4 /home/crfsp010/public_html/eventos/system/CodeIgniter.php(918): App\Controllers\Users->editarUser()
#5 /home/crfsp010/public_html/eventos/system/CodeIgniter.php(404): CodeIgniter\CodeIgniter->runController(Object(App\Controllers\Users))
#6 /home/crfsp010/public_html/eventos/system/CodeIgniter.php(312): CodeIgniter\CodeIgniter->handleRequest(NULL, Object(Config\Cache), false)
#7 /home/crfsp010/public_html/eventos/index.php(47): CodeIgniter\CodeIgniter->run()
#8 {main}
ERROR - 2021-08-23 09:44:57 --> mysqli_sql_exception: Cannot delete or update a parent row: a foreign key constraint fails (`crfsp010_eventos`.`usuario_atividade`, CONSTRAINT `FK_usuario_atividade_users` FOREIGN KEY (`idUser`) REFERENCES `users` (`id`)) in /home/crfsp010/public_html/eventos/system/Database/MySQLi/Connection.php:331
Stack trace:
#0 /home/crfsp010/public_html/eventos/system/Database/MySQLi/Connection.php(331): mysqli->query('DELETE FROM `us...')
#1 /home/crfsp010/public_html/eventos/system/Database/BaseConnection.php(741): CodeIgniter\Database\MySQLi\Connection->execute('DELETE FROM `us...')
#2 /home/crfsp010/public_html/eventos/system/Database/BaseConnection.php(669): CodeIgniter\Database\BaseConnection->simpleQuery('DELETE FROM `us...')
#3 /home/crfsp010/public_html/eventos/system/Database/BaseBuilder.php(2853): CodeIgniter\Database\BaseConnection->query('DELETE FROM `us...', Array, false)
#4 /home/crfsp010/public_html/eventos/system/Model.php(977): CodeIgniter\Database\BaseBuilder->delete()
#5 /home/crfsp010/public_html/eventos/app/Controllers/Users.php(585): CodeIgniter\Model->delete(Array)
#6 /home/crfsp010/public_html/eventos/system/CodeIgniter.php(918): App\Controllers\Users->deletar('2')
#7 /home/crfsp010/public_html/eventos/system/CodeIgniter.php(404): CodeIgniter\CodeIgniter->runController(Object(App\Controllers\Users))
#8 /home/crfsp010/public_html/eventos/system/CodeIgniter.php(312): CodeIgniter\CodeIgniter->handleRequest(NULL, Object(Config\Cache), false)
#9 /home/crfsp010/public_html/eventos/index.php(47): CodeIgniter\CodeIgniter->run()
#10 {main}
CRITICAL - 2021-08-23 09:45:10 --> Illegal string offset 'type'
#0 /home/crfsp010/public_html/eventos/app/Views/editarUser.php(216): CodeIgniter\Debug\Exceptions->errorHandler(2, 'Illegal string ...', '/home/crfsp010/...', 216, Array)
#1 /home/crfsp010/public_html/eventos/system/View/View.php(246): include('/home/crfsp010/...')
#2 /home/crfsp010/public_html/eventos/system/Common.php(1119): CodeIgniter\View\View->render('editarUser', Array, true)
#3 /home/crfsp010/public_html/eventos/app/Controllers/Users.php(464): view('editarUser', Array)
#4 /home/crfsp010/public_html/eventos/system/CodeIgniter.php(918): App\Controllers\Users->editarUser()
#5 /home/crfsp010/public_html/eventos/system/CodeIgniter.php(404): CodeIgniter\CodeIgniter->runController(Object(App\Controllers\Users))
#6 /home/crfsp010/public_html/eventos/system/CodeIgniter.php(312): CodeIgniter\CodeIgniter->handleRequest(NULL, Object(Config\Cache), false)
#7 /home/crfsp010/public_html/eventos/index.php(47): CodeIgniter\CodeIgniter->run()
#8 {main}
CRITICAL - 2021-08-23 09:46:59 --> Illegal string offset 'tipo'
#0 /home/crfsp010/public_html/eventos/app/Views/editarAtividades.php(158): CodeIgniter\Debug\Exceptions->errorHandler(2, 'Illegal string ...', '/home/crfsp010/...', 158, Array)
#1 /home/crfsp010/public_html/eventos/system/View/View.php(246): include('/home/crfsp010/...')
#2 /home/crfsp010/public_html/eventos/system/Common.php(1119): CodeIgniter\View\View->render('editarAtividade...', Array, true)
#3 /home/crfsp010/public_html/eventos/app/Controllers/Atividades.php(195): view('editarAtividade...', Array)
#4 /home/crfsp010/public_html/eventos/system/CodeIgniter.php(918): App\Controllers\Atividades->editarAtividades()
#5 /home/crfsp010/public_html/eventos/system/CodeIgniter.php(404): CodeIgniter\CodeIgniter->runController(Object(App\Controllers\Atividades))
#6 /home/crfsp010/public_html/eventos/system/CodeIgniter.php(312): CodeIgniter\CodeIgniter->handleRequest(NULL, Object(Config\Cache), false)
#7 /home/crfsp010/public_html/eventos/index.php(47): CodeIgniter\CodeIgniter->run()
#8 {main}
CRITICAL - 2021-08-23 09:55:38 --> Illegal string offset 'tipo'
#0 /home/crfsp010/public_html/eventos/app/Views/editarAtividades.php(158): CodeIgniter\Debug\Exceptions->errorHandler(2, 'Illegal string ...', '/home/crfsp010/...', 158, Array)
#1 /home/crfsp010/public_html/eventos/system/View/View.php(246): include('/home/crfsp010/...')
#2 /home/crfsp010/public_html/eventos/system/Common.php(1119): CodeIgniter\View\View->render('editarAtividade...', Array, true)
#3 /home/crfsp010/public_html/eventos/app/Controllers/Atividades.php(195): view('editarAtividade...', Array)
#4 /home/crfsp010/public_html/eventos/system/CodeIgniter.php(918): App\Controllers\Atividades->editarAtividades()
#5 /home/crfsp010/public_html/eventos/system/CodeIgniter.php(404): CodeIgniter\CodeIgniter->runController(Object(App\Controllers\Atividades))
#6 /home/crfsp010/public_html/eventos/system/CodeIgniter.php(312): CodeIgniter\CodeIgniter->handleRequest(NULL, Object(Config\Cache), false)
#7 /home/crfsp010/public_html/eventos/index.php(47): CodeIgniter\CodeIgniter->run()
#8 {main}
CRITICAL - 2021-08-23 09:55:46 --> Illegal string offset 'type'
#0 /home/crfsp010/public_html/eventos/app/Views/editarUser.php(216): CodeIgniter\Debug\Exceptions->errorHandler(2, 'Illegal string ...', '/home/crfsp010/...', 216, Array)
#1 /home/crfsp010/public_html/eventos/system/View/View.php(246): include('/home/crfsp010/...')
#2 /home/crfsp010/public_html/eventos/system/Common.php(1119): CodeIgniter\View\View->render('editarUser', Array, true)
#3 /home/crfsp010/public_html/eventos/app/Controllers/Users.php(464): view('editarUser', Array)
#4 /home/crfsp010/public_html/eventos/system/CodeIgniter.php(918): App\Controllers\Users->editarUser()
#5 /home/crfsp010/public_html/eventos/system/CodeIgniter.php(404): CodeIgniter\CodeIgniter->runController(Object(App\Controllers\Users))
#6 /home/crfsp010/public_html/eventos/system/CodeIgniter.php(312): CodeIgniter\CodeIgniter->handleRequest(NULL, Object(Config\Cache), false)
#7 /home/crfsp010/public_html/eventos/index.php(47): CodeIgniter\CodeIgniter->run()
#8 {main}
CRITICAL - 2021-08-23 09:56:49 --> Illegal string offset 'type'
#0 /home/crfsp010/public_html/eventos/app/Views/editarUser.php(216): CodeIgniter\Debug\Exceptions->errorHandler(2, 'Illegal string ...', '/home/crfsp010/...', 216, Array)
#1 /home/crfsp010/public_html/eventos/system/View/View.php(246): include('/home/crfsp010/...')
#2 /home/crfsp010/public_html/eventos/system/Common.php(1119): CodeIgniter\View\View->render('editarUser', Array, true)
#3 /home/crfsp010/public_html/eventos/app/Controllers/Users.php(464): view('editarUser', Array)
#4 /home/crfsp010/public_html/eventos/system/CodeIgniter.php(918): App\Controllers\Users->editarUser()
#5 /home/crfsp010/public_html/eventos/system/CodeIgniter.php(404): CodeIgniter\CodeIgniter->runController(Object(App\Controllers\Users))
#6 /home/crfsp010/public_html/eventos/system/CodeIgniter.php(312): CodeIgniter\CodeIgniter->handleRequest(NULL, Object(Config\Cache), false)
#7 /home/crfsp010/public_html/eventos/index.php(47): CodeIgniter\CodeIgniter->run()
#8 {main}
CRITICAL - 2021-08-23 10:12:00 --> Illegal string offset 'tipo'
#0 /home/crfsp010/public_html/eventos/app/Views/editarAtividades.php(158): CodeIgniter\Debug\Exceptions->errorHandler(2, 'Illegal string ...', '/home/crfsp010/...', 158, Array)
#1 /home/crfsp010/public_html/eventos/system/View/View.php(246): include('/home/crfsp010/...')
#2 /home/crfsp010/public_html/eventos/system/Common.php(1119): CodeIgniter\View\View->render('editarAtividade...', Array, true)
#3 /home/crfsp010/public_html/eventos/app/Controllers/Atividades.php(195): view('editarAtividade...', Array)
#4 /home/crfsp010/public_html/eventos/system/CodeIgniter.php(918): App\Controllers\Atividades->editarAtividades()
#5 /home/crfsp010/public_html/eventos/system/CodeIgniter.php(404): CodeIgniter\CodeIgniter->runController(Object(App\Controllers\Atividades))
#6 /home/crfsp010/public_html/eventos/system/CodeIgniter.php(312): CodeIgniter\CodeIgniter->handleRequest(NULL, Object(Config\Cache), false)
#7 /home/crfsp010/public_html/eventos/index.php(47): CodeIgniter\CodeIgniter->run()
#8 {main}
ERROR - 2021-08-23 10:26:52 --> Email: sendWithSmtp throwed fsockopen(): SSL operation failed with code 1. OpenSSL Error messages:
error:1408F10B:SSL routines:ssl3_get_record:wrong version number
CRITICAL - 2021-08-23 10:28:44 --> Illegal string offset 'tipo'
#0 /home/crfsp010/public_html/eventos/app/Views/editarAtividades.php(158): CodeIgniter\Debug\Exceptions->errorHandler(2, 'Illegal string ...', '/home/crfsp010/...', 158, Array)
#1 /home/crfsp010/public_html/eventos/system/View/View.php(246): include('/home/crfsp010/...')
#2 /home/crfsp010/public_html/eventos/system/Common.php(1119): CodeIgniter\View\View->render('editarAtividade...', Array, true)
#3 /home/crfsp010/public_html/eventos/app/Controllers/Atividades.php(195): view('editarAtividade...', Array)
#4 /home/crfsp010/public_html/eventos/system/CodeIgniter.php(918): App\Controllers\Atividades->editarAtividades()
#5 /home/crfsp010/public_html/eventos/system/CodeIgniter.php(404): CodeIgniter\CodeIgniter->runController(Object(App\Controllers\Atividades))
#6 /home/crfsp010/public_html/eventos/system/CodeIgniter.php(312): CodeIgniter\CodeIgniter->handleRequest(NULL, Object(Config\Cache), false)
#7 /home/crfsp010/public_html/eventos/index.php(47): CodeIgniter\CodeIgniter->run()
#8 {main}
CRITICAL - 2021-08-23 11:09:03 --> Illegal string offset 'tipo'
#0 /home/crfsp010/public_html/eventos/app/Views/editarAtividades.php(158): CodeIgniter\Debug\Exceptions->errorHandler(2, 'Illegal string ...', '/home/crfsp010/...', 158, Array)
#1 /home/crfsp010/public_html/eventos/system/View/View.php(246): include('/home/crfsp010/...')
#2 /home/crfsp010/public_html/eventos/system/Common.php(1119): CodeIgniter\View\View->render('editarAtividade...', Array, true)
#3 /home/crfsp010/public_html/eventos/app/Controllers/Atividades.php(195): view('editarAtividade...', Array)
#4 /home/crfsp010/public_html/eventos/system/CodeIgniter.php(918): App\Controllers\Atividades->editarAtividades()
#5 /home/crfsp010/public_html/eventos/system/CodeIgniter.php(404): CodeIgniter\CodeIgniter->runController(Object(App\Controllers\Atividades))
#6 /home/crfsp010/public_html/eventos/system/CodeIgniter.php(312): CodeIgniter\CodeIgniter->handleRequest(NULL, Object(Config\Cache), false)
#7 /home/crfsp010/public_html/eventos/index.php(47): CodeIgniter\CodeIgniter->run()
#8 {main}
CRITICAL - 2021-08-23 11:09:43 --> Illegal string offset 'tipo'
#0 /home/crfsp010/public_html/eventos/app/Views/editarAtividades.php(158): CodeIgniter\Debug\Exceptions->errorHandler(2, 'Illegal string ...', '/home/crfsp010/...', 158, Array)
#1 /home/crfsp010/public_html/eventos/system/View/View.php(246): include('/home/crfsp010/...')
#2 /home/crfsp010/public_html/eventos/system/Common.php(1119): CodeIgniter\View\View->render('editarAtividade...', Array, true)
#3 /home/crfsp010/public_html/eventos/app/Controllers/Atividades.php(195): view('editarAtividade...', Array)
#4 /home/crfsp010/public_html/eventos/system/CodeIgniter.php(918): App\Controllers\Atividades->editarAtividades()
#5 /home/crfsp010/public_html/eventos/system/CodeIgniter.php(404): CodeIgniter\CodeIgniter->runController(Object(App\Controllers\Atividades))
#6 /home/crfsp010/public_html/eventos/system/CodeIgniter.php(312): CodeIgniter\CodeIgniter->handleRequest(NULL, Object(Config\Cache), false)
#7 /home/crfsp010/public_html/eventos/index.php(47): CodeIgniter\CodeIgniter->run()
#8 {main}
CRITICAL - 2021-08-23 11:12:02 --> Illegal string offset 'tipo'
#0 /home/crfsp010/public_html/eventos/app/Views/editarAtividades.php(158): CodeIgniter\Debug\Exceptions->errorHandler(2, 'Illegal string ...', '/home/crfsp010/...', 158, Array)
#1 /home/crfsp010/public_html/eventos/system/View/View.php(246): include('/home/crfsp010/...')
#2 /home/crfsp010/public_html/eventos/system/Common.php(1119): CodeIgniter\View\View->render('editarAtividade...', Array, true)
#3 /home/crfsp010/public_html/eventos/app/Controllers/Atividades.php(195): view('editarAtividade...', Array)
#4 /home/crfsp010/public_html/eventos/system/CodeIgniter.php(918): App\Controllers\Atividades->editarAtividades()
#5 /home/crfsp010/public_html/eventos/system/CodeIgniter.php(404): CodeIgniter\CodeIgniter->runController(Object(App\Controllers\Atividades))
#6 /home/crfsp010/public_html/eventos/system/CodeIgniter.php(312): CodeIgniter\CodeIgniter->handleRequest(NULL, Object(Config\Cache), false)
#7 /home/crfsp010/public_html/eventos/index.php(47): CodeIgniter\CodeIgniter->run()
#8 {main}
CRITICAL - 2021-08-23 11:12:02 --> Illegal string offset 'tipo'
#0 /home/crfsp010/public_html/eventos/app/Views/editarAtividades.php(158): CodeIgniter\Debug\Exceptions->errorHandler(2, 'Illegal string ...', '/home/crfsp010/...', 158, Array)
#1 /home/crfsp010/public_html/eventos/system/View/View.php(246): include('/home/crfsp010/...')
#2 /home/crfsp010/public_html/eventos/system/Common.php(1119): CodeIgniter\View\View->render('editarAtividade...', Array, true)
#3 /home/crfsp010/public_html/eventos/app/Controllers/Atividades.php(195): view('editarAtividade...', Array)
#4 /home/crfsp010/public_html/eventos/system/CodeIgniter.php(918): App\Controllers\Atividades->editarAtividades()
#5 /home/crfsp010/public_html/eventos/system/CodeIgniter.php(404): CodeIgniter\CodeIgniter->runController(Object(App\Controllers\Atividades))
#6 /home/crfsp010/public_html/eventos/system/CodeIgniter.php(312): CodeIgniter\CodeIgniter->handleRequest(NULL, Object(Config\Cache), false)
#7 /home/crfsp010/public_html/eventos/index.php(47): CodeIgniter\CodeIgniter->run()
#8 {main}
CRITICAL - 2021-08-23 11:15:19 --> Undefined offset: 0
#0 /home/crfsp010/public_html/eventos/app/Controllers/Users.php(354): CodeIgniter\Debug\Exceptions->errorHandler(8, 'Undefined offse...', '/home/crfsp010/...', 354, Array)
#1 /home/crfsp010/public_html/eventos/system/CodeIgniter.php(918): App\Controllers\Users->recuperacaoSenha()
#2 /home/crfsp010/public_html/eventos/system/CodeIgniter.php(404): CodeIgniter\CodeIgniter->runController(Object(App\Controllers\Users))
#3 /home/crfsp010/public_html/eventos/system/CodeIgniter.php(312): CodeIgniter\CodeIgniter->handleRequest(NULL, Object(Config\Cache), false)
#4 /home/crfsp010/public_html/eventos/index.php(47): CodeIgniter\CodeIgniter->run()
#5 {main}
CRITICAL - 2021-08-23 11:26:21 --> Undefined offset: 0
#0 /home/crfsp010/public_html/eventos/app/Controllers/Users.php(354): CodeIgniter\Debug\Exceptions->errorHandler(8, 'Undefined offse...', '/home/crfsp010/...', 354, Array)
#1 /home/crfsp010/public_html/eventos/system/CodeIgniter.php(918): App\Controllers\Users->recuperacaoSenha()
#2 /home/crfsp010/public_html/eventos/system/CodeIgniter.php(404): CodeIgniter\CodeIgniter->runController(Object(App\Controllers\Users))
#3 /home/crfsp010/public_html/eventos/system/CodeIgniter.php(312): CodeIgniter\CodeIgniter->handleRequest(NULL, Object(Config\Cache), false)
#4 /home/crfsp010/public_html/eventos/index.php(47): CodeIgniter\CodeIgniter->run()
#5 {main}
CRITICAL - 2021-08-23 11:26:46 --> Undefined offset: 0
#0 /home/crfsp010/public_html/eventos/app/Controllers/Users.php(354): CodeIgniter\Debug\Exceptions->errorHandler(8, 'Undefined offse...', '/home/crfsp010/...', 354, Array)
#1 /home/crfsp010/public_html/eventos/system/CodeIgniter.php(918): App\Controllers\Users->recuperacaoSenha()
#2 /home/crfsp010/public_html/eventos/system/CodeIgniter.php(404): CodeIgniter\CodeIgniter->runController(Object(App\Controllers\Users))
#3 /home/crfsp010/public_html/eventos/system/CodeIgniter.php(312): CodeIgniter\CodeIgniter->handleRequest(NULL, Object(Config\Cache), false)
#4 /home/crfsp010/public_html/eventos/index.php(47): CodeIgniter\CodeIgniter->run()
#5 {main}
CRITICAL - 2021-08-23 11:48:00 --> Undefined offset: 0
#0 /home/crfsp010/public_html/eventos/app/Controllers/Users.php(354): CodeIgniter\Debug\Exceptions->errorHandler(8, 'Undefined offse...', '/home/crfsp010/...', 354, Array)
#1 /home/crfsp010/public_html/eventos/system/CodeIgniter.php(918): App\Controllers\Users->recuperacaoSenha()
#2 /home/crfsp010/public_html/eventos/system/CodeIgniter.php(404): CodeIgniter\CodeIgniter->runController(Object(App\Controllers\Users))
#3 /home/crfsp010/public_html/eventos/system/CodeIgniter.php(312): CodeIgniter\CodeIgniter->handleRequest(NULL, Object(Config\Cache), false)
#4 /home/crfsp010/public_html/eventos/index.php(47): CodeIgniter\CodeIgniter->run()
#5 {main}
CRITICAL - 2021-08-23 11:52:58 --> Undefined offset: 0
#0 /home/crfsp010/public_html/eventos/app/Controllers/Users.php(354): CodeIgniter\Debug\Exceptions->errorHandler(8, 'Undefined offse...', '/home/crfsp010/...', 354, Array)
#1 /home/crfsp010/public_html/eventos/system/CodeIgniter.php(918): App\Controllers\Users->recuperacaoSenha()
#2 /home/crfsp010/public_html/eventos/system/CodeIgniter.php(404): CodeIgniter\CodeIgniter->runController(Object(App\Controllers\Users))
#3 /home/crfsp010/public_html/eventos/system/CodeIgniter.php(312): CodeIgniter\CodeIgniter->handleRequest(NULL, Object(Config\Cache), false)
#4 /home/crfsp010/public_html/eventos/index.php(47): CodeIgniter\CodeIgniter->run()
#5 {main}
ERROR - 2021-08-23 13:51:41 --> Email: sendWithSmtp throwed fsockopen(): SSL operation failed with code 1. OpenSSL Error messages:
error:1408F10B:SSL routines:ssl3_get_record:wrong version number
