CRITICAL - 2021-05-31 11:50:12 --> syntax error, unexpected 'public' (T_PUBLIC), expecting end of file
#0 C:\wamp\www\eventosonline\eventos\system\Autoloader\Autoloader.php(296): CodeIgniter\Autoloader\Autoloader->requireFile('C:\\wamp\\www\\eve...')
#1 C:\wamp\www\eventosonline\eventos\system\Autoloader\Autoloader.php(258): CodeIgniter\Autoloader\Autoloader->loadInNamespace('App\\Controllers...')
#2 [internal function]: CodeIgniter\Autoloader\Autoloader->loadClass('App\\Controllers...')
#3 [internal function]: spl_autoload_call('App\\Controllers...')
#4 C:\wamp\www\eventosonline\eventos\system\CodeIgniter.php(869): class_exists('\\App\\Controller...', true)
#5 C:\wamp\www\eventosonline\eventos\system\CodeIgniter.php(394): CodeIgniter\CodeIgniter->startController()
#6 C:\wamp\www\eventosonline\eventos\system\CodeIgniter.php(312): CodeIgniter\CodeIgniter->handleRequest(NULL, Object(Config\Cache), false)
#7 C:\wamp\www\eventosonline\eventos\index.php(47): CodeIgniter\CodeIgniter->run()
#8 {main}
CRITICAL - 2021-05-31 11:52:01 --> syntax error, unexpected '}', expecting end of file
#0 C:\wamp\www\eventosonline\eventos\system\Autoloader\Autoloader.php(296): CodeIgniter\Autoloader\Autoloader->requireFile('C:\\wamp\\www\\eve...')
#1 C:\wamp\www\eventosonline\eventos\system\Autoloader\Autoloader.php(258): CodeIgniter\Autoloader\Autoloader->loadInNamespace('App\\Controllers...')
#2 [internal function]: CodeIgniter\Autoloader\Autoloader->loadClass('App\\Controllers...')
#3 [internal function]: spl_autoload_call('App\\Controllers...')
#4 C:\wamp\www\eventosonline\eventos\system\CodeIgniter.php(869): class_exists('\\App\\Controller...', true)
#5 C:\wamp\www\eventosonline\eventos\system\CodeIgniter.php(394): CodeIgniter\CodeIgniter->startController()
#6 C:\wamp\www\eventosonline\eventos\system\CodeIgniter.php(312): CodeIgniter\CodeIgniter->handleRequest(NULL, Object(Config\Cache), false)
#7 C:\wamp\www\eventosonline\eventos\index.php(47): CodeIgniter\CodeIgniter->run()
#8 {main}
CRITICAL - 2021-05-31 11:52:46 --> syntax error, unexpected 'public' (T_PUBLIC), expecting end of file
#0 C:\wamp\www\eventosonline\eventos\system\Autoloader\Autoloader.php(296): CodeIgniter\Autoloader\Autoloader->requireFile('C:\\wamp\\www\\eve...')
#1 C:\wamp\www\eventosonline\eventos\system\Autoloader\Autoloader.php(258): CodeIgniter\Autoloader\Autoloader->loadInNamespace('App\\Controllers...')
#2 [internal function]: CodeIgniter\Autoloader\Autoloader->loadClass('App\\Controllers...')
#3 [internal function]: spl_autoload_call('App\\Controllers...')
#4 C:\wamp\www\eventosonline\eventos\system\CodeIgniter.php(869): class_exists('\\App\\Controller...', true)
#5 C:\wamp\www\eventosonline\eventos\system\CodeIgniter.php(394): CodeIgniter\CodeIgniter->startController()
#6 C:\wamp\www\eventosonline\eventos\system\CodeIgniter.php(312): CodeIgniter\CodeIgniter->handleRequest(NULL, Object(Config\Cache), false)
#7 C:\wamp\www\eventosonline\eventos\index.php(47): CodeIgniter\CodeIgniter->run()
#8 {main}
CRITICAL - 2021-05-31 11:54:16 --> syntax error, unexpected 'public' (T_PUBLIC), expecting end of file
#0 C:\wamp\www\eventosonline\eventos\system\Autoloader\Autoloader.php(296): CodeIgniter\Autoloader\Autoloader->requireFile('C:\\wamp\\www\\eve...')
#1 C:\wamp\www\eventosonline\eventos\system\Autoloader\Autoloader.php(258): CodeIgniter\Autoloader\Autoloader->loadInNamespace('App\\Controllers...')
#2 [internal function]: CodeIgniter\Autoloader\Autoloader->loadClass('App\\Controllers...')
#3 [internal function]: spl_autoload_call('App\\Controllers...')
#4 C:\wamp\www\eventosonline\eventos\system\CodeIgniter.php(869): class_exists('\\App\\Controller...', true)
#5 C:\wamp\www\eventosonline\eventos\system\CodeIgniter.php(394): CodeIgniter\CodeIgniter->startController()
#6 C:\wamp\www\eventosonline\eventos\system\CodeIgniter.php(312): CodeIgniter\CodeIgniter->handleRequest(NULL, Object(Config\Cache), false)
#7 C:\wamp\www\eventosonline\eventos\index.php(47): CodeIgniter\CodeIgniter->run()
#8 {main}
CRITICAL - 2021-05-31 11:57:55 --> Undefined variable: database
#0 C:\wamp\www\eventosonline\eventos\app\Controllers\Eventos.php(162): CodeIgniter\Debug\Exceptions->errorHandler(8, 'Undefined varia...', 'C:\\wamp\\www\\eve...', 162, Array)
#1 C:\wamp\www\eventosonline\eventos\system\CodeIgniter.php(918): App\Controllers\Eventos->upload_image()
#2 C:\wamp\www\eventosonline\eventos\system\CodeIgniter.php(404): CodeIgniter\CodeIgniter->runController(Object(App\Controllers\Eventos))
#3 C:\wamp\www\eventosonline\eventos\system\CodeIgniter.php(312): CodeIgniter\CodeIgniter->handleRequest(NULL, Object(Config\Cache), false)
#4 C:\wamp\www\eventosonline\eventos\index.php(47): CodeIgniter\CodeIgniter->run()
#5 {main}
CRITICAL - 2021-05-31 12:01:34 --> Undefined variable: msg
#0 C:\wamp\www\eventosonline\eventos\app\Controllers\Eventos.php(185): CodeIgniter\Debug\Exceptions->errorHandler(8, 'Undefined varia...', 'C:\\wamp\\www\\eve...', 185, Array)
#1 C:\wamp\www\eventosonline\eventos\system\CodeIgniter.php(918): App\Controllers\Eventos->upload_image()
#2 C:\wamp\www\eventosonline\eventos\system\CodeIgniter.php(404): CodeIgniter\CodeIgniter->runController(Object(App\Controllers\Eventos))
#3 C:\wamp\www\eventosonline\eventos\system\CodeIgniter.php(312): CodeIgniter\CodeIgniter->handleRequest(NULL, Object(Config\Cache), false)
#4 C:\wamp\www\eventosonline\eventos\index.php(47): CodeIgniter\CodeIgniter->run()
#5 {main}
CRITICAL - 2021-05-31 12:16:34 --> Object of class CodeIgniter\Validation\Validation could not be converted to string
#0 C:\wamp\www\eventosonline\eventos\app\Controllers\Eventos.php(172): CodeIgniter\Debug\Exceptions->errorHandler(4096, 'Object of class...', 'C:\\wamp\\www\\eve...', 172, Array)
#1 C:\wamp\www\eventosonline\eventos\system\CodeIgniter.php(918): App\Controllers\Eventos->upload_image()
#2 C:\wamp\www\eventosonline\eventos\system\CodeIgniter.php(404): CodeIgniter\CodeIgniter->runController(Object(App\Controllers\Eventos))
#3 C:\wamp\www\eventosonline\eventos\system\CodeIgniter.php(312): CodeIgniter\CodeIgniter->handleRequest(NULL, Object(Config\Cache), false)
#4 C:\wamp\www\eventosonline\eventos\index.php(47): CodeIgniter\CodeIgniter->run()
#5 {main}
CRITICAL - 2021-05-31 12:27:09 --> Call to undefined function App\Controllers\upload_image()
#0 C:\wamp\www\eventosonline\eventos\system\CodeIgniter.php(918): App\Controllers\Eventos->cadeventos()
#1 C:\wamp\www\eventosonline\eventos\system\CodeIgniter.php(404): CodeIgniter\CodeIgniter->runController(Object(App\Controllers\Eventos))
#2 C:\wamp\www\eventosonline\eventos\system\CodeIgniter.php(312): CodeIgniter\CodeIgniter->handleRequest(NULL, Object(Config\Cache), false)
#3 C:\wamp\www\eventosonline\eventos\index.php(47): CodeIgniter\CodeIgniter->run()
#4 {main}
