CRITICAL - 2021-07-02 08:30:32 --> Arquivo inválido: .php
#0 C:\wamp\www\eventosonline\eventos\system\View\View.php(228): CodeIgniter\Exceptions\FrameworkException::forInvalidFile('.php')
#1 C:\wamp\www\eventosonline\eventos\system\Common.php(1119): CodeIgniter\View\View->render('', Array, true)
#2 C:\wamp\www\eventosonline\eventos\app\Controllers\PdfController.php(31): view('', Array)
#3 C:\wamp\www\eventosonline\eventos\system\CodeIgniter.php(918): App\Controllers\PdfController->index()
#4 C:\wamp\www\eventosonline\eventos\system\CodeIgniter.php(404): CodeIgniter\CodeIgniter->runController(Object(App\Controllers\PdfController))
#5 C:\wamp\www\eventosonline\eventos\system\CodeIgniter.php(312): CodeIgniter\CodeIgniter->handleRequest(NULL, Object(Config\Cache), false)
#6 C:\wamp\www\eventosonline\eventos\index.php(47): CodeIgniter\CodeIgniter->run()
#7 {main}
ERROR - 2021-07-02 08:54:32 --> mysqli_sql_exception: Cannot add or update a child row: a foreign key constraint fails (`crfsp010_eventos`.`certificado`, CONSTRAINT `FK_certificado_eventos` FOREIGN KEY (`idEvento`) REFERENCES `eventos` (`id`)) in C:\wamp\www\eventosonline\eventos\system\Database\MySQLi\Connection.php:331
Stack trace:
#0 C:\wamp\www\eventosonline\eventos\system\Database\MySQLi\Connection.php(331): mysqli->query('INSERT INTO `ce...')
#1 C:\wamp\www\eventosonline\eventos\system\Database\BaseConnection.php(741): CodeIgniter\Database\MySQLi\Connection->execute('INSERT INTO `ce...')
#2 C:\wamp\www\eventosonline\eventos\system\Database\BaseConnection.php(669): CodeIgniter\Database\BaseConnection->simpleQuery('INSERT INTO `ce...')
#3 C:\wamp\www\eventosonline\eventos\system\Database\BaseBuilder.php(2249): CodeIgniter\Database\BaseConnection->query('INSERT INTO `ce...', Array, false)
#4 C:\wamp\www\eventosonline\eventos\app\Models\EventoModel.php(58): CodeIgniter\Database\BaseBuilder->insert(Array)
#5 C:\wamp\www\eventosonline\eventos\app\Controllers\Eventos.php(54): App\Models\EventoModel->certificado('5114', 'gerarCertificad...')
#6 C:\wamp\www\eventosonline\eventos\system\CodeIgniter.php(918): App\Controllers\Eventos->gerarCertificado('1')
#7 C:\wamp\www\eventosonline\eventos\system\CodeIgniter.php(404): CodeIgniter\CodeIgniter->runController(Object(App\Controllers\Eventos))
#8 C:\wamp\www\eventosonline\eventos\system\CodeIgniter.php(312): CodeIgniter\CodeIgniter->handleRequest(NULL, Object(Config\Cache), false)
#9 C:\wamp\www\eventosonline\eventos\index.php(47): CodeIgniter\CodeIgniter->run()
#10 {main}
CRITICAL - 2021-07-02 08:54:32 --> Cannot add or update a child row: a foreign key constraint fails (`crfsp010_eventos`.`certificado`, CONSTRAINT `FK_certificado_eventos` FOREIGN KEY (`idEvento`) REFERENCES `eventos` (`id`))
#0 C:\wamp\www\eventosonline\eventos\system\Database\MySQLi\Connection.php(331): mysqli->query('INSERT INTO `ce...')
#1 C:\wamp\www\eventosonline\eventos\system\Database\BaseConnection.php(741): CodeIgniter\Database\MySQLi\Connection->execute('INSERT INTO `ce...')
#2 C:\wamp\www\eventosonline\eventos\system\Database\BaseConnection.php(669): CodeIgniter\Database\BaseConnection->simpleQuery('INSERT INTO `ce...')
#3 C:\wamp\www\eventosonline\eventos\system\Database\BaseBuilder.php(2249): CodeIgniter\Database\BaseConnection->query('INSERT INTO `ce...', Array, false)
#4 C:\wamp\www\eventosonline\eventos\app\Models\EventoModel.php(58): CodeIgniter\Database\BaseBuilder->insert(Array)
#5 C:\wamp\www\eventosonline\eventos\app\Controllers\Eventos.php(54): App\Models\EventoModel->certificado('5114', 'gerarCertificad...')
#6 C:\wamp\www\eventosonline\eventos\system\CodeIgniter.php(918): App\Controllers\Eventos->gerarCertificado('1')
#7 C:\wamp\www\eventosonline\eventos\system\CodeIgniter.php(404): CodeIgniter\CodeIgniter->runController(Object(App\Controllers\Eventos))
#8 C:\wamp\www\eventosonline\eventos\system\CodeIgniter.php(312): CodeIgniter\CodeIgniter->handleRequest(NULL, Object(Config\Cache), false)
#9 C:\wamp\www\eventosonline\eventos\index.php(47): CodeIgniter\CodeIgniter->run()
#10 {main}
ERROR - 2021-07-02 08:56:36 --> mysqli_sql_exception: Cannot add or update a child row: a foreign key constraint fails (`crfsp010_eventos`.`certificado`, CONSTRAINT `FK_certificado_eventos` FOREIGN KEY (`idEvento`) REFERENCES `eventos` (`id`)) in C:\wamp\www\eventosonline\eventos\system\Database\MySQLi\Connection.php:331
Stack trace:
#0 C:\wamp\www\eventosonline\eventos\system\Database\MySQLi\Connection.php(331): mysqli->query('INSERT INTO `ce...')
#1 C:\wamp\www\eventosonline\eventos\system\Database\BaseConnection.php(741): CodeIgniter\Database\MySQLi\Connection->execute('INSERT INTO `ce...')
#2 C:\wamp\www\eventosonline\eventos\system\Database\BaseConnection.php(669): CodeIgniter\Database\BaseConnection->simpleQuery('INSERT INTO `ce...')
#3 C:\wamp\www\eventosonline\eventos\system\Database\BaseBuilder.php(2249): CodeIgniter\Database\BaseConnection->query('INSERT INTO `ce...', Array, false)
#4 C:\wamp\www\eventosonline\eventos\app\Models\EventoModel.php(58): CodeIgniter\Database\BaseBuilder->insert(Array)
#5 C:\wamp\www\eventosonline\eventos\app\Controllers\Eventos.php(54): App\Models\EventoModel->certificado('5114', 'gerarCertificad...')
#6 C:\wamp\www\eventosonline\eventos\system\CodeIgniter.php(918): App\Controllers\Eventos->gerarCertificado('1')
#7 C:\wamp\www\eventosonline\eventos\system\CodeIgniter.php(404): CodeIgniter\CodeIgniter->runController(Object(App\Controllers\Eventos))
#8 C:\wamp\www\eventosonline\eventos\system\CodeIgniter.php(312): CodeIgniter\CodeIgniter->handleRequest(NULL, Object(Config\Cache), false)
#9 C:\wamp\www\eventosonline\eventos\index.php(47): CodeIgniter\CodeIgniter->run()
#10 {main}
CRITICAL - 2021-07-02 08:56:36 --> Cannot add or update a child row: a foreign key constraint fails (`crfsp010_eventos`.`certificado`, CONSTRAINT `FK_certificado_eventos` FOREIGN KEY (`idEvento`) REFERENCES `eventos` (`id`))
#0 C:\wamp\www\eventosonline\eventos\system\Database\MySQLi\Connection.php(331): mysqli->query('INSERT INTO `ce...')
#1 C:\wamp\www\eventosonline\eventos\system\Database\BaseConnection.php(741): CodeIgniter\Database\MySQLi\Connection->execute('INSERT INTO `ce...')
#2 C:\wamp\www\eventosonline\eventos\system\Database\BaseConnection.php(669): CodeIgniter\Database\BaseConnection->simpleQuery('INSERT INTO `ce...')
#3 C:\wamp\www\eventosonline\eventos\system\Database\BaseBuilder.php(2249): CodeIgniter\Database\BaseConnection->query('INSERT INTO `ce...', Array, false)
#4 C:\wamp\www\eventosonline\eventos\app\Models\EventoModel.php(58): CodeIgniter\Database\BaseBuilder->insert(Array)
#5 C:\wamp\www\eventosonline\eventos\app\Controllers\Eventos.php(54): App\Models\EventoModel->certificado('5114', 'gerarCertificad...')
#6 C:\wamp\www\eventosonline\eventos\system\CodeIgniter.php(918): App\Controllers\Eventos->gerarCertificado('1')
#7 C:\wamp\www\eventosonline\eventos\system\CodeIgniter.php(404): CodeIgniter\CodeIgniter->runController(Object(App\Controllers\Eventos))
#8 C:\wamp\www\eventosonline\eventos\system\CodeIgniter.php(312): CodeIgniter\CodeIgniter->handleRequest(NULL, Object(Config\Cache), false)
#9 C:\wamp\www\eventosonline\eventos\index.php(47): CodeIgniter\CodeIgniter->run()
#10 {main}
ERROR - 2021-07-02 09:02:01 --> mysqli_sql_exception: Cannot add or update a child row: a foreign key constraint fails (`crfsp010_eventos`.`certificado`, CONSTRAINT `FK_certificado_eventos` FOREIGN KEY (`idEvento`) REFERENCES `eventos` (`id`)) in C:\wamp\www\eventosonline\eventos\system\Database\MySQLi\Connection.php:331
Stack trace:
#0 C:\wamp\www\eventosonline\eventos\system\Database\MySQLi\Connection.php(331): mysqli->query('INSERT INTO `ce...')
#1 C:\wamp\www\eventosonline\eventos\system\Database\BaseConnection.php(741): CodeIgniter\Database\MySQLi\Connection->execute('INSERT INTO `ce...')
#2 C:\wamp\www\eventosonline\eventos\system\Database\BaseConnection.php(669): CodeIgniter\Database\BaseConnection->simpleQuery('INSERT INTO `ce...')
#3 C:\wamp\www\eventosonline\eventos\system\Database\BaseBuilder.php(2249): CodeIgniter\Database\BaseConnection->query('INSERT INTO `ce...', Array, false)
#4 C:\wamp\www\eventosonline\eventos\app\Models\EventoModel.php(58): CodeIgniter\Database\BaseBuilder->insert(Array)
#5 C:\wamp\www\eventosonline\eventos\app\Controllers\Eventos.php(54): App\Models\EventoModel->certificado('5114', 'gerarCertificad...')
#6 C:\wamp\www\eventosonline\eventos\system\CodeIgniter.php(918): App\Controllers\Eventos->gerarCertificado('7')
#7 C:\wamp\www\eventosonline\eventos\system\CodeIgniter.php(404): CodeIgniter\CodeIgniter->runController(Object(App\Controllers\Eventos))
#8 C:\wamp\www\eventosonline\eventos\system\CodeIgniter.php(312): CodeIgniter\CodeIgniter->handleRequest(NULL, Object(Config\Cache), false)
#9 C:\wamp\www\eventosonline\eventos\index.php(47): CodeIgniter\CodeIgniter->run()
#10 {main}
CRITICAL - 2021-07-02 09:02:01 --> Cannot add or update a child row: a foreign key constraint fails (`crfsp010_eventos`.`certificado`, CONSTRAINT `FK_certificado_eventos` FOREIGN KEY (`idEvento`) REFERENCES `eventos` (`id`))
#0 C:\wamp\www\eventosonline\eventos\system\Database\MySQLi\Connection.php(331): mysqli->query('INSERT INTO `ce...')
#1 C:\wamp\www\eventosonline\eventos\system\Database\BaseConnection.php(741): CodeIgniter\Database\MySQLi\Connection->execute('INSERT INTO `ce...')
#2 C:\wamp\www\eventosonline\eventos\system\Database\BaseConnection.php(669): CodeIgniter\Database\BaseConnection->simpleQuery('INSERT INTO `ce...')
#3 C:\wamp\www\eventosonline\eventos\system\Database\BaseBuilder.php(2249): CodeIgniter\Database\BaseConnection->query('INSERT INTO `ce...', Array, false)
#4 C:\wamp\www\eventosonline\eventos\app\Models\EventoModel.php(58): CodeIgniter\Database\BaseBuilder->insert(Array)
#5 C:\wamp\www\eventosonline\eventos\app\Controllers\Eventos.php(54): App\Models\EventoModel->certificado('5114', 'gerarCertificad...')
#6 C:\wamp\www\eventosonline\eventos\system\CodeIgniter.php(918): App\Controllers\Eventos->gerarCertificado('7')
#7 C:\wamp\www\eventosonline\eventos\system\CodeIgniter.php(404): CodeIgniter\CodeIgniter->runController(Object(App\Controllers\Eventos))
#8 C:\wamp\www\eventosonline\eventos\system\CodeIgniter.php(312): CodeIgniter\CodeIgniter->handleRequest(NULL, Object(Config\Cache), false)
#9 C:\wamp\www\eventosonline\eventos\index.php(47): CodeIgniter\CodeIgniter->run()
#10 {main}
CRITICAL - 2021-07-02 11:01:39 --> syntax error, unexpected end of file
#0 C:\wamp\www\eventosonline\eventos\system\Common.php(1119): CodeIgniter\View\View->render('edituser', Array, true)
#1 C:\wamp\www\eventosonline\eventos\app\Controllers\Users.php(433): view('edituser', Array)
#2 C:\wamp\www\eventosonline\eventos\system\CodeIgniter.php(918): App\Controllers\Users->edituser()
#3 C:\wamp\www\eventosonline\eventos\system\CodeIgniter.php(404): CodeIgniter\CodeIgniter->runController(Object(App\Controllers\Users))
#4 C:\wamp\www\eventosonline\eventos\system\CodeIgniter.php(312): CodeIgniter\CodeIgniter->handleRequest(NULL, Object(Config\Cache), false)
#5 C:\wamp\www\eventosonline\eventos\index.php(47): CodeIgniter\CodeIgniter->run()
#6 {main}
ERROR - 2021-07-02 12:37:11 --> mysqli_sql_exception: Cannot add or update a child row: a foreign key constraint fails (`crfsp010_eventos`.`certificado`, CONSTRAINT `FK_certificado_eventos` FOREIGN KEY (`idEvento`) REFERENCES `eventos` (`id`)) in C:\wamp\www\eventosonline\eventos\system\Database\MySQLi\Connection.php:331
Stack trace:
#0 C:\wamp\www\eventosonline\eventos\system\Database\MySQLi\Connection.php(331): mysqli->query('INSERT INTO `ce...')
#1 C:\wamp\www\eventosonline\eventos\system\Database\BaseConnection.php(741): CodeIgniter\Database\MySQLi\Connection->execute('INSERT INTO `ce...')
#2 C:\wamp\www\eventosonline\eventos\system\Database\BaseConnection.php(669): CodeIgniter\Database\BaseConnection->simpleQuery('INSERT INTO `ce...')
#3 C:\wamp\www\eventosonline\eventos\system\Database\BaseBuilder.php(2249): CodeIgniter\Database\BaseConnection->query('INSERT INTO `ce...', Array, false)
#4 C:\wamp\www\eventosonline\eventos\app\Models\EventoModel.php(58): CodeIgniter\Database\BaseBuilder->insert(Array)
#5 C:\wamp\www\eventosonline\eventos\app\Controllers\Eventos.php(54): App\Models\EventoModel->certificado('5114', '')
#6 C:\wamp\www\eventosonline\eventos\system\CodeIgniter.php(918): App\Controllers\Eventos->gerarCertificado()
#7 C:\wamp\www\eventosonline\eventos\system\CodeIgniter.php(404): CodeIgniter\CodeIgniter->runController(Object(App\Controllers\Eventos))
#8 C:\wamp\www\eventosonline\eventos\system\CodeIgniter.php(312): CodeIgniter\CodeIgniter->handleRequest(NULL, Object(Config\Cache), false)
#9 C:\wamp\www\eventosonline\eventos\index.php(47): CodeIgniter\CodeIgniter->run()
#10 {main}
CRITICAL - 2021-07-02 12:37:11 --> Cannot add or update a child row: a foreign key constraint fails (`crfsp010_eventos`.`certificado`, CONSTRAINT `FK_certificado_eventos` FOREIGN KEY (`idEvento`) REFERENCES `eventos` (`id`))
#0 C:\wamp\www\eventosonline\eventos\system\Database\MySQLi\Connection.php(331): mysqli->query('INSERT INTO `ce...')
#1 C:\wamp\www\eventosonline\eventos\system\Database\BaseConnection.php(741): CodeIgniter\Database\MySQLi\Connection->execute('INSERT INTO `ce...')
#2 C:\wamp\www\eventosonline\eventos\system\Database\BaseConnection.php(669): CodeIgniter\Database\BaseConnection->simpleQuery('INSERT INTO `ce...')
#3 C:\wamp\www\eventosonline\eventos\system\Database\BaseBuilder.php(2249): CodeIgniter\Database\BaseConnection->query('INSERT INTO `ce...', Array, false)
#4 C:\wamp\www\eventosonline\eventos\app\Models\EventoModel.php(58): CodeIgniter\Database\BaseBuilder->insert(Array)
#5 C:\wamp\www\eventosonline\eventos\app\Controllers\Eventos.php(54): App\Models\EventoModel->certificado('5114', '')
#6 C:\wamp\www\eventosonline\eventos\system\CodeIgniter.php(918): App\Controllers\Eventos->gerarCertificado()
#7 C:\wamp\www\eventosonline\eventos\system\CodeIgniter.php(404): CodeIgniter\CodeIgniter->runController(Object(App\Controllers\Eventos))
#8 C:\wamp\www\eventosonline\eventos\system\CodeIgniter.php(312): CodeIgniter\CodeIgniter->handleRequest(NULL, Object(Config\Cache), false)
#9 C:\wamp\www\eventosonline\eventos\index.php(47): CodeIgniter\CodeIgniter->run()
#10 {main}
ERROR - 2021-07-02 12:39:37 --> mysqli_sql_exception: Cannot add or update a child row: a foreign key constraint fails (`crfsp010_eventos`.`certificado`, CONSTRAINT `FK_certificado_eventos` FOREIGN KEY (`idEvento`) REFERENCES `eventos` (`id`)) in C:\wamp\www\eventosonline\eventos\system\Database\MySQLi\Connection.php:331
Stack trace:
#0 C:\wamp\www\eventosonline\eventos\system\Database\MySQLi\Connection.php(331): mysqli->query('INSERT INTO `ce...')
#1 C:\wamp\www\eventosonline\eventos\system\Database\BaseConnection.php(741): CodeIgniter\Database\MySQLi\Connection->execute('INSERT INTO `ce...')
#2 C:\wamp\www\eventosonline\eventos\system\Database\BaseConnection.php(669): CodeIgniter\Database\BaseConnection->simpleQuery('INSERT INTO `ce...')
#3 C:\wamp\www\eventosonline\eventos\system\Database\BaseBuilder.php(2249): CodeIgniter\Database\BaseConnection->query('INSERT INTO `ce...', Array, false)
#4 C:\wamp\www\eventosonline\eventos\app\Models\EventoModel.php(58): CodeIgniter\Database\BaseBuilder->insert(Array)
#5 C:\wamp\www\eventosonline\eventos\app\Controllers\Eventos.php(54): App\Models\EventoModel->certificado('5114', '')
#6 C:\wamp\www\eventosonline\eventos\system\CodeIgniter.php(918): App\Controllers\Eventos->gerarCertificado()
#7 C:\wamp\www\eventosonline\eventos\system\CodeIgniter.php(404): CodeIgniter\CodeIgniter->runController(Object(App\Controllers\Eventos))
#8 C:\wamp\www\eventosonline\eventos\system\CodeIgniter.php(312): CodeIgniter\CodeIgniter->handleRequest(NULL, Object(Config\Cache), false)
#9 C:\wamp\www\eventosonline\eventos\index.php(47): CodeIgniter\CodeIgniter->run()
#10 {main}
CRITICAL - 2021-07-02 12:39:37 --> Cannot add or update a child row: a foreign key constraint fails (`crfsp010_eventos`.`certificado`, CONSTRAINT `FK_certificado_eventos` FOREIGN KEY (`idEvento`) REFERENCES `eventos` (`id`))
#0 C:\wamp\www\eventosonline\eventos\system\Database\MySQLi\Connection.php(331): mysqli->query('INSERT INTO `ce...')
#1 C:\wamp\www\eventosonline\eventos\system\Database\BaseConnection.php(741): CodeIgniter\Database\MySQLi\Connection->execute('INSERT INTO `ce...')
#2 C:\wamp\www\eventosonline\eventos\system\Database\BaseConnection.php(669): CodeIgniter\Database\BaseConnection->simpleQuery('INSERT INTO `ce...')
#3 C:\wamp\www\eventosonline\eventos\system\Database\BaseBuilder.php(2249): CodeIgniter\Database\BaseConnection->query('INSERT INTO `ce...', Array, false)
#4 C:\wamp\www\eventosonline\eventos\app\Models\EventoModel.php(58): CodeIgniter\Database\BaseBuilder->insert(Array)
#5 C:\wamp\www\eventosonline\eventos\app\Controllers\Eventos.php(54): App\Models\EventoModel->certificado('5114', '')
#6 C:\wamp\www\eventosonline\eventos\system\CodeIgniter.php(918): App\Controllers\Eventos->gerarCertificado()
#7 C:\wamp\www\eventosonline\eventos\system\CodeIgniter.php(404): CodeIgniter\CodeIgniter->runController(Object(App\Controllers\Eventos))
#8 C:\wamp\www\eventosonline\eventos\system\CodeIgniter.php(312): CodeIgniter\CodeIgniter->handleRequest(NULL, Object(Config\Cache), false)
#9 C:\wamp\www\eventosonline\eventos\index.php(47): CodeIgniter\CodeIgniter->run()
#10 {main}
ERROR - 2021-07-02 12:44:18 --> mysqli_sql_exception: Cannot add or update a child row: a foreign key constraint fails (`crfsp010_eventos`.`certificado`, CONSTRAINT `FK_certificado_eventos` FOREIGN KEY (`idEvento`) REFERENCES `eventos` (`id`)) in C:\wamp\www\eventosonline\eventos\system\Database\MySQLi\Connection.php:331
Stack trace:
#0 C:\wamp\www\eventosonline\eventos\system\Database\MySQLi\Connection.php(331): mysqli->query('INSERT INTO `ce...')
#1 C:\wamp\www\eventosonline\eventos\system\Database\BaseConnection.php(741): CodeIgniter\Database\MySQLi\Connection->execute('INSERT INTO `ce...')
#2 C:\wamp\www\eventosonline\eventos\system\Database\BaseConnection.php(669): CodeIgniter\Database\BaseConnection->simpleQuery('INSERT INTO `ce...')
#3 C:\wamp\www\eventosonline\eventos\system\Database\BaseBuilder.php(2249): CodeIgniter\Database\BaseConnection->query('INSERT INTO `ce...', Array, false)
#4 C:\wamp\www\eventosonline\eventos\app\Models\EventoModel.php(58): CodeIgniter\Database\BaseBuilder->insert(Array)
#5 C:\wamp\www\eventosonline\eventos\app\Controllers\Eventos.php(54): App\Models\EventoModel->certificado('5114', '')
#6 C:\wamp\www\eventosonline\eventos\system\CodeIgniter.php(918): App\Controllers\Eventos->gerarCertificado()
#7 C:\wamp\www\eventosonline\eventos\system\CodeIgniter.php(404): CodeIgniter\CodeIgniter->runController(Object(App\Controllers\Eventos))
#8 C:\wamp\www\eventosonline\eventos\system\CodeIgniter.php(312): CodeIgniter\CodeIgniter->handleRequest(NULL, Object(Config\Cache), false)
#9 C:\wamp\www\eventosonline\eventos\index.php(47): CodeIgniter\CodeIgniter->run()
#10 {main}
CRITICAL - 2021-07-02 12:44:18 --> Cannot add or update a child row: a foreign key constraint fails (`crfsp010_eventos`.`certificado`, CONSTRAINT `FK_certificado_eventos` FOREIGN KEY (`idEvento`) REFERENCES `eventos` (`id`))
#0 C:\wamp\www\eventosonline\eventos\system\Database\MySQLi\Connection.php(331): mysqli->query('INSERT INTO `ce...')
#1 C:\wamp\www\eventosonline\eventos\system\Database\BaseConnection.php(741): CodeIgniter\Database\MySQLi\Connection->execute('INSERT INTO `ce...')
#2 C:\wamp\www\eventosonline\eventos\system\Database\BaseConnection.php(669): CodeIgniter\Database\BaseConnection->simpleQuery('INSERT INTO `ce...')
#3 C:\wamp\www\eventosonline\eventos\system\Database\BaseBuilder.php(2249): CodeIgniter\Database\BaseConnection->query('INSERT INTO `ce...', Array, false)
#4 C:\wamp\www\eventosonline\eventos\app\Models\EventoModel.php(58): CodeIgniter\Database\BaseBuilder->insert(Array)
#5 C:\wamp\www\eventosonline\eventos\app\Controllers\Eventos.php(54): App\Models\EventoModel->certificado('5114', '')
#6 C:\wamp\www\eventosonline\eventos\system\CodeIgniter.php(918): App\Controllers\Eventos->gerarCertificado()
#7 C:\wamp\www\eventosonline\eventos\system\CodeIgniter.php(404): CodeIgniter\CodeIgniter->runController(Object(App\Controllers\Eventos))
#8 C:\wamp\www\eventosonline\eventos\system\CodeIgniter.php(312): CodeIgniter\CodeIgniter->handleRequest(NULL, Object(Config\Cache), false)
#9 C:\wamp\www\eventosonline\eventos\index.php(47): CodeIgniter\CodeIgniter->run()
#10 {main}
ERROR - 2021-07-02 12:44:41 --> mysqli_sql_exception: Cannot add or update a child row: a foreign key constraint fails (`crfsp010_eventos`.`certificado`, CONSTRAINT `FK_certificado_eventos` FOREIGN KEY (`idEvento`) REFERENCES `eventos` (`id`)) in C:\wamp\www\eventosonline\eventos\system\Database\MySQLi\Connection.php:331
Stack trace:
#0 C:\wamp\www\eventosonline\eventos\system\Database\MySQLi\Connection.php(331): mysqli->query('INSERT INTO `ce...')
#1 C:\wamp\www\eventosonline\eventos\system\Database\BaseConnection.php(741): CodeIgniter\Database\MySQLi\Connection->execute('INSERT INTO `ce...')
#2 C:\wamp\www\eventosonline\eventos\system\Database\BaseConnection.php(669): CodeIgniter\Database\BaseConnection->simpleQuery('INSERT INTO `ce...')
#3 C:\wamp\www\eventosonline\eventos\system\Database\BaseBuilder.php(2249): CodeIgniter\Database\BaseConnection->query('INSERT INTO `ce...', Array, false)
#4 C:\wamp\www\eventosonline\eventos\app\Models\EventoModel.php(58): CodeIgniter\Database\BaseBuilder->insert(Array)
#5 C:\wamp\www\eventosonline\eventos\app\Controllers\Eventos.php(54): App\Models\EventoModel->certificado('5114', '')
#6 C:\wamp\www\eventosonline\eventos\system\CodeIgniter.php(918): App\Controllers\Eventos->gerarCertificado()
#7 C:\wamp\www\eventosonline\eventos\system\CodeIgniter.php(404): CodeIgniter\CodeIgniter->runController(Object(App\Controllers\Eventos))
#8 C:\wamp\www\eventosonline\eventos\system\CodeIgniter.php(312): CodeIgniter\CodeIgniter->handleRequest(NULL, Object(Config\Cache), false)
#9 C:\wamp\www\eventosonline\eventos\index.php(47): CodeIgniter\CodeIgniter->run()
#10 {main}
CRITICAL - 2021-07-02 12:44:41 --> Cannot add or update a child row: a foreign key constraint fails (`crfsp010_eventos`.`certificado`, CONSTRAINT `FK_certificado_eventos` FOREIGN KEY (`idEvento`) REFERENCES `eventos` (`id`))
#0 C:\wamp\www\eventosonline\eventos\system\Database\MySQLi\Connection.php(331): mysqli->query('INSERT INTO `ce...')
#1 C:\wamp\www\eventosonline\eventos\system\Database\BaseConnection.php(741): CodeIgniter\Database\MySQLi\Connection->execute('INSERT INTO `ce...')
#2 C:\wamp\www\eventosonline\eventos\system\Database\BaseConnection.php(669): CodeIgniter\Database\BaseConnection->simpleQuery('INSERT INTO `ce...')
#3 C:\wamp\www\eventosonline\eventos\system\Database\BaseBuilder.php(2249): CodeIgniter\Database\BaseConnection->query('INSERT INTO `ce...', Array, false)
#4 C:\wamp\www\eventosonline\eventos\app\Models\EventoModel.php(58): CodeIgniter\Database\BaseBuilder->insert(Array)
#5 C:\wamp\www\eventosonline\eventos\app\Controllers\Eventos.php(54): App\Models\EventoModel->certificado('5114', '')
#6 C:\wamp\www\eventosonline\eventos\system\CodeIgniter.php(918): App\Controllers\Eventos->gerarCertificado()
#7 C:\wamp\www\eventosonline\eventos\system\CodeIgniter.php(404): CodeIgniter\CodeIgniter->runController(Object(App\Controllers\Eventos))
#8 C:\wamp\www\eventosonline\eventos\system\CodeIgniter.php(312): CodeIgniter\CodeIgniter->handleRequest(NULL, Object(Config\Cache), false)
#9 C:\wamp\www\eventosonline\eventos\index.php(47): CodeIgniter\CodeIgniter->run()
#10 {main}
