ERROR - 2021-06-21 06:58:13 --> mysqli_sql_exception: Column 'tipo' cannot be null in C:\wamp\www\eventosonline\eventos\system\Database\MySQLi\Connection.php:331
Stack trace:
#0 C:\wamp\www\eventosonline\eventos\system\Database\MySQLi\Connection.php(331): mysqli->query('INSERT INTO `at...')
#1 C:\wamp\www\eventosonline\eventos\system\Database\BaseConnection.php(741): CodeIgniter\Database\MySQLi\Connection->execute('INSERT INTO `at...')
#2 C:\wamp\www\eventosonline\eventos\system\Database\BaseConnection.php(669): CodeIgniter\Database\BaseConnection->simpleQuery('INSERT INTO `at...')
#3 C:\wamp\www\eventosonline\eventos\system\Database\BaseBuilder.php(2249): CodeIgniter\Database\BaseConnection->query('INSERT INTO `at...', Array, false)
#4 C:\wamp\www\eventosonline\eventos\system\Model.php(755): CodeIgniter\Database\BaseBuilder->insert()
#5 C:\wamp\www\eventosonline\eventos\system\Model.php(574): CodeIgniter\Model->insert(Array, false)
#6 C:\wamp\www\eventosonline\eventos\app\Controllers\Atividades.php(46): CodeIgniter\Model->save(Array)
#7 C:\wamp\www\eventosonline\eventos\system\CodeIgniter.php(918): App\Controllers\Atividades->cadativ()
#8 C:\wamp\www\eventosonline\eventos\system\CodeIgniter.php(404): CodeIgniter\CodeIgniter->runController(Object(App\Controllers\Atividades))
#9 C:\wamp\www\eventosonline\eventos\system\CodeIgniter.php(312): CodeIgniter\CodeIgniter->handleRequest(NULL, Object(Config\Cache), false)
#10 C:\wamp\www\eventosonline\eventos\index.php(47): CodeIgniter\CodeIgniter->run()
#11 {main}
CRITICAL - 2021-06-21 06:58:13 --> Column 'tipo' cannot be null
#0 C:\wamp\www\eventosonline\eventos\system\Database\MySQLi\Connection.php(331): mysqli->query('INSERT INTO `at...')
#1 C:\wamp\www\eventosonline\eventos\system\Database\BaseConnection.php(741): CodeIgniter\Database\MySQLi\Connection->execute('INSERT INTO `at...')
#2 C:\wamp\www\eventosonline\eventos\system\Database\BaseConnection.php(669): CodeIgniter\Database\BaseConnection->simpleQuery('INSERT INTO `at...')
#3 C:\wamp\www\eventosonline\eventos\system\Database\BaseBuilder.php(2249): CodeIgniter\Database\BaseConnection->query('INSERT INTO `at...', Array, false)
#4 C:\wamp\www\eventosonline\eventos\system\Model.php(755): CodeIgniter\Database\BaseBuilder->insert()
#5 C:\wamp\www\eventosonline\eventos\system\Model.php(574): CodeIgniter\Model->insert(Array, false)
#6 C:\wamp\www\eventosonline\eventos\app\Controllers\Atividades.php(46): CodeIgniter\Model->save(Array)
#7 C:\wamp\www\eventosonline\eventos\system\CodeIgniter.php(918): App\Controllers\Atividades->cadativ()
#8 C:\wamp\www\eventosonline\eventos\system\CodeIgniter.php(404): CodeIgniter\CodeIgniter->runController(Object(App\Controllers\Atividades))
#9 C:\wamp\www\eventosonline\eventos\system\CodeIgniter.php(312): CodeIgniter\CodeIgniter->handleRequest(NULL, Object(Config\Cache), false)
#10 C:\wamp\www\eventosonline\eventos\index.php(47): CodeIgniter\CodeIgniter->run()
#11 {main}
ERROR - 2021-06-21 06:58:33 --> mysqli_sql_exception: Column 'tipo' cannot be null in C:\wamp\www\eventosonline\eventos\system\Database\MySQLi\Connection.php:331
Stack trace:
#0 C:\wamp\www\eventosonline\eventos\system\Database\MySQLi\Connection.php(331): mysqli->query('INSERT INTO `at...')
#1 C:\wamp\www\eventosonline\eventos\system\Database\BaseConnection.php(741): CodeIgniter\Database\MySQLi\Connection->execute('INSERT INTO `at...')
#2 C:\wamp\www\eventosonline\eventos\system\Database\BaseConnection.php(669): CodeIgniter\Database\BaseConnection->simpleQuery('INSERT INTO `at...')
#3 C:\wamp\www\eventosonline\eventos\system\Database\BaseBuilder.php(2249): CodeIgniter\Database\BaseConnection->query('INSERT INTO `at...', Array, false)
#4 C:\wamp\www\eventosonline\eventos\system\Model.php(755): CodeIgniter\Database\BaseBuilder->insert()
#5 C:\wamp\www\eventosonline\eventos\system\Model.php(574): CodeIgniter\Model->insert(Array, false)
#6 C:\wamp\www\eventosonline\eventos\app\Controllers\Atividades.php(46): CodeIgniter\Model->save(Array)
#7 C:\wamp\www\eventosonline\eventos\system\CodeIgniter.php(918): App\Controllers\Atividades->cadativ()
#8 C:\wamp\www\eventosonline\eventos\system\CodeIgniter.php(404): CodeIgniter\CodeIgniter->runController(Object(App\Controllers\Atividades))
#9 C:\wamp\www\eventosonline\eventos\system\CodeIgniter.php(312): CodeIgniter\CodeIgniter->handleRequest(NULL, Object(Config\Cache), false)
#10 C:\wamp\www\eventosonline\eventos\index.php(47): CodeIgniter\CodeIgniter->run()
#11 {main}
CRITICAL - 2021-06-21 06:58:33 --> Column 'tipo' cannot be null
#0 C:\wamp\www\eventosonline\eventos\system\Database\MySQLi\Connection.php(331): mysqli->query('INSERT INTO `at...')
#1 C:\wamp\www\eventosonline\eventos\system\Database\BaseConnection.php(741): CodeIgniter\Database\MySQLi\Connection->execute('INSERT INTO `at...')
#2 C:\wamp\www\eventosonline\eventos\system\Database\BaseConnection.php(669): CodeIgniter\Database\BaseConnection->simpleQuery('INSERT INTO `at...')
#3 C:\wamp\www\eventosonline\eventos\system\Database\BaseBuilder.php(2249): CodeIgniter\Database\BaseConnection->query('INSERT INTO `at...', Array, false)
#4 C:\wamp\www\eventosonline\eventos\system\Model.php(755): CodeIgniter\Database\BaseBuilder->insert()
#5 C:\wamp\www\eventosonline\eventos\system\Model.php(574): CodeIgniter\Model->insert(Array, false)
#6 C:\wamp\www\eventosonline\eventos\app\Controllers\Atividades.php(46): CodeIgniter\Model->save(Array)
#7 C:\wamp\www\eventosonline\eventos\system\CodeIgniter.php(918): App\Controllers\Atividades->cadativ()
#8 C:\wamp\www\eventosonline\eventos\system\CodeIgniter.php(404): CodeIgniter\CodeIgniter->runController(Object(App\Controllers\Atividades))
#9 C:\wamp\www\eventosonline\eventos\system\CodeIgniter.php(312): CodeIgniter\CodeIgniter->handleRequest(NULL, Object(Config\Cache), false)
#10 C:\wamp\www\eventosonline\eventos\index.php(47): CodeIgniter\CodeIgniter->run()
#11 {main}
ERROR - 2021-06-21 06:59:02 --> mysqli_sql_exception: Cannot add or update a child row: a foreign key constraint fails (`crfsp010_eventos`.`atividade_evento`, CONSTRAINT `FK_atividade_evento_eventos` FOREIGN KEY (`idEvento`) REFERENCES `eventos` (`id`)) in C:\wamp\www\eventosonline\eventos\system\Database\MySQLi\Connection.php:331
Stack trace:
#0 C:\wamp\www\eventosonline\eventos\system\Database\MySQLi\Connection.php(331): mysqli->query('INSERT INTO `at...')
#1 C:\wamp\www\eventosonline\eventos\system\Database\BaseConnection.php(741): CodeIgniter\Database\MySQLi\Connection->execute('INSERT INTO `at...')
#2 C:\wamp\www\eventosonline\eventos\system\Database\BaseConnection.php(669): CodeIgniter\Database\BaseConnection->simpleQuery('INSERT INTO `at...')
#3 C:\wamp\www\eventosonline\eventos\system\Database\BaseBuilder.php(2249): CodeIgniter\Database\BaseConnection->query('INSERT INTO `at...', Array, false)
#4 C:\wamp\www\eventosonline\eventos\system\Model.php(755): CodeIgniter\Database\BaseBuilder->insert()
#5 C:\wamp\www\eventosonline\eventos\system\Model.php(574): CodeIgniter\Model->insert(Array, false)
#6 C:\wamp\www\eventosonline\eventos\app\Controllers\Atividades.php(46): CodeIgniter\Model->save(Array)
#7 C:\wamp\www\eventosonline\eventos\system\CodeIgniter.php(918): App\Controllers\Atividades->cadativ()
#8 C:\wamp\www\eventosonline\eventos\system\CodeIgniter.php(404): CodeIgniter\CodeIgniter->runController(Object(App\Controllers\Atividades))
#9 C:\wamp\www\eventosonline\eventos\system\CodeIgniter.php(312): CodeIgniter\CodeIgniter->handleRequest(NULL, Object(Config\Cache), false)
#10 C:\wamp\www\eventosonline\eventos\index.php(47): CodeIgniter\CodeIgniter->run()
#11 {main}
CRITICAL - 2021-06-21 06:59:02 --> Cannot add or update a child row: a foreign key constraint fails (`crfsp010_eventos`.`atividade_evento`, CONSTRAINT `FK_atividade_evento_eventos` FOREIGN KEY (`idEvento`) REFERENCES `eventos` (`id`))
#0 C:\wamp\www\eventosonline\eventos\system\Database\MySQLi\Connection.php(331): mysqli->query('INSERT INTO `at...')
#1 C:\wamp\www\eventosonline\eventos\system\Database\BaseConnection.php(741): CodeIgniter\Database\MySQLi\Connection->execute('INSERT INTO `at...')
#2 C:\wamp\www\eventosonline\eventos\system\Database\BaseConnection.php(669): CodeIgniter\Database\BaseConnection->simpleQuery('INSERT INTO `at...')
#3 C:\wamp\www\eventosonline\eventos\system\Database\BaseBuilder.php(2249): CodeIgniter\Database\BaseConnection->query('INSERT INTO `at...', Array, false)
#4 C:\wamp\www\eventosonline\eventos\system\Model.php(755): CodeIgniter\Database\BaseBuilder->insert()
#5 C:\wamp\www\eventosonline\eventos\system\Model.php(574): CodeIgniter\Model->insert(Array, false)
#6 C:\wamp\www\eventosonline\eventos\app\Controllers\Atividades.php(46): CodeIgniter\Model->save(Array)
#7 C:\wamp\www\eventosonline\eventos\system\CodeIgniter.php(918): App\Controllers\Atividades->cadativ()
#8 C:\wamp\www\eventosonline\eventos\system\CodeIgniter.php(404): CodeIgniter\CodeIgniter->runController(Object(App\Controllers\Atividades))
#9 C:\wamp\www\eventosonline\eventos\system\CodeIgniter.php(312): CodeIgniter\CodeIgniter->handleRequest(NULL, Object(Config\Cache), false)
#10 C:\wamp\www\eventosonline\eventos\index.php(47): CodeIgniter\CodeIgniter->run()
#11 {main}
ERROR - 2021-06-21 07:53:20 --> mysqli_sql_exception: Cannot add or update a child row: a foreign key constraint fails (`crfsp010_eventos`.`atividade_evento`, CONSTRAINT `FK_atividade_evento_eventos` FOREIGN KEY (`idEvento`) REFERENCES `eventos` (`id`)) in C:\wamp\www\eventosonline\eventos\system\Database\MySQLi\Connection.php:331
Stack trace:
#0 C:\wamp\www\eventosonline\eventos\system\Database\MySQLi\Connection.php(331): mysqli->query('INSERT INTO `at...')
#1 C:\wamp\www\eventosonline\eventos\system\Database\BaseConnection.php(741): CodeIgniter\Database\MySQLi\Connection->execute('INSERT INTO `at...')
#2 C:\wamp\www\eventosonline\eventos\system\Database\BaseConnection.php(669): CodeIgniter\Database\BaseConnection->simpleQuery('INSERT INTO `at...')
#3 C:\wamp\www\eventosonline\eventos\system\Database\BaseBuilder.php(2249): CodeIgniter\Database\BaseConnection->query('INSERT INTO `at...', Array, false)
#4 C:\wamp\www\eventosonline\eventos\system\Model.php(755): CodeIgniter\Database\BaseBuilder->insert()
#5 C:\wamp\www\eventosonline\eventos\system\Model.php(574): CodeIgniter\Model->insert(Array, false)
#6 C:\wamp\www\eventosonline\eventos\app\Controllers\Atividades.php(47): CodeIgniter\Model->save(Array)
#7 C:\wamp\www\eventosonline\eventos\system\CodeIgniter.php(918): App\Controllers\Atividades->cadativ()
#8 C:\wamp\www\eventosonline\eventos\system\CodeIgniter.php(404): CodeIgniter\CodeIgniter->runController(Object(App\Controllers\Atividades))
#9 C:\wamp\www\eventosonline\eventos\system\CodeIgniter.php(312): CodeIgniter\CodeIgniter->handleRequest(NULL, Object(Config\Cache), false)
#10 C:\wamp\www\eventosonline\eventos\index.php(47): CodeIgniter\CodeIgniter->run()
#11 {main}
CRITICAL - 2021-06-21 07:53:20 --> Cannot add or update a child row: a foreign key constraint fails (`crfsp010_eventos`.`atividade_evento`, CONSTRAINT `FK_atividade_evento_eventos` FOREIGN KEY (`idEvento`) REFERENCES `eventos` (`id`))
#0 C:\wamp\www\eventosonline\eventos\system\Database\MySQLi\Connection.php(331): mysqli->query('INSERT INTO `at...')
#1 C:\wamp\www\eventosonline\eventos\system\Database\BaseConnection.php(741): CodeIgniter\Database\MySQLi\Connection->execute('INSERT INTO `at...')
#2 C:\wamp\www\eventosonline\eventos\system\Database\BaseConnection.php(669): CodeIgniter\Database\BaseConnection->simpleQuery('INSERT INTO `at...')
#3 C:\wamp\www\eventosonline\eventos\system\Database\BaseBuilder.php(2249): CodeIgniter\Database\BaseConnection->query('INSERT INTO `at...', Array, false)
#4 C:\wamp\www\eventosonline\eventos\system\Model.php(755): CodeIgniter\Database\BaseBuilder->insert()
#5 C:\wamp\www\eventosonline\eventos\system\Model.php(574): CodeIgniter\Model->insert(Array, false)
#6 C:\wamp\www\eventosonline\eventos\app\Controllers\Atividades.php(47): CodeIgniter\Model->save(Array)
#7 C:\wamp\www\eventosonline\eventos\system\CodeIgniter.php(918): App\Controllers\Atividades->cadativ()
#8 C:\wamp\www\eventosonline\eventos\system\CodeIgniter.php(404): CodeIgniter\CodeIgniter->runController(Object(App\Controllers\Atividades))
#9 C:\wamp\www\eventosonline\eventos\system\CodeIgniter.php(312): CodeIgniter\CodeIgniter->handleRequest(NULL, Object(Config\Cache), false)
#10 C:\wamp\www\eventosonline\eventos\index.php(47): CodeIgniter\CodeIgniter->run()
#11 {main}
CRITICAL - 2021-06-21 08:10:11 --> Undefined index: dtinicio
#0 C:\wamp\www\eventosonline\eventos\app\Views\listativ.php(31): CodeIgniter\Debug\Exceptions->errorHandler(8, 'Undefined index...', 'C:\\wamp\\www\\eve...', 31, Array)
#1 C:\wamp\www\eventosonline\eventos\system\View\View.php(246): include('C:\\wamp\\www\\eve...')
#2 C:\wamp\www\eventosonline\eventos\system\Common.php(1119): CodeIgniter\View\View->render('listativ', Array, true)
#3 C:\wamp\www\eventosonline\eventos\app\Controllers\Atividades.php(89): view('listativ')
#4 C:\wamp\www\eventosonline\eventos\system\CodeIgniter.php(918): App\Controllers\Atividades->listativ()
#5 C:\wamp\www\eventosonline\eventos\system\CodeIgniter.php(404): CodeIgniter\CodeIgniter->runController(Object(App\Controllers\Atividades))
#6 C:\wamp\www\eventosonline\eventos\system\CodeIgniter.php(312): CodeIgniter\CodeIgniter->handleRequest(NULL, Object(Config\Cache), false)
#7 C:\wamp\www\eventosonline\eventos\index.php(47): CodeIgniter\CodeIgniter->run()
#8 {main}
CRITICAL - 2021-06-21 08:12:45 --> Undefined variable: data
#0 C:\wamp\www\eventosonline\eventos\app\Views\excluirativ.php(29): CodeIgniter\Debug\Exceptions->errorHandler(8, 'Undefined varia...', 'C:\\wamp\\www\\eve...', 29, Array)
#1 C:\wamp\www\eventosonline\eventos\system\View\View.php(246): include('C:\\wamp\\www\\eve...')
#2 C:\wamp\www\eventosonline\eventos\system\Common.php(1119): CodeIgniter\View\View->render('excluirativ', Array, true)
#3 C:\wamp\www\eventosonline\eventos\app\Controllers\Atividades.php(103): view('excluirativ', Array)
#4 C:\wamp\www\eventosonline\eventos\system\CodeIgniter.php(918): App\Controllers\Atividades->excluirativ()
#5 C:\wamp\www\eventosonline\eventos\system\CodeIgniter.php(404): CodeIgniter\CodeIgniter->runController(Object(App\Controllers\Atividades))
#6 C:\wamp\www\eventosonline\eventos\system\CodeIgniter.php(312): CodeIgniter\CodeIgniter->handleRequest(NULL, Object(Config\Cache), false)
#7 C:\wamp\www\eventosonline\eventos\index.php(47): CodeIgniter\CodeIgniter->run()
#8 {main}
CRITICAL - 2021-06-21 08:12:59 --> Undefined variable: data
#0 C:\wamp\www\eventosonline\eventos\app\Views\excluirativ.php(29): CodeIgniter\Debug\Exceptions->errorHandler(8, 'Undefined varia...', 'C:\\wamp\\www\\eve...', 29, Array)
#1 C:\wamp\www\eventosonline\eventos\system\View\View.php(246): include('C:\\wamp\\www\\eve...')
#2 C:\wamp\www\eventosonline\eventos\system\Common.php(1119): CodeIgniter\View\View->render('excluirativ', Array, true)
#3 C:\wamp\www\eventosonline\eventos\app\Controllers\Atividades.php(103): view('excluirativ', Array)
#4 C:\wamp\www\eventosonline\eventos\system\CodeIgniter.php(918): App\Controllers\Atividades->excluirativ()
#5 C:\wamp\www\eventosonline\eventos\system\CodeIgniter.php(404): CodeIgniter\CodeIgniter->runController(Object(App\Controllers\Atividades))
#6 C:\wamp\www\eventosonline\eventos\system\CodeIgniter.php(312): CodeIgniter\CodeIgniter->handleRequest(NULL, Object(Config\Cache), false)
#7 C:\wamp\www\eventosonline\eventos\index.php(47): CodeIgniter\CodeIgniter->run()
#8 {main}
ERROR - 2021-06-21 08:46:43 --> mysqli_sql_exception: Cannot delete or update a parent row: a foreign key constraint fails (`crfsp010_eventos`.`usuario_atividade`, CONSTRAINT `FK_usuario_atividade_atividade_evento` FOREIGN KEY (`idAtividade`) REFERENCES `atividade_evento` (`id`)) in C:\wamp\www\eventosonline\eventos\system\Database\MySQLi\Connection.php:331
Stack trace:
#0 C:\wamp\www\eventosonline\eventos\system\Database\MySQLi\Connection.php(331): mysqli->query('DELETE FROM `at...')
#1 C:\wamp\www\eventosonline\eventos\system\Database\BaseConnection.php(741): CodeIgniter\Database\MySQLi\Connection->execute('DELETE FROM `at...')
#2 C:\wamp\www\eventosonline\eventos\system\Database\BaseConnection.php(669): CodeIgniter\Database\BaseConnection->simpleQuery('DELETE FROM `at...')
#3 C:\wamp\www\eventosonline\eventos\system\Database\BaseBuilder.php(2853): CodeIgniter\Database\BaseConnection->query('DELETE FROM `at...', Array, false)
#4 C:\wamp\www\eventosonline\eventos\system\Model.php(977): CodeIgniter\Database\BaseBuilder->delete()
#5 C:\wamp\www\eventosonline\eventos\app\Controllers\Atividades.php(159): CodeIgniter\Model->delete(Array)
#6 C:\wamp\www\eventosonline\eventos\system\CodeIgniter.php(918): App\Controllers\Atividades->deletar('3')
#7 C:\wamp\www\eventosonline\eventos\system\CodeIgniter.php(404): CodeIgniter\CodeIgniter->runController(Object(App\Controllers\Atividades))
#8 C:\wamp\www\eventosonline\eventos\system\CodeIgniter.php(312): CodeIgniter\CodeIgniter->handleRequest(NULL, Object(Config\Cache), false)
#9 C:\wamp\www\eventosonline\eventos\index.php(47): CodeIgniter\CodeIgniter->run()
#10 {main}
CRITICAL - 2021-06-21 08:46:43 --> Cannot delete or update a parent row: a foreign key constraint fails (`crfsp010_eventos`.`usuario_atividade`, CONSTRAINT `FK_usuario_atividade_atividade_evento` FOREIGN KEY (`idAtividade`) REFERENCES `atividade_evento` (`id`))
#0 C:\wamp\www\eventosonline\eventos\system\Database\MySQLi\Connection.php(331): mysqli->query('DELETE FROM `at...')
#1 C:\wamp\www\eventosonline\eventos\system\Database\BaseConnection.php(741): CodeIgniter\Database\MySQLi\Connection->execute('DELETE FROM `at...')
#2 C:\wamp\www\eventosonline\eventos\system\Database\BaseConnection.php(669): CodeIgniter\Database\BaseConnection->simpleQuery('DELETE FROM `at...')
#3 C:\wamp\www\eventosonline\eventos\system\Database\BaseBuilder.php(2853): CodeIgniter\Database\BaseConnection->query('DELETE FROM `at...', Array, false)
#4 C:\wamp\www\eventosonline\eventos\system\Model.php(977): CodeIgniter\Database\BaseBuilder->delete()
#5 C:\wamp\www\eventosonline\eventos\app\Controllers\Atividades.php(159): CodeIgniter\Model->delete(Array)
#6 C:\wamp\www\eventosonline\eventos\system\CodeIgniter.php(918): App\Controllers\Atividades->deletar('3')
#7 C:\wamp\www\eventosonline\eventos\system\CodeIgniter.php(404): CodeIgniter\CodeIgniter->runController(Object(App\Controllers\Atividades))
#8 C:\wamp\www\eventosonline\eventos\system\CodeIgniter.php(312): CodeIgniter\CodeIgniter->handleRequest(NULL, Object(Config\Cache), false)
#9 C:\wamp\www\eventosonline\eventos\index.php(47): CodeIgniter\CodeIgniter->run()
#10 {main}
ERROR - 2021-06-21 09:37:13 --> mysqli_sql_exception: Cannot add or update a child row: a foreign key constraint fails (`crfsp010_eventos`.`atividade_evento`, CONSTRAINT `FK_atividade_evento_eventos` FOREIGN KEY (`idEvento`) REFERENCES `eventos` (`id`)) in C:\wamp\www\eventosonline\eventos\system\Database\MySQLi\Connection.php:331
Stack trace:
#0 C:\wamp\www\eventosonline\eventos\system\Database\MySQLi\Connection.php(331): mysqli->query('INSERT INTO `at...')
#1 C:\wamp\www\eventosonline\eventos\system\Database\BaseConnection.php(741): CodeIgniter\Database\MySQLi\Connection->execute('INSERT INTO `at...')
#2 C:\wamp\www\eventosonline\eventos\system\Database\BaseConnection.php(669): CodeIgniter\Database\BaseConnection->simpleQuery('INSERT INTO `at...')
#3 C:\wamp\www\eventosonline\eventos\system\Database\BaseBuilder.php(2249): CodeIgniter\Database\BaseConnection->query('INSERT INTO `at...', Array, false)
#4 C:\wamp\www\eventosonline\eventos\system\Model.php(755): CodeIgniter\Database\BaseBuilder->insert()
#5 C:\wamp\www\eventosonline\eventos\system\Model.php(574): CodeIgniter\Model->insert(Array, false)
#6 C:\wamp\www\eventosonline\eventos\app\Controllers\Atividades.php(47): CodeIgniter\Model->save(Array)
#7 C:\wamp\www\eventosonline\eventos\system\CodeIgniter.php(918): App\Controllers\Atividades->cadativ()
#8 C:\wamp\www\eventosonline\eventos\system\CodeIgniter.php(404): CodeIgniter\CodeIgniter->runController(Object(App\Controllers\Atividades))
#9 C:\wamp\www\eventosonline\eventos\system\CodeIgniter.php(312): CodeIgniter\CodeIgniter->handleRequest(NULL, Object(Config\Cache), false)
#10 C:\wamp\www\eventosonline\eventos\index.php(47): CodeIgniter\CodeIgniter->run()
#11 {main}
CRITICAL - 2021-06-21 09:37:13 --> Cannot add or update a child row: a foreign key constraint fails (`crfsp010_eventos`.`atividade_evento`, CONSTRAINT `FK_atividade_evento_eventos` FOREIGN KEY (`idEvento`) REFERENCES `eventos` (`id`))
#0 C:\wamp\www\eventosonline\eventos\system\Database\MySQLi\Connection.php(331): mysqli->query('INSERT INTO `at...')
#1 C:\wamp\www\eventosonline\eventos\system\Database\BaseConnection.php(741): CodeIgniter\Database\MySQLi\Connection->execute('INSERT INTO `at...')
#2 C:\wamp\www\eventosonline\eventos\system\Database\BaseConnection.php(669): CodeIgniter\Database\BaseConnection->simpleQuery('INSERT INTO `at...')
#3 C:\wamp\www\eventosonline\eventos\system\Database\BaseBuilder.php(2249): CodeIgniter\Database\BaseConnection->query('INSERT INTO `at...', Array, false)
#4 C:\wamp\www\eventosonline\eventos\system\Model.php(755): CodeIgniter\Database\BaseBuilder->insert()
#5 C:\wamp\www\eventosonline\eventos\system\Model.php(574): CodeIgniter\Model->insert(Array, false)
#6 C:\wamp\www\eventosonline\eventos\app\Controllers\Atividades.php(47): CodeIgniter\Model->save(Array)
#7 C:\wamp\www\eventosonline\eventos\system\CodeIgniter.php(918): App\Controllers\Atividades->cadativ()
#8 C:\wamp\www\eventosonline\eventos\system\CodeIgniter.php(404): CodeIgniter\CodeIgniter->runController(Object(App\Controllers\Atividades))
#9 C:\wamp\www\eventosonline\eventos\system\CodeIgniter.php(312): CodeIgniter\CodeIgniter->handleRequest(NULL, Object(Config\Cache), false)
#10 C:\wamp\www\eventosonline\eventos\index.php(47): CodeIgniter\CodeIgniter->run()
#11 {main}
ERROR - 2021-06-21 09:50:00 --> mysqli_sql_exception: Cannot add or update a child row: a foreign key constraint fails (`crfsp010_eventos`.`atividade_evento`, CONSTRAINT `FK_atividade_evento_eventos` FOREIGN KEY (`idEvento`) REFERENCES `eventos` (`id`)) in C:\wamp\www\eventosonline\eventos\system\Database\MySQLi\Connection.php:331
Stack trace:
#0 C:\wamp\www\eventosonline\eventos\system\Database\MySQLi\Connection.php(331): mysqli->query('INSERT INTO `at...')
#1 C:\wamp\www\eventosonline\eventos\system\Database\BaseConnection.php(741): CodeIgniter\Database\MySQLi\Connection->execute('INSERT INTO `at...')
#2 C:\wamp\www\eventosonline\eventos\system\Database\BaseConnection.php(669): CodeIgniter\Database\BaseConnection->simpleQuery('INSERT INTO `at...')
#3 C:\wamp\www\eventosonline\eventos\system\Database\BaseBuilder.php(2249): CodeIgniter\Database\BaseConnection->query('INSERT INTO `at...', Array, false)
#4 C:\wamp\www\eventosonline\eventos\system\Model.php(755): CodeIgniter\Database\BaseBuilder->insert()
#5 C:\wamp\www\eventosonline\eventos\system\Model.php(574): CodeIgniter\Model->insert(Array, false)
#6 C:\wamp\www\eventosonline\eventos\app\Controllers\Atividades.php(47): CodeIgniter\Model->save(Array)
#7 C:\wamp\www\eventosonline\eventos\system\CodeIgniter.php(918): App\Controllers\Atividades->cadativ()
#8 C:\wamp\www\eventosonline\eventos\system\CodeIgniter.php(404): CodeIgniter\CodeIgniter->runController(Object(App\Controllers\Atividades))
#9 C:\wamp\www\eventosonline\eventos\system\CodeIgniter.php(312): CodeIgniter\CodeIgniter->handleRequest(NULL, Object(Config\Cache), false)
#10 C:\wamp\www\eventosonline\eventos\index.php(47): CodeIgniter\CodeIgniter->run()
#11 {main}
CRITICAL - 2021-06-21 09:50:00 --> Cannot add or update a child row: a foreign key constraint fails (`crfsp010_eventos`.`atividade_evento`, CONSTRAINT `FK_atividade_evento_eventos` FOREIGN KEY (`idEvento`) REFERENCES `eventos` (`id`))
#0 C:\wamp\www\eventosonline\eventos\system\Database\MySQLi\Connection.php(331): mysqli->query('INSERT INTO `at...')
#1 C:\wamp\www\eventosonline\eventos\system\Database\BaseConnection.php(741): CodeIgniter\Database\MySQLi\Connection->execute('INSERT INTO `at...')
#2 C:\wamp\www\eventosonline\eventos\system\Database\BaseConnection.php(669): CodeIgniter\Database\BaseConnection->simpleQuery('INSERT INTO `at...')
#3 C:\wamp\www\eventosonline\eventos\system\Database\BaseBuilder.php(2249): CodeIgniter\Database\BaseConnection->query('INSERT INTO `at...', Array, false)
#4 C:\wamp\www\eventosonline\eventos\system\Model.php(755): CodeIgniter\Database\BaseBuilder->insert()
#5 C:\wamp\www\eventosonline\eventos\system\Model.php(574): CodeIgniter\Model->insert(Array, false)
#6 C:\wamp\www\eventosonline\eventos\app\Controllers\Atividades.php(47): CodeIgniter\Model->save(Array)
#7 C:\wamp\www\eventosonline\eventos\system\CodeIgniter.php(918): App\Controllers\Atividades->cadativ()
#8 C:\wamp\www\eventosonline\eventos\system\CodeIgniter.php(404): CodeIgniter\CodeIgniter->runController(Object(App\Controllers\Atividades))
#9 C:\wamp\www\eventosonline\eventos\system\CodeIgniter.php(312): CodeIgniter\CodeIgniter->handleRequest(NULL, Object(Config\Cache), false)
#10 C:\wamp\www\eventosonline\eventos\index.php(47): CodeIgniter\CodeIgniter->run()
#11 {main}
ERROR - 2021-06-21 09:50:18 --> mysqli_sql_exception: Cannot add or update a child row: a foreign key constraint fails (`crfsp010_eventos`.`atividade_evento`, CONSTRAINT `FK_atividade_evento_eventos` FOREIGN KEY (`idEvento`) REFERENCES `eventos` (`id`)) in C:\wamp\www\eventosonline\eventos\system\Database\MySQLi\Connection.php:331
Stack trace:
#0 C:\wamp\www\eventosonline\eventos\system\Database\MySQLi\Connection.php(331): mysqli->query('INSERT INTO `at...')
#1 C:\wamp\www\eventosonline\eventos\system\Database\BaseConnection.php(741): CodeIgniter\Database\MySQLi\Connection->execute('INSERT INTO `at...')
#2 C:\wamp\www\eventosonline\eventos\system\Database\BaseConnection.php(669): CodeIgniter\Database\BaseConnection->simpleQuery('INSERT INTO `at...')
#3 C:\wamp\www\eventosonline\eventos\system\Database\BaseBuilder.php(2249): CodeIgniter\Database\BaseConnection->query('INSERT INTO `at...', Array, false)
#4 C:\wamp\www\eventosonline\eventos\system\Model.php(755): CodeIgniter\Database\BaseBuilder->insert()
#5 C:\wamp\www\eventosonline\eventos\system\Model.php(574): CodeIgniter\Model->insert(Array, false)
#6 C:\wamp\www\eventosonline\eventos\app\Controllers\Atividades.php(47): CodeIgniter\Model->save(Array)
#7 C:\wamp\www\eventosonline\eventos\system\CodeIgniter.php(918): App\Controllers\Atividades->cadativ()
#8 C:\wamp\www\eventosonline\eventos\system\CodeIgniter.php(404): CodeIgniter\CodeIgniter->runController(Object(App\Controllers\Atividades))
#9 C:\wamp\www\eventosonline\eventos\system\CodeIgniter.php(312): CodeIgniter\CodeIgniter->handleRequest(NULL, Object(Config\Cache), false)
#10 C:\wamp\www\eventosonline\eventos\index.php(47): CodeIgniter\CodeIgniter->run()
#11 {main}
CRITICAL - 2021-06-21 09:50:18 --> Cannot add or update a child row: a foreign key constraint fails (`crfsp010_eventos`.`atividade_evento`, CONSTRAINT `FK_atividade_evento_eventos` FOREIGN KEY (`idEvento`) REFERENCES `eventos` (`id`))
#0 C:\wamp\www\eventosonline\eventos\system\Database\MySQLi\Connection.php(331): mysqli->query('INSERT INTO `at...')
#1 C:\wamp\www\eventosonline\eventos\system\Database\BaseConnection.php(741): CodeIgniter\Database\MySQLi\Connection->execute('INSERT INTO `at...')
#2 C:\wamp\www\eventosonline\eventos\system\Database\BaseConnection.php(669): CodeIgniter\Database\BaseConnection->simpleQuery('INSERT INTO `at...')
#3 C:\wamp\www\eventosonline\eventos\system\Database\BaseBuilder.php(2249): CodeIgniter\Database\BaseConnection->query('INSERT INTO `at...', Array, false)
#4 C:\wamp\www\eventosonline\eventos\system\Model.php(755): CodeIgniter\Database\BaseBuilder->insert()
#5 C:\wamp\www\eventosonline\eventos\system\Model.php(574): CodeIgniter\Model->insert(Array, false)
#6 C:\wamp\www\eventosonline\eventos\app\Controllers\Atividades.php(47): CodeIgniter\Model->save(Array)
#7 C:\wamp\www\eventosonline\eventos\system\CodeIgniter.php(918): App\Controllers\Atividades->cadativ()
#8 C:\wamp\www\eventosonline\eventos\system\CodeIgniter.php(404): CodeIgniter\CodeIgniter->runController(Object(App\Controllers\Atividades))
#9 C:\wamp\www\eventosonline\eventos\system\CodeIgniter.php(312): CodeIgniter\CodeIgniter->handleRequest(NULL, Object(Config\Cache), false)
#10 C:\wamp\www\eventosonline\eventos\index.php(47): CodeIgniter\CodeIgniter->run()
#11 {main}
ERROR - 2021-06-21 09:51:46 --> mysqli_sql_exception: Cannot add or update a child row: a foreign key constraint fails (`crfsp010_eventos`.`atividade_evento`, CONSTRAINT `FK_atividade_evento_eventos` FOREIGN KEY (`idEvento`) REFERENCES `eventos` (`id`)) in C:\wamp\www\eventosonline\eventos\system\Database\MySQLi\Connection.php:331
Stack trace:
#0 C:\wamp\www\eventosonline\eventos\system\Database\MySQLi\Connection.php(331): mysqli->query('INSERT INTO `at...')
#1 C:\wamp\www\eventosonline\eventos\system\Database\BaseConnection.php(741): CodeIgniter\Database\MySQLi\Connection->execute('INSERT INTO `at...')
#2 C:\wamp\www\eventosonline\eventos\system\Database\BaseConnection.php(669): CodeIgniter\Database\BaseConnection->simpleQuery('INSERT INTO `at...')
#3 C:\wamp\www\eventosonline\eventos\system\Database\BaseBuilder.php(2249): CodeIgniter\Database\BaseConnection->query('INSERT INTO `at...', Array, false)
#4 C:\wamp\www\eventosonline\eventos\system\Model.php(755): CodeIgniter\Database\BaseBuilder->insert()
#5 C:\wamp\www\eventosonline\eventos\system\Model.php(574): CodeIgniter\Model->insert(Array, false)
#6 C:\wamp\www\eventosonline\eventos\app\Controllers\Atividades.php(47): CodeIgniter\Model->save(Array)
#7 C:\wamp\www\eventosonline\eventos\system\CodeIgniter.php(918): App\Controllers\Atividades->cadativ()
#8 C:\wamp\www\eventosonline\eventos\system\CodeIgniter.php(404): CodeIgniter\CodeIgniter->runController(Object(App\Controllers\Atividades))
#9 C:\wamp\www\eventosonline\eventos\system\CodeIgniter.php(312): CodeIgniter\CodeIgniter->handleRequest(NULL, Object(Config\Cache), false)
#10 C:\wamp\www\eventosonline\eventos\index.php(47): CodeIgniter\CodeIgniter->run()
#11 {main}
CRITICAL - 2021-06-21 09:51:46 --> Cannot add or update a child row: a foreign key constraint fails (`crfsp010_eventos`.`atividade_evento`, CONSTRAINT `FK_atividade_evento_eventos` FOREIGN KEY (`idEvento`) REFERENCES `eventos` (`id`))
#0 C:\wamp\www\eventosonline\eventos\system\Database\MySQLi\Connection.php(331): mysqli->query('INSERT INTO `at...')
#1 C:\wamp\www\eventosonline\eventos\system\Database\BaseConnection.php(741): CodeIgniter\Database\MySQLi\Connection->execute('INSERT INTO `at...')
#2 C:\wamp\www\eventosonline\eventos\system\Database\BaseConnection.php(669): CodeIgniter\Database\BaseConnection->simpleQuery('INSERT INTO `at...')
#3 C:\wamp\www\eventosonline\eventos\system\Database\BaseBuilder.php(2249): CodeIgniter\Database\BaseConnection->query('INSERT INTO `at...', Array, false)
#4 C:\wamp\www\eventosonline\eventos\system\Model.php(755): CodeIgniter\Database\BaseBuilder->insert()
#5 C:\wamp\www\eventosonline\eventos\system\Model.php(574): CodeIgniter\Model->insert(Array, false)
#6 C:\wamp\www\eventosonline\eventos\app\Controllers\Atividades.php(47): CodeIgniter\Model->save(Array)
#7 C:\wamp\www\eventosonline\eventos\system\CodeIgniter.php(918): App\Controllers\Atividades->cadativ()
#8 C:\wamp\www\eventosonline\eventos\system\CodeIgniter.php(404): CodeIgniter\CodeIgniter->runController(Object(App\Controllers\Atividades))
#9 C:\wamp\www\eventosonline\eventos\system\CodeIgniter.php(312): CodeIgniter\CodeIgniter->handleRequest(NULL, Object(Config\Cache), false)
#10 C:\wamp\www\eventosonline\eventos\index.php(47): CodeIgniter\CodeIgniter->run()
#11 {main}
ERROR - 2021-06-21 09:52:51 --> mysqli_sql_exception: Cannot add or update a child row: a foreign key constraint fails (`crfsp010_eventos`.`atividade_evento`, CONSTRAINT `FK_atividade_evento_eventos` FOREIGN KEY (`idEvento`) REFERENCES `eventos` (`id`)) in C:\wamp\www\eventosonline\eventos\system\Database\MySQLi\Connection.php:331
Stack trace:
#0 C:\wamp\www\eventosonline\eventos\system\Database\MySQLi\Connection.php(331): mysqli->query('INSERT INTO `at...')
#1 C:\wamp\www\eventosonline\eventos\system\Database\BaseConnection.php(741): CodeIgniter\Database\MySQLi\Connection->execute('INSERT INTO `at...')
#2 C:\wamp\www\eventosonline\eventos\system\Database\BaseConnection.php(669): CodeIgniter\Database\BaseConnection->simpleQuery('INSERT INTO `at...')
#3 C:\wamp\www\eventosonline\eventos\system\Database\BaseBuilder.php(2249): CodeIgniter\Database\BaseConnection->query('INSERT INTO `at...', Array, false)
#4 C:\wamp\www\eventosonline\eventos\system\Model.php(755): CodeIgniter\Database\BaseBuilder->insert()
#5 C:\wamp\www\eventosonline\eventos\system\Model.php(574): CodeIgniter\Model->insert(Array, false)
#6 C:\wamp\www\eventosonline\eventos\app\Controllers\Atividades.php(47): CodeIgniter\Model->save(Array)
#7 C:\wamp\www\eventosonline\eventos\system\CodeIgniter.php(918): App\Controllers\Atividades->cadativ()
#8 C:\wamp\www\eventosonline\eventos\system\CodeIgniter.php(404): CodeIgniter\CodeIgniter->runController(Object(App\Controllers\Atividades))
#9 C:\wamp\www\eventosonline\eventos\system\CodeIgniter.php(312): CodeIgniter\CodeIgniter->handleRequest(NULL, Object(Config\Cache), false)
#10 C:\wamp\www\eventosonline\eventos\index.php(47): CodeIgniter\CodeIgniter->run()
#11 {main}
CRITICAL - 2021-06-21 09:52:51 --> Cannot add or update a child row: a foreign key constraint fails (`crfsp010_eventos`.`atividade_evento`, CONSTRAINT `FK_atividade_evento_eventos` FOREIGN KEY (`idEvento`) REFERENCES `eventos` (`id`))
#0 C:\wamp\www\eventosonline\eventos\system\Database\MySQLi\Connection.php(331): mysqli->query('INSERT INTO `at...')
#1 C:\wamp\www\eventosonline\eventos\system\Database\BaseConnection.php(741): CodeIgniter\Database\MySQLi\Connection->execute('INSERT INTO `at...')
#2 C:\wamp\www\eventosonline\eventos\system\Database\BaseConnection.php(669): CodeIgniter\Database\BaseConnection->simpleQuery('INSERT INTO `at...')
#3 C:\wamp\www\eventosonline\eventos\system\Database\BaseBuilder.php(2249): CodeIgniter\Database\BaseConnection->query('INSERT INTO `at...', Array, false)
#4 C:\wamp\www\eventosonline\eventos\system\Model.php(755): CodeIgniter\Database\BaseBuilder->insert()
#5 C:\wamp\www\eventosonline\eventos\system\Model.php(574): CodeIgniter\Model->insert(Array, false)
#6 C:\wamp\www\eventosonline\eventos\app\Controllers\Atividades.php(47): CodeIgniter\Model->save(Array)
#7 C:\wamp\www\eventosonline\eventos\system\CodeIgniter.php(918): App\Controllers\Atividades->cadativ()
#8 C:\wamp\www\eventosonline\eventos\system\CodeIgniter.php(404): CodeIgniter\CodeIgniter->runController(Object(App\Controllers\Atividades))
#9 C:\wamp\www\eventosonline\eventos\system\CodeIgniter.php(312): CodeIgniter\CodeIgniter->handleRequest(NULL, Object(Config\Cache), false)
#10 C:\wamp\www\eventosonline\eventos\index.php(47): CodeIgniter\CodeIgniter->run()
#11 {main}
ERROR - 2021-06-21 10:03:49 --> mysqli_sql_exception: Cannot delete or update a parent row: a foreign key constraint fails (`crfsp010_eventos`.`atividade_evento`, CONSTRAINT `FK_atividade_evento_eventos` FOREIGN KEY (`idEvento`) REFERENCES `eventos` (`id`)) in C:\wamp\www\eventosonline\eventos\system\Database\MySQLi\Connection.php:331
Stack trace:
#0 C:\wamp\www\eventosonline\eventos\system\Database\MySQLi\Connection.php(331): mysqli->query('DELETE FROM `ev...')
#1 C:\wamp\www\eventosonline\eventos\system\Database\BaseConnection.php(741): CodeIgniter\Database\MySQLi\Connection->execute('DELETE FROM `ev...')
#2 C:\wamp\www\eventosonline\eventos\system\Database\BaseConnection.php(669): CodeIgniter\Database\BaseConnection->simpleQuery('DELETE FROM `ev...')
#3 C:\wamp\www\eventosonline\eventos\system\Database\BaseBuilder.php(2853): CodeIgniter\Database\BaseConnection->query('DELETE FROM `ev...', Array, false)
#4 C:\wamp\www\eventosonline\eventos\system\Model.php(977): CodeIgniter\Database\BaseBuilder->delete()
#5 C:\wamp\www\eventosonline\eventos\app\Controllers\Eventos.php(251): CodeIgniter\Model->delete(Array)
#6 C:\wamp\www\eventosonline\eventos\system\CodeIgniter.php(918): App\Controllers\Eventos->deletar('1')
#7 C:\wamp\www\eventosonline\eventos\system\CodeIgniter.php(404): CodeIgniter\CodeIgniter->runController(Object(App\Controllers\Eventos))
#8 C:\wamp\www\eventosonline\eventos\system\CodeIgniter.php(312): CodeIgniter\CodeIgniter->handleRequest(NULL, Object(Config\Cache), false)
#9 C:\wamp\www\eventosonline\eventos\index.php(47): CodeIgniter\CodeIgniter->run()
#10 {main}
CRITICAL - 2021-06-21 10:03:49 --> Cannot delete or update a parent row: a foreign key constraint fails (`crfsp010_eventos`.`atividade_evento`, CONSTRAINT `FK_atividade_evento_eventos` FOREIGN KEY (`idEvento`) REFERENCES `eventos` (`id`))
#0 C:\wamp\www\eventosonline\eventos\system\Database\MySQLi\Connection.php(331): mysqli->query('DELETE FROM `ev...')
#1 C:\wamp\www\eventosonline\eventos\system\Database\BaseConnection.php(741): CodeIgniter\Database\MySQLi\Connection->execute('DELETE FROM `ev...')
#2 C:\wamp\www\eventosonline\eventos\system\Database\BaseConnection.php(669): CodeIgniter\Database\BaseConnection->simpleQuery('DELETE FROM `ev...')
#3 C:\wamp\www\eventosonline\eventos\system\Database\BaseBuilder.php(2853): CodeIgniter\Database\BaseConnection->query('DELETE FROM `ev...', Array, false)
#4 C:\wamp\www\eventosonline\eventos\system\Model.php(977): CodeIgniter\Database\BaseBuilder->delete()
#5 C:\wamp\www\eventosonline\eventos\app\Controllers\Eventos.php(251): CodeIgniter\Model->delete(Array)
#6 C:\wamp\www\eventosonline\eventos\system\CodeIgniter.php(918): App\Controllers\Eventos->deletar('1')
#7 C:\wamp\www\eventosonline\eventos\system\CodeIgniter.php(404): CodeIgniter\CodeIgniter->runController(Object(App\Controllers\Eventos))
#8 C:\wamp\www\eventosonline\eventos\system\CodeIgniter.php(312): CodeIgniter\CodeIgniter->handleRequest(NULL, Object(Config\Cache), false)
#9 C:\wamp\www\eventosonline\eventos\index.php(47): CodeIgniter\CodeIgniter->run()
#10 {main}
ERROR - 2021-06-21 10:04:32 --> mysqli_sql_exception: Cannot delete or update a parent row: a foreign key constraint fails (`crfsp010_eventos`.`usuario_atividade`, CONSTRAINT `FK_usuario_atividade_atividade_evento` FOREIGN KEY (`idAtividade`) REFERENCES `atividade_evento` (`id`)) in C:\wamp\www\eventosonline\eventos\system\Database\MySQLi\Connection.php:331
Stack trace:
#0 C:\wamp\www\eventosonline\eventos\system\Database\MySQLi\Connection.php(331): mysqli->query('DELETE FROM `at...')
#1 C:\wamp\www\eventosonline\eventos\system\Database\BaseConnection.php(741): CodeIgniter\Database\MySQLi\Connection->execute('DELETE FROM `at...')
#2 C:\wamp\www\eventosonline\eventos\system\Database\BaseConnection.php(669): CodeIgniter\Database\BaseConnection->simpleQuery('DELETE FROM `at...')
#3 C:\wamp\www\eventosonline\eventos\system\Database\BaseBuilder.php(2853): CodeIgniter\Database\BaseConnection->query('DELETE FROM `at...', Array, false)
#4 C:\wamp\www\eventosonline\eventos\system\Model.php(977): CodeIgniter\Database\BaseBuilder->delete()
#5 C:\wamp\www\eventosonline\eventos\app\Controllers\Atividades.php(159): CodeIgniter\Model->delete(Array)
#6 C:\wamp\www\eventosonline\eventos\system\CodeIgniter.php(918): App\Controllers\Atividades->deletar('2')
#7 C:\wamp\www\eventosonline\eventos\system\CodeIgniter.php(404): CodeIgniter\CodeIgniter->runController(Object(App\Controllers\Atividades))
#8 C:\wamp\www\eventosonline\eventos\system\CodeIgniter.php(312): CodeIgniter\CodeIgniter->handleRequest(NULL, Object(Config\Cache), false)
#9 C:\wamp\www\eventosonline\eventos\index.php(47): CodeIgniter\CodeIgniter->run()
#10 {main}
CRITICAL - 2021-06-21 10:04:32 --> Cannot delete or update a parent row: a foreign key constraint fails (`crfsp010_eventos`.`usuario_atividade`, CONSTRAINT `FK_usuario_atividade_atividade_evento` FOREIGN KEY (`idAtividade`) REFERENCES `atividade_evento` (`id`))
#0 C:\wamp\www\eventosonline\eventos\system\Database\MySQLi\Connection.php(331): mysqli->query('DELETE FROM `at...')
#1 C:\wamp\www\eventosonline\eventos\system\Database\BaseConnection.php(741): CodeIgniter\Database\MySQLi\Connection->execute('DELETE FROM `at...')
#2 C:\wamp\www\eventosonline\eventos\system\Database\BaseConnection.php(669): CodeIgniter\Database\BaseConnection->simpleQuery('DELETE FROM `at...')
#3 C:\wamp\www\eventosonline\eventos\system\Database\BaseBuilder.php(2853): CodeIgniter\Database\BaseConnection->query('DELETE FROM `at...', Array, false)
#4 C:\wamp\www\eventosonline\eventos\system\Model.php(977): CodeIgniter\Database\BaseBuilder->delete()
#5 C:\wamp\www\eventosonline\eventos\app\Controllers\Atividades.php(159): CodeIgniter\Model->delete(Array)
#6 C:\wamp\www\eventosonline\eventos\system\CodeIgniter.php(918): App\Controllers\Atividades->deletar('2')
#7 C:\wamp\www\eventosonline\eventos\system\CodeIgniter.php(404): CodeIgniter\CodeIgniter->runController(Object(App\Controllers\Atividades))
#8 C:\wamp\www\eventosonline\eventos\system\CodeIgniter.php(312): CodeIgniter\CodeIgniter->handleRequest(NULL, Object(Config\Cache), false)
#9 C:\wamp\www\eventosonline\eventos\index.php(47): CodeIgniter\CodeIgniter->run()
#10 {main}
ERROR - 2021-06-21 12:14:49 --> mysqli_sql_exception: Cannot delete or update a parent row: a foreign key constraint fails (`crfsp010_eventos`.`usuario_atividade`, CONSTRAINT `FK_usuario_atividade_users` FOREIGN KEY (`idUser`) REFERENCES `users` (`id`)) in C:\wamp\www\eventosonline\eventos\system\Database\MySQLi\Connection.php:331
Stack trace:
#0 C:\wamp\www\eventosonline\eventos\system\Database\MySQLi\Connection.php(331): mysqli->query('DELETE FROM `us...')
#1 C:\wamp\www\eventosonline\eventos\system\Database\BaseConnection.php(741): CodeIgniter\Database\MySQLi\Connection->execute('DELETE FROM `us...')
#2 C:\wamp\www\eventosonline\eventos\system\Database\BaseConnection.php(669): CodeIgniter\Database\BaseConnection->simpleQuery('DELETE FROM `us...')
#3 C:\wamp\www\eventosonline\eventos\system\Database\BaseBuilder.php(2853): CodeIgniter\Database\BaseConnection->query('DELETE FROM `us...', Array, false)
#4 C:\wamp\www\eventosonline\eventos\system\Model.php(977): CodeIgniter\Database\BaseBuilder->delete()
#5 C:\wamp\www\eventosonline\eventos\app\Controllers\Users.php(539): CodeIgniter\Model->delete(Array)
#6 C:\wamp\www\eventosonline\eventos\system\CodeIgniter.php(918): App\Controllers\Users->deletar('1')
#7 C:\wamp\www\eventosonline\eventos\system\CodeIgniter.php(404): CodeIgniter\CodeIgniter->runController(Object(App\Controllers\Users))
#8 C:\wamp\www\eventosonline\eventos\system\CodeIgniter.php(312): CodeIgniter\CodeIgniter->handleRequest(NULL, Object(Config\Cache), false)
#9 C:\wamp\www\eventosonline\eventos\index.php(47): CodeIgniter\CodeIgniter->run()
#10 {main}
CRITICAL - 2021-06-21 12:14:49 --> Cannot delete or update a parent row: a foreign key constraint fails (`crfsp010_eventos`.`usuario_atividade`, CONSTRAINT `FK_usuario_atividade_users` FOREIGN KEY (`idUser`) REFERENCES `users` (`id`))
#0 C:\wamp\www\eventosonline\eventos\system\Database\MySQLi\Connection.php(331): mysqli->query('DELETE FROM `us...')
#1 C:\wamp\www\eventosonline\eventos\system\Database\BaseConnection.php(741): CodeIgniter\Database\MySQLi\Connection->execute('DELETE FROM `us...')
#2 C:\wamp\www\eventosonline\eventos\system\Database\BaseConnection.php(669): CodeIgniter\Database\BaseConnection->simpleQuery('DELETE FROM `us...')
#3 C:\wamp\www\eventosonline\eventos\system\Database\BaseBuilder.php(2853): CodeIgniter\Database\BaseConnection->query('DELETE FROM `us...', Array, false)
#4 C:\wamp\www\eventosonline\eventos\system\Model.php(977): CodeIgniter\Database\BaseBuilder->delete()
#5 C:\wamp\www\eventosonline\eventos\app\Controllers\Users.php(539): CodeIgniter\Model->delete(Array)
#6 C:\wamp\www\eventosonline\eventos\system\CodeIgniter.php(918): App\Controllers\Users->deletar('1')
#7 C:\wamp\www\eventosonline\eventos\system\CodeIgniter.php(404): CodeIgniter\CodeIgniter->runController(Object(App\Controllers\Users))
#8 C:\wamp\www\eventosonline\eventos\system\CodeIgniter.php(312): CodeIgniter\CodeIgniter->handleRequest(NULL, Object(Config\Cache), false)
#9 C:\wamp\www\eventosonline\eventos\index.php(47): CodeIgniter\CodeIgniter->run()
#10 {main}
ERROR - 2021-06-21 12:15:44 --> mysqli_sql_exception: Cannot delete or update a parent row: a foreign key constraint fails (`crfsp010_eventos`.`usuario_atividade`, CONSTRAINT `FK_usuario_atividade_users` FOREIGN KEY (`idUser`) REFERENCES `users` (`id`)) in C:\wamp\www\eventosonline\eventos\system\Database\MySQLi\Connection.php:331
Stack trace:
#0 C:\wamp\www\eventosonline\eventos\system\Database\MySQLi\Connection.php(331): mysqli->query('DELETE FROM `us...')
#1 C:\wamp\www\eventosonline\eventos\system\Database\BaseConnection.php(741): CodeIgniter\Database\MySQLi\Connection->execute('DELETE FROM `us...')
#2 C:\wamp\www\eventosonline\eventos\system\Database\BaseConnection.php(669): CodeIgniter\Database\BaseConnection->simpleQuery('DELETE FROM `us...')
#3 C:\wamp\www\eventosonline\eventos\system\Database\BaseBuilder.php(2853): CodeIgniter\Database\BaseConnection->query('DELETE FROM `us...', Array, false)
#4 C:\wamp\www\eventosonline\eventos\system\Model.php(977): CodeIgniter\Database\BaseBuilder->delete()
#5 C:\wamp\www\eventosonline\eventos\app\Controllers\Users.php(539): CodeIgniter\Model->delete(Array)
#6 C:\wamp\www\eventosonline\eventos\system\CodeIgniter.php(918): App\Controllers\Users->deletar('1')
#7 C:\wamp\www\eventosonline\eventos\system\CodeIgniter.php(404): CodeIgniter\CodeIgniter->runController(Object(App\Controllers\Users))
#8 C:\wamp\www\eventosonline\eventos\system\CodeIgniter.php(312): CodeIgniter\CodeIgniter->handleRequest(NULL, Object(Config\Cache), false)
#9 C:\wamp\www\eventosonline\eventos\index.php(47): CodeIgniter\CodeIgniter->run()
#10 {main}
CRITICAL - 2021-06-21 12:15:44 --> Cannot delete or update a parent row: a foreign key constraint fails (`crfsp010_eventos`.`usuario_atividade`, CONSTRAINT `FK_usuario_atividade_users` FOREIGN KEY (`idUser`) REFERENCES `users` (`id`))
#0 C:\wamp\www\eventosonline\eventos\system\Database\MySQLi\Connection.php(331): mysqli->query('DELETE FROM `us...')
#1 C:\wamp\www\eventosonline\eventos\system\Database\BaseConnection.php(741): CodeIgniter\Database\MySQLi\Connection->execute('DELETE FROM `us...')
#2 C:\wamp\www\eventosonline\eventos\system\Database\BaseConnection.php(669): CodeIgniter\Database\BaseConnection->simpleQuery('DELETE FROM `us...')
#3 C:\wamp\www\eventosonline\eventos\system\Database\BaseBuilder.php(2853): CodeIgniter\Database\BaseConnection->query('DELETE FROM `us...', Array, false)
#4 C:\wamp\www\eventosonline\eventos\system\Model.php(977): CodeIgniter\Database\BaseBuilder->delete()
#5 C:\wamp\www\eventosonline\eventos\app\Controllers\Users.php(539): CodeIgniter\Model->delete(Array)
#6 C:\wamp\www\eventosonline\eventos\system\CodeIgniter.php(918): App\Controllers\Users->deletar('1')
#7 C:\wamp\www\eventosonline\eventos\system\CodeIgniter.php(404): CodeIgniter\CodeIgniter->runController(Object(App\Controllers\Users))
#8 C:\wamp\www\eventosonline\eventos\system\CodeIgniter.php(312): CodeIgniter\CodeIgniter->handleRequest(NULL, Object(Config\Cache), false)
#9 C:\wamp\www\eventosonline\eventos\index.php(47): CodeIgniter\CodeIgniter->run()
#10 {main}
ERROR - 2021-06-21 12:17:49 --> mysqli_sql_exception: Cannot delete or update a parent row: a foreign key constraint fails (`crfsp010_eventos`.`usuario_atividade`, CONSTRAINT `FK_usuario_atividade_users` FOREIGN KEY (`idUser`) REFERENCES `users` (`id`)) in C:\wamp\www\eventosonline\eventos\system\Database\MySQLi\Connection.php:331
Stack trace:
#0 C:\wamp\www\eventosonline\eventos\system\Database\MySQLi\Connection.php(331): mysqli->query('DELETE FROM `us...')
#1 C:\wamp\www\eventosonline\eventos\system\Database\BaseConnection.php(741): CodeIgniter\Database\MySQLi\Connection->execute('DELETE FROM `us...')
#2 C:\wamp\www\eventosonline\eventos\system\Database\BaseConnection.php(669): CodeIgniter\Database\BaseConnection->simpleQuery('DELETE FROM `us...')
#3 C:\wamp\www\eventosonline\eventos\system\Database\BaseBuilder.php(2853): CodeIgniter\Database\BaseConnection->query('DELETE FROM `us...', Array, false)
#4 C:\wamp\www\eventosonline\eventos\system\Model.php(977): CodeIgniter\Database\BaseBuilder->delete()
#5 C:\wamp\www\eventosonline\eventos\app\Controllers\Users.php(539): CodeIgniter\Model->delete(Array)
#6 C:\wamp\www\eventosonline\eventos\system\CodeIgniter.php(918): App\Controllers\Users->deletar('13')
#7 C:\wamp\www\eventosonline\eventos\system\CodeIgniter.php(404): CodeIgniter\CodeIgniter->runController(Object(App\Controllers\Users))
#8 C:\wamp\www\eventosonline\eventos\system\CodeIgniter.php(312): CodeIgniter\CodeIgniter->handleRequest(NULL, Object(Config\Cache), false)
#9 C:\wamp\www\eventosonline\eventos\index.php(47): CodeIgniter\CodeIgniter->run()
#10 {main}
CRITICAL - 2021-06-21 12:17:49 --> Cannot delete or update a parent row: a foreign key constraint fails (`crfsp010_eventos`.`usuario_atividade`, CONSTRAINT `FK_usuario_atividade_users` FOREIGN KEY (`idUser`) REFERENCES `users` (`id`))
#0 C:\wamp\www\eventosonline\eventos\system\Database\MySQLi\Connection.php(331): mysqli->query('DELETE FROM `us...')
#1 C:\wamp\www\eventosonline\eventos\system\Database\BaseConnection.php(741): CodeIgniter\Database\MySQLi\Connection->execute('DELETE FROM `us...')
#2 C:\wamp\www\eventosonline\eventos\system\Database\BaseConnection.php(669): CodeIgniter\Database\BaseConnection->simpleQuery('DELETE FROM `us...')
#3 C:\wamp\www\eventosonline\eventos\system\Database\BaseBuilder.php(2853): CodeIgniter\Database\BaseConnection->query('DELETE FROM `us...', Array, false)
#4 C:\wamp\www\eventosonline\eventos\system\Model.php(977): CodeIgniter\Database\BaseBuilder->delete()
#5 C:\wamp\www\eventosonline\eventos\app\Controllers\Users.php(539): CodeIgniter\Model->delete(Array)
#6 C:\wamp\www\eventosonline\eventos\system\CodeIgniter.php(918): App\Controllers\Users->deletar('13')
#7 C:\wamp\www\eventosonline\eventos\system\CodeIgniter.php(404): CodeIgniter\CodeIgniter->runController(Object(App\Controllers\Users))
#8 C:\wamp\www\eventosonline\eventos\system\CodeIgniter.php(312): CodeIgniter\CodeIgniter->handleRequest(NULL, Object(Config\Cache), false)
#9 C:\wamp\www\eventosonline\eventos\index.php(47): CodeIgniter\CodeIgniter->run()
#10 {main}
ERROR - 2021-06-21 12:35:13 --> mysqli_sql_exception: Cannot delete or update a parent row: a foreign key constraint fails (`crfsp010_eventos`.`usuario_atividade`, CONSTRAINT `FK_usuario_atividade_users` FOREIGN KEY (`idUser`) REFERENCES `users` (`id`)) in C:\wamp\www\eventosonline\eventos\system\Database\MySQLi\Connection.php:331
Stack trace:
#0 C:\wamp\www\eventosonline\eventos\system\Database\MySQLi\Connection.php(331): mysqli->query('DELETE FROM `us...')
#1 C:\wamp\www\eventosonline\eventos\system\Database\BaseConnection.php(741): CodeIgniter\Database\MySQLi\Connection->execute('DELETE FROM `us...')
#2 C:\wamp\www\eventosonline\eventos\system\Database\BaseConnection.php(669): CodeIgniter\Database\BaseConnection->simpleQuery('DELETE FROM `us...')
#3 C:\wamp\www\eventosonline\eventos\system\Database\BaseBuilder.php(2853): CodeIgniter\Database\BaseConnection->query('DELETE FROM `us...', Array, false)
#4 C:\wamp\www\eventosonline\eventos\system\Model.php(977): CodeIgniter\Database\BaseBuilder->delete()
#5 C:\wamp\www\eventosonline\eventos\app\Controllers\Users.php(539): CodeIgniter\Model->delete(Array)
#6 C:\wamp\www\eventosonline\eventos\system\CodeIgniter.php(918): App\Controllers\Users->deletar('7')
#7 C:\wamp\www\eventosonline\eventos\system\CodeIgniter.php(404): CodeIgniter\CodeIgniter->runController(Object(App\Controllers\Users))
#8 C:\wamp\www\eventosonline\eventos\system\CodeIgniter.php(312): CodeIgniter\CodeIgniter->handleRequest(NULL, Object(Config\Cache), false)
#9 C:\wamp\www\eventosonline\eventos\index.php(47): CodeIgniter\CodeIgniter->run()
#10 {main}
CRITICAL - 2021-06-21 12:35:13 --> Cannot delete or update a parent row: a foreign key constraint fails (`crfsp010_eventos`.`usuario_atividade`, CONSTRAINT `FK_usuario_atividade_users` FOREIGN KEY (`idUser`) REFERENCES `users` (`id`))
#0 C:\wamp\www\eventosonline\eventos\system\Database\MySQLi\Connection.php(331): mysqli->query('DELETE FROM `us...')
#1 C:\wamp\www\eventosonline\eventos\system\Database\BaseConnection.php(741): CodeIgniter\Database\MySQLi\Connection->execute('DELETE FROM `us...')
#2 C:\wamp\www\eventosonline\eventos\system\Database\BaseConnection.php(669): CodeIgniter\Database\BaseConnection->simpleQuery('DELETE FROM `us...')
#3 C:\wamp\www\eventosonline\eventos\system\Database\BaseBuilder.php(2853): CodeIgniter\Database\BaseConnection->query('DELETE FROM `us...', Array, false)
#4 C:\wamp\www\eventosonline\eventos\system\Model.php(977): CodeIgniter\Database\BaseBuilder->delete()
#5 C:\wamp\www\eventosonline\eventos\app\Controllers\Users.php(539): CodeIgniter\Model->delete(Array)
#6 C:\wamp\www\eventosonline\eventos\system\CodeIgniter.php(918): App\Controllers\Users->deletar('7')
#7 C:\wamp\www\eventosonline\eventos\system\CodeIgniter.php(404): CodeIgniter\CodeIgniter->runController(Object(App\Controllers\Users))
#8 C:\wamp\www\eventosonline\eventos\system\CodeIgniter.php(312): CodeIgniter\CodeIgniter->handleRequest(NULL, Object(Config\Cache), false)
#9 C:\wamp\www\eventosonline\eventos\index.php(47): CodeIgniter\CodeIgniter->run()
#10 {main}
ERROR - 2021-06-21 12:35:23 --> mysqli_sql_exception: Cannot delete or update a parent row: a foreign key constraint fails (`crfsp010_eventos`.`usuario_atividade`, CONSTRAINT `FK_usuario_atividade_users` FOREIGN KEY (`idUser`) REFERENCES `users` (`id`)) in C:\wamp\www\eventosonline\eventos\system\Database\MySQLi\Connection.php:331
Stack trace:
#0 C:\wamp\www\eventosonline\eventos\system\Database\MySQLi\Connection.php(331): mysqli->query('DELETE FROM `us...')
#1 C:\wamp\www\eventosonline\eventos\system\Database\BaseConnection.php(741): CodeIgniter\Database\MySQLi\Connection->execute('DELETE FROM `us...')
#2 C:\wamp\www\eventosonline\eventos\system\Database\BaseConnection.php(669): CodeIgniter\Database\BaseConnection->simpleQuery('DELETE FROM `us...')
#3 C:\wamp\www\eventosonline\eventos\system\Database\BaseBuilder.php(2853): CodeIgniter\Database\BaseConnection->query('DELETE FROM `us...', Array, false)
#4 C:\wamp\www\eventosonline\eventos\system\Model.php(977): CodeIgniter\Database\BaseBuilder->delete()
#5 C:\wamp\www\eventosonline\eventos\app\Controllers\Users.php(539): CodeIgniter\Model->delete(Array)
#6 C:\wamp\www\eventosonline\eventos\system\CodeIgniter.php(918): App\Controllers\Users->deletar('16')
#7 C:\wamp\www\eventosonline\eventos\system\CodeIgniter.php(404): CodeIgniter\CodeIgniter->runController(Object(App\Controllers\Users))
#8 C:\wamp\www\eventosonline\eventos\system\CodeIgniter.php(312): CodeIgniter\CodeIgniter->handleRequest(NULL, Object(Config\Cache), false)
#9 C:\wamp\www\eventosonline\eventos\index.php(47): CodeIgniter\CodeIgniter->run()
#10 {main}
CRITICAL - 2021-06-21 12:35:23 --> Cannot delete or update a parent row: a foreign key constraint fails (`crfsp010_eventos`.`usuario_atividade`, CONSTRAINT `FK_usuario_atividade_users` FOREIGN KEY (`idUser`) REFERENCES `users` (`id`))
#0 C:\wamp\www\eventosonline\eventos\system\Database\MySQLi\Connection.php(331): mysqli->query('DELETE FROM `us...')
#1 C:\wamp\www\eventosonline\eventos\system\Database\BaseConnection.php(741): CodeIgniter\Database\MySQLi\Connection->execute('DELETE FROM `us...')
#2 C:\wamp\www\eventosonline\eventos\system\Database\BaseConnection.php(669): CodeIgniter\Database\BaseConnection->simpleQuery('DELETE FROM `us...')
#3 C:\wamp\www\eventosonline\eventos\system\Database\BaseBuilder.php(2853): CodeIgniter\Database\BaseConnection->query('DELETE FROM `us...', Array, false)
#4 C:\wamp\www\eventosonline\eventos\system\Model.php(977): CodeIgniter\Database\BaseBuilder->delete()
#5 C:\wamp\www\eventosonline\eventos\app\Controllers\Users.php(539): CodeIgniter\Model->delete(Array)
#6 C:\wamp\www\eventosonline\eventos\system\CodeIgniter.php(918): App\Controllers\Users->deletar('16')
#7 C:\wamp\www\eventosonline\eventos\system\CodeIgniter.php(404): CodeIgniter\CodeIgniter->runController(Object(App\Controllers\Users))
#8 C:\wamp\www\eventosonline\eventos\system\CodeIgniter.php(312): CodeIgniter\CodeIgniter->handleRequest(NULL, Object(Config\Cache), false)
#9 C:\wamp\www\eventosonline\eventos\index.php(47): CodeIgniter\CodeIgniter->run()
#10 {main}
CRITICAL - 2021-06-21 12:41:25 --> Undefined index: idEvento
#0 C:\wamp\www\eventosonline\eventos\app\Views\tdeventos.php(43): CodeIgniter\Debug\Exceptions->errorHandler(8, 'Undefined index...', 'C:\\wamp\\www\\eve...', 43, Array)
#1 C:\wamp\www\eventosonline\eventos\system\View\View.php(246): include('C:\\wamp\\www\\eve...')
#2 C:\wamp\www\eventosonline\eventos\system\Common.php(1119): CodeIgniter\View\View->render('tdeventos', Array, true)
#3 C:\wamp\www\eventosonline\eventos\app\Controllers\Eventos.php(25): view('tdeventos')
#4 C:\wamp\www\eventosonline\eventos\system\CodeIgniter.php(918): App\Controllers\Eventos->index()
#5 C:\wamp\www\eventosonline\eventos\system\CodeIgniter.php(404): CodeIgniter\CodeIgniter->runController(Object(App\Controllers\Eventos))
#6 C:\wamp\www\eventosonline\eventos\system\CodeIgniter.php(312): CodeIgniter\CodeIgniter->handleRequest(NULL, Object(Config\Cache), false)
#7 C:\wamp\www\eventosonline\eventos\index.php(47): CodeIgniter\CodeIgniter->run()
#8 {main}
CRITICAL - 2021-06-21 12:44:27 --> Undefined index: descricao
#0 C:\wamp\www\eventosonline\eventos\app\Views\lista.php(34): CodeIgniter\Debug\Exceptions->errorHandler(8, 'Undefined index...', 'C:\\wamp\\www\\eve...', 34, Array)
#1 C:\wamp\www\eventosonline\eventos\system\View\View.php(246): include('C:\\wamp\\www\\eve...')
#2 C:\wamp\www\eventosonline\eventos\system\Common.php(1119): CodeIgniter\View\View->render('lista', Array, true)
#3 C:\wamp\www\eventosonline\eventos\app\Controllers\Eventos.php(61): view('lista')
#4 C:\wamp\www\eventosonline\eventos\system\CodeIgniter.php(918): App\Controllers\Eventos->lista('1')
#5 C:\wamp\www\eventosonline\eventos\system\CodeIgniter.php(404): CodeIgniter\CodeIgniter->runController(Object(App\Controllers\Eventos))
#6 C:\wamp\www\eventosonline\eventos\system\CodeIgniter.php(312): CodeIgniter\CodeIgniter->handleRequest(NULL, Object(Config\Cache), false)
#7 C:\wamp\www\eventosonline\eventos\index.php(47): CodeIgniter\CodeIgniter->run()
#8 {main}
CRITICAL - 2021-06-21 12:49:59 --> Cannot use object of type stdClass as array
#0 C:\wamp\www\eventosonline\eventos\system\View\View.php(246): include()
#1 C:\wamp\www\eventosonline\eventos\system\Common.php(1119): CodeIgniter\View\View->render('listeventos', Array, true)
#2 C:\wamp\www\eventosonline\eventos\app\Controllers\Eventos.php(71): view('listeventos')
#3 C:\wamp\www\eventosonline\eventos\system\CodeIgniter.php(918): App\Controllers\Eventos->lista('1')
#4 C:\wamp\www\eventosonline\eventos\system\CodeIgniter.php(404): CodeIgniter\CodeIgniter->runController(Object(App\Controllers\Eventos))
#5 C:\wamp\www\eventosonline\eventos\system\CodeIgniter.php(312): CodeIgniter\CodeIgniter->handleRequest(NULL, Object(Config\Cache), false)
#6 C:\wamp\www\eventosonline\eventos\index.php(47): CodeIgniter\CodeIgniter->run()
#7 {main}
CRITICAL - 2021-06-21 12:51:31 --> Cannot use object of type stdClass as array
#0 C:\wamp\www\eventosonline\eventos\system\View\View.php(246): include()
#1 C:\wamp\www\eventosonline\eventos\system\Common.php(1119): CodeIgniter\View\View->render('lista', Array, true)
#2 C:\wamp\www\eventosonline\eventos\app\Controllers\Eventos.php(71): view('lista')
#3 C:\wamp\www\eventosonline\eventos\system\CodeIgniter.php(918): App\Controllers\Eventos->lista('1')
#4 C:\wamp\www\eventosonline\eventos\system\CodeIgniter.php(404): CodeIgniter\CodeIgniter->runController(Object(App\Controllers\Eventos))
#5 C:\wamp\www\eventosonline\eventos\system\CodeIgniter.php(312): CodeIgniter\CodeIgniter->handleRequest(NULL, Object(Config\Cache), false)
#6 C:\wamp\www\eventosonline\eventos\index.php(47): CodeIgniter\CodeIgniter->run()
#7 {main}
CRITICAL - 2021-06-21 12:51:54 --> Cannot use object of type stdClass as array
#0 C:\wamp\www\eventosonline\eventos\system\View\View.php(246): include()
#1 C:\wamp\www\eventosonline\eventos\system\Common.php(1119): CodeIgniter\View\View->render('lista', Array, true)
#2 C:\wamp\www\eventosonline\eventos\app\Controllers\Eventos.php(71): view('lista')
#3 C:\wamp\www\eventosonline\eventos\system\CodeIgniter.php(918): App\Controllers\Eventos->lista('1')
#4 C:\wamp\www\eventosonline\eventos\system\CodeIgniter.php(404): CodeIgniter\CodeIgniter->runController(Object(App\Controllers\Eventos))
#5 C:\wamp\www\eventosonline\eventos\system\CodeIgniter.php(312): CodeIgniter\CodeIgniter->handleRequest(NULL, Object(Config\Cache), false)
#6 C:\wamp\www\eventosonline\eventos\index.php(47): CodeIgniter\CodeIgniter->run()
#7 {main}
CRITICAL - 2021-06-21 12:53:44 --> Cannot use object of type stdClass as array
#0 C:\wamp\www\eventosonline\eventos\system\View\View.php(246): include()
#1 C:\wamp\www\eventosonline\eventos\system\Common.php(1119): CodeIgniter\View\View->render('lista', Array, true)
#2 C:\wamp\www\eventosonline\eventos\app\Controllers\Eventos.php(71): view('lista')
#3 C:\wamp\www\eventosonline\eventos\system\CodeIgniter.php(918): App\Controllers\Eventos->lista('1')
#4 C:\wamp\www\eventosonline\eventos\system\CodeIgniter.php(404): CodeIgniter\CodeIgniter->runController(Object(App\Controllers\Eventos))
#5 C:\wamp\www\eventosonline\eventos\system\CodeIgniter.php(312): CodeIgniter\CodeIgniter->handleRequest(NULL, Object(Config\Cache), false)
#6 C:\wamp\www\eventosonline\eventos\index.php(47): CodeIgniter\CodeIgniter->run()
#7 {main}
